<?xml version="1.0" encoding="UTF-8"?>
<testng-results ignored="5" total="6" passed="1" failed="0" skipped="0">
  <reporter-output>
  </reporter-output>
  <suite started-at="2025-04-14T16:56:50 IST" name="Default suite" finished-at="2025-04-14T16:59:43 IST" duration-ms="173020">
    <groups>
    </groups>
    <test started-at="2025-04-14T16:56:50 IST" name="Default test" finished-at="2025-04-14T16:59:43 IST" duration-ms="173020">
      <class name="com.nspl.agingoptions.healthpage.testcases.HealthInsuranceTestCases">
        <test-method is-config="true" signature="beforeSuite()[pri:0, instance:com.nspl.agingoptions.healthpage.testcases.HealthInsuranceTestCases@7bedc48a]" started-at="2025-04-14T16:56:50 IST" name="beforeSuite" finished-at="2025-04-14T16:56:50 IST" duration-ms="245" status="PASS">
          <reporter-output>
          </reporter-output>
        </test-method> <!-- beforeSuite -->
        <test-method is-config="true" signature="beforeTest()[pri:0, instance:com.nspl.agingoptions.healthpage.testcases.HealthInsuranceTestCases@7bedc48a]" started-at="2025-04-14T16:56:50 IST" name="beforeTest" finished-at="2025-04-14T16:58:09 IST" duration-ms="78509" status="PASS">
          <reporter-output>
          </reporter-output>
        </test-method> <!-- beforeTest -->
        <test-method is-config="true" signature="beforeClass()[pri:0, instance:com.nspl.agingoptions.healthpage.testcases.HealthInsuranceTestCases@7bedc48a]" started-at="2025-04-14T16:58:09 IST" name="beforeClass" finished-at="2025-04-14T16:58:09 IST" duration-ms="2" status="PASS">
          <reporter-output>
          </reporter-output>
        </test-method> <!-- beforeClass -->
        <test-method is-config="true" signature="beforeMethod(java.lang.reflect.Method)[pri:0, instance:com.nspl.agingoptions.healthpage.testcases.HealthInsuranceTestCases@7bedc48a]" started-at="2025-04-14T16:58:09 IST" name="beforeMethod" finished-at="2025-04-14T16:58:09 IST" duration-ms="2" status="PASS">
          <params>
            <param index="0">
              <value>
                <![CDATA[public void com.nspl.agingoptions.healthpage.testcases.HealthInsuranceTestCases.TC_028PrimaryMemberAddHealthInsuranceSaveAndAddAnotherButton()]]>
              </value>
            </param>
          </params>
          <reporter-output>
          </reporter-output>
        </test-method> <!-- beforeMethod -->
        <test-method signature="TC_028PrimaryMemberAddHealthInsuranceSaveAndAddAnotherButton()[pri:2, instance:com.nspl.agingoptions.healthpage.testcases.HealthInsuranceTestCases@7bedc48a]" started-at="2025-04-14T16:58:09 IST" name="TC_028PrimaryMemberAddHealthInsuranceSaveAndAddAnotherButton" finished-at="2025-04-14T16:59:43 IST" duration-ms="94149" status="PASS">
          <reporter-output>
          </reporter-output>
        </test-method> <!-- TC_028PrimaryMemberAddHealthInsuranceSaveAndAddAnotherButton -->
        <test-method is-config="true" signature="afterMethod(org.testng.ITestResult,java.lang.reflect.Method)[pri:0, instance:com.nspl.agingoptions.healthpage.testcases.HealthInsuranceTestCases@7bedc48a]" started-at="2025-04-14T16:59:43 IST" name="afterMethod" finished-at="2025-04-14T16:59:43 IST" duration-ms="294" status="PASS">
          <params>
            <param index="0">
              <value>
                <![CDATA[[TestResult name=TC_028PrimaryMemberAddHealthInsuranceSaveAndAddAnotherButton status=SUCCESS method=HealthInsuranceTestCases.TC_028PrimaryMemberAddHealthInsuranceSaveAndAddAnotherButton()[pri:2, instance:com.nspl.agingoptions.healthpage.testcases.HealthInsuranceTestCases@7bedc48a] output={null}]]]>
              </value>
            </param>
            <param index="1">
              <value>
                <![CDATA[public void com.nspl.agingoptions.healthpage.testcases.HealthInsuranceTestCases.TC_028PrimaryMemberAddHealthInsuranceSaveAndAddAnotherButton()]]>
              </value>
            </param>
          </params>
          <reporter-output>
          </reporter-output>
        </test-method> <!-- afterMethod -->
        <test-method is-config="true" signature="afterClass()[pri:0, instance:com.nspl.agingoptions.healthpage.testcases.HealthInsuranceTestCases@7bedc48a]" started-at="2025-04-14T16:59:43 IST" name="afterClass" finished-at="2025-04-14T16:59:43 IST" duration-ms="11" status="PASS">
          <reporter-output>
          </reporter-output>
        </test-method> <!-- afterClass -->
        <test-method is-config="true" signature="afterTest()[pri:0, instance:com.nspl.agingoptions.healthpage.testcases.HealthInsuranceTestCases@7bedc48a]" started-at="2025-04-14T16:59:43 IST" name="afterTest" finished-at="2025-04-14T16:59:43 IST" duration-ms="1" status="PASS">
          <reporter-output>
          </reporter-output>
        </test-method> <!-- afterTest -->
        <test-method is-config="true" signature="afterSuite()[pri:0, instance:com.nspl.agingoptions.healthpage.testcases.HealthInsuranceTestCases@7bedc48a]" started-at="2025-04-14T16:59:43 IST" name="afterSuite" finished-at="2025-04-14T16:59:43 IST" duration-ms="19" status="PASS">
          <reporter-output>
          </reporter-output>
        </test-method> <!-- afterSuite -->
      </class> <!-- com.nspl.agingoptions.healthpage.testcases.HealthInsuranceTestCases -->
    </test> <!-- Default test -->
  </suite> <!-- Default suite -->
</testng-results>
