<?xml version="1.0" encoding="UTF-8"?>
<testng-results ignored="0" total="1" passed="1" failed="0" skipped="0">
  <reporter-output>
  </reporter-output>
  <suite started-at="2025-04-14T12:51:25 IST" name="Default suite" finished-at="2025-04-14T12:54:18 IST" duration-ms="172904">
    <groups>
    </groups>
    <test started-at="2025-04-14T12:51:25 IST" name="Default test" finished-at="2025-04-14T12:54:18 IST" duration-ms="172904">
      <class name="com.nspl.HousingInfoPageTestcase.HousingProfessional_RealtorTestscript">
        <test-method is-config="true" signature="beforeSuite()[pri:0, instance:com.nspl.HousingInfoPageTestcase.HousingProfessional_RealtorTestscript@3af9c5b7]" started-at="2025-04-14T12:51:25 IST" name="beforeSuite" finished-at="2025-04-14T12:51:25 IST" duration-ms="324" status="PASS">
          <reporter-output>
          </reporter-output>
        </test-method> <!-- beforeSuite -->
        <test-method is-config="true" signature="beforeTest()[pri:0, instance:com.nspl.HousingInfoPageTestcase.HousingProfessional_RealtorTestscript@3af9c5b7]" started-at="2025-04-14T12:51:25 IST" name="beforeTest" finished-at="2025-04-14T12:52:53 IST" duration-ms="87660" status="PASS">
          <reporter-output>
          </reporter-output>
        </test-method> <!-- beforeTest -->
        <test-method is-config="true" signature="beforeClass()[pri:0, instance:com.nspl.HousingInfoPageTestcase.HousingProfessional_RealtorTestscript@3af9c5b7]" started-at="2025-04-14T12:52:53 IST" name="beforeClass" finished-at="2025-04-14T12:52:53 IST" duration-ms="0" status="PASS">
          <reporter-output>
          </reporter-output>
        </test-method> <!-- beforeClass -->
        <test-method is-config="true" signature="beforeMethod(java.lang.reflect.Method)[pri:0, instance:com.nspl.HousingInfoPageTestcase.HousingProfessional_RealtorTestscript@3af9c5b7]" started-at="2025-04-14T12:52:53 IST" name="beforeMethod" finished-at="2025-04-14T12:52:53 IST" duration-ms="5" status="PASS">
          <params>
            <param index="0">
              <value>
                <![CDATA[public void com.nspl.HousingInfoPageTestcase.HousingProfessional_RealtorTestscript.VerifyUpdateRealtorDetails()]]>
              </value>
            </param>
          </params>
          <reporter-output>
          </reporter-output>
        </test-method> <!-- beforeMethod -->
        <test-method signature="VerifyUpdateRealtorDetails()[pri:12, instance:com.nspl.HousingInfoPageTestcase.HousingProfessional_RealtorTestscript@3af9c5b7]" started-at="2025-04-14T12:52:53 IST" name="VerifyUpdateRealtorDetails" finished-at="2025-04-14T12:54:17 IST" duration-ms="84717" status="PASS">
          <reporter-output>
          </reporter-output>
        </test-method> <!-- VerifyUpdateRealtorDetails -->
        <test-method is-config="true" signature="afterMethod(org.testng.ITestResult,java.lang.reflect.Method)[pri:0, instance:com.nspl.HousingInfoPageTestcase.HousingProfessional_RealtorTestscript@3af9c5b7]" started-at="2025-04-14T12:54:17 IST" name="afterMethod" finished-at="2025-04-14T12:54:18 IST" duration-ms="426" status="PASS">
          <params>
            <param index="0">
              <value>
                <![CDATA[[TestResult name=VerifyUpdateRealtorDetails status=SUCCESS method=HousingProfessional_RealtorTestscript.VerifyUpdateRealtorDetails()[pri:12, instance:com.nspl.HousingInfoPageTestcase.HousingProfessional_RealtorTestscript@3af9c5b7] output={null}]]]>
              </value>
            </param>
            <param index="1">
              <value>
                <![CDATA[public void com.nspl.HousingInfoPageTestcase.HousingProfessional_RealtorTestscript.VerifyUpdateRealtorDetails()]]>
              </value>
            </param>
          </params>
          <reporter-output>
          </reporter-output>
        </test-method> <!-- afterMethod -->
        <test-method is-config="true" signature="afterClass()[pri:0, instance:com.nspl.HousingInfoPageTestcase.HousingProfessional_RealtorTestscript@3af9c5b7]" started-at="2025-04-14T12:54:18 IST" name="afterClass" finished-at="2025-04-14T12:54:18 IST" duration-ms="18" status="PASS">
          <reporter-output>
          </reporter-output>
        </test-method> <!-- afterClass -->
        <test-method is-config="true" signature="afterTest()[pri:0, instance:com.nspl.HousingInfoPageTestcase.HousingProfessional_RealtorTestscript@3af9c5b7]" started-at="2025-04-14T12:54:18 IST" name="afterTest" finished-at="2025-04-14T12:54:18 IST" duration-ms="1" status="PASS">
          <reporter-output>
          </reporter-output>
        </test-method> <!-- afterTest -->
        <test-method is-config="true" signature="afterSuite()[pri:0, instance:com.nspl.HousingInfoPageTestcase.HousingProfessional_RealtorTestscript@3af9c5b7]" started-at="2025-04-14T12:54:18 IST" name="afterSuite" finished-at="2025-04-14T12:54:18 IST" duration-ms="12" status="PASS">
          <reporter-output>
          </reporter-output>
        </test-method> <!-- afterSuite -->
      </class> <!-- com.nspl.HousingInfoPageTestcase.HousingProfessional_RealtorTestscript -->
    </test> <!-- Default test -->
  </suite> <!-- Default suite -->
</testng-results>
