<?xml version="1.0" encoding="UTF-8"?>
<testng-results ignored="0" total="1" passed="1" failed="0" skipped="0">
  <reporter-output>
  </reporter-output>
  <suite started-at="2025-03-19T07:56:44 IST" name="Default suite" finished-at="2025-03-19T07:57:17 IST" duration-ms="33380">
    <groups>
    </groups>
    <test started-at="2025-03-19T07:56:44 IST" name="Default test" finished-at="2025-03-19T07:57:17 IST" duration-ms="33380">
      <class name="com.nspl.agingoptions.login_registrationpage.testcases.LoginPageTestCases">
        <test-method is-config="true" signature="beforeSuite()[pri:0, instance:com.nspl.agingoptions.login_registrationpage.testcases.LoginPageTestCases@6c40365c]" started-at="2025-03-19T07:56:43 IST" name="beforeSuite" finished-at="2025-03-19T07:56:44 IST" duration-ms="257" status="PASS">
          <reporter-output>
          </reporter-output>
        </test-method> <!-- beforeSuite -->
        <test-method is-config="true" signature="beforeTest()[pri:0, instance:com.nspl.agingoptions.login_registrationpage.testcases.LoginPageTestCases@6c40365c]" started-at="2025-03-19T07:56:44 IST" name="beforeTest" finished-at="2025-03-19T07:56:44 IST" duration-ms="2" status="PASS">
          <reporter-output>
          </reporter-output>
        </test-method> <!-- beforeTest -->
        <test-method is-config="true" signature="beforeClass()[pri:0, instance:com.nspl.agingoptions.login_registrationpage.testcases.LoginPageTestCases@6c40365c]" started-at="2025-03-19T07:56:44 IST" name="beforeClass" finished-at="2025-03-19T07:56:46 IST" duration-ms="2287" status="PASS">
          <reporter-output>
          </reporter-output>
        </test-method> <!-- beforeClass -->
        <test-method is-config="true" signature="beforeMethod(java.lang.reflect.Method)[pri:0, instance:com.nspl.agingoptions.login_registrationpage.testcases.LoginPageTestCases@6c40365c]" started-at="2025-03-19T07:56:46 IST" name="beforeMethod" finished-at="2025-03-19T07:56:47 IST" duration-ms="1265" status="PASS">
          <params>
            <param index="0">
              <value>
                <![CDATA[public void com.nspl.agingoptions.login_registrationpage.testcases.LoginPageTestCases.TC002_ValidLogin()]]>
              </value>
            </param>
          </params>
          <reporter-output>
          </reporter-output>
        </test-method> <!-- beforeMethod -->
        <test-method signature="TC002_ValidLogin()[pri:1, instance:com.nspl.agingoptions.login_registrationpage.testcases.LoginPageTestCases@6c40365c]" started-at="2025-03-19T07:56:47 IST" name="TC002_ValidLogin" finished-at="2025-03-19T07:57:17 IST" duration-ms="29398" status="PASS">
          <reporter-output>
          </reporter-output>
        </test-method> <!-- TC002_ValidLogin -->
        <test-method is-config="true" signature="afterMethod(org.testng.ITestResult,java.lang.reflect.Method)[pri:0, instance:com.nspl.agingoptions.login_registrationpage.testcases.LoginPageTestCases@6c40365c]" started-at="2025-03-19T07:57:17 IST" name="afterMethod" finished-at="2025-03-19T07:57:17 IST" duration-ms="383" status="PASS">
          <params>
            <param index="0">
              <value>
                <![CDATA[[TestResult name=TC002_ValidLogin status=SUCCESS method=LoginPageTestCases.TC002_ValidLogin()[pri:1, instance:com.nspl.agingoptions.login_registrationpage.testcases.LoginPageTestCases@6c40365c] output={null}]]]>
              </value>
            </param>
            <param index="1">
              <value>
                <![CDATA[public void com.nspl.agingoptions.login_registrationpage.testcases.LoginPageTestCases.TC002_ValidLogin()]]>
              </value>
            </param>
          </params>
          <reporter-output>
          </reporter-output>
        </test-method> <!-- afterMethod -->
        <test-method is-config="true" signature="afterClass()[pri:0, instance:com.nspl.agingoptions.login_registrationpage.testcases.LoginPageTestCases@6c40365c]" started-at="2025-03-19T07:57:17 IST" name="afterClass" finished-at="2025-03-19T07:57:17 IST" duration-ms="0" status="PASS">
          <reporter-output>
          </reporter-output>
        </test-method> <!-- afterClass -->
        <test-method is-config="true" signature="afterTest()[pri:0, instance:com.nspl.agingoptions.login_registrationpage.testcases.LoginPageTestCases@6c40365c]" started-at="2025-03-19T07:57:17 IST" name="afterTest" finished-at="2025-03-19T07:57:17 IST" duration-ms="0" status="PASS">
          <reporter-output>
          </reporter-output>
        </test-method> <!-- afterTest -->
        <test-method is-config="true" signature="afterSuite()[pri:0, instance:com.nspl.agingoptions.login_registrationpage.testcases.LoginPageTestCases@6c40365c]" started-at="2025-03-19T07:57:17 IST" name="afterSuite" finished-at="2025-03-19T07:57:17 IST" duration-ms="20" status="PASS">
          <reporter-output>
          </reporter-output>
        </test-method> <!-- afterSuite -->
      </class> <!-- com.nspl.agingoptions.login_registrationpage.testcases.LoginPageTestCases -->
    </test> <!-- Default test -->
  </suite> <!-- Default suite -->
</testng-results>
