<?xml version="1.0" encoding="UTF-8"?>
<testng-results ignored="0" total="1" passed="1" failed="0" skipped="0">
  <reporter-output>
  </reporter-output>
  <suite started-at="2025-04-14T23:32:45 IST" name="Default suite" finished-at="2025-04-14T23:47:45 IST" duration-ms="899986">
    <groups>
    </groups>
    <test started-at="2025-04-14T23:32:45 IST" name="Default test" finished-at="2025-04-14T23:47:45 IST" duration-ms="899986">
      <class name="com.nspl.LegalInfoTestScript.FiduciaryBeneficiaryTestScript">
        <test-method is-config="true" signature="beforeSuite()[pri:0, instance:com.nspl.LegalInfoTestScript.FiduciaryBeneficiaryTestScript@13d9cbf5]" started-at="2025-04-14T23:32:44 IST" name="beforeSuite" finished-at="2025-04-14T23:32:45 IST" duration-ms="361" status="PASS">
          <reporter-output>
          </reporter-output>
        </test-method> <!-- beforeSuite -->
        <test-method is-config="true" signature="beforeTest()[pri:0, instance:com.nspl.LegalInfoTestScript.FiduciaryBeneficiaryTestScript@13d9cbf5]" started-at="2025-04-14T23:32:45 IST" name="beforeTest" finished-at="2025-04-14T23:34:10 IST" duration-ms="85104" status="PASS">
          <reporter-output>
          </reporter-output>
        </test-method> <!-- beforeTest -->
        <test-method is-config="true" signature="beforeClass()[pri:0, instance:com.nspl.LegalInfoTestScript.FiduciaryBeneficiaryTestScript@13d9cbf5]" started-at="2025-04-14T23:34:10 IST" name="beforeClass" finished-at="2025-04-14T23:34:10 IST" duration-ms="11" status="PASS">
          <reporter-output>
          </reporter-output>
        </test-method> <!-- beforeClass -->
        <test-method is-config="true" signature="beforeMethod(java.lang.reflect.Method)[pri:0, instance:com.nspl.LegalInfoTestScript.FiduciaryBeneficiaryTestScript@13d9cbf5]" started-at="2025-04-14T23:34:10 IST" name="beforeMethod" finished-at="2025-04-14T23:34:10 IST" duration-ms="10" status="PASS">
          <params>
            <param index="0">
              <value>
                <![CDATA[public void com.nspl.LegalInfoTestScript.FiduciaryBeneficiaryTestScript.VerifyAddFiduciaryBeneficiaryDetailsWithoutAddressAndContact()]]>
              </value>
            </param>
          </params>
          <reporter-output>
          </reporter-output>
        </test-method> <!-- beforeMethod -->
        <test-method signature="VerifyAddFiduciaryBeneficiaryDetailsWithoutAddressAndContact()[pri:2, instance:com.nspl.LegalInfoTestScript.FiduciaryBeneficiaryTestScript@13d9cbf5]" started-at="2025-04-14T23:34:10 IST" name="VerifyAddFiduciaryBeneficiaryDetailsWithoutAddressAndContact" finished-at="2025-04-14T23:47:44 IST" duration-ms="814116" status="PASS">
          <reporter-output>
          </reporter-output>
        </test-method> <!-- VerifyAddFiduciaryBeneficiaryDetailsWithoutAddressAndContact -->
        <test-method is-config="true" signature="afterMethod(org.testng.ITestResult,java.lang.reflect.Method)[pri:0, instance:com.nspl.LegalInfoTestScript.FiduciaryBeneficiaryTestScript@13d9cbf5]" started-at="2025-04-14T23:47:44 IST" name="afterMethod" finished-at="2025-04-14T23:47:45 IST" duration-ms="623" status="PASS">
          <params>
            <param index="0">
              <value>
                <![CDATA[[TestResult name=VerifyAddFiduciaryBeneficiaryDetailsWithoutAddressAndContact status=SUCCESS method=FiduciaryBeneficiaryTestScript.VerifyAddFiduciaryBeneficiaryDetailsWithoutAddressAndContact()[pri:2, instance:com.nspl.LegalInfoTestScript.FiduciaryBeneficiaryTestScript@13d9cbf5] output={null}]]]>
              </value>
            </param>
            <param index="1">
              <value>
                <![CDATA[public void com.nspl.LegalInfoTestScript.FiduciaryBeneficiaryTestScript.VerifyAddFiduciaryBeneficiaryDetailsWithoutAddressAndContact()]]>
              </value>
            </param>
          </params>
          <reporter-output>
          </reporter-output>
        </test-method> <!-- afterMethod -->
        <test-method is-config="true" signature="afterClass()[pri:0, instance:com.nspl.LegalInfoTestScript.FiduciaryBeneficiaryTestScript@13d9cbf5]" started-at="2025-04-14T23:47:45 IST" name="afterClass" finished-at="2025-04-14T23:47:45 IST" duration-ms="20" status="PASS">
          <reporter-output>
          </reporter-output>
        </test-method> <!-- afterClass -->
        <test-method is-config="true" signature="afterTest()[pri:0, instance:com.nspl.LegalInfoTestScript.FiduciaryBeneficiaryTestScript@13d9cbf5]" started-at="2025-04-14T23:47:45 IST" name="afterTest" finished-at="2025-04-14T23:47:45 IST" duration-ms="1" status="PASS">
          <reporter-output>
          </reporter-output>
        </test-method> <!-- afterTest -->
        <test-method is-config="true" signature="afterSuite()[pri:0, instance:com.nspl.LegalInfoTestScript.FiduciaryBeneficiaryTestScript@13d9cbf5]" started-at="2025-04-14T23:47:45 IST" name="afterSuite" finished-at="2025-04-14T23:47:45 IST" duration-ms="17" status="PASS">
          <reporter-output>
          </reporter-output>
        </test-method> <!-- afterSuite -->
      </class> <!-- com.nspl.LegalInfoTestScript.FiduciaryBeneficiaryTestScript -->
    </test> <!-- Default test -->
  </suite> <!-- Default suite -->
</testng-results>
