<?xml version="1.0" encoding="UTF-8"?>
<testng-results retried="4" ignored="2" total="64" passed="56" failed="2" skipped="0">
  <reporter-output>
  </reporter-output>
  <suite started-at="2025-05-25T17:31:01 IST" name="Suite" finished-at="2025-05-25T18:17:41 IST" duration-ms="2800395">
    <groups>
    </groups>
    <test started-at="2025-05-25T17:31:01 IST" name="Test" finished-at="2025-05-25T18:17:41 IST" duration-ms="2800395">
      <class name="com.nspl.agingoptions.financepage.testcases.TransportationTestCases">
        <test-method is-config="true" signature="beforeMethod(java.lang.reflect.Method)[pri:0, instance:com.nspl.agingoptions.financepage.testcases.TransportationTestCases@c86b9e3]" started-at="2025-05-25T17:45:42 IST" name="beforeMethod" finished-at="2025-05-25T17:45:42 IST" duration-ms="1" status="PASS">
          <params>
            <param index="0">
              <value>
                <![CDATA[public void com.nspl.agingoptions.financepage.testcases.TransportationTestCases.FTC_013_TransportationSaveContinueLaterButton()]]>
              </value>
            </param>
          </params>
          <reporter-output>
          </reporter-output>
        </test-method> <!-- beforeMethod -->
        <test-method is-config="true" signature="beforeClass()[pri:0, instance:com.nspl.agingoptions.financepage.testcases.TransportationTestCases@c86b9e3]" started-at="2025-05-25T17:45:42 IST" name="beforeClass" finished-at="2025-05-25T17:45:42 IST" duration-ms="0" status="PASS">
          <reporter-output>
          </reporter-output>
        </test-method> <!-- beforeClass -->
        <test-method signature="FTC_013_TransportationSaveContinueLaterButton()[pri:1, instance:com.nspl.agingoptions.financepage.testcases.TransportationTestCases@c86b9e3]" started-at="2025-05-25T17:45:42 IST" name="FTC_013_TransportationSaveContinueLaterButton" finished-at="2025-05-25T17:46:31 IST" duration-ms="49055" status="PASS">
          <reporter-output>
          </reporter-output>
        </test-method> <!-- FTC_013_TransportationSaveContinueLaterButton -->
        <test-method is-config="true" signature="afterMethod(org.testng.ITestResult,java.lang.reflect.Method)[pri:0, instance:com.nspl.agingoptions.financepage.testcases.TransportationTestCases@c86b9e3]" started-at="2025-05-25T17:46:31 IST" name="afterMethod" finished-at="2025-05-25T17:46:31 IST" duration-ms="39" status="PASS">
          <params>
            <param index="0">
              <value>
                <![CDATA[[TestResult name=FTC_013_TransportationSaveContinueLaterButton status=SUCCESS method=TransportationTestCases.FTC_013_TransportationSaveContinueLaterButton()[pri:1, instance:com.nspl.agingoptions.financepage.testcases.TransportationTestCases@c86b9e3] output={null}]]]>
              </value>
            </param>
            <param index="1">
              <value>
                <![CDATA[public void com.nspl.agingoptions.financepage.testcases.TransportationTestCases.FTC_013_TransportationSaveContinueLaterButton()]]>
              </value>
            </param>
          </params>
          <reporter-output>
          </reporter-output>
        </test-method> <!-- afterMethod -->
        <test-method is-config="true" signature="beforeMethod(java.lang.reflect.Method)[pri:0, instance:com.nspl.agingoptions.financepage.testcases.TransportationTestCases@c86b9e3]" started-at="2025-05-25T17:46:31 IST" name="beforeMethod" finished-at="2025-05-25T17:46:31 IST" duration-ms="1" status="PASS">
          <params>
            <param index="0">
              <value>
                <![CDATA[public void com.nspl.agingoptions.financepage.testcases.TransportationTestCases.FTC_014_TransportationSaveContinueLaterButton()]]>
              </value>
            </param>
          </params>
          <reporter-output>
          </reporter-output>
        </test-method> <!-- beforeMethod -->
        <test-method signature="FTC_014_TransportationSaveContinueLaterButton()[pri:2, instance:com.nspl.agingoptions.financepage.testcases.TransportationTestCases@c86b9e3]" started-at="2025-05-25T17:46:31 IST" name="FTC_014_TransportationSaveContinueLaterButton" finished-at="2025-05-25T17:47:06 IST" duration-ms="35681" status="PASS">
          <reporter-output>
          </reporter-output>
        </test-method> <!-- FTC_014_TransportationSaveContinueLaterButton -->
        <test-method is-config="true" signature="afterMethod(org.testng.ITestResult,java.lang.reflect.Method)[pri:0, instance:com.nspl.agingoptions.financepage.testcases.TransportationTestCases@c86b9e3]" started-at="2025-05-25T17:47:06 IST" name="afterMethod" finished-at="2025-05-25T17:47:06 IST" duration-ms="24" status="PASS">
          <params>
            <param index="0">
              <value>
                <![CDATA[[TestResult name=FTC_014_TransportationSaveContinueLaterButton status=SUCCESS method=TransportationTestCases.FTC_014_TransportationSaveContinueLaterButton()[pri:2, instance:com.nspl.agingoptions.financepage.testcases.TransportationTestCases@c86b9e3] output={null}]]]>
              </value>
            </param>
            <param index="1">
              <value>
                <![CDATA[public void com.nspl.agingoptions.financepage.testcases.TransportationTestCases.FTC_014_TransportationSaveContinueLaterButton()]]>
              </value>
            </param>
          </params>
          <reporter-output>
          </reporter-output>
        </test-method> <!-- afterMethod -->
        <test-method is-config="true" signature="beforeMethod(java.lang.reflect.Method)[pri:0, instance:com.nspl.agingoptions.financepage.testcases.TransportationTestCases@c86b9e3]" started-at="2025-05-25T17:47:06 IST" name="beforeMethod" finished-at="2025-05-25T17:47:06 IST" duration-ms="1" status="PASS">
          <params>
            <param index="0">
              <value>
                <![CDATA[public void com.nspl.agingoptions.financepage.testcases.TransportationTestCases.FTC_015_TransportationSaveContinueLaterButton()]]>
              </value>
            </param>
          </params>
          <reporter-output>
          </reporter-output>
        </test-method> <!-- beforeMethod -->
        <test-method signature="FTC_015_TransportationSaveContinueLaterButton()[pri:3, instance:com.nspl.agingoptions.financepage.testcases.TransportationTestCases@c86b9e3]" started-at="2025-05-25T17:47:06 IST" name="FTC_015_TransportationSaveContinueLaterButton" finished-at="2025-05-25T17:47:40 IST" duration-ms="33564" status="PASS">
          <reporter-output>
          </reporter-output>
        </test-method> <!-- FTC_015_TransportationSaveContinueLaterButton -->
        <test-method is-config="true" signature="afterMethod(org.testng.ITestResult,java.lang.reflect.Method)[pri:0, instance:com.nspl.agingoptions.financepage.testcases.TransportationTestCases@c86b9e3]" started-at="2025-05-25T17:47:40 IST" name="afterMethod" finished-at="2025-05-25T17:47:40 IST" duration-ms="25" status="PASS">
          <params>
            <param index="0">
              <value>
                <![CDATA[[TestResult name=FTC_015_TransportationSaveContinueLaterButton status=SUCCESS method=TransportationTestCases.FTC_015_TransportationSaveContinueLaterButton()[pri:3, instance:com.nspl.agingoptions.financepage.testcases.TransportationTestCases@c86b9e3] output={null}]]]>
              </value>
            </param>
            <param index="1">
              <value>
                <![CDATA[public void com.nspl.agingoptions.financepage.testcases.TransportationTestCases.FTC_015_TransportationSaveContinueLaterButton()]]>
              </value>
            </param>
          </params>
          <reporter-output>
          </reporter-output>
        </test-method> <!-- afterMethod -->
        <test-method is-config="true" signature="afterClass()[pri:0, instance:com.nspl.agingoptions.financepage.testcases.TransportationTestCases@c86b9e3]" started-at="2025-05-25T17:47:40 IST" name="afterClass" finished-at="2025-05-25T17:47:40 IST" duration-ms="13" status="PASS">
          <reporter-output>
          </reporter-output>
        </test-method> <!-- afterClass -->
      </class> <!-- com.nspl.agingoptions.financepage.testcases.TransportationTestCases -->
      <class name="com.nspl.agingoptions.financepage.testcases.RealEstateTestCases">
        <test-method is-config="true" signature="beforeClass()[pri:0, instance:com.nspl.agingoptions.financepage.testcases.RealEstateTestCases@e4487af]" started-at="2025-05-25T17:41:36 IST" name="beforeClass" finished-at="2025-05-25T17:41:36 IST" duration-ms="1" status="PASS">
          <reporter-output>
          </reporter-output>
        </test-method> <!-- beforeClass -->
        <test-method is-config="true" signature="beforeMethod(java.lang.reflect.Method)[pri:0, instance:com.nspl.agingoptions.financepage.testcases.RealEstateTestCases@e4487af]" started-at="2025-05-25T17:41:36 IST" name="beforeMethod" finished-at="2025-05-25T17:41:36 IST" duration-ms="1" status="PASS">
          <params>
            <param index="0">
              <value>
                <![CDATA[public void com.nspl.agingoptions.financepage.testcases.RealEstateTestCases.FTC_007_AddRealEstateSaveContinueLaterButton()]]>
              </value>
            </param>
          </params>
          <reporter-output>
          </reporter-output>
        </test-method> <!-- beforeMethod -->
        <test-method signature="FTC_007_AddRealEstateSaveContinueLaterButton()[pri:1, instance:com.nspl.agingoptions.financepage.testcases.RealEstateTestCases@e4487af]" started-at="2025-05-25T17:41:36 IST" name="FTC_007_AddRealEstateSaveContinueLaterButton" finished-at="2025-05-25T17:42:18 IST" duration-ms="42105" status="PASS">
          <reporter-output>
          </reporter-output>
        </test-method> <!-- FTC_007_AddRealEstateSaveContinueLaterButton -->
        <test-method is-config="true" signature="afterMethod(org.testng.ITestResult,java.lang.reflect.Method)[pri:0, instance:com.nspl.agingoptions.financepage.testcases.RealEstateTestCases@e4487af]" started-at="2025-05-25T17:42:18 IST" name="afterMethod" finished-at="2025-05-25T17:42:18 IST" duration-ms="22" status="PASS">
          <params>
            <param index="0">
              <value>
                <![CDATA[[TestResult name=FTC_007_AddRealEstateSaveContinueLaterButton status=SUCCESS method=RealEstateTestCases.FTC_007_AddRealEstateSaveContinueLaterButton()[pri:1, instance:com.nspl.agingoptions.financepage.testcases.RealEstateTestCases@e4487af] output={null}]]]>
              </value>
            </param>
            <param index="1">
              <value>
                <![CDATA[public void com.nspl.agingoptions.financepage.testcases.RealEstateTestCases.FTC_007_AddRealEstateSaveContinueLaterButton()]]>
              </value>
            </param>
          </params>
          <reporter-output>
          </reporter-output>
        </test-method> <!-- afterMethod -->
        <test-method signature="FTC_008_AddRealEstateSaveAddAnotherButton()[pri:2, instance:com.nspl.agingoptions.financepage.testcases.RealEstateTestCases@e4487af]" started-at="2025-05-25T17:42:18 IST" name="FTC_008_AddRealEstateSaveAddAnotherButton" finished-at="2025-05-25T17:42:51 IST" duration-ms="32891" status="PASS">
          <reporter-output>
          </reporter-output>
        </test-method> <!-- FTC_008_AddRealEstateSaveAddAnotherButton -->
        <test-method is-config="true" signature="beforeMethod(java.lang.reflect.Method)[pri:0, instance:com.nspl.agingoptions.financepage.testcases.RealEstateTestCases@e4487af]" started-at="2025-05-25T17:42:18 IST" name="beforeMethod" finished-at="2025-05-25T17:42:18 IST" duration-ms="0" status="PASS">
          <params>
            <param index="0">
              <value>
                <![CDATA[public void com.nspl.agingoptions.financepage.testcases.RealEstateTestCases.FTC_008_AddRealEstateSaveAddAnotherButton()]]>
              </value>
            </param>
          </params>
          <reporter-output>
          </reporter-output>
        </test-method> <!-- beforeMethod -->
        <test-method is-config="true" signature="afterMethod(org.testng.ITestResult,java.lang.reflect.Method)[pri:0, instance:com.nspl.agingoptions.financepage.testcases.RealEstateTestCases@e4487af]" started-at="2025-05-25T17:42:51 IST" name="afterMethod" finished-at="2025-05-25T17:42:51 IST" duration-ms="28" status="PASS">
          <params>
            <param index="0">
              <value>
                <![CDATA[[TestResult name=FTC_008_AddRealEstateSaveAddAnotherButton status=SUCCESS method=RealEstateTestCases.FTC_008_AddRealEstateSaveAddAnotherButton()[pri:2, instance:com.nspl.agingoptions.financepage.testcases.RealEstateTestCases@e4487af] output={null}]]]>
              </value>
            </param>
            <param index="1">
              <value>
                <![CDATA[public void com.nspl.agingoptions.financepage.testcases.RealEstateTestCases.FTC_008_AddRealEstateSaveAddAnotherButton()]]>
              </value>
            </param>
          </params>
          <reporter-output>
          </reporter-output>
        </test-method> <!-- afterMethod -->
        <test-method signature="FTC_009_AddRealEstateSaveAndProceedToBussinessInterestButton()[pri:3, instance:com.nspl.agingoptions.financepage.testcases.RealEstateTestCases@e4487af]" started-at="2025-05-25T17:42:51 IST" name="FTC_009_AddRealEstateSaveAndProceedToBussinessInterestButton" finished-at="2025-05-25T17:44:23 IST" duration-ms="91845" status="PASS">
          <reporter-output>
          </reporter-output>
        </test-method> <!-- FTC_009_AddRealEstateSaveAndProceedToBussinessInterestButton -->
        <test-method is-config="true" signature="beforeMethod(java.lang.reflect.Method)[pri:0, instance:com.nspl.agingoptions.financepage.testcases.RealEstateTestCases@e4487af]" started-at="2025-05-25T17:42:51 IST" name="beforeMethod" finished-at="2025-05-25T17:42:51 IST" duration-ms="0" status="PASS">
          <params>
            <param index="0">
              <value>
                <![CDATA[public void com.nspl.agingoptions.financepage.testcases.RealEstateTestCases.FTC_009_AddRealEstateSaveAndProceedToBussinessInterestButton()]]>
              </value>
            </param>
          </params>
          <reporter-output>
          </reporter-output>
        </test-method> <!-- beforeMethod -->
        <test-method is-config="true" signature="afterMethod(org.testng.ITestResult,java.lang.reflect.Method)[pri:0, instance:com.nspl.agingoptions.financepage.testcases.RealEstateTestCases@e4487af]" started-at="2025-05-25T17:44:23 IST" name="afterMethod" finished-at="2025-05-25T17:44:23 IST" duration-ms="24" status="PASS">
          <params>
            <param index="0">
              <value>
                <![CDATA[[TestResult name=FTC_009_AddRealEstateSaveAndProceedToBussinessInterestButton status=SUCCESS method=RealEstateTestCases.FTC_009_AddRealEstateSaveAndProceedToBussinessInterestButton()[pri:3, instance:com.nspl.agingoptions.financepage.testcases.RealEstateTestCases@e4487af] output={null}]]]>
              </value>
            </param>
            <param index="1">
              <value>
                <![CDATA[public void com.nspl.agingoptions.financepage.testcases.RealEstateTestCases.FTC_009_AddRealEstateSaveAndProceedToBussinessInterestButton()]]>
              </value>
            </param>
          </params>
          <reporter-output>
          </reporter-output>
        </test-method> <!-- afterMethod -->
        <test-method is-config="true" signature="afterClass()[pri:0, instance:com.nspl.agingoptions.financepage.testcases.RealEstateTestCases@e4487af]" started-at="2025-05-25T17:44:23 IST" name="afterClass" finished-at="2025-05-25T17:44:23 IST" duration-ms="9" status="PASS">
          <reporter-output>
          </reporter-output>
        </test-method> <!-- afterClass -->
      </class> <!-- com.nspl.agingoptions.financepage.testcases.RealEstateTestCases -->
      <class name="com.nspl.agingoptions.financepage.testcases.FinancialAdvisorTestCases">
        <test-method is-config="true" signature="beforeClass()[pri:0, instance:com.nspl.agingoptions.financepage.testcases.FinancialAdvisorTestCases@6ab778a]" started-at="2025-05-25T18:03:01 IST" name="beforeClass" finished-at="2025-05-25T18:03:01 IST" duration-ms="0" status="PASS">
          <reporter-output>
          </reporter-output>
        </test-method> <!-- beforeClass -->
        <test-method is-config="true" signature="beforeMethod(java.lang.reflect.Method)[pri:0, instance:com.nspl.agingoptions.financepage.testcases.FinancialAdvisorTestCases@6ab778a]" started-at="2025-05-25T18:03:01 IST" name="beforeMethod" finished-at="2025-05-25T18:03:01 IST" duration-ms="1" status="PASS">
          <params>
            <param index="0">
              <value>
                <![CDATA[public void com.nspl.agingoptions.financepage.testcases.FinancialAdvisorTestCases.FTC_042_PrimaryMemberSaveContinueLaterButton()]]>
              </value>
            </param>
          </params>
          <reporter-output>
          </reporter-output>
        </test-method> <!-- beforeMethod -->
        <test-method signature="FTC_042_PrimaryMemberSaveContinueLaterButton()[pri:3, instance:com.nspl.agingoptions.financepage.testcases.FinancialAdvisorTestCases@6ab778a]" started-at="2025-05-25T18:03:01 IST" name="FTC_042_PrimaryMemberSaveContinueLaterButton" finished-at="2025-05-25T18:03:45 IST" duration-ms="44164" status="PASS">
          <reporter-output>
          </reporter-output>
        </test-method> <!-- FTC_042_PrimaryMemberSaveContinueLaterButton -->
        <test-method is-config="true" signature="afterMethod(org.testng.ITestResult,java.lang.reflect.Method)[pri:0, instance:com.nspl.agingoptions.financepage.testcases.FinancialAdvisorTestCases@6ab778a]" started-at="2025-05-25T18:03:45 IST" name="afterMethod" finished-at="2025-05-25T18:03:45 IST" duration-ms="31" status="PASS">
          <params>
            <param index="0">
              <value>
                <![CDATA[[TestResult name=FTC_042_PrimaryMemberSaveContinueLaterButton status=SUCCESS method=FinancialAdvisorTestCases.FTC_042_PrimaryMemberSaveContinueLaterButton()[pri:3, instance:com.nspl.agingoptions.financepage.testcases.FinancialAdvisorTestCases@6ab778a] output={null}]]]>
              </value>
            </param>
            <param index="1">
              <value>
                <![CDATA[public void com.nspl.agingoptions.financepage.testcases.FinancialAdvisorTestCases.FTC_042_PrimaryMemberSaveContinueLaterButton()]]>
              </value>
            </param>
          </params>
          <reporter-output>
          </reporter-output>
        </test-method> <!-- afterMethod -->
        <test-method signature="FTC_043_PrimaryMemberSaveAddAnotherButton()[pri:4, instance:com.nspl.agingoptions.financepage.testcases.FinancialAdvisorTestCases@6ab778a]" started-at="2025-05-25T18:03:45 IST" name="FTC_043_PrimaryMemberSaveAddAnotherButton" finished-at="2025-05-25T18:04:25 IST" duration-ms="39316" status="PASS">
          <reporter-output>
          </reporter-output>
        </test-method> <!-- FTC_043_PrimaryMemberSaveAddAnotherButton -->
        <test-method is-config="true" signature="beforeMethod(java.lang.reflect.Method)[pri:0, instance:com.nspl.agingoptions.financepage.testcases.FinancialAdvisorTestCases@6ab778a]" started-at="2025-05-25T18:03:45 IST" name="beforeMethod" finished-at="2025-05-25T18:03:45 IST" duration-ms="0" status="PASS">
          <params>
            <param index="0">
              <value>
                <![CDATA[public void com.nspl.agingoptions.financepage.testcases.FinancialAdvisorTestCases.FTC_043_PrimaryMemberSaveAddAnotherButton()]]>
              </value>
            </param>
          </params>
          <reporter-output>
          </reporter-output>
        </test-method> <!-- beforeMethod -->
        <test-method is-config="true" signature="afterMethod(org.testng.ITestResult,java.lang.reflect.Method)[pri:0, instance:com.nspl.agingoptions.financepage.testcases.FinancialAdvisorTestCases@6ab778a]" started-at="2025-05-25T18:04:25 IST" name="afterMethod" finished-at="2025-05-25T18:04:25 IST" duration-ms="27" status="PASS">
          <params>
            <param index="0">
              <value>
                <![CDATA[[TestResult name=FTC_043_PrimaryMemberSaveAddAnotherButton status=SUCCESS method=FinancialAdvisorTestCases.FTC_043_PrimaryMemberSaveAddAnotherButton()[pri:4, instance:com.nspl.agingoptions.financepage.testcases.FinancialAdvisorTestCases@6ab778a] output={null}]]]>
              </value>
            </param>
            <param index="1">
              <value>
                <![CDATA[public void com.nspl.agingoptions.financepage.testcases.FinancialAdvisorTestCases.FTC_043_PrimaryMemberSaveAddAnotherButton()]]>
              </value>
            </param>
          </params>
          <reporter-output>
          </reporter-output>
        </test-method> <!-- afterMethod -->
        <test-method signature="FTC_044_PrimaryMemberSaveAndProceedToSpouseButton()[pri:5, instance:com.nspl.agingoptions.financepage.testcases.FinancialAdvisorTestCases@6ab778a]" started-at="2025-05-25T18:04:25 IST" name="FTC_044_PrimaryMemberSaveAndProceedToSpouseButton" finished-at="2025-05-25T18:05:05 IST" duration-ms="40459" status="PASS">
          <reporter-output>
          </reporter-output>
        </test-method> <!-- FTC_044_PrimaryMemberSaveAndProceedToSpouseButton -->
        <test-method is-config="true" signature="beforeMethod(java.lang.reflect.Method)[pri:0, instance:com.nspl.agingoptions.financepage.testcases.FinancialAdvisorTestCases@6ab778a]" started-at="2025-05-25T18:04:25 IST" name="beforeMethod" finished-at="2025-05-25T18:04:25 IST" duration-ms="0" status="PASS">
          <params>
            <param index="0">
              <value>
                <![CDATA[public void com.nspl.agingoptions.financepage.testcases.FinancialAdvisorTestCases.FTC_044_PrimaryMemberSaveAndProceedToSpouseButton()]]>
              </value>
            </param>
          </params>
          <reporter-output>
          </reporter-output>
        </test-method> <!-- beforeMethod -->
        <test-method is-config="true" signature="afterMethod(org.testng.ITestResult,java.lang.reflect.Method)[pri:0, instance:com.nspl.agingoptions.financepage.testcases.FinancialAdvisorTestCases@6ab778a]" started-at="2025-05-25T18:05:05 IST" name="afterMethod" finished-at="2025-05-25T18:05:05 IST" duration-ms="28" status="PASS">
          <params>
            <param index="0">
              <value>
                <![CDATA[[TestResult name=FTC_044_PrimaryMemberSaveAndProceedToSpouseButton status=SUCCESS method=FinancialAdvisorTestCases.FTC_044_PrimaryMemberSaveAndProceedToSpouseButton()[pri:5, instance:com.nspl.agingoptions.financepage.testcases.FinancialAdvisorTestCases@6ab778a] output={null}]]]>
              </value>
            </param>
            <param index="1">
              <value>
                <![CDATA[public void com.nspl.agingoptions.financepage.testcases.FinancialAdvisorTestCases.FTC_044_PrimaryMemberSaveAndProceedToSpouseButton()]]>
              </value>
            </param>
          </params>
          <reporter-output>
          </reporter-output>
        </test-method> <!-- afterMethod -->
        <test-method is-config="true" signature="beforeMethod(java.lang.reflect.Method)[pri:0, instance:com.nspl.agingoptions.financepage.testcases.FinancialAdvisorTestCases@6ab778a]" started-at="2025-05-25T18:05:05 IST" name="beforeMethod" finished-at="2025-05-25T18:05:05 IST" duration-ms="1" status="PASS">
          <params>
            <param index="0">
              <value>
                <![CDATA[public void com.nspl.agingoptions.financepage.testcases.FinancialAdvisorTestCases.FTC_045_SpouseSaveContinueLaterButton()]]>
              </value>
            </param>
          </params>
          <reporter-output>
          </reporter-output>
        </test-method> <!-- beforeMethod -->
        <test-method signature="FTC_045_SpouseSaveContinueLaterButton()[pri:6, instance:com.nspl.agingoptions.financepage.testcases.FinancialAdvisorTestCases@6ab778a]" started-at="2025-05-25T18:05:05 IST" name="FTC_045_SpouseSaveContinueLaterButton" finished-at="2025-05-25T18:05:49 IST" duration-ms="43467" status="PASS">
          <reporter-output>
          </reporter-output>
        </test-method> <!-- FTC_045_SpouseSaveContinueLaterButton -->
        <test-method is-config="true" signature="afterMethod(org.testng.ITestResult,java.lang.reflect.Method)[pri:0, instance:com.nspl.agingoptions.financepage.testcases.FinancialAdvisorTestCases@6ab778a]" started-at="2025-05-25T18:05:49 IST" name="afterMethod" finished-at="2025-05-25T18:05:49 IST" duration-ms="32" status="PASS">
          <params>
            <param index="0">
              <value>
                <![CDATA[[TestResult name=FTC_045_SpouseSaveContinueLaterButton status=SUCCESS method=FinancialAdvisorTestCases.FTC_045_SpouseSaveContinueLaterButton()[pri:6, instance:com.nspl.agingoptions.financepage.testcases.FinancialAdvisorTestCases@6ab778a] output={null}]]]>
              </value>
            </param>
            <param index="1">
              <value>
                <![CDATA[public void com.nspl.agingoptions.financepage.testcases.FinancialAdvisorTestCases.FTC_045_SpouseSaveContinueLaterButton()]]>
              </value>
            </param>
          </params>
          <reporter-output>
          </reporter-output>
        </test-method> <!-- afterMethod -->
        <test-method signature="FTC_046_SpouseSaveAndAddAnotherButton()[pri:7, instance:com.nspl.agingoptions.financepage.testcases.FinancialAdvisorTestCases@6ab778a]" started-at="2025-05-25T18:05:49 IST" name="FTC_046_SpouseSaveAndAddAnotherButton" finished-at="2025-05-25T18:06:34 IST" duration-ms="45686" status="PASS">
          <reporter-output>
          </reporter-output>
        </test-method> <!-- FTC_046_SpouseSaveAndAddAnotherButton -->
        <test-method is-config="true" signature="beforeMethod(java.lang.reflect.Method)[pri:0, instance:com.nspl.agingoptions.financepage.testcases.FinancialAdvisorTestCases@6ab778a]" started-at="2025-05-25T18:05:49 IST" name="beforeMethod" finished-at="2025-05-25T18:05:49 IST" duration-ms="0" status="PASS">
          <params>
            <param index="0">
              <value>
                <![CDATA[public void com.nspl.agingoptions.financepage.testcases.FinancialAdvisorTestCases.FTC_046_SpouseSaveAndAddAnotherButton()]]>
              </value>
            </param>
          </params>
          <reporter-output>
          </reporter-output>
        </test-method> <!-- beforeMethod -->
        <test-method is-config="true" signature="afterMethod(org.testng.ITestResult,java.lang.reflect.Method)[pri:0, instance:com.nspl.agingoptions.financepage.testcases.FinancialAdvisorTestCases@6ab778a]" started-at="2025-05-25T18:06:34 IST" name="afterMethod" finished-at="2025-05-25T18:06:34 IST" duration-ms="26" status="PASS">
          <params>
            <param index="0">
              <value>
                <![CDATA[[TestResult name=FTC_046_SpouseSaveAndAddAnotherButton status=SUCCESS method=FinancialAdvisorTestCases.FTC_046_SpouseSaveAndAddAnotherButton()[pri:7, instance:com.nspl.agingoptions.financepage.testcases.FinancialAdvisorTestCases@6ab778a] output={null}]]]>
              </value>
            </param>
            <param index="1">
              <value>
                <![CDATA[public void com.nspl.agingoptions.financepage.testcases.FinancialAdvisorTestCases.FTC_046_SpouseSaveAndAddAnotherButton()]]>
              </value>
            </param>
          </params>
          <reporter-output>
          </reporter-output>
        </test-method> <!-- afterMethod -->
        <test-method is-config="true" signature="afterClass()[pri:0, instance:com.nspl.agingoptions.financepage.testcases.FinancialAdvisorTestCases@6ab778a]" started-at="2025-05-25T18:06:34 IST" name="afterClass" finished-at="2025-05-25T18:06:34 IST" duration-ms="12" status="PASS">
          <reporter-output>
          </reporter-output>
        </test-method> <!-- afterClass -->
      </class> <!-- com.nspl.agingoptions.financepage.testcases.FinancialAdvisorTestCases -->
      <class name="com.nspl.agingoptions.financepage.testcases.FutureExpectationTestCases">
        <test-method is-config="true" signature="beforeClass()[pri:0, instance:com.nspl.agingoptions.financepage.testcases.FutureExpectationTestCases@37271612]" started-at="2025-05-25T17:55:19 IST" name="beforeClass" finished-at="2025-05-25T17:55:19 IST" duration-ms="0" status="PASS">
          <reporter-output>
          </reporter-output>
        </test-method> <!-- beforeClass -->
        <test-method signature="FTC_028_FutureExpectation()[pri:1, instance:com.nspl.agingoptions.financepage.testcases.FutureExpectationTestCases@37271612]" started-at="2025-05-25T17:55:19 IST" name="FTC_028_FutureExpectation" finished-at="2025-05-25T17:55:38 IST" duration-ms="18697" status="PASS">
          <reporter-output>
          </reporter-output>
        </test-method> <!-- FTC_028_FutureExpectation -->
        <test-method is-config="true" signature="beforeMethod(java.lang.reflect.Method)[pri:0, instance:com.nspl.agingoptions.financepage.testcases.FutureExpectationTestCases@37271612]" started-at="2025-05-25T17:55:19 IST" name="beforeMethod" finished-at="2025-05-25T17:55:19 IST" duration-ms="0" status="PASS">
          <params>
            <param index="0">
              <value>
                <![CDATA[public void com.nspl.agingoptions.financepage.testcases.FutureExpectationTestCases.FTC_028_FutureExpectation()]]>
              </value>
            </param>
          </params>
          <reporter-output>
          </reporter-output>
        </test-method> <!-- beforeMethod -->
        <test-method is-config="true" signature="afterMethod(org.testng.ITestResult,java.lang.reflect.Method)[pri:0, instance:com.nspl.agingoptions.financepage.testcases.FutureExpectationTestCases@37271612]" started-at="2025-05-25T17:55:38 IST" name="afterMethod" finished-at="2025-05-25T17:55:38 IST" duration-ms="20" status="PASS">
          <params>
            <param index="0">
              <value>
                <![CDATA[[TestResult name=FTC_028_FutureExpectation status=SUCCESS method=FutureExpectationTestCases.FTC_028_FutureExpectation()[pri:1, instance:com.nspl.agingoptions.financepage.testcases.FutureExpectationTestCases@37271612] output={null}]]]>
              </value>
            </param>
            <param index="1">
              <value>
                <![CDATA[public void com.nspl.agingoptions.financepage.testcases.FutureExpectationTestCases.FTC_028_FutureExpectation()]]>
              </value>
            </param>
          </params>
          <reporter-output>
          </reporter-output>
        </test-method> <!-- afterMethod -->
        <test-method is-config="true" signature="afterClass()[pri:0, instance:com.nspl.agingoptions.financepage.testcases.FutureExpectationTestCases@37271612]" started-at="2025-05-25T17:55:38 IST" name="afterClass" finished-at="2025-05-25T17:55:38 IST" duration-ms="10" status="PASS">
          <reporter-output>
          </reporter-output>
        </test-method> <!-- afterClass -->
      </class> <!-- com.nspl.agingoptions.financepage.testcases.FutureExpectationTestCases -->
      <class name="com.nspl.agingoptions.financepage.testcases.BusinessInterestTestCases">
        <test-method is-config="true" signature="beforeMethod(java.lang.reflect.Method)[pri:0, instance:com.nspl.agingoptions.financepage.testcases.BusinessInterestTestCases@6aaceffd]" started-at="2025-05-25T17:44:23 IST" name="beforeMethod" finished-at="2025-05-25T17:44:23 IST" duration-ms="1" status="PASS">
          <params>
            <param index="0">
              <value>
                <![CDATA[public void com.nspl.agingoptions.financepage.testcases.BusinessInterestTestCases.FTC_010_BusinessInterestSaveContinueLaterButton()]]>
              </value>
            </param>
          </params>
          <reporter-output>
          </reporter-output>
        </test-method> <!-- beforeMethod -->
        <test-method is-config="true" signature="beforeClass()[pri:0, instance:com.nspl.agingoptions.financepage.testcases.BusinessInterestTestCases@6aaceffd]" started-at="2025-05-25T17:44:23 IST" name="beforeClass" finished-at="2025-05-25T17:44:23 IST" duration-ms="0" status="PASS">
          <reporter-output>
          </reporter-output>
        </test-method> <!-- beforeClass -->
        <test-method signature="FTC_010_BusinessInterestSaveContinueLaterButton()[pri:1, instance:com.nspl.agingoptions.financepage.testcases.BusinessInterestTestCases@6aaceffd]" started-at="2025-05-25T17:44:23 IST" name="FTC_010_BusinessInterestSaveContinueLaterButton" finished-at="2025-05-25T17:44:49 IST" duration-ms="25913" status="PASS">
          <reporter-output>
          </reporter-output>
        </test-method> <!-- FTC_010_BusinessInterestSaveContinueLaterButton -->
        <test-method is-config="true" signature="afterMethod(org.testng.ITestResult,java.lang.reflect.Method)[pri:0, instance:com.nspl.agingoptions.financepage.testcases.BusinessInterestTestCases@6aaceffd]" started-at="2025-05-25T17:44:49 IST" name="afterMethod" finished-at="2025-05-25T17:44:49 IST" duration-ms="28" status="PASS">
          <params>
            <param index="0">
              <value>
                <![CDATA[[TestResult name=FTC_010_BusinessInterestSaveContinueLaterButton status=SUCCESS method=BusinessInterestTestCases.FTC_010_BusinessInterestSaveContinueLaterButton()[pri:1, instance:com.nspl.agingoptions.financepage.testcases.BusinessInterestTestCases@6aaceffd] output={null}]]]>
              </value>
            </param>
            <param index="1">
              <value>
                <![CDATA[public void com.nspl.agingoptions.financepage.testcases.BusinessInterestTestCases.FTC_010_BusinessInterestSaveContinueLaterButton()]]>
              </value>
            </param>
          </params>
          <reporter-output>
          </reporter-output>
        </test-method> <!-- afterMethod -->
        <test-method is-config="true" signature="beforeMethod(java.lang.reflect.Method)[pri:0, instance:com.nspl.agingoptions.financepage.testcases.BusinessInterestTestCases@6aaceffd]" started-at="2025-05-25T17:44:49 IST" name="beforeMethod" finished-at="2025-05-25T17:44:49 IST" duration-ms="2" status="PASS">
          <params>
            <param index="0">
              <value>
                <![CDATA[public void com.nspl.agingoptions.financepage.testcases.BusinessInterestTestCases.FTC_011_BusinessInterestSaveAddAnotherButton()]]>
              </value>
            </param>
          </params>
          <reporter-output>
          </reporter-output>
        </test-method> <!-- beforeMethod -->
        <test-method signature="FTC_011_BusinessInterestSaveAddAnotherButton()[pri:2, instance:com.nspl.agingoptions.financepage.testcases.BusinessInterestTestCases@6aaceffd]" started-at="2025-05-25T17:44:49 IST" name="FTC_011_BusinessInterestSaveAddAnotherButton" finished-at="2025-05-25T17:45:23 IST" duration-ms="33527" status="PASS">
          <reporter-output>
          </reporter-output>
        </test-method> <!-- FTC_011_BusinessInterestSaveAddAnotherButton -->
        <test-method is-config="true" signature="afterMethod(org.testng.ITestResult,java.lang.reflect.Method)[pri:0, instance:com.nspl.agingoptions.financepage.testcases.BusinessInterestTestCases@6aaceffd]" started-at="2025-05-25T17:45:23 IST" name="afterMethod" finished-at="2025-05-25T17:45:23 IST" duration-ms="37" status="PASS">
          <params>
            <param index="0">
              <value>
                <![CDATA[[TestResult name=FTC_011_BusinessInterestSaveAddAnotherButton status=SUCCESS method=BusinessInterestTestCases.FTC_011_BusinessInterestSaveAddAnotherButton()[pri:2, instance:com.nspl.agingoptions.financepage.testcases.BusinessInterestTestCases@6aaceffd] output={null}]]]>
              </value>
            </param>
            <param index="1">
              <value>
                <![CDATA[public void com.nspl.agingoptions.financepage.testcases.BusinessInterestTestCases.FTC_011_BusinessInterestSaveAddAnotherButton()]]>
              </value>
            </param>
          </params>
          <reporter-output>
          </reporter-output>
        </test-method> <!-- afterMethod -->
        <test-method signature="FTC_012_BusinessInterestSaveAddAnotherButton()[pri:3, instance:com.nspl.agingoptions.financepage.testcases.BusinessInterestTestCases@6aaceffd]" started-at="2025-05-25T17:45:23 IST" name="FTC_012_BusinessInterestSaveAddAnotherButton" finished-at="2025-05-25T17:45:42 IST" duration-ms="18820" status="PASS">
          <reporter-output>
          </reporter-output>
        </test-method> <!-- FTC_012_BusinessInterestSaveAddAnotherButton -->
        <test-method is-config="true" signature="beforeMethod(java.lang.reflect.Method)[pri:0, instance:com.nspl.agingoptions.financepage.testcases.BusinessInterestTestCases@6aaceffd]" started-at="2025-05-25T17:45:23 IST" name="beforeMethod" finished-at="2025-05-25T17:45:23 IST" duration-ms="0" status="PASS">
          <params>
            <param index="0">
              <value>
                <![CDATA[public void com.nspl.agingoptions.financepage.testcases.BusinessInterestTestCases.FTC_012_BusinessInterestSaveAddAnotherButton()]]>
              </value>
            </param>
          </params>
          <reporter-output>
          </reporter-output>
        </test-method> <!-- beforeMethod -->
        <test-method is-config="true" signature="afterMethod(org.testng.ITestResult,java.lang.reflect.Method)[pri:0, instance:com.nspl.agingoptions.financepage.testcases.BusinessInterestTestCases@6aaceffd]" started-at="2025-05-25T17:45:42 IST" name="afterMethod" finished-at="2025-05-25T17:45:42 IST" duration-ms="53" status="PASS">
          <params>
            <param index="0">
              <value>
                <![CDATA[[TestResult name=FTC_012_BusinessInterestSaveAddAnotherButton status=SUCCESS method=BusinessInterestTestCases.FTC_012_BusinessInterestSaveAddAnotherButton()[pri:3, instance:com.nspl.agingoptions.financepage.testcases.BusinessInterestTestCases@6aaceffd] output={null}]]]>
              </value>
            </param>
            <param index="1">
              <value>
                <![CDATA[public void com.nspl.agingoptions.financepage.testcases.BusinessInterestTestCases.FTC_012_BusinessInterestSaveAddAnotherButton()]]>
              </value>
            </param>
          </params>
          <reporter-output>
          </reporter-output>
        </test-method> <!-- afterMethod -->
        <test-method is-config="true" signature="afterClass()[pri:0, instance:com.nspl.agingoptions.financepage.testcases.BusinessInterestTestCases@6aaceffd]" started-at="2025-05-25T17:45:42 IST" name="afterClass" finished-at="2025-05-25T17:45:42 IST" duration-ms="10" status="PASS">
          <reporter-output>
          </reporter-output>
        </test-method> <!-- afterClass -->
      </class> <!-- com.nspl.agingoptions.financepage.testcases.BusinessInterestTestCases -->
      <class name="com.nspl.agingoptions.financepage.testcases.Non_RetirementTestCases">
        <test-method is-config="true" signature="beforeSuite()[pri:0, instance:com.nspl.agingoptions.financepage.testcases.Non_RetirementTestCases@2e377400]" started-at="2025-05-25T17:31:01 IST" name="beforeSuite" finished-at="2025-05-25T17:31:01 IST" duration-ms="254" status="PASS">
          <reporter-output>
          </reporter-output>
        </test-method> <!-- beforeSuite -->
        <test-method is-config="true" signature="beforeTest()[pri:0, instance:com.nspl.agingoptions.financepage.testcases.Non_RetirementTestCases@2e377400]" started-at="2025-05-25T17:31:01 IST" name="beforeTest" finished-at="2025-05-25T17:32:21 IST" duration-ms="79757" status="PASS">
          <reporter-output>
          </reporter-output>
        </test-method> <!-- beforeTest -->
        <test-method is-config="true" signature="beforeClass()[pri:0, instance:com.nspl.agingoptions.financepage.testcases.Non_RetirementTestCases@2e377400]" started-at="2025-05-25T17:32:21 IST" name="beforeClass" finished-at="2025-05-25T17:32:21 IST" duration-ms="0" status="PASS">
          <reporter-output>
          </reporter-output>
        </test-method> <!-- beforeClass -->
        <test-method is-config="true" signature="beforeMethod(java.lang.reflect.Method)[pri:0, instance:com.nspl.agingoptions.financepage.testcases.Non_RetirementTestCases@2e377400]" started-at="2025-05-25T17:32:21 IST" name="beforeMethod" finished-at="2025-05-25T17:32:21 IST" duration-ms="2" status="PASS">
          <params>
            <param index="0">
              <value>
                <![CDATA[public void com.nspl.agingoptions.financepage.testcases.Non_RetirementTestCases.FTC01_Non_RetirementSaveContinueLaterButton()]]>
              </value>
            </param>
          </params>
          <reporter-output>
          </reporter-output>
        </test-method> <!-- beforeMethod -->
        <test-method signature="FTC01_Non_RetirementSaveContinueLaterButton()[pri:1, instance:com.nspl.agingoptions.financepage.testcases.Non_RetirementTestCases@2e377400]" started-at="2025-05-25T17:32:21 IST" name="FTC01_Non_RetirementSaveContinueLaterButton" finished-at="2025-05-25T17:33:17 IST" duration-ms="56394" status="PASS">
          <reporter-output>
          </reporter-output>
        </test-method> <!-- FTC01_Non_RetirementSaveContinueLaterButton -->
        <test-method is-config="true" signature="afterMethod(org.testng.ITestResult,java.lang.reflect.Method)[pri:0, instance:com.nspl.agingoptions.financepage.testcases.Non_RetirementTestCases@2e377400]" started-at="2025-05-25T17:33:17 IST" name="afterMethod" finished-at="2025-05-25T17:33:18 IST" duration-ms="323" status="PASS">
          <params>
            <param index="0">
              <value>
                <![CDATA[[TestResult name=FTC01_Non_RetirementSaveContinueLaterButton status=SUCCESS method=Non_RetirementTestCases.FTC01_Non_RetirementSaveContinueLaterButton()[pri:1, instance:com.nspl.agingoptions.financepage.testcases.Non_RetirementTestCases@2e377400] output={null}]]]>
              </value>
            </param>
            <param index="1">
              <value>
                <![CDATA[public void com.nspl.agingoptions.financepage.testcases.Non_RetirementTestCases.FTC01_Non_RetirementSaveContinueLaterButton()]]>
              </value>
            </param>
          </params>
          <reporter-output>
          </reporter-output>
        </test-method> <!-- afterMethod -->
        <test-method retried="true" signature="FTC02_Non_RetirementSaveAddAnotherButton()[pri:2, instance:com.nspl.agingoptions.financepage.testcases.Non_RetirementTestCases@2e377400]" started-at="2025-05-25T17:33:18 IST" name="FTC02_Non_RetirementSaveAddAnotherButton" finished-at="2025-05-25T17:34:32 IST" duration-ms="74521" status="SKIP">
          <exception class="org.openqa.selenium.NoSuchElementException">
            <message>
              <![CDATA[no such element: Unable to locate element: {"method":"xpath","selector":"(//td[contains(text(),'Money Market fund')]/following-sibling::td//img[contains(@alt,'Icon')])[2]"}
  (Session info: chrome=136.0.7103.114)
For documentation on this error, please visit: https://www.selenium.dev/documentation/webdriver/troubleshooting/errors#no-such-element-exception
Build info: version: '4.16.1', revision: '9b4c83354e'
System info: os.name: 'Windows 10', os.arch: 'amd64', os.version: '10.0', java.version: '17.0.12'
Driver info: org.openqa.selenium.chrome.ChromeDriver
Command: [35d9e058a6550601503ad109c9527e81, findElement {using=xpath, value=(//td[contains(text(),'Money Market fund')]/following-sibling::td//img[contains(@alt,'Icon')])[2]}]
Capabilities {acceptInsecureCerts: false, browserName: chrome, browserVersion: 136.0.7103.114, chrome: {chromedriverVersion: 135.0.7049.95 (de2eb485a195..., userDataDir: C:\Users\AO\AppData\Local\T...}, fedcm:accounts: true, goog:chromeOptions: {debuggerAddress: localhost:56879}, networkConnectionEnabled: false, pageLoadStrategy: normal, platformName: windows, proxy: Proxy(), se:cdp: ws://localhost:56879/devtoo..., se:cdpVersion: 136.0.7103.114, setWindowRect: true, strictFileInteractability: false, timeouts: {implicit: 0, pageLoad: 300000, script: 30000}, unhandledPromptBehavior: dismiss and notify, webauthn:extension:credBlob: true, webauthn:extension:largeBlob: true, webauthn:extension:minPinLength: true, webauthn:extension:prf: true, webauthn:virtualAuthenticators: true}
Session ID: 35d9e058a6550601503ad109c9527e81]]>
            </message>
            <full-stacktrace>
              <![CDATA[org.openqa.selenium.NoSuchElementException: no such element: Unable to locate element: {"method":"xpath","selector":"(//td[contains(text(),'Money Market fund')]/following-sibling::td//img[contains(@alt,'Icon')])[2]"}
  (Session info: chrome=136.0.7103.114)
For documentation on this error, please visit: https://www.selenium.dev/documentation/webdriver/troubleshooting/errors#no-such-element-exception
Build info: version: '4.16.1', revision: '9b4c83354e'
System info: os.name: 'Windows 10', os.arch: 'amd64', os.version: '10.0', java.version: '17.0.12'
Driver info: org.openqa.selenium.chrome.ChromeDriver
Command: [35d9e058a6550601503ad109c9527e81, findElement {using=xpath, value=(//td[contains(text(),'Money Market fund')]/following-sibling::td//img[contains(@alt,'Icon')])[2]}]
Capabilities {acceptInsecureCerts: false, browserName: chrome, browserVersion: 136.0.7103.114, chrome: {chromedriverVersion: 135.0.7049.95 (de2eb485a195..., userDataDir: C:\Users\AO\AppData\Local\T...}, fedcm:accounts: true, goog:chromeOptions: {debuggerAddress: localhost:56879}, networkConnectionEnabled: false, pageLoadStrategy: normal, platformName: windows, proxy: Proxy(), se:cdp: ws://localhost:56879/devtoo..., se:cdpVersion: 136.0.7103.114, setWindowRect: true, strictFileInteractability: false, timeouts: {implicit: 0, pageLoad: 300000, script: 30000}, unhandledPromptBehavior: dismiss and notify, webauthn:extension:credBlob: true, webauthn:extension:largeBlob: true, webauthn:extension:minPinLength: true, webauthn:extension:prf: true, webauthn:virtualAuthenticators: true}
Session ID: 35d9e058a6550601503ad109c9527e81
at java.base/jdk.internal.reflect.NativeConstructorAccessorImpl.newInstance0(Native Method)
at java.base/jdk.internal.reflect.NativeConstructorAccessorImpl.newInstance(NativeConstructorAccessorImpl.java:77)
at java.base/jdk.internal.reflect.DelegatingConstructorAccessorImpl.newInstance(DelegatingConstructorAccessorImpl.java:45)
at java.base/java.lang.reflect.Constructor.newInstanceWithCaller(Constructor.java:499)
at java.base/java.lang.reflect.Constructor.newInstance(Constructor.java:480)
at org.openqa.selenium.remote.codec.w3c.W3CHttpResponseCodec.createException(W3CHttpResponseCodec.java:200)
at org.openqa.selenium.remote.codec.w3c.W3CHttpResponseCodec.decode(W3CHttpResponseCodec.java:133)
at org.openqa.selenium.remote.codec.w3c.W3CHttpResponseCodec.decode(W3CHttpResponseCodec.java:52)
at org.openqa.selenium.remote.HttpCommandExecutor.execute(HttpCommandExecutor.java:191)
at org.openqa.selenium.remote.service.DriverCommandExecutor.invokeExecute(DriverCommandExecutor.java:200)
at org.openqa.selenium.remote.service.DriverCommandExecutor.execute(DriverCommandExecutor.java:175)
at org.openqa.selenium.remote.RemoteWebDriver.execute(RemoteWebDriver.java:523)
at org.openqa.selenium.remote.ElementLocation$ElementFinder$2.findElement(ElementLocation.java:165)
at org.openqa.selenium.remote.ElementLocation.findElement(ElementLocation.java:59)
at org.openqa.selenium.remote.RemoteWebDriver.findElement(RemoteWebDriver.java:360)
at org.openqa.selenium.remote.RemoteWebDriver.findElement(RemoteWebDriver.java:354)
at org.openqa.selenium.support.pagefactory.DefaultElementLocator.findElement(DefaultElementLocator.java:68)
at org.openqa.selenium.support.pagefactory.internal.LocatingElementHandler.invoke(LocatingElementHandler.java:38)
at jdk.proxy2/jdk.proxy2.$Proxy20.click(Unknown Source)
at com.nspl.agingoptions.webUtil.WebUtil.click(WebUtil.java:332)
at com.agingoptions.finance.Non_Retirement_And_RetirementPage.clickMoneyMarketEditIcon(Non_Retirement_And_RetirementPage.java:224)
at com.nspl.agingoptions.financepage.testcases.Non_RetirementTestCases.FTC02_Non_RetirementSaveAddAnotherButton(Non_RetirementTestCases.java:145)
at java.base/jdk.internal.reflect.NativeMethodAccessorImpl.invoke0(Native Method)
at java.base/jdk.internal.reflect.NativeMethodAccessorImpl.invoke(NativeMethodAccessorImpl.java:77)
at java.base/jdk.internal.reflect.DelegatingMethodAccessorImpl.invoke(DelegatingMethodAccessorImpl.java:43)
at java.base/java.lang.reflect.Method.invoke(Method.java:568)
at org.testng.internal.invokers.MethodInvocationHelper.invokeMethod(MethodInvocationHelper.java:141)
at org.testng.internal.invokers.TestInvoker.invokeMethod(TestInvoker.java:687)
at org.testng.internal.invokers.TestInvoker.invokeTestMethod(TestInvoker.java:230)
at org.testng.internal.invokers.MethodRunner.runInSequence(MethodRunner.java:63)
at org.testng.internal.invokers.TestInvoker$MethodInvocationAgent.invoke(TestInvoker.java:995)
at org.testng.internal.invokers.TestInvoker.invokeTestMethods(TestInvoker.java:203)
at org.testng.internal.invokers.TestMethodWorker.invokeTestMethods(TestMethodWorker.java:154)
at org.testng.internal.invokers.TestMethodWorker.run(TestMethodWorker.java:134)
at java.base/java.util.ArrayList.forEach(ArrayList.java:1511)
at org.testng.TestRunner.privateRun(TestRunner.java:741)
at org.testng.TestRunner.run(TestRunner.java:616)
at org.testng.SuiteRunner.runTest(SuiteRunner.java:421)
at org.testng.SuiteRunner.runSequentially(SuiteRunner.java:413)
at org.testng.SuiteRunner.privateRun(SuiteRunner.java:373)
at org.testng.SuiteRunner.run(SuiteRunner.java:312)
at org.testng.SuiteRunnerWorker.runSuite(SuiteRunnerWorker.java:52)
at org.testng.SuiteRunnerWorker.run(SuiteRunnerWorker.java:95)
at org.testng.TestNG.runSuitesSequentially(TestNG.java:1274)
at org.testng.TestNG.runSuitesLocally(TestNG.java:1208)
at org.testng.TestNG.runSuites(TestNG.java:1112)
at org.testng.TestNG.run(TestNG.java:1079)
at org.testng.remote.AbstractRemoteTestNG.run(AbstractRemoteTestNG.java:115)
at org.testng.remote.RemoteTestNG.initAndRun(RemoteTestNG.java:293)
at org.testng.remote.RemoteTestNG.main(RemoteTestNG.java:91)
]]>
            </full-stacktrace>
          </exception> <!-- org.openqa.selenium.NoSuchElementException -->
          <reporter-output>
          </reporter-output>
        </test-method> <!-- FTC02_Non_RetirementSaveAddAnotherButton -->
        <test-method is-config="true" signature="beforeMethod(java.lang.reflect.Method)[pri:0, instance:com.nspl.agingoptions.financepage.testcases.Non_RetirementTestCases@2e377400]" started-at="2025-05-25T17:33:18 IST" name="beforeMethod" finished-at="2025-05-25T17:33:18 IST" duration-ms="0" status="PASS">
          <params>
            <param index="0">
              <value>
                <![CDATA[public void com.nspl.agingoptions.financepage.testcases.Non_RetirementTestCases.FTC02_Non_RetirementSaveAddAnotherButton()]]>
              </value>
            </param>
          </params>
          <reporter-output>
          </reporter-output>
        </test-method> <!-- beforeMethod -->
        <test-method is-config="true" signature="afterMethod(org.testng.ITestResult,java.lang.reflect.Method)[pri:0, instance:com.nspl.agingoptions.financepage.testcases.Non_RetirementTestCases@2e377400]" started-at="2025-05-25T17:34:32 IST" name="afterMethod" finished-at="2025-05-25T17:34:32 IST" duration-ms="43" status="PASS">
          <params>
            <param index="0">
              <value>
                <![CDATA[[TestResult name=FTC02_Non_RetirementSaveAddAnotherButton status=SKIP method=Non_RetirementTestCases.FTC02_Non_RetirementSaveAddAnotherButton()[pri:2, instance:com.nspl.agingoptions.financepage.testcases.Non_RetirementTestCases@2e377400] output={null}]]]>
              </value>
            </param>
            <param index="1">
              <value>
                <![CDATA[public void com.nspl.agingoptions.financepage.testcases.Non_RetirementTestCases.FTC02_Non_RetirementSaveAddAnotherButton()]]>
              </value>
            </param>
          </params>
          <reporter-output>
          </reporter-output>
        </test-method> <!-- afterMethod -->
        <test-method is-config="true" signature="beforeMethod(java.lang.reflect.Method)[pri:0, instance:com.nspl.agingoptions.financepage.testcases.Non_RetirementTestCases@2e377400]" started-at="2025-05-25T17:34:32 IST" name="beforeMethod" finished-at="2025-05-25T17:34:32 IST" duration-ms="1" status="PASS">
          <params>
            <param index="0">
              <value>
                <![CDATA[public void com.nspl.agingoptions.financepage.testcases.Non_RetirementTestCases.FTC02_Non_RetirementSaveAddAnotherButton()]]>
              </value>
            </param>
          </params>
          <reporter-output>
          </reporter-output>
        </test-method> <!-- beforeMethod -->
        <test-method signature="FTC02_Non_RetirementSaveAddAnotherButton()[pri:2, instance:com.nspl.agingoptions.financepage.testcases.Non_RetirementTestCases@2e377400]" started-at="2025-05-25T17:34:32 IST" name="FTC02_Non_RetirementSaveAddAnotherButton" finished-at="2025-05-25T17:36:14 IST" duration-ms="102335" status="FAIL">
          <exception class="java.lang.AssertionError">
            <message>
              <![CDATA[expected [8745874854] but found []]]>
            </message>
            <full-stacktrace>
              <![CDATA[java.lang.AssertionError: expected [8745874854] but found []
at org.testng.Assert.fail(Assert.java:111)
at org.testng.Assert.failNotEquals(Assert.java:1590)
at org.testng.Assert.assertEqualsImpl(Assert.java:150)
at org.testng.Assert.assertEquals(Assert.java:132)
at org.testng.Assert.assertEquals(Assert.java:656)
at org.testng.Assert.assertEquals(Assert.java:666)
at com.nspl.agingoptions.webUtil.WebUtil.verifyActualExpectedText(WebUtil.java:867)
at com.nspl.agingoptions.financepage.testcases.Non_RetirementTestCases.FTC02_Non_RetirementSaveAddAnotherButton(Non_RetirementTestCases.java:172)
at java.base/jdk.internal.reflect.NativeMethodAccessorImpl.invoke0(Native Method)
at java.base/jdk.internal.reflect.NativeMethodAccessorImpl.invoke(NativeMethodAccessorImpl.java:77)
at java.base/jdk.internal.reflect.DelegatingMethodAccessorImpl.invoke(DelegatingMethodAccessorImpl.java:43)
at java.base/java.lang.reflect.Method.invoke(Method.java:568)
at org.testng.internal.invokers.MethodInvocationHelper.invokeMethod(MethodInvocationHelper.java:141)
at org.testng.internal.invokers.TestInvoker.invokeMethod(TestInvoker.java:687)
at org.testng.internal.invokers.TestInvoker.retryFailed(TestInvoker.java:269)
at org.testng.internal.invokers.MethodRunner.runInSequence(MethodRunner.java:76)
at org.testng.internal.invokers.TestInvoker$MethodInvocationAgent.invoke(TestInvoker.java:995)
at org.testng.internal.invokers.TestInvoker.invokeTestMethods(TestInvoker.java:203)
at org.testng.internal.invokers.TestMethodWorker.invokeTestMethods(TestMethodWorker.java:154)
at org.testng.internal.invokers.TestMethodWorker.run(TestMethodWorker.java:134)
at java.base/java.util.ArrayList.forEach(ArrayList.java:1511)
at org.testng.TestRunner.privateRun(TestRunner.java:741)
at org.testng.TestRunner.run(TestRunner.java:616)
at org.testng.SuiteRunner.runTest(SuiteRunner.java:421)
at org.testng.SuiteRunner.runSequentially(SuiteRunner.java:413)
at org.testng.SuiteRunner.privateRun(SuiteRunner.java:373)
at org.testng.SuiteRunner.run(SuiteRunner.java:312)
at org.testng.SuiteRunnerWorker.runSuite(SuiteRunnerWorker.java:52)
at org.testng.SuiteRunnerWorker.run(SuiteRunnerWorker.java:95)
at org.testng.TestNG.runSuitesSequentially(TestNG.java:1274)
at org.testng.TestNG.runSuitesLocally(TestNG.java:1208)
at org.testng.TestNG.runSuites(TestNG.java:1112)
at org.testng.TestNG.run(TestNG.java:1079)
at org.testng.remote.AbstractRemoteTestNG.run(AbstractRemoteTestNG.java:115)
at org.testng.remote.RemoteTestNG.initAndRun(RemoteTestNG.java:293)
at org.testng.remote.RemoteTestNG.main(RemoteTestNG.java:91)
]]>
            </full-stacktrace>
          </exception> <!-- java.lang.AssertionError -->
          <reporter-output>
          </reporter-output>
        </test-method> <!-- FTC02_Non_RetirementSaveAddAnotherButton -->
        <test-method is-config="true" signature="afterMethod(org.testng.ITestResult,java.lang.reflect.Method)[pri:0, instance:com.nspl.agingoptions.financepage.testcases.Non_RetirementTestCases@2e377400]" started-at="2025-05-25T17:36:14 IST" name="afterMethod" finished-at="2025-05-25T17:36:15 IST" duration-ms="208" status="PASS">
          <params>
            <param index="0">
              <value>
                <![CDATA[[TestResult name=FTC02_Non_RetirementSaveAddAnotherButton status=FAILURE method=Non_RetirementTestCases.FTC02_Non_RetirementSaveAddAnotherButton()[pri:2, instance:com.nspl.agingoptions.financepage.testcases.Non_RetirementTestCases@2e377400] output={null}]]]>
              </value>
            </param>
            <param index="1">
              <value>
                <![CDATA[public void com.nspl.agingoptions.financepage.testcases.Non_RetirementTestCases.FTC02_Non_RetirementSaveAddAnotherButton()]]>
              </value>
            </param>
          </params>
          <reporter-output>
          </reporter-output>
        </test-method> <!-- afterMethod -->
        <test-method is-config="true" signature="beforeMethod(java.lang.reflect.Method)[pri:0, instance:com.nspl.agingoptions.financepage.testcases.Non_RetirementTestCases@2e377400]" started-at="2025-05-25T17:36:15 IST" name="beforeMethod" finished-at="2025-05-25T17:36:15 IST" duration-ms="1" status="PASS">
          <params>
            <param index="0">
              <value>
                <![CDATA[public void com.nspl.agingoptions.financepage.testcases.Non_RetirementTestCases.FTC03_Non_RetirementSaveAddProceedToRetirementButton()]]>
              </value>
            </param>
          </params>
          <reporter-output>
          </reporter-output>
        </test-method> <!-- beforeMethod -->
        <test-method signature="FTC03_Non_RetirementSaveAddProceedToRetirementButton()[pri:3, instance:com.nspl.agingoptions.financepage.testcases.Non_RetirementTestCases@2e377400]" started-at="2025-05-25T17:36:15 IST" name="FTC03_Non_RetirementSaveAddProceedToRetirementButton" finished-at="2025-05-25T17:38:07 IST" duration-ms="112252" status="PASS">
          <reporter-output>
          </reporter-output>
        </test-method> <!-- FTC03_Non_RetirementSaveAddProceedToRetirementButton -->
        <test-method is-config="true" signature="afterMethod(org.testng.ITestResult,java.lang.reflect.Method)[pri:0, instance:com.nspl.agingoptions.financepage.testcases.Non_RetirementTestCases@2e377400]" started-at="2025-05-25T17:38:07 IST" name="afterMethod" finished-at="2025-05-25T17:38:07 IST" duration-ms="34" status="PASS">
          <params>
            <param index="0">
              <value>
                <![CDATA[[TestResult name=FTC03_Non_RetirementSaveAddProceedToRetirementButton status=SUCCESS method=Non_RetirementTestCases.FTC03_Non_RetirementSaveAddProceedToRetirementButton()[pri:3, instance:com.nspl.agingoptions.financepage.testcases.Non_RetirementTestCases@2e377400] output={null}]]]>
              </value>
            </param>
            <param index="1">
              <value>
                <![CDATA[public void com.nspl.agingoptions.financepage.testcases.Non_RetirementTestCases.FTC03_Non_RetirementSaveAddProceedToRetirementButton()]]>
              </value>
            </param>
          </params>
          <reporter-output>
          </reporter-output>
        </test-method> <!-- afterMethod -->
        <test-method is-config="true" signature="afterClass()[pri:0, instance:com.nspl.agingoptions.financepage.testcases.Non_RetirementTestCases@2e377400]" started-at="2025-05-25T17:38:07 IST" name="afterClass" finished-at="2025-05-25T17:38:07 IST" duration-ms="10" status="PASS">
          <reporter-output>
          </reporter-output>
        </test-method> <!-- afterClass -->
        <test-method is-config="true" signature="afterTest()[pri:0, instance:com.nspl.agingoptions.financepage.testcases.Non_RetirementTestCases@2e377400]" started-at="2025-05-25T18:17:41 IST" name="afterTest" finished-at="2025-05-25T18:17:41 IST" duration-ms="1" status="PASS">
          <reporter-output>
          </reporter-output>
        </test-method> <!-- afterTest -->
        <test-method is-config="true" signature="afterSuite()[pri:0, instance:com.nspl.agingoptions.financepage.testcases.Non_RetirementTestCases@2e377400]" started-at="2025-05-25T18:17:41 IST" name="afterSuite" finished-at="2025-05-25T18:17:42 IST" duration-ms="23" status="PASS">
          <reporter-output>
          </reporter-output>
        </test-method> <!-- afterSuite -->
      </class> <!-- com.nspl.agingoptions.financepage.testcases.Non_RetirementTestCases -->
      <class name="com.nspl.agingoptions.financepage.testcases.LiabilitiesTestCases">
        <test-method is-config="true" signature="beforeClass()[pri:0, instance:com.nspl.agingoptions.financepage.testcases.LiabilitiesTestCases@ed7f8b4]" started-at="2025-05-25T17:55:38 IST" name="beforeClass" finished-at="2025-05-25T17:55:38 IST" duration-ms="0" status="PASS">
          <reporter-output>
          </reporter-output>
        </test-method> <!-- beforeClass -->
        <test-method signature="FTC_029_LiabilitiesSaveContinueLaterButton()[pri:1, instance:com.nspl.agingoptions.financepage.testcases.LiabilitiesTestCases@ed7f8b4]" started-at="2025-05-25T17:55:38 IST" name="FTC_029_LiabilitiesSaveContinueLaterButton" finished-at="2025-05-25T17:56:05 IST" duration-ms="27049" status="PASS">
          <reporter-output>
          </reporter-output>
        </test-method> <!-- FTC_029_LiabilitiesSaveContinueLaterButton -->
        <test-method is-config="true" signature="beforeMethod(java.lang.reflect.Method)[pri:0, instance:com.nspl.agingoptions.financepage.testcases.LiabilitiesTestCases@ed7f8b4]" started-at="2025-05-25T17:55:38 IST" name="beforeMethod" finished-at="2025-05-25T17:55:38 IST" duration-ms="0" status="PASS">
          <params>
            <param index="0">
              <value>
                <![CDATA[public void com.nspl.agingoptions.financepage.testcases.LiabilitiesTestCases.FTC_029_LiabilitiesSaveContinueLaterButton()]]>
              </value>
            </param>
          </params>
          <reporter-output>
          </reporter-output>
        </test-method> <!-- beforeMethod -->
        <test-method is-config="true" signature="afterMethod(org.testng.ITestResult,java.lang.reflect.Method)[pri:0, instance:com.nspl.agingoptions.financepage.testcases.LiabilitiesTestCases@ed7f8b4]" started-at="2025-05-25T17:56:05 IST" name="afterMethod" finished-at="2025-05-25T17:56:05 IST" duration-ms="29" status="PASS">
          <params>
            <param index="0">
              <value>
                <![CDATA[[TestResult name=FTC_029_LiabilitiesSaveContinueLaterButton status=SUCCESS method=LiabilitiesTestCases.FTC_029_LiabilitiesSaveContinueLaterButton()[pri:1, instance:com.nspl.agingoptions.financepage.testcases.LiabilitiesTestCases@ed7f8b4] output={null}]]]>
              </value>
            </param>
            <param index="1">
              <value>
                <![CDATA[public void com.nspl.agingoptions.financepage.testcases.LiabilitiesTestCases.FTC_029_LiabilitiesSaveContinueLaterButton()]]>
              </value>
            </param>
          </params>
          <reporter-output>
          </reporter-output>
        </test-method> <!-- afterMethod -->
        <test-method signature="FTC_030_LiabilitiesSaveAddAnotherButton()[pri:2, instance:com.nspl.agingoptions.financepage.testcases.LiabilitiesTestCases@ed7f8b4]" started-at="2025-05-25T17:56:05 IST" name="FTC_030_LiabilitiesSaveAddAnotherButton" finished-at="2025-05-25T17:57:52 IST" duration-ms="107149" status="PASS">
          <reporter-output>
          </reporter-output>
        </test-method> <!-- FTC_030_LiabilitiesSaveAddAnotherButton -->
        <test-method is-config="true" signature="beforeMethod(java.lang.reflect.Method)[pri:0, instance:com.nspl.agingoptions.financepage.testcases.LiabilitiesTestCases@ed7f8b4]" started-at="2025-05-25T17:56:05 IST" name="beforeMethod" finished-at="2025-05-25T17:56:05 IST" duration-ms="0" status="PASS">
          <params>
            <param index="0">
              <value>
                <![CDATA[public void com.nspl.agingoptions.financepage.testcases.LiabilitiesTestCases.FTC_030_LiabilitiesSaveAddAnotherButton()]]>
              </value>
            </param>
          </params>
          <reporter-output>
          </reporter-output>
        </test-method> <!-- beforeMethod -->
        <test-method is-config="true" signature="afterMethod(org.testng.ITestResult,java.lang.reflect.Method)[pri:0, instance:com.nspl.agingoptions.financepage.testcases.LiabilitiesTestCases@ed7f8b4]" started-at="2025-05-25T17:57:52 IST" name="afterMethod" finished-at="2025-05-25T17:57:52 IST" duration-ms="27" status="PASS">
          <params>
            <param index="0">
              <value>
                <![CDATA[[TestResult name=FTC_030_LiabilitiesSaveAddAnotherButton status=SUCCESS method=LiabilitiesTestCases.FTC_030_LiabilitiesSaveAddAnotherButton()[pri:2, instance:com.nspl.agingoptions.financepage.testcases.LiabilitiesTestCases@ed7f8b4] output={null}]]]>
              </value>
            </param>
            <param index="1">
              <value>
                <![CDATA[public void com.nspl.agingoptions.financepage.testcases.LiabilitiesTestCases.FTC_030_LiabilitiesSaveAddAnotherButton()]]>
              </value>
            </param>
          </params>
          <reporter-output>
          </reporter-output>
        </test-method> <!-- afterMethod -->
        <test-method signature="FTC_031_LiabilitiesSaveAndProceedToIncomeButton()[pri:3, instance:com.nspl.agingoptions.financepage.testcases.LiabilitiesTestCases@ed7f8b4]" started-at="2025-05-25T17:57:52 IST" name="FTC_031_LiabilitiesSaveAndProceedToIncomeButton" finished-at="2025-05-25T17:58:13 IST" duration-ms="20905" status="PASS">
          <reporter-output>
          </reporter-output>
        </test-method> <!-- FTC_031_LiabilitiesSaveAndProceedToIncomeButton -->
        <test-method is-config="true" signature="beforeMethod(java.lang.reflect.Method)[pri:0, instance:com.nspl.agingoptions.financepage.testcases.LiabilitiesTestCases@ed7f8b4]" started-at="2025-05-25T17:57:52 IST" name="beforeMethod" finished-at="2025-05-25T17:57:52 IST" duration-ms="0" status="PASS">
          <params>
            <param index="0">
              <value>
                <![CDATA[public void com.nspl.agingoptions.financepage.testcases.LiabilitiesTestCases.FTC_031_LiabilitiesSaveAndProceedToIncomeButton()]]>
              </value>
            </param>
          </params>
          <reporter-output>
          </reporter-output>
        </test-method> <!-- beforeMethod -->
        <test-method is-config="true" signature="afterMethod(org.testng.ITestResult,java.lang.reflect.Method)[pri:0, instance:com.nspl.agingoptions.financepage.testcases.LiabilitiesTestCases@ed7f8b4]" started-at="2025-05-25T17:58:13 IST" name="afterMethod" finished-at="2025-05-25T17:58:13 IST" duration-ms="31" status="PASS">
          <params>
            <param index="0">
              <value>
                <![CDATA[[TestResult name=FTC_031_LiabilitiesSaveAndProceedToIncomeButton status=SUCCESS method=LiabilitiesTestCases.FTC_031_LiabilitiesSaveAndProceedToIncomeButton()[pri:3, instance:com.nspl.agingoptions.financepage.testcases.LiabilitiesTestCases@ed7f8b4] output={null}]]]>
              </value>
            </param>
            <param index="1">
              <value>
                <![CDATA[public void com.nspl.agingoptions.financepage.testcases.LiabilitiesTestCases.FTC_031_LiabilitiesSaveAndProceedToIncomeButton()]]>
              </value>
            </param>
          </params>
          <reporter-output>
          </reporter-output>
        </test-method> <!-- afterMethod -->
        <test-method is-config="true" signature="afterClass()[pri:0, instance:com.nspl.agingoptions.financepage.testcases.LiabilitiesTestCases@ed7f8b4]" started-at="2025-05-25T17:58:13 IST" name="afterClass" finished-at="2025-05-25T17:58:13 IST" duration-ms="15" status="PASS">
          <reporter-output>
          </reporter-output>
        </test-method> <!-- afterClass -->
      </class> <!-- com.nspl.agingoptions.financepage.testcases.LiabilitiesTestCases -->
      <class name="com.nspl.agingoptions.financepage.testcases.CurrentExpenseTestCases">
        <test-method is-config="true" signature="beforeClass()[pri:0, instance:com.nspl.agingoptions.financepage.testcases.CurrentExpenseTestCases@38102d01]" started-at="2025-05-25T17:58:57 IST" name="beforeClass" finished-at="2025-05-25T17:58:57 IST" duration-ms="1" status="PASS">
          <reporter-output>
          </reporter-output>
        </test-method> <!-- beforeClass -->
        <test-method signature="FTC_033_InputIncomeDetails()[pri:1, instance:com.nspl.agingoptions.financepage.testcases.CurrentExpenseTestCases@38102d01]" started-at="2025-05-25T17:58:57 IST" name="FTC_033_InputIncomeDetails" finished-at="2025-05-25T17:59:27 IST" duration-ms="29064" status="PASS">
          <reporter-output>
          </reporter-output>
        </test-method> <!-- FTC_033_InputIncomeDetails -->
        <test-method is-config="true" signature="beforeMethod(java.lang.reflect.Method)[pri:0, instance:com.nspl.agingoptions.financepage.testcases.CurrentExpenseTestCases@38102d01]" started-at="2025-05-25T17:58:57 IST" name="beforeMethod" finished-at="2025-05-25T17:58:57 IST" duration-ms="0" status="PASS">
          <params>
            <param index="0">
              <value>
                <![CDATA[public void com.nspl.agingoptions.financepage.testcases.CurrentExpenseTestCases.FTC_033_InputIncomeDetails()]]>
              </value>
            </param>
          </params>
          <reporter-output>
          </reporter-output>
        </test-method> <!-- beforeMethod -->
        <test-method is-config="true" signature="afterMethod(org.testng.ITestResult,java.lang.reflect.Method)[pri:0, instance:com.nspl.agingoptions.financepage.testcases.CurrentExpenseTestCases@38102d01]" started-at="2025-05-25T17:59:27 IST" name="afterMethod" finished-at="2025-05-25T17:59:27 IST" duration-ms="35" status="PASS">
          <params>
            <param index="0">
              <value>
                <![CDATA[[TestResult name=FTC_033_InputIncomeDetails status=SUCCESS method=CurrentExpenseTestCases.FTC_033_InputIncomeDetails()[pri:1, instance:com.nspl.agingoptions.financepage.testcases.CurrentExpenseTestCases@38102d01] output={null}]]]>
              </value>
            </param>
            <param index="1">
              <value>
                <![CDATA[public void com.nspl.agingoptions.financepage.testcases.CurrentExpenseTestCases.FTC_033_InputIncomeDetails()]]>
              </value>
            </param>
          </params>
          <reporter-output>
          </reporter-output>
        </test-method> <!-- afterMethod -->
        <test-method is-config="true" signature="afterClass()[pri:0, instance:com.nspl.agingoptions.financepage.testcases.CurrentExpenseTestCases@38102d01]" started-at="2025-05-25T17:59:27 IST" name="afterClass" finished-at="2025-05-25T17:59:27 IST" duration-ms="11" status="PASS">
          <reporter-output>
          </reporter-output>
        </test-method> <!-- afterClass -->
      </class> <!-- com.nspl.agingoptions.financepage.testcases.CurrentExpenseTestCases -->
      <class name="com.nspl.agingoptions.financepage.testcases.LifeInsuranceTestCases">
        <test-method is-config="true" signature="beforeClass()[pri:0, instance:com.nspl.agingoptions.financepage.testcases.LifeInsuranceTestCases@10aa41f2]" started-at="2025-05-25T17:47:40 IST" name="beforeClass" finished-at="2025-05-25T17:47:40 IST" duration-ms="0" status="PASS">
          <reporter-output>
          </reporter-output>
        </test-method> <!-- beforeClass -->
        <test-method is-config="true" signature="beforeMethod(java.lang.reflect.Method)[pri:0, instance:com.nspl.agingoptions.financepage.testcases.LifeInsuranceTestCases@10aa41f2]" started-at="2025-05-25T17:47:40 IST" name="beforeMethod" finished-at="2025-05-25T17:47:40 IST" duration-ms="1" status="PASS">
          <params>
            <param index="0">
              <value>
                <![CDATA[public void com.nspl.agingoptions.financepage.testcases.LifeInsuranceTestCases.FTC_016_PrimaryMemberLifeInsuranceSaveContinueLaterButton()]]>
              </value>
            </param>
          </params>
          <reporter-output>
          </reporter-output>
        </test-method> <!-- beforeMethod -->
        <test-method signature="FTC_016_PrimaryMemberLifeInsuranceSaveContinueLaterButton()[pri:1, instance:com.nspl.agingoptions.financepage.testcases.LifeInsuranceTestCases@10aa41f2]" started-at="2025-05-25T17:47:40 IST" name="FTC_016_PrimaryMemberLifeInsuranceSaveContinueLaterButton" finished-at="2025-05-25T17:48:20 IST" duration-ms="39886" status="PASS">
          <reporter-output>
          </reporter-output>
        </test-method> <!-- FTC_016_PrimaryMemberLifeInsuranceSaveContinueLaterButton -->
        <test-method is-config="true" signature="afterMethod(org.testng.ITestResult,java.lang.reflect.Method)[pri:0, instance:com.nspl.agingoptions.financepage.testcases.LifeInsuranceTestCases@10aa41f2]" started-at="2025-05-25T17:48:20 IST" name="afterMethod" finished-at="2025-05-25T17:48:20 IST" duration-ms="29" status="PASS">
          <params>
            <param index="0">
              <value>
                <![CDATA[[TestResult name=FTC_016_PrimaryMemberLifeInsuranceSaveContinueLaterButton status=SUCCESS method=LifeInsuranceTestCases.FTC_016_PrimaryMemberLifeInsuranceSaveContinueLaterButton()[pri:1, instance:com.nspl.agingoptions.financepage.testcases.LifeInsuranceTestCases@10aa41f2] output={null}]]]>
              </value>
            </param>
            <param index="1">
              <value>
                <![CDATA[public void com.nspl.agingoptions.financepage.testcases.LifeInsuranceTestCases.FTC_016_PrimaryMemberLifeInsuranceSaveContinueLaterButton()]]>
              </value>
            </param>
          </params>
          <reporter-output>
          </reporter-output>
        </test-method> <!-- afterMethod -->
        <test-method signature="FTC_017_PrimaryMemberLifeInsuranceSaveAddAnotherButtonSameAsSpouse()[pri:2, instance:com.nspl.agingoptions.financepage.testcases.LifeInsuranceTestCases@10aa41f2]" started-at="2025-05-25T17:48:20 IST" name="FTC_017_PrimaryMemberLifeInsuranceSaveAddAnotherButtonSameAsSpouse" finished-at="2025-05-25T17:49:10 IST" duration-ms="50456" status="PASS">
          <reporter-output>
          </reporter-output>
        </test-method> <!-- FTC_017_PrimaryMemberLifeInsuranceSaveAddAnotherButtonSameAsSpouse -->
        <test-method is-config="true" signature="beforeMethod(java.lang.reflect.Method)[pri:0, instance:com.nspl.agingoptions.financepage.testcases.LifeInsuranceTestCases@10aa41f2]" started-at="2025-05-25T17:48:20 IST" name="beforeMethod" finished-at="2025-05-25T17:48:20 IST" duration-ms="0" status="PASS">
          <params>
            <param index="0">
              <value>
                <![CDATA[public void com.nspl.agingoptions.financepage.testcases.LifeInsuranceTestCases.FTC_017_PrimaryMemberLifeInsuranceSaveAddAnotherButtonSameAsSpouse()]]>
              </value>
            </param>
          </params>
          <reporter-output>
          </reporter-output>
        </test-method> <!-- beforeMethod -->
        <test-method is-config="true" signature="afterMethod(org.testng.ITestResult,java.lang.reflect.Method)[pri:0, instance:com.nspl.agingoptions.financepage.testcases.LifeInsuranceTestCases@10aa41f2]" started-at="2025-05-25T17:49:10 IST" name="afterMethod" finished-at="2025-05-25T17:49:10 IST" duration-ms="34" status="PASS">
          <params>
            <param index="0">
              <value>
                <![CDATA[[TestResult name=FTC_017_PrimaryMemberLifeInsuranceSaveAddAnotherButtonSameAsSpouse status=SUCCESS method=LifeInsuranceTestCases.FTC_017_PrimaryMemberLifeInsuranceSaveAddAnotherButtonSameAsSpouse()[pri:2, instance:com.nspl.agingoptions.financepage.testcases.LifeInsuranceTestCases@10aa41f2] output={null}]]]>
              </value>
            </param>
            <param index="1">
              <value>
                <![CDATA[public void com.nspl.agingoptions.financepage.testcases.LifeInsuranceTestCases.FTC_017_PrimaryMemberLifeInsuranceSaveAddAnotherButtonSameAsSpouse()]]>
              </value>
            </param>
          </params>
          <reporter-output>
          </reporter-output>
        </test-method> <!-- afterMethod -->
        <test-method retried="true" signature="FTC_018_PrimaryMemberLifeInsuranceNextSpouseButton()[pri:3, instance:com.nspl.agingoptions.financepage.testcases.LifeInsuranceTestCases@10aa41f2]" started-at="2025-05-25T17:49:10 IST" name="FTC_018_PrimaryMemberLifeInsuranceNextSpouseButton" finished-at="2025-05-25T17:50:24 IST" duration-ms="73321" status="SKIP">
          <exception class="org.openqa.selenium.NoSuchElementException">
            <message>
              <![CDATA[no such element: Unable to locate element: {"method":"xpath","selector":"//td[contains(text(),'Half Life')]/following-sibling::td//div//img[@alt='Edit Icon']"}
  (Session info: chrome=136.0.7103.114)
For documentation on this error, please visit: https://www.selenium.dev/documentation/webdriver/troubleshooting/errors#no-such-element-exception
Build info: version: '4.16.1', revision: '9b4c83354e'
System info: os.name: 'Windows 10', os.arch: 'amd64', os.version: '10.0', java.version: '17.0.12'
Driver info: org.openqa.selenium.chrome.ChromeDriver
Command: [35d9e058a6550601503ad109c9527e81, findElement {using=xpath, value=//td[contains(text(),'Half Life')]/following-sibling::td//div//img[@alt='Edit Icon']}]
Capabilities {acceptInsecureCerts: false, browserName: chrome, browserVersion: 136.0.7103.114, chrome: {chromedriverVersion: 135.0.7049.95 (de2eb485a195..., userDataDir: C:\Users\AO\AppData\Local\T...}, fedcm:accounts: true, goog:chromeOptions: {debuggerAddress: localhost:56879}, networkConnectionEnabled: false, pageLoadStrategy: normal, platformName: windows, proxy: Proxy(), se:cdp: ws://localhost:56879/devtoo..., se:cdpVersion: 136.0.7103.114, setWindowRect: true, strictFileInteractability: false, timeouts: {implicit: 0, pageLoad: 300000, script: 30000}, unhandledPromptBehavior: dismiss and notify, webauthn:extension:credBlob: true, webauthn:extension:largeBlob: true, webauthn:extension:minPinLength: true, webauthn:extension:prf: true, webauthn:virtualAuthenticators: true}
Session ID: 35d9e058a6550601503ad109c9527e81]]>
            </message>
            <full-stacktrace>
              <![CDATA[org.openqa.selenium.NoSuchElementException: no such element: Unable to locate element: {"method":"xpath","selector":"//td[contains(text(),'Half Life')]/following-sibling::td//div//img[@alt='Edit Icon']"}
  (Session info: chrome=136.0.7103.114)
For documentation on this error, please visit: https://www.selenium.dev/documentation/webdriver/troubleshooting/errors#no-such-element-exception
[...]
          <params>
            <param index="0">
              <value>
                <![CDATA[public void com.nspl.agingoptions.financepage.testcases.RetirementTestCases.FTC06_RetirementNextRealEstateButton()]]>
              </value>
            </param>
          </params>
          <reporter-output>
          </reporter-output>
        </test-method> <!-- beforeMethod -->
        <test-method signature="FTC06_RetirementNextRealEstateButton()[pri:3, instance:com.nspl.agingoptions.financepage.testcases.RetirementTestCases@687e99d8]" started-at="2025-05-25T17:40:40 IST" name="FTC06_RetirementNextRealEstateButton" finished-at="2025-05-25T17:41:36 IST" duration-ms="56602" status="PASS">
          <reporter-output>
          </reporter-output>
        </test-method> <!-- FTC06_RetirementNextRealEstateButton -->
        <test-method is-config="true" signature="afterMethod(org.testng.ITestResult,java.lang.reflect.Method)[pri:0, instance:com.nspl.agingoptions.financepage.testcases.RetirementTestCases@687e99d8]" started-at="2025-05-25T17:41:36 IST" name="afterMethod" finished-at="2025-05-25T17:41:36 IST" duration-ms="33" status="PASS">
          <params>
            <param index="0">
              <value>
                <![CDATA[[TestResult name=FTC06_RetirementNextRealEstateButton status=SUCCESS method=RetirementTestCases.FTC06_RetirementNextRealEstateButton()[pri:3, instance:com.nspl.agingoptions.financepage.testcases.RetirementTestCases@687e99d8] output={null}]]]>
              </value>
            </param>
            <param index="1">
              <value>
                <![CDATA[public void com.nspl.agingoptions.financepage.testcases.RetirementTestCases.FTC06_RetirementNextRealEstateButton()]]>
              </value>
            </param>
          </params>
          <reporter-output>
          </reporter-output>
        </test-method> <!-- afterMethod -->
        <test-method is-config="true" signature="afterClass()[pri:0, instance:com.nspl.agingoptions.financepage.testcases.RetirementTestCases@687e99d8]" started-at="2025-05-25T17:41:36 IST" name="afterClass" finished-at="2025-05-25T17:41:36 IST" duration-ms="9" status="PASS">
          <reporter-output>
          </reporter-output>
        </test-method> <!-- afterClass -->
      </class> <!-- com.nspl.agingoptions.financepage.testcases.RetirementTestCases -->
      <class name="com.nspl.agingoptions.financepage.testcases.BookKeeperTestCases">
        <test-method is-config="true" signature="beforeClass()[pri:0, instance:com.nspl.agingoptions.financepage.testcases.BookKeeperTestCases@77f80c04]" started-at="2025-05-25T18:13:44 IST" name="beforeClass" finished-at="2025-05-25T18:13:44 IST" duration-ms="0" status="PASS">
          <reporter-output>
          </reporter-output>
        </test-method> <!-- beforeClass -->
        <test-method is-config="true" signature="beforeMethod(java.lang.reflect.Method)[pri:0, instance:com.nspl.agingoptions.financepage.testcases.BookKeeperTestCases@77f80c04]" started-at="2025-05-25T18:13:44 IST" name="beforeMethod" finished-at="2025-05-25T18:13:44 IST" duration-ms="1" status="PASS">
          <params>
            <param index="0">
              <value>
                <![CDATA[public void com.nspl.agingoptions.financepage.testcases.BookKeeperTestCases.FTC_055_PrimaryMemberSaveContinueLaterButton()]]>
              </value>
            </param>
          </params>
          <reporter-output>
          </reporter-output>
        </test-method> <!-- beforeMethod -->
        <test-method signature="FTC_055_PrimaryMemberSaveContinueLaterButton()[pri:1, instance:com.nspl.agingoptions.financepage.testcases.BookKeeperTestCases@77f80c04]" started-at="2025-05-25T18:13:44 IST" name="FTC_055_PrimaryMemberSaveContinueLaterButton" finished-at="2025-05-25T18:14:20 IST" duration-ms="35880" status="PASS">
          <reporter-output>
          </reporter-output>
        </test-method> <!-- FTC_055_PrimaryMemberSaveContinueLaterButton -->
        <test-method is-config="true" signature="afterMethod(org.testng.ITestResult,java.lang.reflect.Method)[pri:0, instance:com.nspl.agingoptions.financepage.testcases.BookKeeperTestCases@77f80c04]" started-at="2025-05-25T18:14:20 IST" name="afterMethod" finished-at="2025-05-25T18:14:20 IST" duration-ms="28" status="PASS">
          <params>
            <param index="0">
              <value>
                <![CDATA[[TestResult name=FTC_055_PrimaryMemberSaveContinueLaterButton status=SUCCESS method=BookKeeperTestCases.FTC_055_PrimaryMemberSaveContinueLaterButton()[pri:1, instance:com.nspl.agingoptions.financepage.testcases.BookKeeperTestCases@77f80c04] output={null}]]]>
              </value>
            </param>
            <param index="1">
              <value>
                <![CDATA[public void com.nspl.agingoptions.financepage.testcases.BookKeeperTestCases.FTC_055_PrimaryMemberSaveContinueLaterButton()]]>
              </value>
            </param>
          </params>
          <reporter-output>
          </reporter-output>
        </test-method> <!-- afterMethod -->
        <test-method signature="FTC_056_PrimarySaveAddAnotherButton()[pri:2, instance:com.nspl.agingoptions.financepage.testcases.BookKeeperTestCases@77f80c04]" started-at="2025-05-25T18:14:20 IST" name="FTC_056_PrimarySaveAddAnotherButton" finished-at="2025-05-25T18:14:56 IST" duration-ms="35953" status="PASS">
          <reporter-output>
          </reporter-output>
        </test-method> <!-- FTC_056_PrimarySaveAddAnotherButton -->
        <test-method is-config="true" signature="beforeMethod(java.lang.reflect.Method)[pri:0, instance:com.nspl.agingoptions.financepage.testcases.BookKeeperTestCases@77f80c04]" started-at="2025-05-25T18:14:20 IST" name="beforeMethod" finished-at="2025-05-25T18:14:20 IST" duration-ms="0" status="PASS">
          <params>
            <param index="0">
              <value>
                <![CDATA[public void com.nspl.agingoptions.financepage.testcases.BookKeeperTestCases.FTC_056_PrimarySaveAddAnotherButton()]]>
              </value>
            </param>
          </params>
          <reporter-output>
          </reporter-output>
        </test-method> <!-- beforeMethod -->
        <test-method is-config="true" signature="afterMethod(org.testng.ITestResult,java.lang.reflect.Method)[pri:0, instance:com.nspl.agingoptions.financepage.testcases.BookKeeperTestCases@77f80c04]" started-at="2025-05-25T18:14:56 IST" name="afterMethod" finished-at="2025-05-25T18:14:56 IST" duration-ms="29" status="PASS">
          <params>
            <param index="0">
              <value>
                <![CDATA[[TestResult name=FTC_056_PrimarySaveAddAnotherButton status=SUCCESS method=BookKeeperTestCases.FTC_056_PrimarySaveAddAnotherButton()[pri:2, instance:com.nspl.agingoptions.financepage.testcases.BookKeeperTestCases@77f80c04] output={null}]]]>
              </value>
            </param>
            <param index="1">
              <value>
                <![CDATA[public void com.nspl.agingoptions.financepage.testcases.BookKeeperTestCases.FTC_056_PrimarySaveAddAnotherButton()]]>
              </value>
            </param>
          </params>
          <reporter-output>
          </reporter-output>
        </test-method> <!-- afterMethod -->
        <test-method signature="FTC_057_PrimaryMemberSaveAndProceedToSpouseButton()[pri:3, instance:com.nspl.agingoptions.financepage.testcases.BookKeeperTestCases@77f80c04]" started-at="2025-05-25T18:14:56 IST" name="FTC_057_PrimaryMemberSaveAndProceedToSpouseButton" finished-at="2025-05-25T18:15:36 IST" duration-ms="39437" status="PASS">
          <reporter-output>
          </reporter-output>
        </test-method> <!-- FTC_057_PrimaryMemberSaveAndProceedToSpouseButton -->
        <test-method is-config="true" signature="beforeMethod(java.lang.reflect.Method)[pri:0, instance:com.nspl.agingoptions.financepage.testcases.BookKeeperTestCases@77f80c04]" started-at="2025-05-25T18:14:56 IST" name="beforeMethod" finished-at="2025-05-25T18:14:56 IST" duration-ms="0" status="PASS">
          <params>
            <param index="0">
              <value>
                <![CDATA[public void com.nspl.agingoptions.financepage.testcases.BookKeeperTestCases.FTC_057_PrimaryMemberSaveAndProceedToSpouseButton()]]>
              </value>
            </param>
          </params>
          <reporter-output>
          </reporter-output>
        </test-method> <!-- beforeMethod -->
        <test-method is-config="true" signature="afterMethod(org.testng.ITestResult,java.lang.reflect.Method)[pri:0, instance:com.nspl.agingoptions.financepage.testcases.BookKeeperTestCases@77f80c04]" started-at="2025-05-25T18:15:36 IST" name="afterMethod" finished-at="2025-05-25T18:15:36 IST" duration-ms="28" status="PASS">
          <params>
            <param index="0">
              <value>
                <![CDATA[[TestResult name=FTC_057_PrimaryMemberSaveAndProceedToSpouseButton status=SUCCESS method=BookKeeperTestCases.FTC_057_PrimaryMemberSaveAndProceedToSpouseButton()[pri:3, instance:com.nspl.agingoptions.financepage.testcases.BookKeeperTestCases@77f80c04] output={null}]]]>
              </value>
            </param>
            <param index="1">
              <value>
                <![CDATA[public void com.nspl.agingoptions.financepage.testcases.BookKeeperTestCases.FTC_057_PrimaryMemberSaveAndProceedToSpouseButton()]]>
              </value>
            </param>
          </params>
          <reporter-output>
          </reporter-output>
        </test-method> <!-- afterMethod -->
        <test-method signature="FTC_058_SpouseSaveContinueLaterButton()[pri:4, instance:com.nspl.agingoptions.financepage.testcases.BookKeeperTestCases@77f80c04]" started-at="2025-05-25T18:15:36 IST" name="FTC_058_SpouseSaveContinueLaterButton" finished-at="2025-05-25T18:16:14 IST" duration-ms="38751" status="PASS">
          <reporter-output>
          </reporter-output>
        </test-method> <!-- FTC_058_SpouseSaveContinueLaterButton -->
        <test-method is-config="true" signature="beforeMethod(java.lang.reflect.Method)[pri:0, instance:com.nspl.agingoptions.financepage.testcases.BookKeeperTestCases@77f80c04]" started-at="2025-05-25T18:15:36 IST" name="beforeMethod" finished-at="2025-05-25T18:15:36 IST" duration-ms="0" status="PASS">
          <params>
            <param index="0">
              <value>
                <![CDATA[public void com.nspl.agingoptions.financepage.testcases.BookKeeperTestCases.FTC_058_SpouseSaveContinueLaterButton()]]>
              </value>
            </param>
          </params>
          <reporter-output>
          </reporter-output>
        </test-method> <!-- beforeMethod -->
        <test-method is-config="true" signature="afterMethod(org.testng.ITestResult,java.lang.reflect.Method)[pri:0, instance:com.nspl.agingoptions.financepage.testcases.BookKeeperTestCases@77f80c04]" started-at="2025-05-25T18:16:14 IST" name="afterMethod" finished-at="2025-05-25T18:16:14 IST" duration-ms="28" status="PASS">
          <params>
            <param index="0">
              <value>
                <![CDATA[[TestResult name=FTC_058_SpouseSaveContinueLaterButton status=SUCCESS method=BookKeeperTestCases.FTC_058_SpouseSaveContinueLaterButton()[pri:4, instance:com.nspl.agingoptions.financepage.testcases.BookKeeperTestCases@77f80c04] output={null}]]]>
              </value>
            </param>
            <param index="1">
              <value>
                <![CDATA[public void com.nspl.agingoptions.financepage.testcases.BookKeeperTestCases.FTC_058_SpouseSaveContinueLaterButton()]]>
              </value>
            </param>
          </params>
          <reporter-output>
          </reporter-output>
        </test-method> <!-- afterMethod -->
        <test-method is-config="true" signature="beforeMethod(java.lang.reflect.Method)[pri:0, instance:com.nspl.agingoptions.financepage.testcases.BookKeeperTestCases@77f80c04]" started-at="2025-05-25T18:16:14 IST" name="beforeMethod" finished-at="2025-05-25T18:16:14 IST" duration-ms="1" status="PASS">
          <params>
            <param index="0">
              <value>
                <![CDATA[public void com.nspl.agingoptions.financepage.testcases.BookKeeperTestCases.FTC_059_SpouseSaveAddAnotherButton()]]>
              </value>
            </param>
          </params>
          <reporter-output>
          </reporter-output>
        </test-method> <!-- beforeMethod -->
        <test-method signature="FTC_059_SpouseSaveAddAnotherButton()[pri:5, instance:com.nspl.agingoptions.financepage.testcases.BookKeeperTestCases@77f80c04]" started-at="2025-05-25T18:16:14 IST" name="FTC_059_SpouseSaveAddAnotherButton" finished-at="2025-05-25T18:16:53 IST" duration-ms="38791" status="PASS">
          <reporter-output>
          </reporter-output>
        </test-method> <!-- FTC_059_SpouseSaveAddAnotherButton -->
        <test-method is-config="true" signature="afterMethod(org.testng.ITestResult,java.lang.reflect.Method)[pri:0, instance:com.nspl.agingoptions.financepage.testcases.BookKeeperTestCases@77f80c04]" started-at="2025-05-25T18:16:53 IST" name="afterMethod" finished-at="2025-05-25T18:16:53 IST" duration-ms="30" status="PASS">
          <params>
            <param index="0">
              <value>
                <![CDATA[[TestResult name=FTC_059_SpouseSaveAddAnotherButton status=SUCCESS method=BookKeeperTestCases.FTC_059_SpouseSaveAddAnotherButton()[pri:5, instance:com.nspl.agingoptions.financepage.testcases.BookKeeperTestCases@77f80c04] output={null}]]]>
              </value>
            </param>
            <param index="1">
              <value>
                <![CDATA[public void com.nspl.agingoptions.financepage.testcases.BookKeeperTestCases.FTC_059_SpouseSaveAddAnotherButton()]]>
              </value>
            </param>
          </params>
          <reporter-output>
          </reporter-output>
        </test-method> <!-- afterMethod -->
        <test-method signature="FTC_060_SpouseSaveAndProceedToLegalButton()[pri:6, instance:com.nspl.agingoptions.financepage.testcases.BookKeeperTestCases@77f80c04]" started-at="2025-05-25T18:16:53 IST" name="FTC_060_SpouseSaveAndProceedToLegalButton" finished-at="2025-05-25T18:17:41 IST" duration-ms="48131" status="PASS">
          <reporter-output>
          </reporter-output>
        </test-method> <!-- FTC_060_SpouseSaveAndProceedToLegalButton -->
        <test-method is-config="true" signature="beforeMethod(java.lang.reflect.Method)[pri:0, instance:com.nspl.agingoptions.financepage.testcases.BookKeeperTestCases@77f80c04]" started-at="2025-05-25T18:16:53 IST" name="beforeMethod" finished-at="2025-05-25T18:16:53 IST" duration-ms="0" status="PASS">
          <params>
            <param index="0">
              <value>
                <![CDATA[public void com.nspl.agingoptions.financepage.testcases.BookKeeperTestCases.FTC_060_SpouseSaveAndProceedToLegalButton()]]>
              </value>
            </param>
          </params>
          <reporter-output>
          </reporter-output>
        </test-method> <!-- beforeMethod -->
        <test-method is-config="true" signature="afterMethod(org.testng.ITestResult,java.lang.reflect.Method)[pri:0, instance:com.nspl.agingoptions.financepage.testcases.BookKeeperTestCases@77f80c04]" started-at="2025-05-25T18:17:41 IST" name="afterMethod" finished-at="2025-05-25T18:17:41 IST" duration-ms="30" status="PASS">
          <params>
            <param index="0">
              <value>
                <![CDATA[[TestResult name=FTC_060_SpouseSaveAndProceedToLegalButton status=SUCCESS method=BookKeeperTestCases.FTC_060_SpouseSaveAndProceedToLegalButton()[pri:6, instance:com.nspl.agingoptions.financepage.testcases.BookKeeperTestCases@77f80c04] output={null}]]]>
              </value>
            </param>
            <param index="1">
              <value>
                <![CDATA[public void com.nspl.agingoptions.financepage.testcases.BookKeeperTestCases.FTC_060_SpouseSaveAndProceedToLegalButton()]]>
              </value>
            </param>
          </params>
          <reporter-output>
          </reporter-output>
        </test-method> <!-- afterMethod -->
        <test-method is-config="true" signature="afterClass()[pri:0, instance:com.nspl.agingoptions.financepage.testcases.BookKeeperTestCases@77f80c04]" started-at="2025-05-25T18:17:41 IST" name="afterClass" finished-at="2025-05-25T18:17:41 IST" duration-ms="17" status="PASS">
          <reporter-output>
          </reporter-output>
        </test-method> <!-- afterClass -->
      </class> <!-- com.nspl.agingoptions.financepage.testcases.BookKeeperTestCases -->
      <class name="com.nspl.agingoptions.financepage.testcases.MonthlyIncomeTestCases">
        <test-method is-config="true" signature="beforeClass()[pri:0, instance:com.nspl.agingoptions.financepage.testcases.MonthlyIncomeTestCases@4c309d4d]" started-at="2025-05-25T17:58:13 IST" name="beforeClass" finished-at="2025-05-25T17:58:13 IST" duration-ms="0" status="PASS">
          <reporter-output>
          </reporter-output>
        </test-method> <!-- beforeClass -->
        <test-method is-config="true" signature="beforeMethod(java.lang.reflect.Method)[pri:0, instance:com.nspl.agingoptions.financepage.testcases.MonthlyIncomeTestCases@4c309d4d]" started-at="2025-05-25T17:58:13 IST" name="beforeMethod" finished-at="2025-05-25T17:58:13 IST" duration-ms="1" status="PASS">
          <params>
            <param index="0">
              <value>
                <![CDATA[public void com.nspl.agingoptions.financepage.testcases.MonthlyIncomeTestCases.FTC_032_InputIncomeDetails()]]>
              </value>
            </param>
          </params>
          <reporter-output>
          </reporter-output>
        </test-method> <!-- beforeMethod -->
        <test-method signature="FTC_032_InputIncomeDetails()[pri:1, instance:com.nspl.agingoptions.financepage.testcases.MonthlyIncomeTestCases@4c309d4d]" started-at="2025-05-25T17:58:13 IST" name="FTC_032_InputIncomeDetails" finished-at="2025-05-25T17:58:57 IST" duration-ms="44525" status="PASS">
          <reporter-output>
          </reporter-output>
        </test-method> <!-- FTC_032_InputIncomeDetails -->
        <test-method is-config="true" signature="afterMethod(org.testng.ITestResult,java.lang.reflect.Method)[pri:0, instance:com.nspl.agingoptions.financepage.testcases.MonthlyIncomeTestCases@4c309d4d]" started-at="2025-05-25T17:58:57 IST" name="afterMethod" finished-at="2025-05-25T17:58:57 IST" duration-ms="41" status="PASS">
          <params>
            <param index="0">
              <value>
                <![CDATA[[TestResult name=FTC_032_InputIncomeDetails status=SUCCESS method=MonthlyIncomeTestCases.FTC_032_InputIncomeDetails()[pri:1, instance:com.nspl.agingoptions.financepage.testcases.MonthlyIncomeTestCases@4c309d4d] output={null}]]]>
              </value>
            </param>
            <param index="1">
              <value>
                <![CDATA[public void com.nspl.agingoptions.financepage.testcases.MonthlyIncomeTestCases.FTC_032_InputIncomeDetails()]]>
              </value>
            </param>
          </params>
          <reporter-output>
          </reporter-output>
        </test-method> <!-- afterMethod -->
        <test-method is-config="true" signature="afterClass()[pri:0, instance:com.nspl.agingoptions.financepage.testcases.MonthlyIncomeTestCases@4c309d4d]" started-at="2025-05-25T17:58:57 IST" name="afterClass" finished-at="2025-05-25T17:58:57 IST" duration-ms="17" status="PASS">
          <reporter-output>
          </reporter-output>
        </test-method> <!-- afterClass -->
      </class> <!-- com.nspl.agingoptions.financepage.testcases.MonthlyIncomeTestCases -->
    </test> <!-- Test -->
  </suite> <!-- Suite -->
</testng-results>
