<?xml version="1.0" encoding="UTF-8"?>
<testng-results ignored="5" total="6" passed="1" failed="0" skipped="0">
  <reporter-output>
  </reporter-output>
  <suite started-at="2025-04-07T16:54:54 IST" name="Default suite" finished-at="2025-04-07T16:56:56 IST" duration-ms="121952">
    <groups>
    </groups>
    <test started-at="2025-04-07T16:54:54 IST" name="Default test" finished-at="2025-04-07T16:56:56 IST" duration-ms="121952">
      <class name="com.nspl.agingoptions.healthpage.testcases.MedicationSupplementsTestCases">
        <test-method is-config="true" signature="beforeSuite()[pri:0, instance:com.nspl.agingoptions.healthpage.testcases.MedicationSupplementsTestCases@6f43c82]" started-at="2025-04-07T16:54:53 IST" name="beforeSuite" finished-at="2025-04-07T16:54:54 IST" duration-ms="250" status="PASS">
          <reporter-output>
          </reporter-output>
        </test-method> <!-- beforeSuite -->
        <test-method is-config="true" signature="beforeTest()[pri:0, instance:com.nspl.agingoptions.healthpage.testcases.MedicationSupplementsTestCases@6f43c82]" started-at="2025-04-07T16:54:54 IST" name="beforeTest" finished-at="2025-04-07T16:56:16 IST" duration-ms="82698" status="PASS">
          <reporter-output>
          </reporter-output>
        </test-method> <!-- beforeTest -->
        <test-method is-config="true" signature="beforeClass()[pri:0, instance:com.nspl.agingoptions.healthpage.testcases.MedicationSupplementsTestCases@6f43c82]" started-at="2025-04-07T16:56:16 IST" name="beforeClass" finished-at="2025-04-07T16:56:16 IST" duration-ms="0" status="PASS">
          <reporter-output>
          </reporter-output>
        </test-method> <!-- beforeClass -->
        <test-method is-config="true" signature="beforeMethod(java.lang.reflect.Method)[pri:0, instance:com.nspl.agingoptions.healthpage.testcases.MedicationSupplementsTestCases@6f43c82]" started-at="2025-04-07T16:56:16 IST" name="beforeMethod" finished-at="2025-04-07T16:56:16 IST" duration-ms="2" status="PASS">
          <params>
            <param index="0">
              <value>
                <![CDATA[public void com.nspl.agingoptions.healthpage.testcases.MedicationSupplementsTestCases.TC_033_PrimaryMemberMedicationSaveAndContinueLaterButton()]]>
              </value>
            </param>
          </params>
          <reporter-output>
          </reporter-output>
        </test-method> <!-- beforeMethod -->
        <test-method signature="TC_033_PrimaryMemberMedicationSaveAndContinueLaterButton()[pri:1, instance:com.nspl.agingoptions.healthpage.testcases.MedicationSupplementsTestCases@6f43c82]" started-at="2025-04-07T16:56:16 IST" name="TC_033_PrimaryMemberMedicationSaveAndContinueLaterButton" finished-at="2025-04-07T16:56:55 IST" duration-ms="38876" status="PASS">
          <reporter-output>
          </reporter-output>
        </test-method> <!-- TC_033_PrimaryMemberMedicationSaveAndContinueLaterButton -->
        <test-method is-config="true" signature="afterMethod(org.testng.ITestResult,java.lang.reflect.Method)[pri:0, instance:com.nspl.agingoptions.healthpage.testcases.MedicationSupplementsTestCases@6f43c82]" started-at="2025-04-07T16:56:55 IST" name="afterMethod" finished-at="2025-04-07T16:56:56 IST" duration-ms="326" status="PASS">
          <params>
            <param index="0">
              <value>
                <![CDATA[[TestResult name=TC_033_PrimaryMemberMedicationSaveAndContinueLaterButton status=SUCCESS method=MedicationSupplementsTestCases.TC_033_PrimaryMemberMedicationSaveAndContinueLaterButton()[pri:1, instance:com.nspl.agingoptions.healthpage.testcases.MedicationSupplementsTestCases@6f43c82] output={null}]]]>
              </value>
            </param>
            <param index="1">
              <value>
                <![CDATA[public void com.nspl.agingoptions.healthpage.testcases.MedicationSupplementsTestCases.TC_033_PrimaryMemberMedicationSaveAndContinueLaterButton()]]>
              </value>
            </param>
          </params>
          <reporter-output>
          </reporter-output>
        </test-method> <!-- afterMethod -->
        <test-method is-config="true" signature="afterClass()[pri:0, instance:com.nspl.agingoptions.healthpage.testcases.MedicationSupplementsTestCases@6f43c82]" started-at="2025-04-07T16:56:56 IST" name="afterClass" finished-at="2025-04-07T16:56:56 IST" duration-ms="9" status="PASS">
          <reporter-output>
          </reporter-output>
        </test-method> <!-- afterClass -->
        <test-method is-config="true" signature="afterTest()[pri:0, instance:com.nspl.agingoptions.healthpage.testcases.MedicationSupplementsTestCases@6f43c82]" started-at="2025-04-07T16:56:56 IST" name="afterTest" finished-at="2025-04-07T16:56:56 IST" duration-ms="0" status="PASS">
          <reporter-output>
          </reporter-output>
        </test-method> <!-- afterTest -->
        <test-method is-config="true" signature="afterSuite()[pri:0, instance:com.nspl.agingoptions.healthpage.testcases.MedicationSupplementsTestCases@6f43c82]" started-at="2025-04-07T16:56:56 IST" name="afterSuite" finished-at="2025-04-07T16:56:56 IST" duration-ms="10" status="PASS">
          <reporter-output>
          </reporter-output>
        </test-method> <!-- afterSuite -->
      </class> <!-- com.nspl.agingoptions.healthpage.testcases.MedicationSupplementsTestCases -->
    </test> <!-- Default test -->
  </suite> <!-- Default suite -->
</testng-results>
