<?xml version="1.0" encoding="UTF-8"?>
<testng-results ignored="0" total="1" passed="1" failed="0" skipped="0">
  <reporter-output>
  </reporter-output>
  <suite started-at="2025-03-21T12:22:41 IST" name="Default suite" finished-at="2025-03-21T12:23:38 IST" duration-ms="56643">
    <groups>
    </groups>
    <test started-at="2025-03-21T12:22:41 IST" name="Default test" finished-at="2025-03-21T12:23:38 IST" duration-ms="56643">
      <class name="com.nspl.agingoptions.login_registrationpage.testcases.MarriedUserFamilyInfoTestCases">
        <test-method is-config="true" signature="beforeSuite()[pri:0, instance:com.nspl.agingoptions.login_registrationpage.testcases.MarriedUserFamilyInfoTestCases@20d525]" started-at="2025-03-21T12:22:41 IST" name="beforeSuite" finished-at="2025-03-21T12:22:41 IST" duration-ms="260" status="PASS">
          <reporter-output>
          </reporter-output>
        </test-method> <!-- beforeSuite -->
        <test-method is-config="true" signature="beforeTest()[pri:0, instance:com.nspl.agingoptions.login_registrationpage.testcases.MarriedUserFamilyInfoTestCases@20d525]" started-at="2025-03-21T12:22:41 IST" name="beforeTest" finished-at="2025-03-21T12:22:41 IST" duration-ms="1" status="PASS">
          <reporter-output>
          </reporter-output>
        </test-method> <!-- beforeTest -->
        <test-method is-config="true" signature="beforeClass()[pri:0, instance:com.nspl.agingoptions.login_registrationpage.testcases.MarriedUserFamilyInfoTestCases@20d525]" started-at="2025-03-21T12:22:41 IST" name="beforeClass" finished-at="2025-03-21T12:23:10 IST" duration-ms="28971" status="PASS">
          <reporter-output>
          </reporter-output>
        </test-method> <!-- beforeClass -->
        <test-method is-config="true" signature="beforeMethod(java.lang.reflect.Method)[pri:0, instance:com.nspl.agingoptions.login_registrationpage.testcases.MarriedUserFamilyInfoTestCases@20d525]" started-at="2025-03-21T12:23:10 IST" name="beforeMethod" finished-at="2025-03-21T12:23:10 IST" duration-ms="1" status="PASS">
          <params>
            <param index="0">
              <value>
                <![CDATA[public void com.nspl.agingoptions.login_registrationpage.testcases.MarriedUserFamilyInfoTestCases.Health_001_Personal_MedicalHistory_ElementPresence()]]>
              </value>
            </param>
          </params>
          <reporter-output>
          </reporter-output>
        </test-method> <!-- beforeMethod -->
        <test-method signature="Health_001_Personal_MedicalHistory_ElementPresence()[pri:1, instance:com.nspl.agingoptions.login_registrationpage.testcases.MarriedUserFamilyInfoTestCases@20d525]" started-at="2025-03-21T12:23:10 IST" name="Health_001_Personal_MedicalHistory_ElementPresence" finished-at="2025-03-21T12:23:38 IST" duration-ms="27613" status="PASS">
          <reporter-output>
          </reporter-output>
        </test-method> <!-- Health_001_Personal_MedicalHistory_ElementPresence -->
        <test-method is-config="true" signature="afterMethod(org.testng.ITestResult,java.lang.reflect.Method)[pri:0, instance:com.nspl.agingoptions.login_registrationpage.testcases.MarriedUserFamilyInfoTestCases@20d525]" started-at="2025-03-21T12:23:38 IST" name="afterMethod" finished-at="2025-03-21T12:23:38 IST" duration-ms="9" status="PASS">
          <params>
            <param index="0">
              <value>
                <![CDATA[[TestResult name=Health_001_Personal_MedicalHistory_ElementPresence status=SUCCESS method=MarriedUserFamilyInfoTestCases.Health_001_Personal_MedicalHistory_ElementPresence()[pri:1, instance:com.nspl.agingoptions.login_registrationpage.testcases.MarriedUserFamilyInfoTestCases@20d525] output={null}]]]>
              </value>
            </param>
            <param index="1">
              <value>
                <![CDATA[public void com.nspl.agingoptions.login_registrationpage.testcases.MarriedUserFamilyInfoTestCases.Health_001_Personal_MedicalHistory_ElementPresence()]]>
              </value>
            </param>
          </params>
          <reporter-output>
          </reporter-output>
        </test-method> <!-- afterMethod -->
        <test-method is-config="true" signature="afterClass()[pri:0, instance:com.nspl.agingoptions.login_registrationpage.testcases.MarriedUserFamilyInfoTestCases@20d525]" started-at="2025-03-21T12:23:38 IST" name="afterClass" finished-at="2025-03-21T12:23:38 IST" duration-ms="1" status="PASS">
          <reporter-output>
          </reporter-output>
        </test-method> <!-- afterClass -->
        <test-method is-config="true" signature="afterTest()[pri:0, instance:com.nspl.agingoptions.login_registrationpage.testcases.MarriedUserFamilyInfoTestCases@20d525]" started-at="2025-03-21T12:23:38 IST" name="afterTest" finished-at="2025-03-21T12:23:38 IST" duration-ms="1" status="PASS">
          <reporter-output>
          </reporter-output>
        </test-method> <!-- afterTest -->
        <test-method is-config="true" signature="afterSuite()[pri:0, instance:com.nspl.agingoptions.login_registrationpage.testcases.MarriedUserFamilyInfoTestCases@20d525]" started-at="2025-03-21T12:23:38 IST" name="afterSuite" finished-at="2025-03-21T12:23:38 IST" duration-ms="0" status="PASS">
          <reporter-output>
          </reporter-output>
        </test-method> <!-- afterSuite -->
      </class> <!-- com.nspl.agingoptions.login_registrationpage.testcases.MarriedUserFamilyInfoTestCases -->
    </test> <!-- Default test -->
  </suite> <!-- Default suite -->
</testng-results>
