<?xml version="1.0" encoding="UTF-8"?>
<testng-results ignored="0" total="9" passed="9" failed="0" skipped="0">
  <reporter-output>
  </reporter-output>
  <suite started-at="2025-03-27T17:26:34 IST" name="Default suite" finished-at="2025-03-27T17:30:24 IST" duration-ms="229782">
    <groups>
    </groups>
    <test started-at="2025-03-27T17:26:34 IST" name="Default test" finished-at="2025-03-27T17:30:24 IST" duration-ms="229782">
      <class name="com.nspl.agingoptions.healthpage.testcases.MarriedUserFamilyInfoTestCases">
        <test-method is-config="true" signature="beforeSuite()[pri:0, instance:com.nspl.agingoptions.healthpage.testcases.MarriedUserFamilyInfoTestCases@3d34d211]" started-at="2025-03-27T17:26:34 IST" name="beforeSuite" finished-at="2025-03-27T17:26:34 IST" duration-ms="253" status="PASS">
          <reporter-output>
          </reporter-output>
        </test-method> <!-- beforeSuite -->
        <test-method is-config="true" signature="beforeTest()[pri:0, instance:com.nspl.agingoptions.healthpage.testcases.MarriedUserFamilyInfoTestCases@3d34d211]" started-at="2025-03-27T17:26:34 IST" name="beforeTest" finished-at="2025-03-27T17:27:36 IST" duration-ms="61982" status="PASS">
          <reporter-output>
          </reporter-output>
        </test-method> <!-- beforeTest -->
        <test-method is-config="true" signature="beforeClass()[pri:0, instance:com.nspl.agingoptions.healthpage.testcases.MarriedUserFamilyInfoTestCases@3d34d211]" started-at="2025-03-27T17:27:36 IST" name="beforeClass" finished-at="2025-03-27T17:27:36 IST" duration-ms="2" status="PASS">
          <reporter-output>
          </reporter-output>
        </test-method> <!-- beforeClass -->
        <test-method is-config="true" signature="beforeMethod(java.lang.reflect.Method)[pri:0, instance:com.nspl.agingoptions.healthpage.testcases.MarriedUserFamilyInfoTestCases@3d34d211]" started-at="2025-03-27T17:27:36 IST" name="beforeMethod" finished-at="2025-03-27T17:27:36 IST" duration-ms="3" status="PASS">
          <params>
            <param index="0">
              <value>
                <![CDATA[public void com.nspl.agingoptions.healthpage.testcases.MarriedUserFamilyInfoTestCases.Personal_MedicalHistoryPage_Health_001()]]>
              </value>
            </param>
          </params>
          <reporter-output>
          </reporter-output>
        </test-method> <!-- beforeMethod -->
        <test-method signature="Personal_MedicalHistoryPage_Health_001()[pri:1, instance:com.nspl.agingoptions.healthpage.testcases.MarriedUserFamilyInfoTestCases@3d34d211]" started-at="2025-03-27T17:27:36 IST" name="Personal_MedicalHistoryPage_Health_001" finished-at="2025-03-27T17:27:58 IST" duration-ms="21706" status="PASS">
          <reporter-output>
          </reporter-output>
        </test-method> <!-- Personal_MedicalHistoryPage_Health_001 -->
        <test-method is-config="true" signature="afterMethod(org.testng.ITestResult,java.lang.reflect.Method)[pri:0, instance:com.nspl.agingoptions.healthpage.testcases.MarriedUserFamilyInfoTestCases@3d34d211]" started-at="2025-03-27T17:27:58 IST" name="afterMethod" finished-at="2025-03-27T17:27:58 IST" duration-ms="342" status="PASS">
          <params>
            <param index="0">
              <value>
                <![CDATA[[TestResult name=Personal_MedicalHistoryPage_Health_001 status=SUCCESS method=MarriedUserFamilyInfoTestCases.Personal_MedicalHistoryPage_Health_001()[pri:1, instance:com.nspl.agingoptions.healthpage.testcases.MarriedUserFamilyInfoTestCases@3d34d211] output={null}]]]>
              </value>
            </param>
            <param index="1">
              <value>
                <![CDATA[public void com.nspl.agingoptions.healthpage.testcases.MarriedUserFamilyInfoTestCases.Personal_MedicalHistoryPage_Health_001()]]>
              </value>
            </param>
          </params>
          <reporter-output>
          </reporter-output>
        </test-method> <!-- afterMethod -->
        <test-method signature="MedicalConditionsElementVisibility_Health_002()[pri:2, instance:com.nspl.agingoptions.healthpage.testcases.MarriedUserFamilyInfoTestCases@3d34d211]" started-at="2025-03-27T17:27:58 IST" name="MedicalConditionsElementVisibility_Health_002" finished-at="2025-03-27T17:28:16 IST" depends-on-methods="com.nspl.agingoptions.healthpage.testcases.MarriedUserFamilyInfoTestCases.Personal_MedicalHistoryPage_Health_001" duration-ms="17546" status="PASS">
          <reporter-output>
          </reporter-output>
        </test-method> <!-- MedicalConditionsElementVisibility_Health_002 -->
        <test-method is-config="true" signature="beforeMethod(java.lang.reflect.Method)[pri:0, instance:com.nspl.agingoptions.healthpage.testcases.MarriedUserFamilyInfoTestCases@3d34d211]" started-at="2025-03-27T17:27:58 IST" name="beforeMethod" finished-at="2025-03-27T17:27:58 IST" duration-ms="0" status="PASS">
          <params>
            <param index="0">
              <value>
                <![CDATA[public void com.nspl.agingoptions.healthpage.testcases.MarriedUserFamilyInfoTestCases.MedicalConditionsElementVisibility_Health_002()]]>
              </value>
            </param>
          </params>
          <reporter-output>
          </reporter-output>
        </test-method> <!-- beforeMethod -->
        <test-method is-config="true" signature="afterMethod(org.testng.ITestResult,java.lang.reflect.Method)[pri:0, instance:com.nspl.agingoptions.healthpage.testcases.MarriedUserFamilyInfoTestCases@3d34d211]" started-at="2025-03-27T17:28:16 IST" name="afterMethod" finished-at="2025-03-27T17:28:16 IST" duration-ms="46" status="PASS">
          <params>
            <param index="0">
              <value>
                <![CDATA[[TestResult name=MedicalConditionsElementVisibility_Health_002 status=SUCCESS method=MarriedUserFamilyInfoTestCases.MedicalConditionsElementVisibility_Health_002()[pri:2, instance:com.nspl.agingoptions.healthpage.testcases.MarriedUserFamilyInfoTestCases@3d34d211] output={null}]]]>
              </value>
            </param>
            <param index="1">
              <value>
                <![CDATA[public void com.nspl.agingoptions.healthpage.testcases.MarriedUserFamilyInfoTestCases.MedicalConditionsElementVisibility_Health_002()]]>
              </value>
            </param>
          </params>
          <reporter-output>
          </reporter-output>
        </test-method> <!-- afterMethod -->
        <test-method signature="EnvironmentalLifeStyleFactorsElementVisibility_Health_003()[pri:3, instance:com.nspl.agingoptions.healthpage.testcases.MarriedUserFamilyInfoTestCases@3d34d211]" started-at="2025-03-27T17:28:16 IST" name="EnvironmentalLifeStyleFactorsElementVisibility_Health_003" finished-at="2025-03-27T17:28:27 IST" depends-on-methods="com.nspl.agingoptions.healthpage.testcases.MarriedUserFamilyInfoTestCases.Personal_MedicalHistoryPage_Health_001" duration-ms="11204" status="PASS">
          <reporter-output>
          </reporter-output>
        </test-method> <!-- EnvironmentalLifeStyleFactorsElementVisibility_Health_003 -->
        <test-method is-config="true" signature="beforeMethod(java.lang.reflect.Method)[pri:0, instance:com.nspl.agingoptions.healthpage.testcases.MarriedUserFamilyInfoTestCases@3d34d211]" started-at="2025-03-27T17:28:16 IST" name="beforeMethod" finished-at="2025-03-27T17:28:16 IST" duration-ms="0" status="PASS">
          <params>
            <param index="0">
              <value>
                <![CDATA[public void com.nspl.agingoptions.healthpage.testcases.MarriedUserFamilyInfoTestCases.EnvironmentalLifeStyleFactorsElementVisibility_Health_003()]]>
              </value>
            </param>
          </params>
          <reporter-output>
          </reporter-output>
        </test-method> <!-- beforeMethod -->
        <test-method is-config="true" signature="afterMethod(org.testng.ITestResult,java.lang.reflect.Method)[pri:0, instance:com.nspl.agingoptions.healthpage.testcases.MarriedUserFamilyInfoTestCases@3d34d211]" started-at="2025-03-27T17:28:27 IST" name="afterMethod" finished-at="2025-03-27T17:28:27 IST" duration-ms="32" status="PASS">
          <params>
            <param index="0">
              <value>
                <![CDATA[[TestResult name=EnvironmentalLifeStyleFactorsElementVisibility_Health_003 status=SUCCESS method=MarriedUserFamilyInfoTestCases.EnvironmentalLifeStyleFactorsElementVisibility_Health_003()[pri:3, instance:com.nspl.agingoptions.healthpage.testcases.MarriedUserFamilyInfoTestCases@3d34d211] output={null}]]]>
              </value>
            </param>
            <param index="1">
              <value>
                <![CDATA[public void com.nspl.agingoptions.healthpage.testcases.MarriedUserFamilyInfoTestCases.EnvironmentalLifeStyleFactorsElementVisibility_Health_003()]]>
              </value>
            </param>
          </params>
          <reporter-output>
          </reporter-output>
        </test-method> <!-- afterMethod -->
        <test-method signature="BloodTypeSelection_Health_004_()[pri:4, instance:com.nspl.agingoptions.healthpage.testcases.MarriedUserFamilyInfoTestCases@3d34d211]" started-at="2025-03-27T17:28:27 IST" name="BloodTypeSelection_Health_004_" finished-at="2025-03-27T17:28:48 IST" depends-on-methods="com.nspl.agingoptions.healthpage.testcases.MarriedUserFamilyInfoTestCases.Personal_MedicalHistoryPage_Health_001" duration-ms="21219" status="PASS">
          <reporter-output>
          </reporter-output>
        </test-method> <!-- BloodTypeSelection_Health_004_ -->
        <test-method is-config="true" signature="beforeMethod(java.lang.reflect.Method)[pri:0, instance:com.nspl.agingoptions.healthpage.testcases.MarriedUserFamilyInfoTestCases@3d34d211]" started-at="2025-03-27T17:28:27 IST" name="beforeMethod" finished-at="2025-03-27T17:28:27 IST" duration-ms="0" status="PASS">
          <params>
            <param index="0">
              <value>
                <![CDATA[public void com.nspl.agingoptions.healthpage.testcases.MarriedUserFamilyInfoTestCases.BloodTypeSelection_Health_004_()]]>
              </value>
            </param>
          </params>
          <reporter-output>
          </reporter-output>
        </test-method> <!-- beforeMethod -->
        <test-method is-config="true" signature="afterMethod(org.testng.ITestResult,java.lang.reflect.Method)[pri:0, instance:com.nspl.agingoptions.healthpage.testcases.MarriedUserFamilyInfoTestCases@3d34d211]" started-at="2025-03-27T17:28:48 IST" name="afterMethod" finished-at="2025-03-27T17:28:48 IST" duration-ms="28" status="PASS">
          <params>
            <param index="0">
              <value>
                <![CDATA[[TestResult name=BloodTypeSelection_Health_004_ status=SUCCESS method=MarriedUserFamilyInfoTestCases.BloodTypeSelection_Health_004_()[pri:4, instance:com.nspl.agingoptions.healthpage.testcases.MarriedUserFamilyInfoTestCases@3d34d211] output={null}]]]>
              </value>
            </param>
            <param index="1">
              <value>
                <![CDATA[public void com.nspl.agingoptions.healthpage.testcases.MarriedUserFamilyInfoTestCases.BloodTypeSelection_Health_004_()]]>
              </value>
            </param>
          </params>
          <reporter-output>
          </reporter-output>
        </test-method> <!-- afterMethod -->
        <test-method signature="MedicalConditionElement_Health_005_()[pri:5, instance:com.nspl.agingoptions.healthpage.testcases.MarriedUserFamilyInfoTestCases@3d34d211]" started-at="2025-03-27T17:28:48 IST" name="MedicalConditionElement_Health_005_" finished-at="2025-03-27T17:29:09 IST" duration-ms="21391" status="PASS">
          <reporter-output>
          </reporter-output>
        </test-method> <!-- MedicalConditionElement_Health_005_ -->
        <test-method is-config="true" signature="beforeMethod(java.lang.reflect.Method)[pri:0, instance:com.nspl.agingoptions.healthpage.testcases.MarriedUserFamilyInfoTestCases@3d34d211]" started-at="2025-03-27T17:28:48 IST" name="beforeMethod" finished-at="2025-03-27T17:28:48 IST" duration-ms="0" status="PASS">
          <params>
            <param index="0">
              <value>
                <![CDATA[public void com.nspl.agingoptions.healthpage.testcases.MarriedUserFamilyInfoTestCases.MedicalConditionElement_Health_005_()]]>
              </value>
            </param>
          </params>
          <reporter-output>
          </reporter-output>
        </test-method> <!-- beforeMethod -->
        <test-method is-config="true" signature="afterMethod(org.testng.ITestResult,java.lang.reflect.Method)[pri:0, instance:com.nspl.agingoptions.healthpage.testcases.MarriedUserFamilyInfoTestCases@3d34d211]" started-at="2025-03-27T17:29:09 IST" name="afterMethod" finished-at="2025-03-27T17:29:09 IST" duration-ms="25" status="PASS">
          <params>
            <param index="0">
              <value>
                <![CDATA[[TestResult name=MedicalConditionElement_Health_005_ status=SUCCESS method=MarriedUserFamilyInfoTestCases.MedicalConditionElement_Health_005_()[pri:5, instance:com.nspl.agingoptions.healthpage.testcases.MarriedUserFamilyInfoTestCases@3d34d211] output={null}]]]>
              </value>
            </param>
            <param index="1">
              <value>
                <![CDATA[public void com.nspl.agingoptions.healthpage.testcases.MarriedUserFamilyInfoTestCases.MedicalConditionElement_Health_005_()]]>
              </value>
            </param>
          </params>
          <reporter-output>
          </reporter-output>
        </test-method> <!-- afterMethod -->
        <test-method signature="EnvironmentalLifestyleFactorsDetails_Health_006_()[pri:6, instance:com.nspl.agingoptions.healthpage.testcases.MarriedUserFamilyInfoTestCases@3d34d211]" started-at="2025-03-27T17:29:10 IST" name="EnvironmentalLifestyleFactorsDetails_Health_006_" finished-at="2025-03-27T17:29:28 IST" duration-ms="18319" status="PASS">
          <reporter-output>
          </reporter-output>
        </test-method> <!-- EnvironmentalLifestyleFactorsDetails_Health_006_ -->
        <test-method is-config="true" signature="beforeMethod(java.lang.reflect.Method)[pri:0, instance:com.nspl.agingoptions.healthpage.testcases.MarriedUserFamilyInfoTestCases@3d34d211]" started-at="2025-03-27T17:29:10 IST" name="beforeMethod" finished-at="2025-03-27T17:29:10 IST" duration-ms="0" status="PASS">
          <params>
            <param index="0">
              <value>
                <![CDATA[public void com.nspl.agingoptions.healthpage.testcases.MarriedUserFamilyInfoTestCases.EnvironmentalLifestyleFactorsDetails_Health_006_()]]>
              </value>
            </param>
          </params>
          <reporter-output>
          </reporter-output>
        </test-method> <!-- beforeMethod -->
        <test-method is-config="true" signature="afterMethod(org.testng.ITestResult,java.lang.reflect.Method)[pri:0, instance:com.nspl.agingoptions.healthpage.testcases.MarriedUserFamilyInfoTestCases@3d34d211]" started-at="2025-03-27T17:29:28 IST" name="afterMethod" finished-at="2025-03-27T17:29:28 IST" duration-ms="28" status="PASS">
          <params>
            <param index="0">
              <value>
                <![CDATA[[TestResult name=EnvironmentalLifestyleFactorsDetails_Health_006_ status=SUCCESS method=MarriedUserFamilyInfoTestCases.EnvironmentalLifestyleFactorsDetails_Health_006_()[pri:6, instance:com.nspl.agingoptions.healthpage.testcases.MarriedUserFamilyInfoTestCases@3d34d211] output={null}]]]>
              </value>
            </param>
            <param index="1">
              <value>
                <![CDATA[public void com.nspl.agingoptions.healthpage.testcases.MarriedUserFamilyInfoTestCases.EnvironmentalLifestyleFactorsDetails_Health_006_()]]>
              </value>
            </param>
          </params>
          <reporter-output>
          </reporter-output>
        </test-method> <!-- afterMethod -->
        <test-method signature="LifeStyleGeneralHealthNutritionDetailsHealth_TC_007()[pri:7, instance:com.nspl.agingoptions.healthpage.testcases.MarriedUserFamilyInfoTestCases@3d34d211]" started-at="2025-03-27T17:29:28 IST" name="LifeStyleGeneralHealthNutritionDetailsHealth_TC_007" finished-at="2025-03-27T17:29:45 IST" duration-ms="17262" status="PASS">
          <reporter-output>
          </reporter-output>
        </test-method> <!-- LifeStyleGeneralHealthNutritionDetailsHealth_TC_007 -->
        <test-method is-config="true" signature="beforeMethod(java.lang.reflect.Method)[pri:0, instance:com.nspl.agingoptions.healthpage.testcases.MarriedUserFamilyInfoTestCases@3d34d211]" started-at="2025-03-27T17:29:28 IST" name="beforeMethod" finished-at="2025-03-27T17:29:28 IST" duration-ms="0" status="PASS">
          <params>
            <param index="0">
              <value>
                <![CDATA[public void com.nspl.agingoptions.healthpage.testcases.MarriedUserFamilyInfoTestCases.LifeStyleGeneralHealthNutritionDetailsHealth_TC_007()]]>
              </value>
            </param>
          </params>
          <reporter-output>
          </reporter-output>
        </test-method> <!-- beforeMethod -->
        <test-method is-config="true" signature="afterMethod(org.testng.ITestResult,java.lang.reflect.Method)[pri:0, instance:com.nspl.agingoptions.healthpage.testcases.MarriedUserFamilyInfoTestCases@3d34d211]" started-at="2025-03-27T17:29:45 IST" name="afterMethod" finished-at="2025-03-27T17:29:45 IST" duration-ms="27" status="PASS">
          <params>
            <param index="0">
              <value>
                <![CDATA[[TestResult name=LifeStyleGeneralHealthNutritionDetailsHealth_TC_007 status=SUCCESS method=MarriedUserFamilyInfoTestCases.LifeStyleGeneralHealthNutritionDetailsHealth_TC_007()[pri:7, instance:com.nspl.agingoptions.healthpage.testcases.MarriedUserFamilyInfoTestCases@3d34d211] output={null}]]]>
              </value>
            </param>
            <param index="1">
              <value>
                <![CDATA[public void com.nspl.agingoptions.healthpage.testcases.MarriedUserFamilyInfoTestCases.LifeStyleGeneralHealthNutritionDetailsHealth_TC_007()]]>
              </value>
            </param>
          </params>
          <reporter-output>
          </reporter-output>
        </test-method> <!-- afterMethod -->
        <test-method is-config="true" signature="beforeMethod(java.lang.reflect.Method)[pri:0, instance:com.nspl.agingoptions.healthpage.testcases.MarriedUserFamilyInfoTestCases@3d34d211]" started-at="2025-03-27T17:29:45 IST" name="beforeMethod" finished-at="2025-03-27T17:29:45 IST" duration-ms="1" status="PASS">
          <params>
            <param index="0">
              <value>
                <![CDATA[public void com.nspl.agingoptions.healthpage.testcases.MarriedUserFamilyInfoTestCases.Health_InputSubstanceUseDetails_TC_008()]]>
              </value>
            </param>
          </params>
          <reporter-output>
          </reporter-output>
        </test-method> <!-- beforeMethod -->
        <test-method signature="Health_InputSubstanceUseDetails_TC_008()[pri:8, instance:com.nspl.agingoptions.healthpage.testcases.MarriedUserFamilyInfoTestCases@3d34d211]" started-at="2025-03-27T17:29:45 IST" name="Health_InputSubstanceUseDetails_TC_008" finished-at="2025-03-27T17:30:05 IST" duration-ms="19487" status="PASS">
          <reporter-output>
          </reporter-output>
        </test-method> <!-- Health_InputSubstanceUseDetails_TC_008 -->
        <test-method is-config="true" signature="afterMethod(org.testng.ITestResult,java.lang.reflect.Method)[pri:0, instance:com.nspl.agingoptions.healthpage.testcases.MarriedUserFamilyInfoTestCases@3d34d211]" started-at="2025-03-27T17:30:05 IST" name="afterMethod" finished-at="2025-03-27T17:30:05 IST" duration-ms="24" status="PASS">
          <params>
            <param index="0">
              <value>
                <![CDATA[[TestResult name=Health_InputSubstanceUseDetails_TC_008 status=SUCCESS method=MarriedUserFamilyInfoTestCases.Health_InputSubstanceUseDetails_TC_008()[pri:8, instance:com.nspl.agingoptions.healthpage.testcases.MarriedUserFamilyInfoTestCases@3d34d211] output={null}]]]>
              </value>
            </param>
            <param index="1">
              <value>
                <![CDATA[public void com.nspl.agingoptions.healthpage.testcases.MarriedUserFamilyInfoTestCases.Health_InputSubstanceUseDetails_TC_008()]]>
              </value>
            </param>
          </params>
          <reporter-output>
          </reporter-output>
        </test-method> <!-- afterMethod -->
        <test-method signature="Health_InputSocialHabitsDetails_TC_09()[pri:9, instance:com.nspl.agingoptions.healthpage.testcases.MarriedUserFamilyInfoTestCases@3d34d211]" started-at="2025-03-27T17:30:05 IST" name="Health_InputSocialHabitsDetails_TC_09" finished-at="2025-03-27T17:30:24 IST" duration-ms="18937" status="PASS">
          <reporter-output>
          </reporter-output>
        </test-method> <!-- Health_InputSocialHabitsDetails_TC_09 -->
        <test-method is-config="true" signature="beforeMethod(java.lang.reflect.Method)[pri:0, instance:com.nspl.agingoptions.healthpage.testcases.MarriedUserFamilyInfoTestCases@3d34d211]" started-at="2025-03-27T17:30:05 IST" name="beforeMethod" finished-at="2025-03-27T17:30:05 IST" duration-ms="0" status="PASS">
          <params>
            <param index="0">
              <value>
                <![CDATA[public void com.nspl.agingoptions.healthpage.testcases.MarriedUserFamilyInfoTestCases.Health_InputSocialHabitsDetails_TC_09()]]>
              </value>
            </param>
          </params>
          <reporter-output>
          </reporter-output>
        </test-method> <!-- beforeMethod -->
        <test-method is-config="true" signature="afterMethod(org.testng.ITestResult,java.lang.reflect.Method)[pri:0, instance:com.nspl.agingoptions.healthpage.testcases.MarriedUserFamilyInfoTestCases@3d34d211]" started-at="2025-03-27T17:30:24 IST" name="afterMethod" finished-at="2025-03-27T17:30:24 IST" duration-ms="57" status="PASS">
          <params>
            <param index="0">
              <value>
                <![CDATA[[TestResult name=Health_InputSocialHabitsDetails_TC_09 status=SUCCESS method=MarriedUserFamilyInfoTestCases.Health_InputSocialHabitsDetails_TC_09()[pri:9, instance:com.nspl.agingoptions.healthpage.testcases.MarriedUserFamilyInfoTestCases@3d34d211] output={null}]]]>
              </value>
            </param>
            <param index="1">
              <value>
                <![CDATA[public void com.nspl.agingoptions.healthpage.testcases.MarriedUserFamilyInfoTestCases.Health_InputSocialHabitsDetails_TC_09()]]>
              </value>
            </param>
          </params>
          <reporter-output>
          </reporter-output>
        </test-method> <!-- afterMethod -->
        <test-method is-config="true" signature="afterClass()[pri:0, instance:com.nspl.agingoptions.healthpage.testcases.MarriedUserFamilyInfoTestCases@3d34d211]" started-at="2025-03-27T17:30:24 IST" name="afterClass" finished-at="2025-03-27T17:30:24 IST" duration-ms="12" status="PASS">
          <reporter-output>
          </reporter-output>
        </test-method> <!-- afterClass -->
        <test-method is-config="true" signature="afterTest()[pri:0, instance:com.nspl.agingoptions.healthpage.testcases.MarriedUserFamilyInfoTestCases@3d34d211]" started-at="2025-03-27T17:30:24 IST" name="afterTest" finished-at="2025-03-27T17:30:24 IST" duration-ms="1" status="PASS">
          <reporter-output>
          </reporter-output>
        </test-method> <!-- afterTest -->
        <test-method is-config="true" signature="afterSuite()[pri:0, instance:com.nspl.agingoptions.healthpage.testcases.MarriedUserFamilyInfoTestCases@3d34d211]" started-at="2025-03-27T17:30:24 IST" name="afterSuite" finished-at="2025-03-27T17:30:24 IST" duration-ms="17" status="PASS">
          <reporter-output>
          </reporter-output>
        </test-method> <!-- afterSuite -->
      </class> <!-- com.nspl.agingoptions.healthpage.testcases.MarriedUserFamilyInfoTestCases -->
    </test> <!-- Default test -->
  </suite> <!-- Default suite -->
</testng-results>
