<?xml version="1.0" encoding="UTF-8"?>
<testng-results ignored="0" total="22" passed="16" failed="6" skipped="0">
  <reporter-output>
  </reporter-output>
  <suite started-at="2025-04-03T17:24:56 IST" name="Suite" finished-at="2025-04-03T17:47:12 IST" duration-ms="1335259">
    <groups>
    </groups>
    <test started-at="2025-04-03T17:24:56 IST" name="Test" finished-at="2025-04-03T17:47:12 IST" duration-ms="1335259">
      <class name="com.nspl.HousingInfoPageTestcase.HousingProfessional_MortgageBrokerTestScript">
        <test-method is-config="true" signature="beforeSuite()[pri:0, instance:com.nspl.HousingInfoPageTestcase.HousingProfessional_MortgageBrokerTestScript@1e178745]" started-at="2025-04-03T17:24:56 IST" name="beforeSuite" finished-at="2025-04-03T17:24:56 IST" duration-ms="294" status="PASS">
          <reporter-output>
          </reporter-output>
        </test-method> <!-- beforeSuite -->
        <test-method is-config="true" signature="beforeTest()[pri:0, instance:com.nspl.HousingInfoPageTestcase.HousingProfessional_MortgageBrokerTestScript@1e178745]" started-at="2025-04-03T17:24:56 IST" name="beforeTest" finished-at="2025-04-03T17:24:56 IST" duration-ms="0" status="PASS">
          <reporter-output>
          </reporter-output>
        </test-method> <!-- beforeTest -->
        <test-method is-config="true" signature="beforeClass()[pri:0, instance:com.nspl.HousingInfoPageTestcase.HousingProfessional_MortgageBrokerTestScript@1e178745]" started-at="2025-04-03T17:24:56 IST" name="beforeClass" finished-at="2025-04-03T17:26:37 IST" duration-ms="100757" status="PASS">
          <reporter-output>
          </reporter-output>
        </test-method> <!-- beforeClass -->
        <test-method signature="VerifyClickIDoNotHaveMortgageCheckBox()[pri:0, instance:com.nspl.HousingInfoPageTestcase.HousingProfessional_MortgageBrokerTestScript@1e178745]" started-at="2025-04-03T17:26:37 IST" name="VerifyClickIDoNotHaveMortgageCheckBox" finished-at="2025-04-03T17:27:06 IST" duration-ms="28831" status="PASS">
          <reporter-output>
          </reporter-output>
        </test-method> <!-- VerifyClickIDoNotHaveMortgageCheckBox -->
        <test-method is-config="true" signature="beforeMethod(java.lang.reflect.Method)[pri:0, instance:com.nspl.HousingInfoPageTestcase.HousingProfessional_MortgageBrokerTestScript@1e178745]" started-at="2025-04-03T17:26:37 IST" name="beforeMethod" finished-at="2025-04-03T17:26:37 IST" duration-ms="0" status="PASS">
          <params>
            <param index="0">
              <value>
                <![CDATA[public void com.nspl.HousingInfoPageTestcase.HousingProfessional_MortgageBrokerTestScript.VerifyClickIDoNotHaveMortgageCheckBox()]]>
              </value>
            </param>
          </params>
          <reporter-output>
          </reporter-output>
        </test-method> <!-- beforeMethod -->
        <test-method is-config="true" signature="afterMethod(org.testng.ITestResult,java.lang.reflect.Method)[pri:0, instance:com.nspl.HousingInfoPageTestcase.HousingProfessional_MortgageBrokerTestScript@1e178745]" started-at="2025-04-03T17:27:06 IST" name="afterMethod" finished-at="2025-04-03T17:27:07 IST" duration-ms="464" status="PASS">
          <params>
            <param index="0">
              <value>
                <![CDATA[[TestResult name=VerifyClickIDoNotHaveMortgageCheckBox status=SUCCESS method=HousingProfessional_MortgageBrokerTestScript.VerifyClickIDoNotHaveMortgageCheckBox()[pri:0, instance:com.nspl.HousingInfoPageTestcase.HousingProfessional_MortgageBrokerTestScript@1e178745] output={null}]]]>
              </value>
            </param>
            <param index="1">
              <value>
                <![CDATA[public void com.nspl.HousingInfoPageTestcase.HousingProfessional_MortgageBrokerTestScript.VerifyClickIDoNotHaveMortgageCheckBox()]]>
              </value>
            </param>
          </params>
          <reporter-output>
          </reporter-output>
        </test-method> <!-- afterMethod -->
        <test-method signature="VerifyCopySameDataFunctionality()[pri:0, instance:com.nspl.HousingInfoPageTestcase.HousingProfessional_MortgageBrokerTestScript@1e178745]" started-at="2025-04-03T17:27:07 IST" name="VerifyCopySameDataFunctionality" finished-at="2025-04-03T17:28:25 IST" duration-ms="78520" status="PASS">
          <reporter-output>
          </reporter-output>
        </test-method> <!-- VerifyCopySameDataFunctionality -->
        <test-method is-config="true" signature="beforeMethod(java.lang.reflect.Method)[pri:0, instance:com.nspl.HousingInfoPageTestcase.HousingProfessional_MortgageBrokerTestScript@1e178745]" started-at="2025-04-03T17:27:07 IST" name="beforeMethod" finished-at="2025-04-03T17:27:07 IST" duration-ms="0" status="PASS">
          <params>
            <param index="0">
              <value>
                <![CDATA[public void com.nspl.HousingInfoPageTestcase.HousingProfessional_MortgageBrokerTestScript.VerifyCopySameDataFunctionality()]]>
              </value>
            </param>
          </params>
          <reporter-output>
          </reporter-output>
        </test-method> <!-- beforeMethod -->
        <test-method is-config="true" signature="afterMethod(org.testng.ITestResult,java.lang.reflect.Method)[pri:0, instance:com.nspl.HousingInfoPageTestcase.HousingProfessional_MortgageBrokerTestScript@1e178745]" started-at="2025-04-03T17:28:25 IST" name="afterMethod" finished-at="2025-04-03T17:28:25 IST" duration-ms="63" status="PASS">
          <params>
            <param index="0">
              <value>
                <![CDATA[[TestResult name=VerifyCopySameDataFunctionality status=SUCCESS method=HousingProfessional_MortgageBrokerTestScript.VerifyCopySameDataFunctionality()[pri:0, instance:com.nspl.HousingInfoPageTestcase.HousingProfessional_MortgageBrokerTestScript@1e178745] output={null}]]]>
              </value>
            </param>
            <param index="1">
              <value>
                <![CDATA[public void com.nspl.HousingInfoPageTestcase.HousingProfessional_MortgageBrokerTestScript.VerifyCopySameDataFunctionality()]]>
              </value>
            </param>
          </params>
          <reporter-output>
          </reporter-output>
        </test-method> <!-- afterMethod -->
        <test-method signature="VerifyIdONotHaveRealtorCheckBoxFunctionality()[pri:0, instance:com.nspl.HousingInfoPageTestcase.HousingProfessional_MortgageBrokerTestScript@1e178745]" started-at="2025-04-03T17:28:25 IST" name="VerifyIdONotHaveRealtorCheckBoxFunctionality" finished-at="2025-04-03T17:28:48 IST" duration-ms="22500" status="PASS">
          <reporter-output>
          </reporter-output>
        </test-method> <!-- VerifyIdONotHaveRealtorCheckBoxFunctionality -->
        <test-method is-config="true" signature="beforeMethod(java.lang.reflect.Method)[pri:0, instance:com.nspl.HousingInfoPageTestcase.HousingProfessional_MortgageBrokerTestScript@1e178745]" started-at="2025-04-03T17:28:25 IST" name="beforeMethod" finished-at="2025-04-03T17:28:25 IST" duration-ms="0" status="PASS">
          <params>
            <param index="0">
              <value>
                <![CDATA[public void com.nspl.HousingInfoPageTestcase.HousingProfessional_MortgageBrokerTestScript.VerifyIdONotHaveRealtorCheckBoxFunctionality()]]>
              </value>
            </param>
          </params>
          <reporter-output>
          </reporter-output>
        </test-method> <!-- beforeMethod -->
        <test-method is-config="true" signature="afterMethod(org.testng.ITestResult,java.lang.reflect.Method)[pri:0, instance:com.nspl.HousingInfoPageTestcase.HousingProfessional_MortgageBrokerTestScript@1e178745]" started-at="2025-04-03T17:28:48 IST" name="afterMethod" finished-at="2025-04-03T17:28:48 IST" duration-ms="64" status="PASS">
          <params>
            <param index="0">
              <value>
                <![CDATA[[TestResult name=VerifyIdONotHaveRealtorCheckBoxFunctionality status=SUCCESS method=HousingProfessional_MortgageBrokerTestScript.VerifyIdONotHaveRealtorCheckBoxFunctionality()[pri:0, instance:com.nspl.HousingInfoPageTestcase.HousingProfessional_MortgageBrokerTestScript@1e178745] output={null}]]]>
              </value>
            </param>
            <param index="1">
              <value>
                <![CDATA[public void com.nspl.HousingInfoPageTestcase.HousingProfessional_MortgageBrokerTestScript.VerifyIdONotHaveRealtorCheckBoxFunctionality()]]>
              </value>
            </param>
          </params>
          <reporter-output>
          </reporter-output>
        </test-method> <!-- afterMethod -->
        <test-method signature="VerifySaveAndAddAnotherPrimaryMemberMortgageBrokerDetails()[pri:0, instance:com.nspl.HousingInfoPageTestcase.HousingProfessional_MortgageBrokerTestScript@1e178745]" started-at="2025-04-03T17:28:48 IST" name="VerifySaveAndAddAnotherPrimaryMemberMortgageBrokerDetails" finished-at="2025-04-03T17:29:49 IST" duration-ms="60858" status="PASS">
          <reporter-output>
          </reporter-output>
        </test-method> <!-- VerifySaveAndAddAnotherPrimaryMemberMortgageBrokerDetails -->
        <test-method is-config="true" signature="beforeMethod(java.lang.reflect.Method)[pri:0, instance:com.nspl.HousingInfoPageTestcase.HousingProfessional_MortgageBrokerTestScript@1e178745]" started-at="2025-04-03T17:28:48 IST" name="beforeMethod" finished-at="2025-04-03T17:28:48 IST" duration-ms="0" status="PASS">
          <params>
            <param index="0">
              <value>
                <![CDATA[public void com.nspl.HousingInfoPageTestcase.HousingProfessional_MortgageBrokerTestScript.VerifySaveAndAddAnotherPrimaryMemberMortgageBrokerDetails()]]>
              </value>
            </param>
          </params>
          <reporter-output>
          </reporter-output>
        </test-method> <!-- beforeMethod -->
        <test-method is-config="true" signature="afterMethod(org.testng.ITestResult,java.lang.reflect.Method)[pri:0, instance:com.nspl.HousingInfoPageTestcase.HousingProfessional_MortgageBrokerTestScript@1e178745]" started-at="2025-04-03T17:29:49 IST" name="afterMethod" finished-at="2025-04-03T17:29:49 IST" duration-ms="22" status="PASS">
          <params>
            <param index="0">
              <value>
                <![CDATA[[TestResult name=VerifySaveAndAddAnotherPrimaryMemberMortgageBrokerDetails status=SUCCESS method=HousingProfessional_MortgageBrokerTestScript.VerifySaveAndAddAnotherPrimaryMemberMortgageBrokerDetails()[pri:0, instance:com.nspl.HousingInfoPageTestcase.HousingProfessional_MortgageBrokerTestScript@1e178745] output={null}]]]>
              </value>
            </param>
            <param index="1">
              <value>
                <![CDATA[public void com.nspl.HousingInfoPageTestcase.HousingProfessional_MortgageBrokerTestScript.VerifySaveAndAddAnotherPrimaryMemberMortgageBrokerDetails()]]>
              </value>
            </param>
          </params>
          <reporter-output>
          </reporter-output>
        </test-method> <!-- afterMethod -->
        <test-method signature="VerifySaveAndContinueSpouseMortgageBrokerDetails()[pri:0, instance:com.nspl.HousingInfoPageTestcase.HousingProfessional_MortgageBrokerTestScript@1e178745]" started-at="2025-04-03T17:29:49 IST" name="VerifySaveAndContinueSpouseMortgageBrokerDetails" finished-at="2025-04-03T17:30:46 IST" duration-ms="57364" status="PASS">
          <reporter-output>
          </reporter-output>
        </test-method> <!-- VerifySaveAndContinueSpouseMortgageBrokerDetails -->
        <test-method is-config="true" signature="beforeMethod(java.lang.reflect.Method)[pri:0, instance:com.nspl.HousingInfoPageTestcase.HousingProfessional_MortgageBrokerTestScript@1e178745]" started-at="2025-04-03T17:29:49 IST" name="beforeMethod" finished-at="2025-04-03T17:29:49 IST" duration-ms="0" status="PASS">
          <params>
            <param index="0">
              <value>
                <![CDATA[public void com.nspl.HousingInfoPageTestcase.HousingProfessional_MortgageBrokerTestScript.VerifySaveAndContinueSpouseMortgageBrokerDetails()]]>
              </value>
            </param>
          </params>
          <reporter-output>
          </reporter-output>
        </test-method> <!-- beforeMethod -->
        <test-method is-config="true" signature="afterMethod(org.testng.ITestResult,java.lang.reflect.Method)[pri:0, instance:com.nspl.HousingInfoPageTestcase.HousingProfessional_MortgageBrokerTestScript@1e178745]" started-at="2025-04-03T17:30:46 IST" name="afterMethod" finished-at="2025-04-03T17:30:46 IST" duration-ms="27" status="PASS">
          <params>
            <param index="0">
              <value>
                <![CDATA[[TestResult name=VerifySaveAndContinueSpouseMortgageBrokerDetails status=SUCCESS method=HousingProfessional_MortgageBrokerTestScript.VerifySaveAndContinueSpouseMortgageBrokerDetails()[pri:0, instance:com.nspl.HousingInfoPageTestcase.HousingProfessional_MortgageBrokerTestScript@1e178745] output={null}]]]>
              </value>
            </param>
            <param index="1">
              <value>
                <![CDATA[public void com.nspl.HousingInfoPageTestcase.HousingProfessional_MortgageBrokerTestScript.VerifySaveAndContinueSpouseMortgageBrokerDetails()]]>
              </value>
            </param>
          </params>
          <reporter-output>
          </reporter-output>
        </test-method> <!-- afterMethod -->
        <test-method signature="VerifySaveAndProceedSpouseMortgageBrokerDetails()[pri:0, instance:com.nspl.HousingInfoPageTestcase.HousingProfessional_MortgageBrokerTestScript@1e178745]" started-at="2025-04-03T17:30:46 IST" name="VerifySaveAndProceedSpouseMortgageBrokerDetails" finished-at="2025-04-03T17:31:50 IST" duration-ms="63887" status="PASS">
          <reporter-output>
          </reporter-output>
        </test-method> <!-- VerifySaveAndProceedSpouseMortgageBrokerDetails -->
        <test-method is-config="true" signature="beforeMethod(java.lang.reflect.Method)[pri:0, instance:com.nspl.HousingInfoPageTestcase.HousingProfessional_MortgageBrokerTestScript@1e178745]" started-at="2025-04-03T17:30:46 IST" name="beforeMethod" finished-at="2025-04-03T17:30:46 IST" duration-ms="0" status="PASS">
          <params>
            <param index="0">
              <value>
                <![CDATA[public void com.nspl.HousingInfoPageTestcase.HousingProfessional_MortgageBrokerTestScript.VerifySaveAndProceedSpouseMortgageBrokerDetails()]]>
              </value>
            </param>
          </params>
          <reporter-output>
          </reporter-output>
        </test-method> <!-- beforeMethod -->
        <test-method is-config="true" signature="afterMethod(org.testng.ITestResult,java.lang.reflect.Method)[pri:0, instance:com.nspl.HousingInfoPageTestcase.HousingProfessional_MortgageBrokerTestScript@1e178745]" started-at="2025-04-03T17:31:50 IST" name="afterMethod" finished-at="2025-04-03T17:31:50 IST" duration-ms="47" status="PASS">
          <params>
            <param index="0">
              <value>
                <![CDATA[[TestResult name=VerifySaveAndProceedSpouseMortgageBrokerDetails status=SUCCESS method=HousingProfessional_MortgageBrokerTestScript.VerifySaveAndProceedSpouseMortgageBrokerDetails()[pri:0, instance:com.nspl.HousingInfoPageTestcase.HousingProfessional_MortgageBrokerTestScript@1e178745] output={null}]]]>
              </value>
            </param>
            <param index="1">
              <value>
                <![CDATA[public void com.nspl.HousingInfoPageTestcase.HousingProfessional_MortgageBrokerTestScript.VerifySaveAndProceedSpouseMortgageBrokerDetails()]]>
              </value>
            </param>
          </params>
          <reporter-output>
          </reporter-output>
        </test-method> <!-- afterMethod -->
        <test-method signature="VerifySaveAndproceedPrimaryMemberMortgageBrokerDetails()[pri:0, instance:com.nspl.HousingInfoPageTestcase.HousingProfessional_MortgageBrokerTestScript@1e178745]" started-at="2025-04-03T17:31:50 IST" name="VerifySaveAndproceedPrimaryMemberMortgageBrokerDetails" finished-at="2025-04-03T17:33:00 IST" duration-ms="70427" status="PASS">
          <reporter-output>
          </reporter-output>
        </test-method> <!-- VerifySaveAndproceedPrimaryMemberMortgageBrokerDetails -->
        <test-method is-config="true" signature="beforeMethod(java.lang.reflect.Method)[pri:0, instance:com.nspl.HousingInfoPageTestcase.HousingProfessional_MortgageBrokerTestScript@1e178745]" started-at="2025-04-03T17:31:50 IST" name="beforeMethod" finished-at="2025-04-03T17:31:50 IST" duration-ms="0" status="PASS">
          <params>
            <param index="0">
              <value>
                <![CDATA[public void com.nspl.HousingInfoPageTestcase.HousingProfessional_MortgageBrokerTestScript.VerifySaveAndproceedPrimaryMemberMortgageBrokerDetails()]]>
              </value>
            </param>
          </params>
          <reporter-output>
          </reporter-output>
        </test-method> <!-- beforeMethod -->
        <test-method is-config="true" signature="afterMethod(org.testng.ITestResult,java.lang.reflect.Method)[pri:0, instance:com.nspl.HousingInfoPageTestcase.HousingProfessional_MortgageBrokerTestScript@1e178745]" started-at="2025-04-03T17:33:00 IST" name="afterMethod" finished-at="2025-04-03T17:33:00 IST" duration-ms="57" status="PASS">
          <params>
            <param index="0">
              <value>
                <![CDATA[[TestResult name=VerifySaveAndproceedPrimaryMemberMortgageBrokerDetails status=SUCCESS method=HousingProfessional_MortgageBrokerTestScript.VerifySaveAndproceedPrimaryMemberMortgageBrokerDetails()[pri:0, instance:com.nspl.HousingInfoPageTestcase.HousingProfessional_MortgageBrokerTestScript@1e178745] output={null}]]]>
              </value>
            </param>
            <param index="1">
              <value>
                <![CDATA[public void com.nspl.HousingInfoPageTestcase.HousingProfessional_MortgageBrokerTestScript.VerifySaveAndproceedPrimaryMemberMortgageBrokerDetails()]]>
              </value>
            </param>
          </params>
          <reporter-output>
          </reporter-output>
        </test-method> <!-- afterMethod -->
        <test-method signature="VerifyUpdateMortgageBrokerDetails()[pri:0, instance:com.nspl.HousingInfoPageTestcase.HousingProfessional_MortgageBrokerTestScript@1e178745]" started-at="2025-04-03T17:33:00 IST" name="VerifyUpdateMortgageBrokerDetails" finished-at="2025-04-03T17:34:24 IST" duration-ms="83551" status="PASS">
          <reporter-output>
          </reporter-output>
        </test-method> <!-- VerifyUpdateMortgageBrokerDetails -->
        <test-method is-config="true" signature="beforeMethod(java.lang.reflect.Method)[pri:0, instance:com.nspl.HousingInfoPageTestcase.HousingProfessional_MortgageBrokerTestScript@1e178745]" started-at="2025-04-03T17:33:00 IST" name="beforeMethod" finished-at="2025-04-03T17:33:00 IST" duration-ms="0" status="PASS">
          <params>
            <param index="0">
              <value>
                <![CDATA[public void com.nspl.HousingInfoPageTestcase.HousingProfessional_MortgageBrokerTestScript.VerifyUpdateMortgageBrokerDetails()]]>
              </value>
            </param>
          </params>
          <reporter-output>
          </reporter-output>
        </test-method> <!-- beforeMethod -->
        <test-method is-config="true" signature="afterMethod(org.testng.ITestResult,java.lang.reflect.Method)[pri:0, instance:com.nspl.HousingInfoPageTestcase.HousingProfessional_MortgageBrokerTestScript@1e178745]" started-at="2025-04-03T17:34:24 IST" name="afterMethod" finished-at="2025-04-03T17:34:24 IST" duration-ms="22" status="PASS">
          <params>
            <param index="0">
              <value>
                <![CDATA[[TestResult name=VerifyUpdateMortgageBrokerDetails status=SUCCESS method=HousingProfessional_MortgageBrokerTestScript.VerifyUpdateMortgageBrokerDetails()[pri:0, instance:com.nspl.HousingInfoPageTestcase.HousingProfessional_MortgageBrokerTestScript@1e178745] output={null}]]]>
              </value>
            </param>
            <param index="1">
              <value>
                <![CDATA[public void com.nspl.HousingInfoPageTestcase.HousingProfessional_MortgageBrokerTestScript.VerifyUpdateMortgageBrokerDetails()]]>
              </value>
            </param>
          </params>
          <reporter-output>
          </reporter-output>
        </test-method> <!-- afterMethod -->
        <test-method signature="verifyToggleButton()[pri:0, instance:com.nspl.HousingInfoPageTestcase.HousingProfessional_MortgageBrokerTestScript@1e178745]" started-at="2025-04-03T17:34:24 IST" name="verifyToggleButton" finished-at="2025-04-03T17:34:48 IST" duration-ms="24355" status="FAIL">
          <exception class="org.openqa.selenium.NoSuchElementException">
            <message>
              <![CDATA[no such element: Unable to locate element: {"method":"xpath","selector":"//div[@class='btn-div addBorderToToggleButton ms-auto']//button[@class='view-btn active selectedToglleBorder']"}
  (Session info: chrome=134.0.6998.178)
For documentation on this error, please visit: https://www.selenium.dev/documentation/webdriver/troubleshooting/errors#no-such-element-exception
Build info: version: '4.16.1', revision: '9b4c83354e'
System info: os.name: 'Windows 11', os.arch: 'amd64', os.version: '10.0', java.version: '23.0.1'
Driver info: org.openqa.selenium.chrome.ChromeDriver
Command: [0d3568b670cd6545f6fc090dc2040cc2, findElement {using=xpath, value=//div[@class='btn-div addBorderToToggleButton ms-auto']//button[@class='view-btn active selectedToglleBorder']}]
Capabilities {acceptInsecureCerts: false, browserName: chrome, browserVersion: 134.0.6998.178, chrome: {chromedriverVersion: 134.0.6998.165 (fd886e2cb29..., userDataDir: C:\Users\nagai\AppData\Loca...}, fedcm:accounts: true, goog:chromeOptions: {debuggerAddress: localhost:63763}, networkConnectionEnabled: false, pageLoadStrategy: normal, platformName: windows, proxy: Proxy(), se:cdp: ws://localhost:63763/devtoo..., se:cdpVersion: 134.0.6998.178, setWindowRect: true, strictFileInteractability: false, timeouts: {implicit: 0, pageLoad: 300000, script: 30000}, unhandledPromptBehavior: dismiss and notify, webauthn:extension:credBlob: true, webauthn:extension:largeBlob: true, webauthn:extension:minPinLength: true, webauthn:extension:prf: true, webauthn:virtualAuthenticators: true}
Session ID: 0d3568b670cd6545f6fc090dc2040cc2]]>
            </message>
            <full-stacktrace>
              <![CDATA[org.openqa.selenium.NoSuchElementException: no such element: Unable to locate element: {"method":"xpath","selector":"//div[@class='btn-div addBorderToToggleButton ms-auto']//button[@class='view-btn active selectedToglleBorder']"}
  (Session info: chrome=134.0.6998.178)
For documentation on this error, please visit: https://www.selenium.dev/documentation/webdriver/troubleshooting/errors#no-such-element-exception
Build info: version: '4.16.1', revision: '9b4c83354e'
System info: os.name: 'Windows 11', os.arch: 'amd64', os.version: '10.0', java.version: '23.0.1'
Driver info: org.openqa.selenium.chrome.ChromeDriver
Command: [0d3568b670cd6545f6fc090dc2040cc2, findElement {using=xpath, value=//div[@class='btn-div addBorderToToggleButton ms-auto']//button[@class='view-btn active selectedToglleBorder']}]
Capabilities {acceptInsecureCerts: false, browserName: chrome, browserVersion: 134.0.6998.178, chrome: {chromedriverVersion: 134.0.6998.165 (fd886e2cb29..., userDataDir: C:\Users\nagai\AppData\Loca...}, fedcm:accounts: true, goog:chromeOptions: {debuggerAddress: localhost:63763}, networkConnectionEnabled: false, pageLoadStrategy: normal, platformName: windows, proxy: Proxy(), se:cdp: ws://localhost:63763/devtoo..., se:cdpVersion: 134.0.6998.178, setWindowRect: true, strictFileInteractability: false, timeouts: {implicit: 0, pageLoad: 300000, script: 30000}, unhandledPromptBehavior: dismiss and notify, webauthn:extension:credBlob: true, webauthn:extension:largeBlob: true, webauthn:extension:minPinLength: true, webauthn:extension:prf: true, webauthn:virtualAuthenticators: true}
Session ID: 0d3568b670cd6545f6fc090dc2040cc2
at java.base/jdk.internal.reflect.DirectConstructorHandleAccessor.newInstance(DirectConstructorHandleAccessor.java:62)
at java.base/java.lang.reflect.Constructor.newInstanceWithCaller(Constructor.java:501)
at java.base/java.lang.reflect.Constructor.newInstance(Constructor.java:485)
at org.openqa.selenium.remote.codec.w3c.W3CHttpResponseCodec.createException(W3CHttpResponseCodec.java:200)
at org.openqa.selenium.remote.codec.w3c.W3CHttpResponseCodec.decode(W3CHttpResponseCodec.java:133)
at org.openqa.selenium.remote.codec.w3c.W3CHttpResponseCodec.decode(W3CHttpResponseCodec.java:52)
at org.openqa.selenium.remote.HttpCommandExecutor.execute(HttpCommandExecutor.java:191)
at org.openqa.selenium.remote.service.DriverCommandExecutor.invokeExecute(DriverCommandExecutor.java:200)
at org.openqa.selenium.remote.service.DriverCommandExecutor.execute(DriverCommandExecutor.java:175)
at org.openqa.selenium.remote.RemoteWebDriver.execute(RemoteWebDriver.java:523)
at org.openqa.selenium.remote.ElementLocation$ElementFinder$2.findElement(ElementLocation.java:165)
at org.openqa.selenium.remote.ElementLocation.findElement(ElementLocation.java:59)
at org.openqa.selenium.remote.RemoteWebDriver.findElement(RemoteWebDriver.java:360)
at org.openqa.selenium.remote.RemoteWebDriver.findElement(RemoteWebDriver.java:354)
at org.openqa.selenium.support.pagefactory.DefaultElementLocator.findElement(DefaultElementLocator.java:68)
at org.openqa.selenium.support.pagefactory.internal.LocatingElementHandler.invoke(LocatingElementHandler.java:38)
at jdk.proxy2/jdk.proxy2.$Proxy20.click(Unknown Source)
at com.nspl.agingoptions.webUtil.WebUtil.click(WebUtil.java:321)
at com.Ao.HousingPage.HousingProfessionalMortgageBrokerPage.verifytoggleButton(HousingProfessionalMortgageBrokerPage.java:58)
at com.nspl.HousingInfoPageTestcase.HousingProfessional_MortgageBrokerTestScript.verifyToggleButton(HousingProfessional_MortgageBrokerTestScript.java:52)
at java.base/jdk.internal.reflect.DirectMethodHandleAccessor.invoke(DirectMethodHandleAccessor.java:103)
at java.base/java.lang.reflect.Method.invoke(Method.java:580)
at org.testng.internal.invokers.MethodInvocationHelper.invokeMethod(MethodInvocationHelper.java:141)
at org.testng.internal.invokers.TestInvoker.invokeMethod(TestInvoker.java:686)
at org.testng.internal.invokers.TestInvoker.invokeTestMethod(TestInvoker.java:230)
at org.testng.internal.invokers.MethodRunner.runInSequence(MethodRunner.java:63)
at org.testng.internal.invokers.TestInvoker$MethodInvocationAgent.invoke(TestInvoker.java:992)
at org.testng.internal.invokers.TestInvoker.invokeTestMethods(TestInvoker.java:203)
at org.testng.internal.invokers.TestMethodWorker.invokeTestMethods(TestMethodWorker.java:154)
at org.testng.internal.invokers.TestMethodWorker.run(TestMethodWorker.java:134)
at java.base/java.util.ArrayList.forEach(ArrayList.java:1597)
at org.testng.TestRunner.privateRun(TestRunner.java:739)
at org.testng.TestRunner.run(TestRunner.java:614)
at org.testng.SuiteRunner.runTest(SuiteRunner.java:421)
at org.testng.SuiteRunner.runSequentially(SuiteRunner.java:413)
at org.testng.SuiteRunner.privateRun(SuiteRunner.java:373)
at org.testng.SuiteRunner.run(SuiteRunner.java:312)
at org.testng.SuiteRunnerWorker.runSuite(SuiteRunnerWorker.java:52)
at org.testng.SuiteRunnerWorker.run(SuiteRunnerWorker.java:95)
at org.testng.TestNG.runSuitesSequentially(TestNG.java:1274)
at org.testng.TestNG.runSuitesLocally(TestNG.java:1208)
at org.testng.TestNG.runSuites(TestNG.java:1112)
at org.testng.TestNG.run(TestNG.java:1079)
at org.testng.remote.AbstractRemoteTestNG.run(AbstractRemoteTestNG.java:115)
at org.testng.remote.RemoteTestNG.initAndRun(RemoteTestNG.java:293)
at org.testng.remote.RemoteTestNG.main(RemoteTestNG.java:91)
]]>
            </full-stacktrace>
          </exception> <!-- org.openqa.selenium.NoSuchElementException -->
          <reporter-output>
          </reporter-output>
        </test-method> <!-- verifyToggleButton -->
        <test-method is-config="true" signature="beforeMethod(java.lang.reflect.Method)[pri:0, instance:com.nspl.HousingInfoPageTestcase.HousingProfessional_MortgageBrokerTestScript@1e178745]" started-at="2025-04-03T17:34:24 IST" name="beforeMethod" finished-at="2025-04-03T17:34:24 IST" duration-ms="0" status="PASS">
          <params>
            <param index="0">
              <value>
                <![CDATA[public void com.nspl.HousingInfoPageTestcase.HousingProfessional_MortgageBrokerTestScript.verifyToggleButton()]]>
              </value>
            </param>
          </params>
          <reporter-output>
          </reporter-output>
        </test-method> <!-- beforeMethod -->
        <test-method is-config="true" signature="afterMethod(org.testng.ITestResult,java.lang.reflect.Method)[pri:0, instance:com.nspl.HousingInfoPageTestcase.HousingProfessional_MortgageBrokerTestScript@1e178745]" started-at="2025-04-03T17:34:48 IST" name="afterMethod" finished-at="2025-04-03T17:34:49 IST" duration-ms="157" status="PASS">
          <params>
            <param index="0">
              <value>
                <![CDATA[[TestResult name=verifyToggleButton status=FAILURE method=HousingProfessional_MortgageBrokerTestScript.verifyToggleButton()[pri:0, instance:com.nspl.HousingInfoPageTestcase.HousingProfessional_MortgageBrokerTestScript@1e178745] output={null}]]]>
              </value>
            </param>
            <param index="1">
              <value>
                <![CDATA[public void com.nspl.HousingInfoPageTestcase.HousingProfessional_MortgageBrokerTestScript.verifyToggleButton()]]>
              </value>
            </param>
          </params>
          <reporter-output>
          </reporter-output>
        </test-method> <!-- afterMethod -->
        <test-method signature="verifyaddMortgageForPraimaryMember()[pri:0, instance:com.nspl.HousingInfoPageTestcase.HousingProfessional_MortgageBrokerTestScript@1e178745]" started-at="2025-04-03T17:34:49 IST" name="verifyaddMortgageForPraimaryMember" finished-at="2025-04-03T17:35:19 IST" duration-ms="30399" status="FAIL">
          <exception class="org.openqa.selenium.NoSuchElementException">
            <message>
              <![CDATA[no such element: Unable to locate element: {"method":"xpath","selector":"//div[@class='btn-div addBorderToToggleButton ms-auto']//button[@class='view-btn active selectedToglleBorder']"}
  (Session info: chrome=134.0.6998.178)
For documentation on this error, please visit: https://www.selenium.dev/documentation/webdriver/troubleshooting/errors#no-such-element-exception
Build info: version: '4.16.1', revision: '9b4c83354e'
System info: os.name: 'Windows 11', os.arch: 'amd64', os.version: '10.0', java.version: '23.0.1'
Driver info: org.openqa.selenium.chrome.ChromeDriver
Command: [0d3568b670cd6545f6fc090dc2040cc2, findElement {using=xpath, value=//div[@class='btn-div addBorderToToggleButton ms-auto']//button[@class='view-btn active selectedToglleBorder']}]
Capabilities {acceptInsecureCerts: false, browserName: chrome, browserVersion: 134.0.6998.178, chrome: {chromedriverVersion: 134.0.6998.165 (fd886e2cb29..., userDataDir: C:\Users\nagai\AppData\Loca...}, fedcm:accounts: true, goog:chromeOptions: {debuggerAddress: localhost:63763}, networkConnectionEnabled: false, pageLoadStrategy: normal, platformName: windows, proxy: Proxy(), se:cdp: ws://localhost:63763/devtoo..., se:cdpVersion: 134.0.6998.178, setWindowRect: true, strictFileInteractability: false, timeouts: {implicit: 0, pageLoad: 300000, script: 30000}, unhandledPromptBehavior: dismiss and notify, webauthn:extension:credBlob: true, webauthn:extension:largeBlob: true, webauthn:extension:minPinLength: true, webauthn:extension:prf: true, webauthn:virtualAuthenticators: true}
Session ID: 0d3568b670cd6545f6fc090dc2040cc2]]>
            </message>
            <full-stacktrace>
              <![CDATA[org.openqa.selenium.NoSuchElementException: no such element: Unable to locate element: {"method":"xpath","selector":"//div[@class='btn-div addBorderToToggleButton ms-auto']//button[@class='view-btn active selectedToglleBorder']"}
  (Session info: chrome=134.0.6998.178)
For documentation on this error, please visit: https://www.selenium.dev/documentation/webdriver/troubleshooting/errors#no-such-element-exception
Build info: version: '4.16.1', revision: '9b4c83354e'
System info: os.name: 'Windows 11', os.arch: 'amd64', os.version: '10.0', java.version: '23.0.1'
Driver info: org.openqa.selenium.chrome.ChromeDriver
Command: [0d3568b670cd6545f6fc090dc2040cc2, findElement {using=xpath, value=//div[@class='btn-div addBorderToToggleButton ms-auto']//button[@class='view-btn active selectedToglleBorder']}]
Capabilities {acceptInsecureCerts: false, browserName: chrome, browserVersion: 134.0.6998.178, chrome: {chromedriverVersion: 134.0.6998.165 (fd886e2cb29..., userDataDir: C:\Users\nagai\AppData\Loca...}, fedcm:accounts: true, goog:chromeOptions: {debuggerAddress: localhost:63763}, networkConnectionEnabled: false, pageLoadStrategy: normal, platformName: windows, proxy: Proxy(), se:cdp: ws://localhost:63763/devtoo..., se:cdpVersion: 134.0.6998.178, setWindowRect: true, strictFileInteractability: false, timeouts: {implicit: 0, pageLoad: 300000, script: 30000}, unhandledPromptBehavior: dismiss and notify, webauthn:extension:credBlob: true, webauthn:extension:largeBlob: true, webauthn:extension:minPinLength: true, webauthn:extension:prf: true, webauthn:virtualAuthenticators: true}
Session ID: 0d3568b670cd6545f6fc090dc2040cc2
at java.base/jdk.internal.reflect.DirectConstructorHandleAccessor.newInstance(DirectConstructorHandleAccessor.java:62)
at java.base/java.lang.reflect.Constructor.newInstanceWithCaller(Constructor.java:501)
at java.base/java.lang.reflect.Constructor.newInstance(Constructor.java:485)
at org.openqa.selenium.remote.codec.w3c.W3CHttpResponseCodec.createException(W3CHttpResponseCodec.java:200)
at org.openqa.selenium.remote.codec.w3c.W3CHttpResponseCodec.decode(W3CHttpResponseCodec.java:133)
at org.openqa.selenium.remote.codec.w3c.W3CHttpResponseCodec.decode(W3CHttpResponseCodec.java:52)
at org.openqa.selenium.remote.HttpCommandExecutor.execute(HttpCommandExecutor.java:191)
at org.openqa.selenium.remote.service.DriverCommandExecutor.invokeExecute(DriverCommandExecutor.java:200)
at org.openqa.selenium.remote.service.DriverCommandExecutor.execute(DriverCommandExecutor.java:175)
at org.openqa.selenium.remote.RemoteWebDriver.execute(RemoteWebDriver.java:523)
at org.openqa.selenium.remote.ElementLocation$ElementFinder$2.findElement(ElementLocation.java:165)
at org.openqa.selenium.remote.ElementLocation.findElement(ElementLocation.java:59)
at org.openqa.selenium.remote.RemoteWebDriver.findElement(RemoteWebDriver.java:360)
at org.openqa.selenium.remote.RemoteWebDriver.findElement(RemoteWebDriver.java:354)
at org.openqa.selenium.support.pagefactory.DefaultElementLocator.findElement(DefaultElementLocator.java:68)
at org.openqa.selenium.support.pagefactory.internal.LocatingElementHandler.invoke(LocatingElementHandler.java:38)
at jdk.proxy2/jdk.proxy2.$Proxy20.getText(Unknown Source)
at com.nspl.agingoptions.webUtil.WebUtil.getInnerText(WebUtil.java:729)
at com.Ao.HousingPage.HousingProfessionalDetailsPage.verifyClient(HousingProfessionalDetailsPage.java:26)
at com.Ao.HousingPage.HousingProfessionalDetailsPage.addProfessionalForPrimaryMember(HousingProfessionalDetailsPage.java:78)
at com.nspl.HousingInfoPageTestcase.HousingProfessional_MortgageBrokerTestScript.verifyaddMortgageForPraimaryMember(HousingProfessional_MortgageBrokerTestScript.java:64)
at java.base/jdk.internal.reflect.DirectMethodHandleAccessor.invoke(DirectMethodHandleAccessor.java:103)
at java.base/java.lang.reflect.Method.invoke(Method.java:580)
at org.testng.internal.invokers.MethodInvocationHelper.invokeMethod(MethodInvocationHelper.java:141)
at org.testng.internal.invokers.TestInvoker.invokeMethod(TestInvoker.java:686)
at org.testng.internal.invokers.TestInvoker.invokeTestMethod(TestInvoker.java:230)
at org.testng.internal.invokers.MethodRunner.runInSequence(MethodRunner.java:63)
at org.testng.internal.invokers.TestInvoker$MethodInvocationAgent.invoke(TestInvoker.java:992)
at org.testng.internal.invokers.TestInvoker.invokeTestMethods(TestInvoker.java:203)
at org.testng.internal.invokers.TestMethodWorker.invokeTestMethods(TestMethodWorker.java:154)
at org.testng.internal.invokers.TestMethodWorker.run(TestMethodWorker.java:134)
at java.base/java.util.ArrayList.forEach(ArrayList.java:1597)
at org.testng.TestRunner.privateRun(TestRunner.java:739)
at org.testng.TestRunner.run(TestRunner.java:614)
at org.testng.SuiteRunner.runTest(SuiteRunner.java:421)
at org.testng.SuiteRunner.runSequentially(SuiteRunner.java:413)
at org.testng.SuiteRunner.privateRun(SuiteRunner.java:373)
at org.testng.SuiteRunner.run(SuiteRunner.java:312)
at org.testng.SuiteRunnerWorker.runSuite(SuiteRunnerWorker.java:52)
at org.testng.SuiteRunnerWorker.run(SuiteRunnerWorker.java:95)
at org.testng.TestNG.runSuitesSequentially(TestNG.java:1274)
at org.testng.TestNG.runSuitesLocally(TestNG.java:1208)
at org.testng.TestNG.runSuites(TestNG.java:1112)
at org.testng.TestNG.run(TestNG.java:1079)
at org.testng.remote.AbstractRemoteTestNG.run(AbstractRemoteTestNG.java:115)
at org.testng.remote.RemoteTestNG.initAndRun(RemoteTestNG.java:293)
at org.testng.remote.RemoteTestNG.main(RemoteTestNG.java:91)
]]>
            </full-stacktrace>
          </exception> <!-- org.openqa.selenium.NoSuchElementException -->
          <reporter-output>
          </reporter-output>
        </test-method> <!-- verifyaddMortgageForPraimaryMember -->
        <test-method is-config="true" signature="beforeMethod(java.lang.reflect.Method)[pri:0, instance:com.nspl.HousingInfoPageTestcase.HousingProfessional_MortgageBrokerTestScript@1e178745]" started-at="2025-04-03T17:34:49 IST" name="beforeMethod" finished-at="2025-04-03T17:34:49 IST" duration-ms="0" status="PASS">
          <params>
            <param index="0">
              <value>
                <![CDATA[public void com.nspl.HousingInfoPageTestcase.HousingProfessional_MortgageBrokerTestScript.verifyaddMortgageForPraimaryMember()]]>
              </value>
            </param>
          </params>
          <reporter-output>
          </reporter-output>
        </test-method> <!-- beforeMethod -->
        <test-method is-config="true" signature="afterMethod(org.testng.ITestResult,java.lang.reflect.Method)[pri:0, instance:com.nspl.HousingInfoPageTestcase.HousingProfessional_MortgageBrokerTestScript@1e178745]" started-at="2025-04-03T17:35:19 IST" name="afterMethod" finished-at="2025-04-03T17:35:19 IST" duration-ms="137" status="PASS">
          <params>
            <param index="0">
              <value>
                <![CDATA[[TestResult name=verifyaddMortgageForPraimaryMember status=FAILURE method=HousingProfessional_MortgageBrokerTestScript.verifyaddMortgageForPraimaryMember()[pri:0, instance:com.nspl.HousingInfoPageTestcase.HousingProfessional_MortgageBrokerTestScript@1e178745] output={null}]]]>
              </value>
            </param>
            <param index="1">
              <value>
                <![CDATA[public void com.nspl.HousingInfoPageTestcase.HousingProfessional_MortgageBrokerTestScript.verifyaddMortgageForPraimaryMember()]]>
              </value>
            </param>
          </params>
          <reporter-output>
          </reporter-output>
        </test-method> <!-- afterMethod -->
        <test-method signature="verifyMortgagePageOnHousingProfessional()[pri:1, instance:com.nspl.HousingInfoPageTestcase.HousingProfessional_MortgageBrokerTestScript@1e178745]" started-at="2025-04-03T17:35:19 IST" name="verifyMortgagePageOnHousingProfessional" finished-at="2025-04-03T17:35:52 IST" duration-ms="33294" status="FAIL">
          <exception class="org.openqa.selenium.NoSuchElementException">
            <message>
              <![CDATA[no such element: Unable to locate element: {"method":"xpath","selector":"//div[@class='header-box']//p"}
  (Session info: chrome=134.0.6998.178)
For documentation on this error, please visit: https://www.selenium.dev/documentation/webdriver/troubleshooting/errors#no-such-element-exception
Build info: version: '4.16.1', revision: '9b4c83354e'
System info: os.name: 'Windows 11', os.arch: 'amd64', os.version: '10.0', java.version: '23.0.1'
Driver info: org.openqa.selenium.chrome.ChromeDriver
Command: [0d3568b670cd6545f6fc090dc2040cc2, findElement {using=xpath, value=//div[@class='header-box']//p}]
Capabilities {acceptInsecureCerts: false, browserName: chrome, browserVersion: 134.0.6998.178, chrome: {chromedriverVersion: 134.0.6998.165 (fd886e2cb29..., userDataDir: C:\Users\nagai\AppData\Loca...}, fedcm:accounts: true, goog:chromeOptions: {debuggerAddress: localhost:63763}, networkConnectionEnabled: false, pageLoadStrategy: normal, platformName: windows, proxy: Proxy(), se:cdp: ws://localhost:63763/devtoo..., se:cdpVersion: 134.0.6998.178, setWindowRect: true, strictFileInteractability: false, timeouts: {implicit: 0, pageLoad: 300000, script: 30000}, unhandledPromptBehavior: dismiss and notify, webauthn:extension:credBlob: true, webauthn:extension:largeBlob: true, webauthn:extension:minPinLength: true, webauthn:extension:prf: true, webauthn:virtualAuthenticators: true}
Session ID: 0d3568b670cd6545f6fc090dc2040cc2]]>
            </message>
            <full-stacktrace>
              <![CDATA[org.openqa.selenium.NoSuchElementException: no such element: Unable to locate element: {"method":"xpath","selector":"//div[@class='header-box']//p"}
  (Session info: chrome=134.0.6998.178)
For documentation on this error, please visit: https://www.selenium.dev/documentation/webdriver/troubleshooting/errors#no-such-element-exception
Build info: version: '4.16.1', revision: '9b4c83354e'
System info: os.name: 'Windows 11', os.arch: 'amd64', os.version: '10.0', java.version: '23.0.1'
Driver info: org.openqa.selenium.chrome.ChromeDriver
Command: [0d3568b670cd6545f6fc090dc2040cc2, findElement {using=xpath, value=//div[@class='header-box']//p}]
Capabilities {acceptInsecureCerts: false, browserName: chrome, browserVersion: 134.0.6998.178, chrome: {chromedriverVersion: 134.0.6998.165 (fd886e2cb29..., userDataDir: C:\Users\nagai\AppData\Loca...}, fedcm:accounts: true, goog:chromeOptions: {debuggerAddress: localhost:63763}, networkConnectionEnabled: false, pageLoadStrategy: normal, platformName: windows, proxy: Proxy(), se:cdp: ws://localhost:63763/devtoo..., se:cdpVersion: 134.0.6998.178, setWindowRect: true, strictFileInteractability: false, timeouts: {implicit: 0, pageLoad: 300000, script: 30000}, unhandledPromptBehavior: dismiss and notify, webauthn:extension:credBlob: true, webauthn:extension:largeBlob: true, webauthn:extension:minPinLength: true, webauthn:extension:prf: true, webauthn:virtualAuthenticators: true}
Session ID: 0d3568b670cd6545f6fc090dc2040cc2
at java.base/jdk.internal.reflect.DirectConstructorHandleAccessor.newInstance(DirectConstructorHandleAccessor.java:62)
at java.base/java.lang.reflect.Constructor.newInstanceWithCaller(Constructor.java:501)
at java.base/java.lang.reflect.Constructor.newInstance(Constructor.java:485)
at org.openqa.selenium.remote.codec.w3c.W3CHttpResponseCodec.createException(W3CHttpResponseCodec.java:200)
at org.openqa.selenium.remote.codec.w3c.W3CHttpResponseCodec.decode(W3CHttpResponseCodec.java:133)
at org.openqa.selenium.remote.codec.w3c.W3CHttpResponseCodec.decode(W3CHttpResponseCodec.java:52)
at org.openqa.selenium.remote.HttpCommandExecutor.execute(HttpCommandExecutor.java:191)
at org.openqa.selenium.remote.service.DriverCommandExecutor.invokeExecute(DriverCommandExecutor.java:200)
at org.openqa.selenium.remote.service.DriverCommandExecutor.execute(DriverCommandExecutor.java:175)
at org.openqa.selenium.remote.RemoteWebDriver.execute(RemoteWebDriver.java:523)
at org.openqa.selenium.remote.ElementLocation$ElementFinder$2.findElement(ElementLocation.java:165)
at org.openqa.selenium.remote.ElementLocation.findElement(ElementLocation.java:59)
at org.openqa.selenium.remote.RemoteWebDriver.findElement(RemoteWebDriver.java:360)
at org.openqa.selenium.remote.RemoteWebDriver.findElement(RemoteWebDriver.java:354)
at org.openqa.selenium.support.pagefactory.DefaultElementLocator.findElement(DefaultElementLocator.java:68)
at org.openqa.selenium.support.pagefactory.internal.LocatingElementHandler.invoke(LocatingElementHandler.java:38)
at jdk.proxy2/jdk.proxy2.$Proxy20.getText(Unknown Source)
at com.nspl.agingoptions.webUtil.WebUtil.verifyInnerText(WebUtil.java:252)
at com.Ao.HousingPage.HousingProfessionalDetailsPage.verifyMortgageBroker(HousingProfessionalDetailsPage.java:44)
at com.nspl.HousingInfoPageTestcase.HousingProfessional_MortgageBrokerTestScript.verifyMortgagePageOnHousingProfessional(HousingProfessional_MortgageBrokerTestScript.java:27)
at java.base/jdk.internal.reflect.DirectMethodHandleAccessor.invoke(DirectMethodHandleAccessor.java:103)
at java.base/java.lang.reflect.Method.invoke(Method.java:580)
at org.testng.internal.invokers.MethodInvocationHelper.invokeMethod(MethodInvocationHelper.java:141)
at org.testng.internal.invokers.TestInvoker.invokeMethod(TestInvoker.java:686)
at org.testng.internal.invokers.TestInvoker.invokeTestMethod(TestInvoker.java:230)
at org.testng.internal.invokers.MethodRunner.runInSequence(MethodRunner.java:63)
at org.testng.internal.invokers.TestInvoker$MethodInvocationAgent.invoke(TestInvoker.java:992)
at org.testng.internal.invokers.TestInvoker.invokeTestMethods(TestInvoker.java:203)
at org.testng.internal.invokers.TestMethodWorker.invokeTestMethods(TestMethodWorker.java:154)
at org.testng.internal.invokers.TestMethodWorker.run(TestMethodWorker.java:134)
at java.base/java.util.ArrayList.forEach(ArrayList.java:1597)
at org.testng.TestRunner.privateRun(TestRunner.java:739)
at org.testng.TestRunner.run(TestRunner.java:614)
at org.testng.SuiteRunner.runTest(SuiteRunner.java:421)
at org.testng.SuiteRunner.runSequentially(SuiteRunner.java:413)
at org.testng.SuiteRunner.privateRun(SuiteRunner.java:373)
at org.testng.SuiteRunner.run(SuiteRunner.java:312)
at org.testng.SuiteRunnerWorker.runSuite(SuiteRunnerWorker.java:52)
at org.testng.SuiteRunnerWorker.run(SuiteRunnerWorker.java:95)
at org.testng.TestNG.runSuitesSequentially(TestNG.java:1274)
at org.testng.TestNG.runSuitesLocally(TestNG.java:1208)
at org.testng.TestNG.runSuites(TestNG.java:1112)
at org.testng.TestNG.run(TestNG.java:1079)
at org.testng.remote.AbstractRemoteTestNG.run(AbstractRemoteTestNG.java:115)
at org.testng.remote.RemoteTestNG.initAndRun(RemoteTestNG.java:293)
at org.testng.remote.RemoteTestNG.main(RemoteTestNG.java:91)
]]>
            </full-stacktrace>
          </exception> <!-- org.openqa.selenium.NoSuchElementException -->
          <reporter-output>
          </reporter-output>
        </test-method> <!-- verifyMortgagePageOnHousingProfessional -->
        <test-method is-config="true" signature="beforeMethod(java.lang.reflect.Method)[pri:0, instance:com.nspl.HousingInfoPageTestcase.HousingProfessional_MortgageBrokerTestScript@1e178745]" started-at="2025-04-03T17:35:19 IST" name="beforeMethod" finished-at="2025-04-03T17:35:19 IST" duration-ms="0" status="PASS">
          <params>
            <param index="0">
              <value>
                <![CDATA[public void com.nspl.HousingInfoPageTestcase.HousingProfessional_MortgageBrokerTestScript.verifyMortgagePageOnHousingProfessional()]]>
              </value>
            </param>
          </params>
          <reporter-output>
          </reporter-output>
        </test-method> <!-- beforeMethod -->
        <test-method is-config="true" signature="afterMethod(org.testng.ITestResult,java.lang.reflect.Method)[pri:0, instance:com.nspl.HousingInfoPageTestcase.HousingProfessional_MortgageBrokerTestScript@1e178745]" started-at="2025-04-03T17:35:52 IST" name="afterMethod" finished-at="2025-04-03T17:35:53 IST" duration-ms="149" status="PASS">
          <params>
            <param index="0">
              <value>
                <![CDATA[[TestResult name=verifyMortgagePageOnHousingProfessional status=FAILURE method=HousingProfessional_MortgageBrokerTestScript.verifyMortgagePageOnHousingProfessional()[pri:1, instance:com.nspl.HousingInfoPageTestcase.HousingProfessional_MortgageBrokerTestScript@1e178745] output={null}]]]>
              </value>
            </param>
            <param index="1">
              <value>
                <![CDATA[public void com.nspl.HousingInfoPageTestcase.HousingProfessional_MortgageBrokerTestScript.verifyMortgagePageOnHousingProfessional()]]>
              </value>
            </param>
          </params>
          <reporter-output>
          </reporter-output>
        </test-method> <!-- afterMethod -->
        <test-method is-config="true" signature="afterClass()[pri:0, instance:com.nspl.HousingInfoPageTestcase.HousingProfessional_MortgageBrokerTestScript@1e178745]" started-at="2025-04-03T17:35:53 IST" name="afterClass" finished-at="2025-04-03T17:35:53 IST" duration-ms="10" status="PASS">
          <reporter-output>
          </reporter-output>
        </test-method> <!-- afterClass -->
        <test-method is-config="true" signature="afterTest()[pri:0, instance:com.nspl.HousingInfoPageTestcase.HousingProfessional_MortgageBrokerTestScript@1e178745]" started-at="2025-04-03T17:47:12 IST" name="afterTest" finished-at="2025-04-03T17:47:12 IST" duration-ms="2" status="PASS">
          <reporter-output>
          </reporter-output>
        </test-method> <!-- afterTest -->
        <test-method is-config="true" signature="afterSuite()[pri:0, instance:com.nspl.HousingInfoPageTestcase.HousingProfessional_MortgageBrokerTestScript@1e178745]" started-at="2025-04-03T17:47:12 IST" name="afterSuite" finished-at="2025-04-03T17:47:12 IST" duration-ms="9" status="PASS">
          <reporter-output>
          </reporter-output>
        </test-method> <!-- afterSuite -->
      </class> <!-- com.nspl.HousingInfoPageTestcase.HousingProfessional_MortgageBrokerTestScript -->
      <class name="com.nspl.HousingInfoPageTestcase.HousingProfessionalHandyManTestScript">
        <test-method is-config="true" signature="beforeClass()[pri:0, instance:com.nspl.HousingInfoPageTestcase.HousingProfessionalHandyManTestScript@1757cd72]" started-at="2025-04-03T17:35:53 IST" name="beforeClass" finished-at="2025-04-03T17:37:39 IST" duration-ms="105984" status="PASS">
          <reporter-output>
          </reporter-output>
        </test-method> <!-- beforeClass -->
        <test-method signature="VerifyClickIDoNotHaveHandymanCheckBox()[pri:0, instance:com.nspl.HousingInfoPageTestcase.HousingProfessionalHandyManTestScript@1757cd72]" started-at="2025-04-03T17:37:39 IST" name="VerifyClickIDoNotHaveHandymanCheckBox" finished-at="2025-04-03T17:38:06 IST" duration-ms="27718" status="PASS">
          <reporter-output>
          </reporter-output>
        </test-method> <!-- VerifyClickIDoNotHaveHandymanCheckBox -->
        <test-method is-config="true" signature="beforeMethod(java.lang.reflect.Method)[pri:0, instance:com.nspl.HousingInfoPageTestcase.HousingProfessionalHandyManTestScript@1757cd72]" started-at="2025-04-03T17:37:39 IST" name="beforeMethod" finished-at="2025-04-03T17:37:39 IST" duration-ms="0" status="PASS">
          <params>
            <param index="0">
              <value>
                <![CDATA[public void com.nspl.HousingInfoPageTestcase.HousingProfessionalHandyManTestScript.VerifyClickIDoNotHaveHandymanCheckBox()]]>
              </value>
            </param>
          </params>
          <reporter-output>
          </reporter-output>
        </test-method> <!-- beforeMethod -->
        <test-method is-config="true" signature="afterMethod(org.testng.ITestResult,java.lang.reflect.Method)[pri:0, instance:com.nspl.HousingInfoPageTestcase.HousingProfessionalHandyManTestScript@1757cd72]" started-at="2025-04-03T17:38:06 IST" name="afterMethod" finished-at="2025-04-03T17:38:06 IST" duration-ms="15" status="PASS">
          <params>
            <param index="0">
              <value>
                <![CDATA[[TestResult name=VerifyClickIDoNotHaveHandymanCheckBox status=SUCCESS method=HousingProfessionalHandyManTestScript.VerifyClickIDoNotHaveHandymanCheckBox()[pri:0, instance:com.nspl.HousingInfoPageTestcase.HousingProfessionalHandyManTestScript@1757cd72] output={null}]]]>
              </value>
            </param>
            <param index="1">
              <value>
                <![CDATA[public void com.nspl.HousingInfoPageTestcase.HousingProfessionalHandyManTestScript.VerifyClickIDoNotHaveHandymanCheckBox()]]>
              </value>
            </param>
          </params>
          <reporter-output>
          </reporter-output>
        </test-method> <!-- afterMethod -->
        <test-method signature="VerifyCopySameDataFunctionality()[pri:0, instance:com.nspl.HousingInfoPageTestcase.HousingProfessionalHandyManTestScript@1757cd72]" started-at="2025-04-03T17:38:06 IST" name="VerifyCopySameDataFunctionality" finished-at="2025-04-03T17:39:28 IST" duration-ms="81388" status="PASS">
          <reporter-output>
          </reporter-output>
        </test-method> <!-- VerifyCopySameDataFunctionality -->
        <test-method is-config="true" signature="beforeMethod(java.lang.reflect.Method)[pri:0, instance:com.nspl.HousingInfoPageTestcase.HousingProfessionalHandyManTestScript@1757cd72]" started-at="2025-04-03T17:38:06 IST" name="beforeMethod" finished-at="2025-04-03T17:38:06 IST" duration-ms="0" status="PASS">
          <params>
            <param index="0">
              <value>
                <![CDATA[public void com.nspl.HousingInfoPageTestcase.HousingProfessionalHandyManTestScript.VerifyCopySameDataFunctionality()]]>
              </value>
            </param>
          </params>
          <reporter-output>
          </reporter-output>
        </test-method> <!-- beforeMethod -->
        <test-method is-config="true" signature="afterMethod(org.testng.ITestResult,java.lang.reflect.Method)[pri:0, instance:com.nspl.HousingInfoPageTestcase.HousingProfessionalHandyManTestScript@1757cd72]" started-at="2025-04-03T17:39:28 IST" name="afterMethod" finished-at="2025-04-03T17:39:28 IST" duration-ms="32" status="PASS">
          <params>
            <param index="0">
              <value>
                <![CDATA[[TestResult name=VerifyCopySameDataFunctionality status=SUCCESS method=HousingProfessionalHandyManTestScript.VerifyCopySameDataFunctionality()[pri:0, instance:com.nspl.HousingInfoPageTestcase.HousingProfessionalHandyManTestScript@1757cd72] output={null}]]]>
              </value>
            </param>
            <param index="1">
              <value>
                <![CDATA[public void com.nspl.HousingInfoPageTestcase.HousingProfessionalHandyManTestScript.VerifyCopySameDataFunctionality()]]>
              </value>
            </param>
          </params>
          <reporter-output>
          </reporter-output>
        </test-method> <!-- afterMethod -->
        <test-method signature="VerifyIdONotHaveHandymanCheckBoxFunctionality()[pri:0, instance:com.nspl.HousingInfoPageTestcase.HousingProfessionalHandyManTestScript@1757cd72]" started-at="2025-04-03T17:39:28 IST" name="VerifyIdONotHaveHandymanCheckBoxFunctionality" finished-at="2025-04-03T17:39:50 IST" duration-ms="22486" status="PASS">
          <reporter-output>
          </reporter-output>
        </test-method> <!-- VerifyIdONotHaveHandymanCheckBoxFunctionality -->
        <test-method is-config="true" signature="beforeMethod(java.lang.reflect.Method)[pri:0, instance:com.nspl.HousingInfoPageTestcase.HousingProfessionalHandyManTestScript@1757cd72]" started-at="2025-04-03T17:39:28 IST" name="beforeMethod" finished-at="2025-04-03T17:39:28 IST" duration-ms="0" status="PASS">
          <params>
            <param index="0">
              <value>
                <![CDATA[public void com.nspl.HousingInfoPageTestcase.HousingProfessionalHandyManTestScript.VerifyIdONotHaveHandymanCheckBoxFunctionality()]]>
              </value>
            </param>
          </params>
          <reporter-output>
          </reporter-output>
        </test-method> <!-- beforeMethod -->
        <test-method is-config="true" signature="afterMethod(org.testng.ITestResult,java.lang.reflect.Method)[pri:0, instance:com.nspl.HousingInfoPageTestcase.HousingProfessionalHandyManTestScript@1757cd72]" started-at="2025-04-03T17:39:50 IST" name="afterMethod" finished-at="2025-04-03T17:39:50 IST" duration-ms="15" status="PASS">
          <params>
            <param index="0">
              <value>
                <![CDATA[[TestResult name=VerifyIdONotHaveHandymanCheckBoxFunctionality status=SUCCESS method=HousingProfessionalHandyManTestScript.VerifyIdONotHaveHandymanCheckBoxFunctionality()[pri:0, instance:com.nspl.HousingInfoPageTestcase.HousingProfessionalHandyManTestScript@1757cd72] output={null}]]]>
              </value>
            </param>
            <param index="1">
              <value>
                <![CDATA[public void com.nspl.HousingInfoPageTestcase.HousingProfessionalHandyManTestScript.VerifyIdONotHaveHandymanCheckBoxFunctionality()]]>
              </value>
            </param>
          </params>
          <reporter-output>
          </reporter-output>
        </test-method> <!-- afterMethod -->
        <test-method signature="VerifySaveAndAddAnotherPrimaryMemberHandymanDetails()[pri:0, instance:com.nspl.HousingInfoPageTestcase.HousingProfessionalHandyManTestScript@1757cd72]" started-at="2025-04-03T17:39:50 IST" name="VerifySaveAndAddAnotherPrimaryMemberHandymanDetails" finished-at="2025-04-03T17:40:51 IST" duration-ms="60868" status="PASS">
          <reporter-output>
          </reporter-output>
        </test-method> <!-- VerifySaveAndAddAnotherPrimaryMemberHandymanDetails -->
        <test-method is-config="true" signature="beforeMethod(java.lang.reflect.Method)[pri:0, instance:com.nspl.HousingInfoPageTestcase.HousingProfessionalHandyManTestScript@1757cd72]" started-at="2025-04-03T17:39:50 IST" name="beforeMethod" finished-at="2025-04-03T17:39:50 IST" duration-ms="0" status="PASS">
          <params>
            <param index="0">
              <value>
                <![CDATA[public void com.nspl.HousingInfoPageTestcase.HousingProfessionalHandyManTestScript.VerifySaveAndAddAnotherPrimaryMemberHandymanDetails()]]>
              </value>
            </param>
          </params>
          <reporter-output>
          </reporter-output>
        </test-method> <!-- beforeMethod -->
        <test-method is-config="true" signature="afterMethod(org.testng.ITestResult,java.lang.reflect.Method)[pri:0, instance:com.nspl.HousingInfoPageTestcase.HousingProfessionalHandyManTestScript@1757cd72]" started-at="2025-04-03T17:40:51 IST" name="afterMethod" finished-at="2025-04-03T17:40:51 IST" duration-ms="25" status="PASS">
          <params>
            <param index="0">
              <value>
                <![CDATA[[TestResult name=VerifySaveAndAddAnotherPrimaryMemberHandymanDetails status=SUCCESS method=HousingProfessionalHandyManTestScript.VerifySaveAndAddAnotherPrimaryMemberHandymanDetails()[pri:0, instance:com.nspl.HousingInfoPageTestcase.HousingProfessionalHandyManTestScript@1757cd72] output={null}]]]>
              </value>
            </param>
            <param index="1">
              <value>
                <![CDATA[public void com.nspl.HousingInfoPageTestcase.HousingProfessionalHandyManTestScript.VerifySaveAndAddAnotherPrimaryMemberHandymanDetails()]]>
              </value>
            </param>
          </params>
          <reporter-output>
          </reporter-output>
        </test-method> <!-- afterMethod -->
        <test-method signature="VerifySaveAndAddAnotherSpouseHandymanDetails()[pri:0, instance:com.nspl.HousingInfoPageTestcase.HousingProfessionalHandyManTestScript@1757cd72]" started-at="2025-04-03T17:40:51 IST" name="VerifySaveAndAddAnotherSpouseHandymanDetails" finished-at="2025-04-03T17:41:56 IST" duration-ms="65022" status="PASS">
          <reporter-output>
          </reporter-output>
        </test-method> <!-- VerifySaveAndAddAnotherSpouseHandymanDetails -->
        <test-method is-config="true" signature="beforeMethod(java.lang.reflect.Method)[pri:0, instance:com.nspl.HousingInfoPageTestcase.HousingProfessionalHandyManTestScript@1757cd72]" started-at="2025-04-03T17:40:51 IST" name="beforeMethod" finished-at="2025-04-03T17:40:51 IST" duration-ms="0" status="PASS">
          <params>
            <param index="0">
              <value>
                <![CDATA[public void com.nspl.HousingInfoPageTestcase.HousingProfessionalHandyManTestScript.VerifySaveAndAddAnotherSpouseHandymanDetails()]]>
              </value>
            </param>
          </params>
          <reporter-output>
          </reporter-output>
        </test-method> <!-- beforeMethod -->
        <test-method is-config="true" signature="afterMethod(org.testng.ITestResult,java.lang.reflect.Method)[pri:0, instance:com.nspl.HousingInfoPageTestcase.HousingProfessionalHandyManTestScript@1757cd72]" started-at="2025-04-03T17:41:56 IST" name="afterMethod" finished-at="2025-04-03T17:41:56 IST" duration-ms="25" status="PASS">
          <params>
            <param index="0">
              <value>
                <![CDATA[[TestResult name=VerifySaveAndAddAnotherSpouseHandymanDetails status=SUCCESS method=HousingProfessionalHandyManTestScript.VerifySaveAndAddAnotherSpouseHandymanDetails()[pri:0, instance:com.nspl.HousingInfoPageTestcase.HousingProfessionalHandyManTestScript@1757cd72] output={null}]]]>
              </value>
            </param>
            <param index="1">
              <value>
                <![CDATA[public void com.nspl.HousingInfoPageTestcase.HousingProfessionalHandyManTestScript.VerifySaveAndAddAnotherSpouseHandymanDetails()]]>
              </value>
            </param>
          </params>
          <reporter-output>
          </reporter-output>
        </test-method> <!-- afterMethod -->
        <test-method is-config="true" signature="beforeMethod(java.lang.reflect.Method)[pri:0, instance:com.nspl.HousingInfoPageTestcase.HousingProfessionalHandyManTestScript@1757cd72]" started-at="2025-04-03T17:41:56 IST" name="beforeMethod" finished-at="2025-04-03T17:41:56 IST" duration-ms="1" status="PASS">
          <params>
            <param index="0">
              <value>
                <![CDATA[public void com.nspl.HousingInfoPageTestcase.HousingProfessionalHandyManTestScript.VerifySaveAndContinueSpouseHandymanDetails()]]>
              </value>
            </param>
          </params>
          <reporter-output>
          </reporter-output>
        </test-method> <!-- beforeMethod -->
        <test-method signature="VerifySaveAndContinueSpouseHandymanDetails()[pri:0, instance:com.nspl.HousingInfoPageTestcase.HousingProfessionalHandyManTestScript@1757cd72]" started-at="2025-04-03T17:41:56 IST" name="VerifySaveAndContinueSpouseHandymanDetails" finished-at="2025-04-03T17:42:55 IST" duration-ms="58596" status="PASS">
          <reporter-output>
          </reporter-output>
        </test-method> <!-- VerifySaveAndContinueSpouseHandymanDetails -->
        <test-method is-config="true" signature="afterMethod(org.testng.ITestResult,java.lang.reflect.Method)[pri:0, instance:com.nspl.HousingInfoPageTestcase.HousingProfessionalHandyManTestScript@1757cd72]" started-at="2025-04-03T17:42:55 IST" name="afterMethod" finished-at="2025-04-03T17:42:55 IST" duration-ms="17" status="PASS">
          <params>
            <param index="0">
              <value>
                <![CDATA[[TestResult name=VerifySaveAndContinueSpouseHandymanDetails status=SUCCESS method=HousingProfessionalHandyManTestScript.VerifySaveAndContinueSpouseHandymanDetails()[pri:0, instance:com.nspl.HousingInfoPageTestcase.HousingProfessionalHandyManTestScript@1757cd72] output={null}]]]>
              </value>
            </param>
            <param index="1">
              <value>
                <![CDATA[public void com.nspl.HousingInfoPageTestcase.HousingProfessionalHandyManTestScript.VerifySaveAndContinueSpouseHandymanDetails()]]>
              </value>
            </param>
          </params>
          <reporter-output>
          </reporter-output>
        </test-method> <!-- afterMethod -->
        <test-method signature="VerifySaveAndproceedPrimaryMemberHandyManDetails()[pri:0, instance:com.nspl.HousingInfoPageTestcase.HousingProfessionalHandyManTestScript@1757cd72]" started-at="2025-04-03T17:42:55 IST" name="VerifySaveAndproceedPrimaryMemberHandyManDetails" finished-at="2025-04-03T17:44:01 IST" duration-ms="66559" status="FAIL">
          <exception class="org.openqa.selenium.NoSuchElementException">
            <message>
              <![CDATA[no such element: Unable to locate element: {"method":"xpath","selector":"(//div[@class='btn-div addBorderToToggleButton ms-auto']//button)[1]"}
  (Session info: chrome=134.0.6998.178)
For documentation on this error, please visit: https://www.selenium.dev/documentation/webdriver/troubleshooting/errors#no-such-element-exception
Build info: version: '4.16.1', revision: '9b4c83354e'
System info: os.name: 'Windows 11', os.arch: 'amd64', os.version: '10.0', java.version: '23.0.1'
Driver info: org.openqa.selenium.chrome.ChromeDriver
Command: [8583ebe379b53fe1f3da3d3acbdb3f85, findElement {using=xpath, value=(//div[@class='btn-div addBorderToToggleButton ms-auto']//button)[1]}]
Capabilities {acceptInsecureCerts: false, browserName: chrome, browserVersion: 134.0.6998.178, chrome: {chromedriverVersion: 134.0.6998.165 (fd886e2cb29..., userDataDir: C:\Users\nagai\AppData\Loca...}, fedcm:accounts: true, goog:chromeOptions: {debuggerAddress: localhost:64262}, networkConnectionEnabled: false, pageLoadStrategy: normal, platformName: windows, proxy: Proxy(), se:cdp: ws://localhost:64262/devtoo..., se:cdpVersion: 134.0.6998.178, setWindowRect: true, strictFileInteractability: false, timeouts: {implicit: 0, pageLoad: 300000, script: 30000}, unhandledPromptBehavior: dismiss and notify, webauthn:extension:credBlob: true, webauthn:extension:largeBlob: true, webauthn:extension:minPinLength: true, webauthn:extension:prf: true, webauthn:virtualAuthenticators: true}
Session ID: 8583ebe379b53fe1f3da3d3acbdb3f85]]>
            </message>
            <full-stacktrace>
              <![CDATA[org.openqa.selenium.NoSuchElementException: no such element: Unable to locate element: {"method":"xpath","selector":"(//div[@class='btn-div addBorderToToggleButton ms-auto']//button)[1]"}
  (Session info: chrome=134.0.6998.178)
For documentation on this error, please visit: https://www.selenium.dev/documentation/webdriver/troubleshooting/errors#no-such-element-exception
Build info: version: '4.16.1', revision: '9b4c83354e'
System info: os.name: 'Windows 11', os.arch: 'amd64', os.version: '10.0', java.version: '23.0.1'
Driver info: org.openqa.selenium.chrome.ChromeDriver
Command: [8583ebe379b53fe1f3da3d3acbdb3f85, findElement {using=xpath, value=(//div[@class='btn-div addBorderToToggleButton ms-auto']//button)[1]}]
Capabilities {acceptInsecureCerts: false, browserName: chrome, browserVersion: 134.0.6998.178, chrome: {chromedriverVersion: 134.0.6998.165 (fd886e2cb29..., userDataDir: C:\Users\nagai\AppData\Loca...}, fedcm:accounts: true, goog:chromeOptions: {debuggerAddress: localhost:64262}, networkConnectionEnabled: false, pageLoadStrategy: normal, platformName: windows, proxy: Proxy(), se:cdp: ws://localhost:64262/devtoo..., se:cdpVersion: 134.0.6998.178, setWindowRect: true, strictFileInteractability: false, timeouts: {implicit: 0, pageLoad: 300000, script: 30000}, unhandledPromptBehavior: dismiss and notify, webauthn:extension:credBlob: true, webauthn:extension:largeBlob: true, webauthn:extension:minPinLength: true, webauthn:extension:prf: true, webauthn:virtualAuthenticators: true}
Session ID: 8583ebe379b53fe1f3da3d3acbdb3f85
at java.base/jdk.internal.reflect.DirectConstructorHandleAccessor.newInstance(DirectConstructorHandleAccessor.java:62)
at java.base/java.lang.reflect.Constructor.newInstanceWithCaller(Constructor.java:501)
at java.base/java.lang.reflect.Constructor.newInstance(Constructor.java:485)
at org.openqa.selenium.remote.codec.w3c.W3CHttpResponseCodec.createException(W3CHttpResponseCodec.java:200)
at org.openqa.selenium.remote.codec.w3c.W3CHttpResponseCodec.decode(W3CHttpResponseCodec.java:133)
at org.openqa.selenium.remote.codec.w3c.W3CHttpResponseCodec.decode(W3CHttpResponseCodec.java:52)
at org.openqa.selenium.remote.HttpCommandExecutor.execute(HttpCommandExecutor.java:191)
at org.openqa.selenium.remote.service.DriverCommandExecutor.invokeExecute(DriverCommandExecutor.java:200)
at org.openqa.selenium.remote.service.DriverCommandExecutor.execute(DriverCommandExecutor.java:175)
at org.openqa.selenium.remote.RemoteWebDriver.execute(RemoteWebDriver.java:523)
at org.openqa.selenium.remote.ElementLocation$ElementFinder$2.findElement(ElementLocation.java:165)
at org.openqa.selenium.remote.ElementLocation.findElement(ElementLocation.java:59)
at org.openqa.selenium.remote.RemoteWebDriver.findElement(RemoteWebDriver.java:360)
at org.openqa.selenium.remote.RemoteWebDriver.findElement(RemoteWebDriver.java:354)
at org.openqa.selenium.support.pagefactory.DefaultElementLocator.findElement(DefaultElementLocator.java:68)
at org.openqa.selenium.support.pagefactory.internal.LocatingElementHandler.invoke(LocatingElementHandler.java:38)
at jdk.proxy2/jdk.proxy2.$Proxy20.click(Unknown Source)
at com.nspl.agingoptions.webUtil.WebUtil.click(WebUtil.java:321)
at com.Ao.HousingPage.HousingProfessionalDetailsPage.saveAndProceedPrimaryMemberProfessionalDetail(HousingProfessionalDetailsPage.java:172)
at com.nspl.HousingInfoPageTestcase.HousingProfessionalHandyManTestScript.VerifySaveAndproceedPrimaryMemberHandyManDetails(HousingProfessionalHandyManTestScript.java:84)
at java.base/jdk.internal.reflect.DirectMethodHandleAccessor.invoke(DirectMethodHandleAccessor.java:103)
at java.base/java.lang.reflect.Method.invoke(Method.java:580)
at org.testng.internal.invokers.MethodInvocationHelper.invokeMethod(MethodInvocationHelper.java:141)
at org.testng.internal.invokers.TestInvoker.invokeMethod(TestInvoker.java:686)
at org.testng.internal.invokers.TestInvoker.invokeTestMethod(TestInvoker.java:230)
at org.testng.internal.invokers.MethodRunner.runInSequence(MethodRunner.java:63)
at org.testng.internal.invokers.TestInvoker$MethodInvocationAgent.invoke(TestInvoker.java:992)
at org.testng.internal.invokers.TestInvoker.invokeTestMethods(TestInvoker.java:203)
at org.testng.internal.invokers.TestMethodWorker.invokeTestMethods(TestMethodWorker.java:154)
at org.testng.internal.invokers.TestMethodWorker.run(TestMethodWorker.java:134)
at java.base/java.util.ArrayList.forEach(ArrayList.java:1597)
at org.testng.TestRunner.privateRun(TestRunner.java:739)
at org.testng.TestRunner.run(TestRunner.java:614)
at org.testng.SuiteRunner.runTest(SuiteRunner.java:421)
at org.testng.SuiteRunner.runSequentially(SuiteRunner.java:413)
at org.testng.SuiteRunner.privateRun(SuiteRunner.java:373)
at org.testng.SuiteRunner.run(SuiteRunner.java:312)
at org.testng.SuiteRunnerWorker.runSuite(SuiteRunnerWorker.java:52)
at org.testng.SuiteRunnerWorker.run(SuiteRunnerWorker.java:95)
at org.testng.TestNG.runSuitesSequentially(TestNG.java:1274)
at org.testng.TestNG.runSuitesLocally(TestNG.java:1208)
at org.testng.TestNG.runSuites(TestNG.java:1112)
at org.testng.TestNG.run(TestNG.java:1079)
at org.testng.remote.AbstractRemoteTestNG.run(AbstractRemoteTestNG.java:115)
at org.testng.remote.RemoteTestNG.initAndRun(RemoteTestNG.java:293)
at org.testng.remote.RemoteTestNG.main(RemoteTestNG.java:91)
]]>
            </full-stacktrace>
          </exception> <!-- org.openqa.selenium.NoSuchElementException -->
          <reporter-output>
          </reporter-output>
        </test-method> <!-- VerifySaveAndproceedPrimaryMemberHandyManDetails -->
        <test-method is-config="true" signature="beforeMethod(java.lang.reflect.Method)[pri:0, instance:com.nspl.HousingInfoPageTestcase.HousingProfessionalHandyManTestScript@1757cd72]" started-at="2025-04-03T17:42:55 IST" name="beforeMethod" finished-at="2025-04-03T17:42:55 IST" duration-ms="0" status="PASS">
          <params>
            <param index="0">
              <value>
                <![CDATA[public void com.nspl.HousingInfoPageTestcase.HousingProfessionalHandyManTestScript.VerifySaveAndproceedPrimaryMemberHandyManDetails()]]>
              </value>
            </param>
          </params>
          <reporter-output>
          </reporter-output>
        </test-method> <!-- beforeMethod -->
        <test-method is-config="true" signature="afterMethod(org.testng.ITestResult,java.lang.reflect.Method)[pri:0, instance:com.nspl.HousingInfoPageTestcase.HousingProfessionalHandyManTestScript@1757cd72]" started-at="2025-04-03T17:44:01 IST" name="afterMethod" finished-at="2025-04-03T17:44:01 IST" duration-ms="178" status="PASS">
          <params>
            <param index="0">
              <value>
                <![CDATA[[TestResult name=VerifySaveAndproceedPrimaryMemberHandyManDetails status=FAILURE method=HousingProfessionalHandyManTestScript.VerifySaveAndproceedPrimaryMemberHandyManDetails()[pri:0, instance:com.nspl.HousingInfoPageTestcase.HousingProfessionalHandyManTestScript@1757cd72] output={null}]]]>
              </value>
            </param>
            <param index="1">
              <value>
                <![CDATA[public void com.nspl.HousingInfoPageTestcase.HousingProfessionalHandyManTestScript.VerifySaveAndproceedPrimaryMemberHandyManDetails()]]>
              </value>
            </param>
          </params>
          <reporter-output>
          </reporter-output>
        </test-method> <!-- afterMethod -->
        <test-method signature="VerifyUpdateHandymanDetails()[pri:0, instance:com.nspl.HousingInfoPageTestcase.HousingProfessionalHandyManTestScript@1757cd72]" started-at="2025-04-03T17:44:01 IST" name="VerifyUpdateHandymanDetails" finished-at="2025-04-03T17:45:00 IST" duration-ms="59016" status="FAIL">
          <exception class="org.openqa.selenium.NoSuchElementException">
            <message>
              <![CDATA[no such element: Unable to locate element: {"method":"xpath","selector":"//img[@alt='Edit Icon']"}
  (Session info: chrome=134.0.6998.178)
For documentation on this error, please visit: https://www.selenium.dev/documentation/webdriver/troubleshooting/errors#no-such-element-exception
Build info: version: '4.16.1', revision: '9b4c83354e'
System info: os.name: 'Windows 11', os.arch: 'amd64', os.version: '10.0', java.version: '23.0.1'
Driver info: org.openqa.selenium.chrome.ChromeDriver
Command: [8583ebe379b53fe1f3da3d3acbdb3f85, findElement {using=xpath, value=//img[@alt='Edit Icon']}]
Capabilities {acceptInsecureCerts: false, browserName: chrome, browserVersion: 134.0.6998.178, chrome: {chromedriverVersion: 134.0.6998.165 (fd886e2cb29..., userDataDir: C:\Users\nagai\AppData\Loca...}, fedcm:accounts: true, goog:chromeOptions: {debuggerAddress: localhost:64262}, networkConnectionEnabled: false, pageLoadStrategy: normal, platformName: windows, proxy: Proxy(), se:cdp: ws://localhost:64262/devtoo..., se:cdpVersion: 134.0.6998.178, setWindowRect: true, strictFileInteractability: false, timeouts: {implicit: 0, pageLoad: 300000, script: 30000}, unhandledPromptBehavior: dismiss and notify, webauthn:extension:credBlob: true, webauthn:extension:largeBlob: true, webauthn:extension:minPinLength: true, webauthn:extension:prf: true, webauthn:virtualAuthenticators: true}
Session ID: 8583ebe379b53fe1f3da3d3acbdb3f85]]>
            </message>
            <full-stacktrace>
              <![CDATA[org.openqa.selenium.NoSuchElementException: no such element: Unable to locate element: {"method":"xpath","selector":"//img[@alt='Edit Icon']"}
  (Session info: chrome=134.0.6998.178)
For documentation on this error, please visit: https://www.selenium.dev/documentation/webdriver/troubleshooting/errors#no-such-element-exception
Build info: version: '4.16.1', revision: '9b4c83354e'
System info: os.name: 'Windows 11', os.arch: 'amd64', os.version: '10.0', java.version: '23.0.1'
Driver info: org.openqa.selenium.chrome.ChromeDriver
Command: [8583ebe379b53fe1f3da3d3acbdb3f85, findElement {using=xpath, value=//img[@alt='Edit Icon']}]
Capabilities {acceptInsecureCerts: false, browserName: chrome, browserVersion: 134.0.6998.178, chrome: {chromedriverVersion: 134.0.6998.165 (fd886e2cb29..., userDataDir: C:\Users\nagai\AppData\Loca...}, fedcm:accounts: true, goog:chromeOptions: {debuggerAddress: localhost:64262}, networkConnectionEnabled: false, pageLoadStrategy: normal, platformName: windows, proxy: Proxy(), se:cdp: ws://localhost:64262/devtoo..., se:cdpVersion: 134.0.6998.178, setWindowRect: true, strictFileInteractability: false, timeouts: {implicit: 0, pageLoad: 300000, script: 30000}, unhandledPromptBehavior: dismiss and notify, webauthn:extension:credBlob: true, webauthn:extension:largeBlob: true, webauthn:extension:minPinLength: true, webauthn:extension:prf: true, webauthn:virtualAuthenticators: true}
Session ID: 8583ebe379b53fe1f3da3d3acbdb3f85
at java.base/jdk.internal.reflect.DirectConstructorHandleAccessor.newInstance(DirectConstructorHandleAccessor.java:62)
at java.base/java.lang.reflect.Constructor.newInstanceWithCaller(Constructor.java:501)
at java.base/java.lang.reflect.Constructor.newInstance(Constructor.java:485)
at org.openqa.selenium.remote.codec.w3c.W3CHttpResponseCodec.createException(W3CHttpResponseCodec.java:200)
at org.openqa.selenium.remote.codec.w3c.W3CHttpResponseCodec.decode(W3CHttpResponseCodec.java:133)
at org.openqa.selenium.remote.codec.w3c.W3CHttpResponseCodec.decode(W3CHttpResponseCodec.java:52)
at org.openqa.selenium.remote.HttpCommandExecutor.execute(HttpCommandExecutor.java:191)
at org.openqa.selenium.remote.service.DriverCommandExecutor.invokeExecute(DriverCommandExecutor.java:200)
at org.openqa.selenium.remote.service.DriverCommandExecutor.execute(DriverCommandExecutor.java:175)
at org.openqa.selenium.remote.RemoteWebDriver.execute(RemoteWebDriver.java:523)
at org.openqa.selenium.remote.ElementLocation$ElementFinder$2.findElement(ElementLocation.java:165)
at org.openqa.selenium.remote.ElementLocation.findElement(ElementLocation.java:59)
at org.openqa.selenium.remote.RemoteWebDriver.findElement(RemoteWebDriver.java:360)
at org.openqa.selenium.remote.RemoteWebDriver.findElement(RemoteWebDriver.java:354)
at org.openqa.selenium.support.pagefactory.DefaultElementLocator.findElement(DefaultElementLocator.java:68)
at org.openqa.selenium.support.pagefactory.internal.LocatingElementHandler.invoke(LocatingElementHandler.java:38)
at jdk.proxy2/jdk.proxy2.$Proxy20.click(Unknown Source)
at com.nspl.agingoptions.webUtil.WebUtil.click(WebUtil.java:321)
at com.Ao.HousingPage.HousingProfessionalDetailsPage.GoToClickEditIcon(HousingProfessionalDetailsPage.java:41)
at com.Ao.HousingPage.HousingProfessionalDetailsPage.UpdateProfessionalDetails(HousingProfessionalDetailsPage.java:438)
at com.nspl.HousingInfoPageTestcase.HousingProfessionalHandyManTestScript.VerifyUpdateHandymanDetails(HousingProfessionalHandyManTestScript.java:139)
at java.base/jdk.internal.reflect.DirectMethodHandleAccessor.invoke(DirectMethodHandleAccessor.java:103)
at java.base/java.lang.reflect.Method.invoke(Method.java:580)
at org.testng.internal.invokers.MethodInvocationHelper.invokeMethod(MethodInvocationHelper.java:141)
at org.testng.internal.invokers.TestInvoker.invokeMethod(TestInvoker.java:686)
at org.testng.internal.invokers.TestInvoker.invokeTestMethod(TestInvoker.java:230)
at org.testng.internal.invokers.MethodRunner.runInSequence(MethodRunner.java:63)
at org.testng.internal.invokers.TestInvoker$MethodInvocationAgent.invoke(TestInvoker.java:992)
at org.testng.internal.invokers.TestInvoker.invokeTestMethods(TestInvoker.java:203)
at org.testng.internal.invokers.TestMethodWorker.invokeTestMethods(TestMethodWorker.java:154)
at org.testng.internal.invokers.TestMethodWorker.run(TestMethodWorker.java:134)
at java.base/java.util.ArrayList.forEach(ArrayList.java:1597)
at org.testng.TestRunner.privateRun(TestRunner.java:739)
at org.testng.TestRunner.run(TestRunner.java:614)
at org.testng.SuiteRunner.runTest(SuiteRunner.java:421)
at org.testng.SuiteRunner.runSequentially(SuiteRunner.java:413)
at org.testng.SuiteRunner.privateRun(SuiteRunner.java:373)
at org.testng.SuiteRunner.run(SuiteRunner.java:312)
at org.testng.SuiteRunnerWorker.runSuite(SuiteRunnerWorker.java:52)
at org.testng.SuiteRunnerWorker.run(SuiteRunnerWorker.java:95)
at org.testng.TestNG.runSuitesSequentially(TestNG.java:1274)
at org.testng.TestNG.runSuitesLocally(TestNG.java:1208)
at org.testng.TestNG.runSuites(TestNG.java:1112)
at org.testng.TestNG.run(TestNG.java:1079)
at org.testng.remote.AbstractRemoteTestNG.run(AbstractRemoteTestNG.java:115)
at org.testng.remote.RemoteTestNG.initAndRun(RemoteTestNG.java:293)
at org.testng.remote.RemoteTestNG.main(RemoteTestNG.java:91)
]]>
            </full-stacktrace>
          </exception> <!-- org.openqa.selenium.NoSuchElementException -->
          <reporter-output>
          </reporter-output>
        </test-method> <!-- VerifyUpdateHandymanDetails -->
        <test-method is-config="true" signature="beforeMethod(java.lang.reflect.Method)[pri:0, instance:com.nspl.HousingInfoPageTestcase.HousingProfessionalHandyManTestScript@1757cd72]" started-at="2025-04-03T17:44:01 IST" name="beforeMethod" finished-at="2025-04-03T17:44:01 IST" duration-ms="0" status="PASS">
          <params>
            <param index="0">
              <value>
                <![CDATA[public void com.nspl.HousingInfoPageTestcase.HousingProfessionalHandyManTestScript.VerifyUpdateHandymanDetails()]]>
              </value>
            </param>
          </params>
          <reporter-output>
          </reporter-output>
        </test-method> <!-- beforeMethod -->
        <test-method is-config="true" signature="afterMethod(org.testng.ITestResult,java.lang.reflect.Method)[pri:0, instance:com.nspl.HousingInfoPageTestcase.HousingProfessionalHandyManTestScript@1757cd72]" started-at="2025-04-03T17:45:00 IST" name="afterMethod" finished-at="2025-04-03T17:45:01 IST" duration-ms="175" status="PASS">
          <params>
            <param index="0">
              <value>
                <![CDATA[[TestResult name=VerifyUpdateHandymanDetails status=FAILURE method=HousingProfessionalHandyManTestScript.VerifyUpdateHandymanDetails()[pri:0, instance:com.nspl.HousingInfoPageTestcase.HousingProfessionalHandyManTestScript@1757cd72] output={null}]]]>
              </value>
            </param>
            <param index="1">
              <value>
                <![CDATA[public void com.nspl.HousingInfoPageTestcase.HousingProfessionalHandyManTestScript.VerifyUpdateHandymanDetails()]]>
              </value>
            </param>
          </params>
          <reporter-output>
          </reporter-output>
        </test-method> <!-- afterMethod -->
        <test-method is-config="true" signature="beforeMethod(java.lang.reflect.Method)[pri:0, instance:com.nspl.HousingInfoPageTestcase.HousingProfessionalHandyManTestScript@1757cd72]" started-at="2025-04-03T17:45:01 IST" name="beforeMethod" finished-at="2025-04-03T17:45:01 IST" duration-ms="1" status="PASS">
          <params>
            <param index="0">
              <value>
                <![CDATA[public void com.nspl.HousingInfoPageTestcase.HousingProfessionalHandyManTestScript.verifyToggleButton()]]>
              </value>
            </param>
          </params>
          <reporter-output>
          </reporter-output>
        </test-method> <!-- beforeMethod -->
        <test-method signature="verifyToggleButton()[pri:0, instance:com.nspl.HousingInfoPageTestcase.HousingProfessionalHandyManTestScript@1757cd72]" started-at="2025-04-03T17:45:01 IST" name="verifyToggleButton" finished-at="2025-04-03T17:45:30 IST" duration-ms="29633" status="PASS">
          <reporter-output>
          </reporter-output>
        </test-method> <!-- verifyToggleButton -->
        <test-method is-config="true" signature="afterMethod(org.testng.ITestResult,java.lang.reflect.Method)[pri:0, instance:com.nspl.HousingInfoPageTestcase.HousingProfessionalHandyManTestScript@1757cd72]" started-at="2025-04-03T17:45:30 IST" name="afterMethod" finished-at="2025-04-03T17:45:30 IST" duration-ms="26" status="PASS">
          <params>
            <param index="0">
              <value>
                <![CDATA[[TestResult name=verifyToggleButton status=SUCCESS method=HousingProfessionalHandyManTestScript.verifyToggleButton()[pri:0, instance:com.nspl.HousingInfoPageTestcase.HousingProfessionalHandyManTestScript@1757cd72] output={null}]]]>
              </value>
            </param>
            <param index="1">
              <value>
                <![CDATA[public void com.nspl.HousingInfoPageTestcase.HousingProfessionalHandyManTestScript.verifyToggleButton()]]>
              </value>
            </param>
          </params>
          <reporter-output>
          </reporter-output>
        </test-method> <!-- afterMethod -->
        <test-method signature="verifyaddHandymanForPraimaryMember()[pri:0, instance:com.nspl.HousingInfoPageTestcase.HousingProfessionalHandyManTestScript@1757cd72]" started-at="2025-04-03T17:45:30 IST" name="verifyaddHandymanForPraimaryMember" finished-at="2025-04-03T17:46:36 IST" duration-ms="65746" status="PASS">
          <reporter-output>
          </reporter-output>
        </test-method> <!-- verifyaddHandymanForPraimaryMember -->
        <test-method is-config="true" signature="beforeMethod(java.lang.reflect.Method)[pri:0, instance:com.nspl.HousingInfoPageTestcase.HousingProfessionalHandyManTestScript@1757cd72]" started-at="2025-04-03T17:45:30 IST" name="beforeMethod" finished-at="2025-04-03T17:45:30 IST" duration-ms="0" status="PASS">
          <params>
            <param index="0">
              <value>
                <![CDATA[public void com.nspl.HousingInfoPageTestcase.HousingProfessionalHandyManTestScript.verifyaddHandymanForPraimaryMember()]]>
              </value>
            </param>
          </params>
          <reporter-output>
          </reporter-output>
        </test-method> <!-- beforeMethod -->
        <test-method is-config="true" signature="afterMethod(org.testng.ITestResult,java.lang.reflect.Method)[pri:0, instance:com.nspl.HousingInfoPageTestcase.HousingProfessionalHandyManTestScript@1757cd72]" started-at="2025-04-03T17:46:36 IST" name="afterMethod" finished-at="2025-04-03T17:46:36 IST" duration-ms="23" status="PASS">
          <params>
            <param index="0">
              <value>
                <![CDATA[[TestResult name=verifyaddHandymanForPraimaryMember status=SUCCESS method=HousingProfessionalHandyManTestScript.verifyaddHandymanForPraimaryMember()[pri:0, instance:com.nspl.HousingInfoPageTestcase.HousingProfessionalHandyManTestScript@1757cd72] output={null}]]]>
              </value>
            </param>
            <param index="1">
              <value>
                <![CDATA[public void com.nspl.HousingInfoPageTestcase.HousingProfessionalHandyManTestScript.verifyaddHandymanForPraimaryMember()]]>
              </value>
            </param>
          </params>
          <reporter-output>
          </reporter-output>
        </test-method> <!-- afterMethod -->
        <test-method signature="verifyHandymanPageOnHousingProfessional()[pri:1, instance:com.nspl.HousingInfoPageTestcase.HousingProfessionalHandyManTestScript@1757cd72]" started-at="2025-04-03T17:46:36 IST" name="verifyHandymanPageOnHousingProfessional" finished-at="2025-04-03T17:47:12 IST" duration-ms="35427" status="FAIL">
          <exception class="org.openqa.selenium.NoSuchElementException">
            <message>
              <![CDATA[no such element: Unable to locate element: {"method":"xpath","selector":"(//p[text()='Handyman Services'])[2]"}
  (Session info: chrome=134.0.6998.178)
For documentation on this error, please visit: https://www.selenium.dev/documentation/webdriver/troubleshooting/errors#no-such-element-exception
Build info: version: '4.16.1', revision: '9b4c83354e'
System info: os.name: 'Windows 11', os.arch: 'amd64', os.version: '10.0', java.version: '23.0.1'
Driver info: org.openqa.selenium.chrome.ChromeDriver
Command: [8583ebe379b53fe1f3da3d3acbdb3f85, findElement {using=xpath, value=(//p[text()='Handyman Services'])[2]}]
Capabilities {acceptInsecureCerts: false, browserName: chrome, browserVersion: 134.0.6998.178, chrome: {chromedriverVersion: 134.0.6998.165 (fd886e2cb29..., userDataDir: C:\Users\nagai\AppData\Loca...}, fedcm:accounts: true, goog:chromeOptions: {debuggerAddress: localhost:64262}, networkConnectionEnabled: false, pageLoadStrategy: normal, platformName: windows, proxy: Proxy(), se:cdp: ws://localhost:64262/devtoo..., se:cdpVersion: 134.0.6998.178, setWindowRect: true, strictFileInteractability: false, timeouts: {implicit: 0, pageLoad: 300000, script: 30000}, unhandledPromptBehavior: dismiss and notify, webauthn:extension:credBlob: true, webauthn:extension:largeBlob: true, webauthn:extension:minPinLength: true, webauthn:extension:prf: true, webauthn:virtualAuthenticators: true}
Session ID: 8583ebe379b53fe1f3da3d3acbdb3f85]]>
            </message>
            <full-stacktrace>
              <![CDATA[org.openqa.selenium.NoSuchElementException: no such element: Unable to locate element: {"method":"xpath","selector":"(//p[text()='Handyman Services'])[2]"}
  (Session info: chrome=134.0.6998.178)
For documentation on this error, please visit: https://www.selenium.dev/documentation/webdriver/troubleshooting/errors#no-such-element-exception
Build info: version: '4.16.1', revision: '9b4c83354e'
System info: os.name: 'Windows 11', os.arch: 'amd64', os.version: '10.0', java.version: '23.0.1'
Driver info: org.openqa.selenium.chrome.ChromeDriver
Command: [8583ebe379b53fe1f3da3d3acbdb3f85, findElement {using=xpath, value=(//p[text()='Handyman Services'])[2]}]
Capabilities {acceptInsecureCerts: false, browserName: chrome, browserVersion: 134.0.6998.178, chrome: {chromedriverVersion: 134.0.6998.165 (fd886e2cb29..., userDataDir: C:\Users\nagai\AppData\Loca...}, fedcm:accounts: true, goog:chromeOptions: {debuggerAddress: localhost:64262}, networkConnectionEnabled: false, pageLoadStrategy: normal, platformName: windows, proxy: Proxy(), se:cdp: ws://localhost:64262/devtoo..., se:cdpVersion: 134.0.6998.178, setWindowRect: true, strictFileInteractability: false, timeouts: {implicit: 0, pageLoad: 300000, script: 30000}, unhandledPromptBehavior: dismiss and notify, webauthn:extension:credBlob: true, webauthn:extension:largeBlob: true, webauthn:extension:minPinLength: true, webauthn:extension:prf: true, webauthn:virtualAuthenticators: true}
Session ID: 8583ebe379b53fe1f3da3d3acbdb3f85
at java.base/jdk.internal.reflect.DirectConstructorHandleAccessor.newInstance(DirectConstructorHandleAccessor.java:62)
at java.base/java.lang.reflect.Constructor.newInstanceWithCaller(Constructor.java:501)
at java.base/java.lang.reflect.Constructor.newInstance(Constructor.java:485)
at org.openqa.selenium.remote.codec.w3c.W3CHttpResponseCodec.createException(W3CHttpResponseCodec.java:200)
at org.openqa.selenium.remote.codec.w3c.W3CHttpResponseCodec.decode(W3CHttpResponseCodec.java:133)
at org.openqa.selenium.remote.codec.w3c.W3CHttpResponseCodec.decode(W3CHttpResponseCodec.java:52)
at org.openqa.selenium.remote.HttpCommandExecutor.execute(HttpCommandExecutor.java:191)
at org.openqa.selenium.remote.service.DriverCommandExecutor.invokeExecute(DriverCommandExecutor.java:200)
at org.openqa.selenium.remote.service.DriverCommandExecutor.execute(DriverCommandExecutor.java:175)
at org.openqa.selenium.remote.RemoteWebDriver.execute(RemoteWebDriver.java:523)
at org.openqa.selenium.remote.ElementLocation$ElementFinder$2.findElement(ElementLocation.java:165)
at org.openqa.selenium.remote.ElementLocation.findElement(ElementLocation.java:59)
at org.openqa.selenium.remote.RemoteWebDriver.findElement(RemoteWebDriver.java:360)
at org.openqa.selenium.remote.RemoteWebDriver.findElement(RemoteWebDriver.java:354)
at org.openqa.selenium.support.pagefactory.DefaultElementLocator.findElement(DefaultElementLocator.java:68)
at org.openqa.selenium.support.pagefactory.internal.LocatingElementHandler.invoke(LocatingElementHandler.java:38)
at jdk.proxy2/jdk.proxy2.$Proxy20.getText(Unknown Source)
at com.nspl.agingoptions.webUtil.WebUtil.verifyInnerText(WebUtil.java:252)
at com.Ao.HousingPage.HousingProfessionalDetailsPage.VerifyHandymanProfessional(HousingProfessionalDetailsPage.java:51)
at com.nspl.HousingInfoPageTestcase.HousingProfessionalHandyManTestScript.verifyHandymanPageOnHousingProfessional(HousingProfessionalHandyManTestScript.java:26)
at java.base/jdk.internal.reflect.DirectMethodHandleAccessor.invoke(DirectMethodHandleAccessor.java:103)
at java.base/java.lang.reflect.Method.invoke(Method.java:580)
at org.testng.internal.invokers.MethodInvocationHelper.invokeMethod(MethodInvocationHelper.java:141)
at org.testng.internal.invokers.TestInvoker.invokeMethod(TestInvoker.java:686)
at org.testng.internal.invokers.TestInvoker.invokeTestMethod(TestInvoker.java:230)
at org.testng.internal.invokers.MethodRunner.runInSequence(MethodRunner.java:63)
at org.testng.internal.invokers.TestInvoker$MethodInvocationAgent.invoke(TestInvoker.java:992)
at org.testng.internal.invokers.TestInvoker.invokeTestMethods(TestInvoker.java:203)
at org.testng.internal.invokers.TestMethodWorker.invokeTestMethods(TestMethodWorker.java:154)
at org.testng.internal.invokers.TestMethodWorker.run(TestMethodWorker.java:134)
at java.base/java.util.ArrayList.forEach(ArrayList.java:1597)
at org.testng.TestRunner.privateRun(TestRunner.java:739)
at org.testng.TestRunner.run(TestRunner.java:614)
at org.testng.SuiteRunner.runTest(SuiteRunner.java:421)
at org.testng.SuiteRunner.runSequentially(SuiteRunner.java:413)
at org.testng.SuiteRunner.privateRun(SuiteRunner.java:373)
at org.testng.SuiteRunner.run(SuiteRunner.java:312)
at org.testng.SuiteRunnerWorker.runSuite(SuiteRunnerWorker.java:52)
at org.testng.SuiteRunnerWorker.run(SuiteRunnerWorker.java:95)
at org.testng.TestNG.runSuitesSequentially(TestNG.java:1274)
at org.testng.TestNG.runSuitesLocally(TestNG.java:1208)
at org.testng.TestNG.runSuites(TestNG.java:1112)
at org.testng.TestNG.run(TestNG.java:1079)
at org.testng.remote.AbstractRemoteTestNG.run(AbstractRemoteTestNG.java:115)
at org.testng.remote.RemoteTestNG.initAndRun(RemoteTestNG.java:293)
at org.testng.remote.RemoteTestNG.main(RemoteTestNG.java:91)
]]>
            </full-stacktrace>
          </exception> <!-- org.openqa.selenium.NoSuchElementException -->
          <reporter-output>
          </reporter-output>
        </test-method> <!-- verifyHandymanPageOnHousingProfessional -->
        <test-method is-config="true" signature="beforeMethod(java.lang.reflect.Method)[pri:0, instance:com.nspl.HousingInfoPageTestcase.HousingProfessionalHandyManTestScript@1757cd72]" started-at="2025-04-03T17:46:36 IST" name="beforeMethod" finished-at="2025-04-03T17:46:36 IST" duration-ms="0" status="PASS">
          <params>
            <param index="0">
              <value>
                <![CDATA[public void com.nspl.HousingInfoPageTestcase.HousingProfessionalHandyManTestScript.verifyHandymanPageOnHousingProfessional()]]>
              </value>
            </param>
          </params>
          <reporter-output>
          </reporter-output>
        </test-method> <!-- beforeMethod -->
        <test-method is-config="true" signature="afterMethod(org.testng.ITestResult,java.lang.reflect.Method)[pri:0, instance:com.nspl.HousingInfoPageTestcase.HousingProfessionalHandyManTestScript@1757cd72]" started-at="2025-04-03T17:47:12 IST" name="afterMethod" finished-at="2025-04-03T17:47:12 IST" duration-ms="159" status="PASS">
          <params>
            <param index="0">
              <value>
                <![CDATA[[TestResult name=verifyHandymanPageOnHousingProfessional status=FAILURE method=HousingProfessionalHandyManTestScript.verifyHandymanPageOnHousingProfessional()[pri:1, instance:com.nspl.HousingInfoPageTestcase.HousingProfessionalHandyManTestScript@1757cd72] output={null}]]]>
              </value>
            </param>
            <param index="1">
              <value>
                <![CDATA[public void com.nspl.HousingInfoPageTestcase.HousingProfessionalHandyManTestScript.verifyHandymanPageOnHousingProfessional()]]>
              </value>
            </param>
          </params>
          <reporter-output>
          </reporter-output>
        </test-method> <!-- afterMethod -->
        <test-method is-config="true" signature="afterClass()[pri:0, instance:com.nspl.HousingInfoPageTestcase.HousingProfessionalHandyManTestScript@1757cd72]" started-at="2025-04-03T17:47:12 IST" name="afterClass" finished-at="2025-04-03T17:47:12 IST" duration-ms="4" status="PASS">
          <reporter-output>
          </reporter-output>
        </test-method> <!-- afterClass -->
      </class> <!-- com.nspl.HousingInfoPageTestcase.HousingProfessionalHandyManTestScript -->
    </test> <!-- Test -->
  </suite> <!-- Suite -->
</testng-results>
