<?xml version="1.0" encoding="UTF-8"?>
<testng-results ignored="0" total="6" passed="6" failed="0" skipped="0">
  <reporter-output>
  </reporter-output>
  <suite started-at="2025-04-17T17:21:58 IST" name="Default suite" finished-at="2025-04-17T17:25:13 IST" duration-ms="195644">
    <groups>
    </groups>
    <test started-at="2025-04-17T17:21:58 IST" name="Default test" finished-at="2025-04-17T17:25:13 IST" duration-ms="195644">
      <class name="com.nspl.LegalInfoTestScript.LivingWillDetailsTestSript">
        <test-method is-config="true" signature="beforeSuite()[pri:0, instance:com.nspl.LegalInfoTestScript.LivingWillDetailsTestSript@1757cd72]" started-at="2025-04-17T17:21:58 IST" name="beforeSuite" finished-at="2025-04-17T17:21:58 IST" duration-ms="286" status="PASS">
          <reporter-output>
          </reporter-output>
        </test-method> <!-- beforeSuite -->
        <test-method is-config="true" signature="beforeTest()[pri:0, instance:com.nspl.LegalInfoTestScript.LivingWillDetailsTestSript@1757cd72]" started-at="2025-04-17T17:21:58 IST" name="beforeTest" finished-at="2025-04-17T17:23:25 IST" duration-ms="87622" status="PASS">
          <reporter-output>
          </reporter-output>
        </test-method> <!-- beforeTest -->
        <test-method is-config="true" signature="beforeClass()[pri:0, instance:com.nspl.LegalInfoTestScript.LivingWillDetailsTestSript@1757cd72]" started-at="2025-04-17T17:23:25 IST" name="beforeClass" finished-at="2025-04-17T17:23:25 IST" duration-ms="0" status="PASS">
          <reporter-output>
          </reporter-output>
        </test-method> <!-- beforeClass -->
        <test-method is-config="true" signature="beforeMethod(java.lang.reflect.Method)[pri:0, instance:com.nspl.LegalInfoTestScript.LivingWillDetailsTestSript@1757cd72]" started-at="2025-04-17T17:23:26 IST" name="beforeMethod" finished-at="2025-04-17T17:23:26 IST" duration-ms="0" status="PASS">
          <params>
            <param index="0">
              <value>
                <![CDATA[public void com.nspl.LegalInfoTestScript.LivingWillDetailsTestSript.VerifyLivingWillDetailsPage()]]>
              </value>
            </param>
          </params>
          <reporter-output>
          </reporter-output>
        </test-method> <!-- beforeMethod -->
        <test-method signature="VerifyLivingWillDetailsPage()[pri:1, instance:com.nspl.LegalInfoTestScript.LivingWillDetailsTestSript@1757cd72]" started-at="2025-04-17T17:23:26 IST" name="VerifyLivingWillDetailsPage" finished-at="2025-04-17T17:23:47 IST" duration-ms="21738" status="PASS">
          <reporter-output>
          </reporter-output>
        </test-method> <!-- VerifyLivingWillDetailsPage -->
        <test-method is-config="true" signature="afterMethod(org.testng.ITestResult,java.lang.reflect.Method)[pri:0, instance:com.nspl.LegalInfoTestScript.LivingWillDetailsTestSript@1757cd72]" started-at="2025-04-17T17:23:47 IST" name="afterMethod" finished-at="2025-04-17T17:23:48 IST" duration-ms="795" status="PASS">
          <params>
            <param index="0">
              <value>
                <![CDATA[[TestResult name=VerifyLivingWillDetailsPage status=SUCCESS method=LivingWillDetailsTestSript.VerifyLivingWillDetailsPage()[pri:1, instance:com.nspl.LegalInfoTestScript.LivingWillDetailsTestSript@1757cd72] output={null}]]]>
              </value>
            </param>
            <param index="1">
              <value>
                <![CDATA[public void com.nspl.LegalInfoTestScript.LivingWillDetailsTestSript.VerifyLivingWillDetailsPage()]]>
              </value>
            </param>
          </params>
          <reporter-output>
          </reporter-output>
        </test-method> <!-- afterMethod -->
        <test-method signature="SaveAndContinueIWantMaximumTreatMentYes()[pri:2, instance:com.nspl.LegalInfoTestScript.LivingWillDetailsTestSript@1757cd72]" started-at="2025-04-17T17:23:48 IST" name="SaveAndContinueIWantMaximumTreatMentYes" finished-at="2025-04-17T17:24:04 IST" duration-ms="16044" status="PASS">
          <reporter-output>
          </reporter-output>
        </test-method> <!-- SaveAndContinueIWantMaximumTreatMentYes -->
        <test-method is-config="true" signature="beforeMethod(java.lang.reflect.Method)[pri:0, instance:com.nspl.LegalInfoTestScript.LivingWillDetailsTestSript@1757cd72]" started-at="2025-04-17T17:23:48 IST" name="beforeMethod" finished-at="2025-04-17T17:23:48 IST" duration-ms="0" status="PASS">
          <params>
            <param index="0">
              <value>
                <![CDATA[public void com.nspl.LegalInfoTestScript.LivingWillDetailsTestSript.SaveAndContinueIWantMaximumTreatMentYes()]]>
              </value>
            </param>
          </params>
          <reporter-output>
          </reporter-output>
        </test-method> <!-- beforeMethod -->
        <test-method is-config="true" signature="afterMethod(org.testng.ITestResult,java.lang.reflect.Method)[pri:0, instance:com.nspl.LegalInfoTestScript.LivingWillDetailsTestSript@1757cd72]" started-at="2025-04-17T17:24:04 IST" name="afterMethod" finished-at="2025-04-17T17:24:04 IST" duration-ms="57" status="PASS">
          <params>
            <param index="0">
              <value>
                <![CDATA[[TestResult name=SaveAndContinueIWantMaximumTreatMentYes status=SUCCESS method=LivingWillDetailsTestSript.SaveAndContinueIWantMaximumTreatMentYes()[pri:2, instance:com.nspl.LegalInfoTestScript.LivingWillDetailsTestSript@1757cd72] output={null}]]]>
              </value>
            </param>
            <param index="1">
              <value>
                <![CDATA[public void com.nspl.LegalInfoTestScript.LivingWillDetailsTestSript.SaveAndContinueIWantMaximumTreatMentYes()]]>
              </value>
            </param>
          </params>
          <reporter-output>
          </reporter-output>
        </test-method> <!-- afterMethod -->
        <test-method signature="SaveAndContinueIWantMaximumTreatmentNo()[pri:3, instance:com.nspl.LegalInfoTestScript.LivingWillDetailsTestSript@1757cd72]" started-at="2025-04-17T17:24:04 IST" name="SaveAndContinueIWantMaximumTreatmentNo" finished-at="2025-04-17T17:24:20 IST" duration-ms="15944" status="PASS">
          <reporter-output>
          </reporter-output>
        </test-method> <!-- SaveAndContinueIWantMaximumTreatmentNo -->
        <test-method is-config="true" signature="beforeMethod(java.lang.reflect.Method)[pri:0, instance:com.nspl.LegalInfoTestScript.LivingWillDetailsTestSript@1757cd72]" started-at="2025-04-17T17:24:04 IST" name="beforeMethod" finished-at="2025-04-17T17:24:04 IST" duration-ms="0" status="PASS">
          <params>
            <param index="0">
              <value>
                <![CDATA[public void com.nspl.LegalInfoTestScript.LivingWillDetailsTestSript.SaveAndContinueIWantMaximumTreatmentNo()]]>
              </value>
            </param>
          </params>
          <reporter-output>
          </reporter-output>
        </test-method> <!-- beforeMethod -->
        <test-method is-config="true" signature="afterMethod(org.testng.ITestResult,java.lang.reflect.Method)[pri:0, instance:com.nspl.LegalInfoTestScript.LivingWillDetailsTestSript@1757cd72]" started-at="2025-04-17T17:24:20 IST" name="afterMethod" finished-at="2025-04-17T17:24:20 IST" duration-ms="66" status="PASS">
          <params>
            <param index="0">
              <value>
                <![CDATA[[TestResult name=SaveAndContinueIWantMaximumTreatmentNo status=SUCCESS method=LivingWillDetailsTestSript.SaveAndContinueIWantMaximumTreatmentNo()[pri:3, instance:com.nspl.LegalInfoTestScript.LivingWillDetailsTestSript@1757cd72] output={null}]]]>
              </value>
            </param>
            <param index="1">
              <value>
                <![CDATA[public void com.nspl.LegalInfoTestScript.LivingWillDetailsTestSript.SaveAndContinueIWantMaximumTreatmentNo()]]>
              </value>
            </param>
          </params>
          <reporter-output>
          </reporter-output>
        </test-method> <!-- afterMethod -->
        <test-method signature="VerifySaveAndProceedLivingWillDetails()[pri:4, instance:com.nspl.LegalInfoTestScript.LivingWillDetailsTestSript@1757cd72]" started-at="2025-04-17T17:24:20 IST" name="VerifySaveAndProceedLivingWillDetails" finished-at="2025-04-17T17:24:41 IST" duration-ms="21062" status="PASS">
          <reporter-output>
          </reporter-output>
        </test-method> <!-- VerifySaveAndProceedLivingWillDetails -->
        <test-method is-config="true" signature="beforeMethod(java.lang.reflect.Method)[pri:0, instance:com.nspl.LegalInfoTestScript.LivingWillDetailsTestSript@1757cd72]" started-at="2025-04-17T17:24:20 IST" name="beforeMethod" finished-at="2025-04-17T17:24:20 IST" duration-ms="0" status="PASS">
          <params>
            <param index="0">
              <value>
                <![CDATA[public void com.nspl.LegalInfoTestScript.LivingWillDetailsTestSript.VerifySaveAndProceedLivingWillDetails()]]>
              </value>
            </param>
          </params>
          <reporter-output>
          </reporter-output>
        </test-method> <!-- beforeMethod -->
        <test-method is-config="true" signature="afterMethod(org.testng.ITestResult,java.lang.reflect.Method)[pri:0, instance:com.nspl.LegalInfoTestScript.LivingWillDetailsTestSript@1757cd72]" started-at="2025-04-17T17:24:41 IST" name="afterMethod" finished-at="2025-04-17T17:24:41 IST" duration-ms="62" status="PASS">
          <params>
            <param index="0">
              <value>
                <![CDATA[[TestResult name=VerifySaveAndProceedLivingWillDetails status=SUCCESS method=LivingWillDetailsTestSript.VerifySaveAndProceedLivingWillDetails()[pri:4, instance:com.nspl.LegalInfoTestScript.LivingWillDetailsTestSript@1757cd72] output={null}]]]>
              </value>
            </param>
            <param index="1">
              <value>
                <![CDATA[public void com.nspl.LegalInfoTestScript.LivingWillDetailsTestSript.VerifySaveAndProceedLivingWillDetails()]]>
              </value>
            </param>
          </params>
          <reporter-output>
          </reporter-output>
        </test-method> <!-- afterMethod -->
        <test-method signature="verifyIWantMaximumTreatmentCheckedAsYes()[pri:5, instance:com.nspl.LegalInfoTestScript.LivingWillDetailsTestSript@1757cd72]" started-at="2025-04-17T17:24:41 IST" name="verifyIWantMaximumTreatmentCheckedAsYes" finished-at="2025-04-17T17:24:57 IST" duration-ms="15964" status="PASS">
          <reporter-output>
          </reporter-output>
        </test-method> <!-- verifyIWantMaximumTreatmentCheckedAsYes -->
        <test-method is-config="true" signature="beforeMethod(java.lang.reflect.Method)[pri:0, instance:com.nspl.LegalInfoTestScript.LivingWillDetailsTestSript@1757cd72]" started-at="2025-04-17T17:24:41 IST" name="beforeMethod" finished-at="2025-04-17T17:24:41 IST" duration-ms="0" status="PASS">
          <params>
            <param index="0">
              <value>
                <![CDATA[public void com.nspl.LegalInfoTestScript.LivingWillDetailsTestSript.verifyIWantMaximumTreatmentCheckedAsYes()]]>
              </value>
            </param>
          </params>
          <reporter-output>
          </reporter-output>
        </test-method> <!-- beforeMethod -->
        <test-method is-config="true" signature="afterMethod(org.testng.ITestResult,java.lang.reflect.Method)[pri:0, instance:com.nspl.LegalInfoTestScript.LivingWillDetailsTestSript@1757cd72]" started-at="2025-04-17T17:24:57 IST" name="afterMethod" finished-at="2025-04-17T17:24:57 IST" duration-ms="71" status="PASS">
          <params>
            <param index="0">
              <value>
                <![CDATA[[TestResult name=verifyIWantMaximumTreatmentCheckedAsYes status=SUCCESS method=LivingWillDetailsTestSript.verifyIWantMaximumTreatmentCheckedAsYes()[pri:5, instance:com.nspl.LegalInfoTestScript.LivingWillDetailsTestSript@1757cd72] output={null}]]]>
              </value>
            </param>
            <param index="1">
              <value>
                <![CDATA[public void com.nspl.LegalInfoTestScript.LivingWillDetailsTestSript.verifyIWantMaximumTreatmentCheckedAsYes()]]>
              </value>
            </param>
          </params>
          <reporter-output>
          </reporter-output>
        </test-method> <!-- afterMethod -->
        <test-method is-config="true" signature="beforeMethod(java.lang.reflect.Method)[pri:0, instance:com.nspl.LegalInfoTestScript.LivingWillDetailsTestSript@1757cd72]" started-at="2025-04-17T17:24:57 IST" name="beforeMethod" finished-at="2025-04-17T17:24:57 IST" duration-ms="2" status="PASS">
          <params>
            <param index="0">
              <value>
                <![CDATA[public void com.nspl.LegalInfoTestScript.LivingWillDetailsTestSript.verifyIWantMaximumTreatmentCheckedAsNo()]]>
              </value>
            </param>
          </params>
          <reporter-output>
          </reporter-output>
        </test-method> <!-- beforeMethod -->
        <test-method signature="verifyIWantMaximumTreatmentCheckedAsNo()[pri:6, instance:com.nspl.LegalInfoTestScript.LivingWillDetailsTestSript@1757cd72]" started-at="2025-04-17T17:24:57 IST" name="verifyIWantMaximumTreatmentCheckedAsNo" finished-at="2025-04-17T17:25:13 IST" duration-ms="15983" status="PASS">
          <reporter-output>
          </reporter-output>
        </test-method> <!-- verifyIWantMaximumTreatmentCheckedAsNo -->
        <test-method is-config="true" signature="afterMethod(org.testng.ITestResult,java.lang.reflect.Method)[pri:0, instance:com.nspl.LegalInfoTestScript.LivingWillDetailsTestSript@1757cd72]" started-at="2025-04-17T17:25:13 IST" name="afterMethod" finished-at="2025-04-17T17:25:13 IST" duration-ms="57" status="PASS">
          <params>
            <param index="0">
              <value>
                <![CDATA[[TestResult name=verifyIWantMaximumTreatmentCheckedAsNo status=SUCCESS method=LivingWillDetailsTestSript.verifyIWantMaximumTreatmentCheckedAsNo()[pri:6, instance:com.nspl.LegalInfoTestScript.LivingWillDetailsTestSript@1757cd72] output={null}]]]>
              </value>
            </param>
            <param index="1">
              <value>
                <![CDATA[public void com.nspl.LegalInfoTestScript.LivingWillDetailsTestSript.verifyIWantMaximumTreatmentCheckedAsNo()]]>
              </value>
            </param>
          </params>
          <reporter-output>
          </reporter-output>
        </test-method> <!-- afterMethod -->
        <test-method is-config="true" signature="afterClass()[pri:0, instance:com.nspl.LegalInfoTestScript.LivingWillDetailsTestSript@1757cd72]" started-at="2025-04-17T17:25:13 IST" name="afterClass" finished-at="2025-04-17T17:25:13 IST" duration-ms="37" status="PASS">
          <reporter-output>
          </reporter-output>
        </test-method> <!-- afterClass -->
        <test-method is-config="true" signature="afterTest()[pri:0, instance:com.nspl.LegalInfoTestScript.LivingWillDetailsTestSript@1757cd72]" started-at="2025-04-17T17:25:13 IST" name="afterTest" finished-at="2025-04-17T17:25:13 IST" duration-ms="2" status="PASS">
          <reporter-output>
          </reporter-output>
        </test-method> <!-- afterTest -->
        <test-method is-config="true" signature="afterSuite()[pri:0, instance:com.nspl.LegalInfoTestScript.LivingWillDetailsTestSript@1757cd72]" started-at="2025-04-17T17:25:14 IST" name="afterSuite" finished-at="2025-04-17T17:25:14 IST" duration-ms="26" status="PASS">
          <reporter-output>
          </reporter-output>
        </test-method> <!-- afterSuite -->
      </class> <!-- com.nspl.LegalInfoTestScript.LivingWillDetailsTestSript -->
    </test> <!-- Default test -->
  </suite> <!-- Default suite -->
</testng-results>
