<?xml version="1.0" encoding="UTF-8"?>
<testng-results ignored="0" total="5" passed="5" failed="0" skipped="0">
  <reporter-output>
  </reporter-output>
  <suite started-at="2025-04-19T16:41:18 IST" name="Default suite" finished-at="2025-04-19T16:44:43 IST" duration-ms="204845">
    <groups>
    </groups>
    <test started-at="2025-04-19T16:41:18 IST" name="Default test" finished-at="2025-04-19T16:44:43 IST" duration-ms="204845">
      <class name="com.nspl.LegalInfoTestScript.OrganDonationDetailsTestSripts">
        <test-method is-config="true" signature="beforeSuite()[pri:0, instance:com.nspl.LegalInfoTestScript.OrganDonationDetailsTestSripts@2e377400]" started-at="2025-04-19T16:41:18 IST" name="beforeSuite" finished-at="2025-04-19T16:41:18 IST" duration-ms="305" status="PASS">
          <reporter-output>
          </reporter-output>
        </test-method> <!-- beforeSuite -->
        <test-method is-config="true" signature="beforeTest()[pri:0, instance:com.nspl.LegalInfoTestScript.OrganDonationDetailsTestSripts@2e377400]" started-at="2025-04-19T16:41:18 IST" name="beforeTest" finished-at="2025-04-19T16:43:06 IST" duration-ms="107399" status="PASS">
          <reporter-output>
          </reporter-output>
        </test-method> <!-- beforeTest -->
        <test-method is-config="true" signature="beforeClass()[pri:0, instance:com.nspl.LegalInfoTestScript.OrganDonationDetailsTestSripts@2e377400]" started-at="2025-04-19T16:43:06 IST" name="beforeClass" finished-at="2025-04-19T16:43:06 IST" duration-ms="0" status="PASS">
          <reporter-output>
          </reporter-output>
        </test-method> <!-- beforeClass -->
        <test-method signature="VerifyOrganDonationDetailsPage()[pri:1, instance:com.nspl.LegalInfoTestScript.OrganDonationDetailsTestSripts@2e377400]" started-at="2025-04-19T16:43:06 IST" name="VerifyOrganDonationDetailsPage" finished-at="2025-04-19T16:43:23 IST" duration-ms="17131" status="PASS">
          <reporter-output>
          </reporter-output>
        </test-method> <!-- VerifyOrganDonationDetailsPage -->
        <test-method is-config="true" signature="beforeMethod(java.lang.reflect.Method)[pri:0, instance:com.nspl.LegalInfoTestScript.OrganDonationDetailsTestSripts@2e377400]" started-at="2025-04-19T16:43:06 IST" name="beforeMethod" finished-at="2025-04-19T16:43:06 IST" duration-ms="0" status="PASS">
          <params>
            <param index="0">
              <value>
                <![CDATA[public void com.nspl.LegalInfoTestScript.OrganDonationDetailsTestSripts.VerifyOrganDonationDetailsPage()]]>
              </value>
            </param>
          </params>
          <reporter-output>
          </reporter-output>
        </test-method> <!-- beforeMethod -->
        <test-method is-config="true" signature="afterMethod(org.testng.ITestResult,java.lang.reflect.Method)[pri:0, instance:com.nspl.LegalInfoTestScript.OrganDonationDetailsTestSripts@2e377400]" started-at="2025-04-19T16:43:23 IST" name="afterMethod" finished-at="2025-04-19T16:43:24 IST" duration-ms="854" status="PASS">
          <params>
            <param index="0">
              <value>
                <![CDATA[[TestResult name=VerifyOrganDonationDetailsPage status=SUCCESS method=OrganDonationDetailsTestSripts.VerifyOrganDonationDetailsPage()[pri:1, instance:com.nspl.LegalInfoTestScript.OrganDonationDetailsTestSripts@2e377400] output={null}]]]>
              </value>
            </param>
            <param index="1">
              <value>
                <![CDATA[public void com.nspl.LegalInfoTestScript.OrganDonationDetailsTestSripts.VerifyOrganDonationDetailsPage()]]>
              </value>
            </param>
          </params>
          <reporter-output>
          </reporter-output>
        </test-method> <!-- afterMethod -->
        <test-method signature="VerifySaveAndContinueWishToDonateYourBodyForScientificResearch_Yes()[pri:2, instance:com.nspl.LegalInfoTestScript.OrganDonationDetailsTestSripts@2e377400]" started-at="2025-04-19T16:43:24 IST" name="VerifySaveAndContinueWishToDonateYourBodyForScientificResearch_Yes" finished-at="2025-04-19T16:43:44 IST" duration-ms="19750" status="PASS">
          <reporter-output>
          </reporter-output>
        </test-method> <!-- VerifySaveAndContinueWishToDonateYourBodyForScientificResearch_Yes -->
        <test-method is-config="true" signature="beforeMethod(java.lang.reflect.Method)[pri:0, instance:com.nspl.LegalInfoTestScript.OrganDonationDetailsTestSripts@2e377400]" started-at="2025-04-19T16:43:24 IST" name="beforeMethod" finished-at="2025-04-19T16:43:24 IST" duration-ms="0" status="PASS">
          <params>
            <param index="0">
              <value>
                <![CDATA[public void com.nspl.LegalInfoTestScript.OrganDonationDetailsTestSripts.VerifySaveAndContinueWishToDonateYourBodyForScientificResearch_Yes()]]>
              </value>
            </param>
          </params>
          <reporter-output>
          </reporter-output>
        </test-method> <!-- beforeMethod -->
        <test-method is-config="true" signature="afterMethod(org.testng.ITestResult,java.lang.reflect.Method)[pri:0, instance:com.nspl.LegalInfoTestScript.OrganDonationDetailsTestSripts@2e377400]" started-at="2025-04-19T16:43:44 IST" name="afterMethod" finished-at="2025-04-19T16:43:44 IST" duration-ms="72" status="PASS">
          <params>
            <param index="0">
              <value>
                <![CDATA[[TestResult name=VerifySaveAndContinueWishToDonateYourBodyForScientificResearch_Yes status=SUCCESS method=OrganDonationDetailsTestSripts.VerifySaveAndContinueWishToDonateYourBodyForScientificResearch_Yes()[pri:2, instance:com.nspl.LegalInfoTestScript.OrganDonationDetailsTestSripts@2e377400] output={null}]]]>
              </value>
            </param>
            <param index="1">
              <value>
                <![CDATA[public void com.nspl.LegalInfoTestScript.OrganDonationDetailsTestSripts.VerifySaveAndContinueWishToDonateYourBodyForScientificResearch_Yes()]]>
              </value>
            </param>
          </params>
          <reporter-output>
          </reporter-output>
        </test-method> <!-- afterMethod -->
        <test-method signature="VerifyDoYouWishToBeAnOrganDonnerYes()[pri:3, instance:com.nspl.LegalInfoTestScript.OrganDonationDetailsTestSripts@2e377400]" started-at="2025-04-19T16:43:44 IST" name="VerifyDoYouWishToBeAnOrganDonnerYes" finished-at="2025-04-19T16:44:03 IST" duration-ms="19714" status="PASS">
          <reporter-output>
          </reporter-output>
        </test-method> <!-- VerifyDoYouWishToBeAnOrganDonnerYes -->
        <test-method is-config="true" signature="beforeMethod(java.lang.reflect.Method)[pri:0, instance:com.nspl.LegalInfoTestScript.OrganDonationDetailsTestSripts@2e377400]" started-at="2025-04-19T16:43:44 IST" name="beforeMethod" finished-at="2025-04-19T16:43:44 IST" duration-ms="0" status="PASS">
          <params>
            <param index="0">
              <value>
                <![CDATA[public void com.nspl.LegalInfoTestScript.OrganDonationDetailsTestSripts.VerifyDoYouWishToBeAnOrganDonnerYes()]]>
              </value>
            </param>
          </params>
          <reporter-output>
          </reporter-output>
        </test-method> <!-- beforeMethod -->
        <test-method is-config="true" signature="afterMethod(org.testng.ITestResult,java.lang.reflect.Method)[pri:0, instance:com.nspl.LegalInfoTestScript.OrganDonationDetailsTestSripts@2e377400]" started-at="2025-04-19T16:44:03 IST" name="afterMethod" finished-at="2025-04-19T16:44:03 IST" duration-ms="58" status="PASS">
          <params>
            <param index="0">
              <value>
                <![CDATA[[TestResult name=VerifyDoYouWishToBeAnOrganDonnerYes status=SUCCESS method=OrganDonationDetailsTestSripts.VerifyDoYouWishToBeAnOrganDonnerYes()[pri:3, instance:com.nspl.LegalInfoTestScript.OrganDonationDetailsTestSripts@2e377400] output={null}]]]>
              </value>
            </param>
            <param index="1">
              <value>
                <![CDATA[public void com.nspl.LegalInfoTestScript.OrganDonationDetailsTestSripts.VerifyDoYouWishToBeAnOrganDonnerYes()]]>
              </value>
            </param>
          </params>
          <reporter-output>
          </reporter-output>
        </test-method> <!-- afterMethod -->
        <test-method signature="VerifySaveAndProceedDoYouWishToBeAnOrganDonnerNo()[pri:4, instance:com.nspl.LegalInfoTestScript.OrganDonationDetailsTestSripts@2e377400]" started-at="2025-04-19T16:44:03 IST" name="VerifySaveAndProceedDoYouWishToBeAnOrganDonnerNo" finished-at="2025-04-19T16:44:23 IST" duration-ms="19803" status="PASS">
          <reporter-output>
          </reporter-output>
        </test-method> <!-- VerifySaveAndProceedDoYouWishToBeAnOrganDonnerNo -->
        <test-method is-config="true" signature="beforeMethod(java.lang.reflect.Method)[pri:0, instance:com.nspl.LegalInfoTestScript.OrganDonationDetailsTestSripts@2e377400]" started-at="2025-04-19T16:44:03 IST" name="beforeMethod" finished-at="2025-04-19T16:44:03 IST" duration-ms="0" status="PASS">
          <params>
            <param index="0">
              <value>
                <![CDATA[public void com.nspl.LegalInfoTestScript.OrganDonationDetailsTestSripts.VerifySaveAndProceedDoYouWishToBeAnOrganDonnerNo()]]>
              </value>
            </param>
          </params>
          <reporter-output>
          </reporter-output>
        </test-method> <!-- beforeMethod -->
        <test-method is-config="true" signature="afterMethod(org.testng.ITestResult,java.lang.reflect.Method)[pri:0, instance:com.nspl.LegalInfoTestScript.OrganDonationDetailsTestSripts@2e377400]" started-at="2025-04-19T16:44:23 IST" name="afterMethod" finished-at="2025-04-19T16:44:23 IST" duration-ms="52" status="PASS">
          <params>
            <param index="0">
              <value>
                <![CDATA[[TestResult name=VerifySaveAndProceedDoYouWishToBeAnOrganDonnerNo status=SUCCESS method=OrganDonationDetailsTestSripts.VerifySaveAndProceedDoYouWishToBeAnOrganDonnerNo()[pri:4, instance:com.nspl.LegalInfoTestScript.OrganDonationDetailsTestSripts@2e377400] output={null}]]]>
              </value>
            </param>
            <param index="1">
              <value>
                <![CDATA[public void com.nspl.LegalInfoTestScript.OrganDonationDetailsTestSripts.VerifySaveAndProceedDoYouWishToBeAnOrganDonnerNo()]]>
              </value>
            </param>
          </params>
          <reporter-output>
          </reporter-output>
        </test-method> <!-- afterMethod -->
        <test-method signature="VerifySaveAndContinueDoYouWishToBeAnOrganDonnerYes()[pri:5, instance:com.nspl.LegalInfoTestScript.OrganDonationDetailsTestSripts@2e377400]" started-at="2025-04-19T16:44:23 IST" name="VerifySaveAndContinueDoYouWishToBeAnOrganDonnerYes" finished-at="2025-04-19T16:44:43 IST" duration-ms="19865" status="PASS">
          <reporter-output>
          </reporter-output>
        </test-method> <!-- VerifySaveAndContinueDoYouWishToBeAnOrganDonnerYes -->
        <test-method is-config="true" signature="beforeMethod(java.lang.reflect.Method)[pri:0, instance:com.nspl.LegalInfoTestScript.OrganDonationDetailsTestSripts@2e377400]" started-at="2025-04-19T16:44:23 IST" name="beforeMethod" finished-at="2025-04-19T16:44:23 IST" duration-ms="0" status="PASS">
          <params>
            <param index="0">
              <value>
                <![CDATA[public void com.nspl.LegalInfoTestScript.OrganDonationDetailsTestSripts.VerifySaveAndContinueDoYouWishToBeAnOrganDonnerYes()]]>
              </value>
            </param>
          </params>
          <reporter-output>
          </reporter-output>
        </test-method> <!-- beforeMethod -->
        <test-method is-config="true" signature="afterMethod(org.testng.ITestResult,java.lang.reflect.Method)[pri:0, instance:com.nspl.LegalInfoTestScript.OrganDonationDetailsTestSripts@2e377400]" started-at="2025-04-19T16:44:43 IST" name="afterMethod" finished-at="2025-04-19T16:44:43 IST" duration-ms="24" status="PASS">
          <params>
            <param index="0">
              <value>
                <![CDATA[[TestResult name=VerifySaveAndContinueDoYouWishToBeAnOrganDonnerYes status=SUCCESS method=OrganDonationDetailsTestSripts.VerifySaveAndContinueDoYouWishToBeAnOrganDonnerYes()[pri:5, instance:com.nspl.LegalInfoTestScript.OrganDonationDetailsTestSripts@2e377400] output={null}]]]>
              </value>
            </param>
            <param index="1">
              <value>
                <![CDATA[public void com.nspl.LegalInfoTestScript.OrganDonationDetailsTestSripts.VerifySaveAndContinueDoYouWishToBeAnOrganDonnerYes()]]>
              </value>
            </param>
          </params>
          <reporter-output>
          </reporter-output>
        </test-method> <!-- afterMethod -->
        <test-method is-config="true" signature="afterClass()[pri:0, instance:com.nspl.LegalInfoTestScript.OrganDonationDetailsTestSripts@2e377400]" started-at="2025-04-19T16:44:43 IST" name="afterClass" finished-at="2025-04-19T16:44:43 IST" duration-ms="11" status="PASS">
          <reporter-output>
          </reporter-output>
        </test-method> <!-- afterClass -->
        <test-method is-config="true" signature="afterTest()[pri:0, instance:com.nspl.LegalInfoTestScript.OrganDonationDetailsTestSripts@2e377400]" started-at="2025-04-19T16:44:43 IST" name="afterTest" finished-at="2025-04-19T16:44:43 IST" duration-ms="1" status="PASS">
          <reporter-output>
          </reporter-output>
        </test-method> <!-- afterTest -->
        <test-method is-config="true" signature="afterSuite()[pri:0, instance:com.nspl.LegalInfoTestScript.OrganDonationDetailsTestSripts@2e377400]" started-at="2025-04-19T16:44:43 IST" name="afterSuite" finished-at="2025-04-19T16:44:43 IST" duration-ms="8" status="PASS">
          <reporter-output>
          </reporter-output>
        </test-method> <!-- afterSuite -->
      </class> <!-- com.nspl.LegalInfoTestScript.OrganDonationDetailsTestSripts -->
    </test> <!-- Default test -->
  </suite> <!-- Default suite -->
</testng-results>
