<?xml version="1.0" encoding="UTF-8"?>
<testng-results ignored="0" total="1" passed="1" failed="0" skipped="0">
  <reporter-output>
  </reporter-output>
  <suite started-at="2025-04-06T02:04:58 IST" name="Default suite" finished-at="2025-04-06T02:07:19 IST" duration-ms="141300">
    <groups>
    </groups>
    <test started-at="2025-04-06T02:04:58 IST" name="Default test" finished-at="2025-04-06T02:07:19 IST" duration-ms="141300">
      <class name="com.nspl.HousingInfoPageTestcase.HousingOptionsTestScript">
        <test-method is-config="true" signature="beforeSuite()[pri:0, instance:com.nspl.HousingInfoPageTestcase.HousingOptionsTestScript@ed7f8b4]" started-at="2025-04-06T02:04:58 IST" name="beforeSuite" finished-at="2025-04-06T02:04:58 IST" duration-ms="402" status="PASS">
          <reporter-output>
          </reporter-output>
        </test-method> <!-- beforeSuite -->
        <test-method is-config="true" signature="beforeTest()[pri:0, instance:com.nspl.HousingInfoPageTestcase.HousingOptionsTestScript@ed7f8b4]" started-at="2025-04-06T02:04:58 IST" name="beforeTest" finished-at="2025-04-06T02:04:58 IST" duration-ms="1" status="PASS">
          <reporter-output>
          </reporter-output>
        </test-method> <!-- beforeTest -->
        <test-method is-config="true" signature="beforeClass()[pri:0, instance:com.nspl.HousingInfoPageTestcase.HousingOptionsTestScript@ed7f8b4]" started-at="2025-04-06T02:04:58 IST" name="beforeClass" finished-at="2025-04-06T02:06:52 IST" duration-ms="113937" status="PASS">
          <reporter-output>
          </reporter-output>
        </test-method> <!-- beforeClass -->
        <test-method is-config="true" signature="beforeMethod(java.lang.reflect.Method)[pri:0, instance:com.nspl.HousingInfoPageTestcase.HousingOptionsTestScript@ed7f8b4]" started-at="2025-04-06T02:06:52 IST" name="beforeMethod" finished-at="2025-04-06T02:06:52 IST" duration-ms="10" status="PASS">
          <params>
            <param index="0">
              <value>
                <![CDATA[public void com.nspl.HousingInfoPageTestcase.HousingOptionsTestScript.VerifyWhenWeSelectTwoThreeMoreOption_HowManyStoryDoesItHave() throws java.lang.InterruptedException]]>
              </value>
            </param>
          </params>
          <reporter-output>
          </reporter-output>
        </test-method> <!-- beforeMethod -->
        <test-method signature="VerifyWhenWeSelectTwoThreeMoreOption_HowManyStoryDoesItHave()[pri:11, instance:com.nspl.HousingInfoPageTestcase.HousingOptionsTestScript@ed7f8b4]" started-at="2025-04-06T02:06:52 IST" name="VerifyWhenWeSelectTwoThreeMoreOption_HowManyStoryDoesItHave" finished-at="2025-04-06T02:07:18 IST" duration-ms="26008" status="PASS">
          <reporter-output>
          </reporter-output>
        </test-method> <!-- VerifyWhenWeSelectTwoThreeMoreOption_HowManyStoryDoesItHave -->
        <test-method is-config="true" signature="afterMethod(org.testng.ITestResult,java.lang.reflect.Method)[pri:0, instance:com.nspl.HousingInfoPageTestcase.HousingOptionsTestScript@ed7f8b4]" started-at="2025-04-06T02:07:18 IST" name="afterMethod" finished-at="2025-04-06T02:07:19 IST" duration-ms="1211" status="PASS">
          <params>
            <param index="0">
              <value>
                <![CDATA[[TestResult name=VerifyWhenWeSelectTwoThreeMoreOption_HowManyStoryDoesItHave status=SUCCESS method=HousingOptionsTestScript.VerifyWhenWeSelectTwoThreeMoreOption_HowManyStoryDoesItHave()[pri:11, instance:com.nspl.HousingInfoPageTestcase.HousingOptionsTestScript@ed7f8b4] output={null}]]]>
              </value>
            </param>
            <param index="1">
              <value>
                <![CDATA[public void com.nspl.HousingInfoPageTestcase.HousingOptionsTestScript.VerifyWhenWeSelectTwoThreeMoreOption_HowManyStoryDoesItHave() throws java.lang.InterruptedException]]>
              </value>
            </param>
          </params>
          <reporter-output>
          </reporter-output>
        </test-method> <!-- afterMethod -->
        <test-method is-config="true" signature="afterClass()[pri:0, instance:com.nspl.HousingInfoPageTestcase.HousingOptionsTestScript@ed7f8b4]" started-at="2025-04-06T02:07:19 IST" name="afterClass" finished-at="2025-04-06T02:07:19 IST" duration-ms="30" status="PASS">
          <reporter-output>
          </reporter-output>
        </test-method> <!-- afterClass -->
        <test-method is-config="true" signature="afterTest()[pri:0, instance:com.nspl.HousingInfoPageTestcase.HousingOptionsTestScript@ed7f8b4]" started-at="2025-04-06T02:07:19 IST" name="afterTest" finished-at="2025-04-06T02:07:19 IST" duration-ms="0" status="PASS">
          <reporter-output>
          </reporter-output>
        </test-method> <!-- afterTest -->
        <test-method is-config="true" signature="afterSuite()[pri:0, instance:com.nspl.HousingInfoPageTestcase.HousingOptionsTestScript@ed7f8b4]" started-at="2025-04-06T02:07:20 IST" name="afterSuite" finished-at="2025-04-06T02:07:20 IST" duration-ms="35" status="PASS">
          <reporter-output>
          </reporter-output>
        </test-method> <!-- afterSuite -->
      </class> <!-- com.nspl.HousingInfoPageTestcase.HousingOptionsTestScript -->
    </test> <!-- Default test -->
  </suite> <!-- Default suite -->
</testng-results>
