<?xml version="1.0" encoding="UTF-8"?>
<testng-results retried="5" ignored="2" total="65" passed="57" failed="1" skipped="0">
  <reporter-output>
  </reporter-output>
  <suite started-at="2025-05-22T16:29:20 IST" name="Suite" finished-at="2025-05-22T17:20:26 IST" duration-ms="3066379">
    <groups>
    </groups>
    <test started-at="2025-05-22T16:29:20 IST" name="Test" finished-at="2025-05-22T17:20:26 IST" duration-ms="3066379">
      <class name="com.nspl.agingoptions.financepage.testcases.TransportationTestCases">
        <test-method signature="FTC_013_TransportationSaveContinueLaterButton()[pri:1, instance:com.nspl.agingoptions.financepage.testcases.TransportationTestCases@c86b9e3]" started-at="2025-05-22T16:48:34 IST" name="FTC_013_TransportationSaveContinueLaterButton" finished-at="2025-05-22T16:49:27 IST" duration-ms="52443" status="PASS">
          <reporter-output>
          </reporter-output>
        </test-method> <!-- FTC_013_TransportationSaveContinueLaterButton -->
        <test-method is-config="true" signature="beforeMethod(java.lang.reflect.Method)[pri:0, instance:com.nspl.agingoptions.financepage.testcases.TransportationTestCases@c86b9e3]" started-at="2025-05-22T16:48:34 IST" name="beforeMethod" finished-at="2025-05-22T16:48:34 IST" duration-ms="0" status="PASS">
          <params>
            <param index="0">
              <value>
                <![CDATA[public void com.nspl.agingoptions.financepage.testcases.TransportationTestCases.FTC_013_TransportationSaveContinueLaterButton()]]>
              </value>
            </param>
          </params>
          <reporter-output>
          </reporter-output>
        </test-method> <!-- beforeMethod -->
        <test-method is-config="true" signature="beforeClass()[pri:0, instance:com.nspl.agingoptions.financepage.testcases.TransportationTestCases@c86b9e3]" started-at="2025-05-22T16:48:34 IST" name="beforeClass" finished-at="2025-05-22T16:48:34 IST" duration-ms="0" status="PASS">
          <reporter-output>
          </reporter-output>
        </test-method> <!-- beforeClass -->
        <test-method is-config="true" signature="afterMethod(org.testng.ITestResult,java.lang.reflect.Method)[pri:0, instance:com.nspl.agingoptions.financepage.testcases.TransportationTestCases@c86b9e3]" started-at="2025-05-22T16:49:27 IST" name="afterMethod" finished-at="2025-05-22T16:49:27 IST" duration-ms="28" status="PASS">
          <params>
            <param index="0">
              <value>
                <![CDATA[[TestResult name=FTC_013_TransportationSaveContinueLaterButton status=SUCCESS method=TransportationTestCases.FTC_013_TransportationSaveContinueLaterButton()[pri:1, instance:com.nspl.agingoptions.financepage.testcases.TransportationTestCases@c86b9e3] output={null}]]]>
              </value>
            </param>
            <param index="1">
              <value>
                <![CDATA[public void com.nspl.agingoptions.financepage.testcases.TransportationTestCases.FTC_013_TransportationSaveContinueLaterButton()]]>
              </value>
            </param>
          </params>
          <reporter-output>
          </reporter-output>
        </test-method> <!-- afterMethod -->
        <test-method is-config="true" signature="beforeMethod(java.lang.reflect.Method)[pri:0, instance:com.nspl.agingoptions.financepage.testcases.TransportationTestCases@c86b9e3]" started-at="2025-05-22T16:49:27 IST" name="beforeMethod" finished-at="2025-05-22T16:49:27 IST" duration-ms="1" status="PASS">
          <params>
            <param index="0">
              <value>
                <![CDATA[public void com.nspl.agingoptions.financepage.testcases.TransportationTestCases.FTC_014_TransportationSaveContinueLaterButton()]]>
              </value>
            </param>
          </params>
          <reporter-output>
          </reporter-output>
        </test-method> <!-- beforeMethod -->
        <test-method signature="FTC_014_TransportationSaveContinueLaterButton()[pri:2, instance:com.nspl.agingoptions.financepage.testcases.TransportationTestCases@c86b9e3]" started-at="2025-05-22T16:49:27 IST" name="FTC_014_TransportationSaveContinueLaterButton" finished-at="2025-05-22T16:50:10 IST" duration-ms="42842" status="PASS">
          <reporter-output>
          </reporter-output>
        </test-method> <!-- FTC_014_TransportationSaveContinueLaterButton -->
        <test-method is-config="true" signature="afterMethod(org.testng.ITestResult,java.lang.reflect.Method)[pri:0, instance:com.nspl.agingoptions.financepage.testcases.TransportationTestCases@c86b9e3]" started-at="2025-05-22T16:50:10 IST" name="afterMethod" finished-at="2025-05-22T16:50:10 IST" duration-ms="27" status="PASS">
          <params>
            <param index="0">
              <value>
                <![CDATA[[TestResult name=FTC_014_TransportationSaveContinueLaterButton status=SUCCESS method=TransportationTestCases.FTC_014_TransportationSaveContinueLaterButton()[pri:2, instance:com.nspl.agingoptions.financepage.testcases.TransportationTestCases@c86b9e3] output={null}]]]>
              </value>
            </param>
            <param index="1">
              <value>
                <![CDATA[public void com.nspl.agingoptions.financepage.testcases.TransportationTestCases.FTC_014_TransportationSaveContinueLaterButton()]]>
              </value>
            </param>
          </params>
          <reporter-output>
          </reporter-output>
        </test-method> <!-- afterMethod -->
        <test-method is-config="true" signature="beforeMethod(java.lang.reflect.Method)[pri:0, instance:com.nspl.agingoptions.financepage.testcases.TransportationTestCases@c86b9e3]" started-at="2025-05-22T16:50:10 IST" name="beforeMethod" finished-at="2025-05-22T16:50:10 IST" duration-ms="1" status="PASS">
          <params>
            <param index="0">
              <value>
                <![CDATA[public void com.nspl.agingoptions.financepage.testcases.TransportationTestCases.FTC_015_TransportationSaveContinueLaterButton()]]>
              </value>
            </param>
          </params>
          <reporter-output>
          </reporter-output>
        </test-method> <!-- beforeMethod -->
        <test-method signature="FTC_015_TransportationSaveContinueLaterButton()[pri:3, instance:com.nspl.agingoptions.financepage.testcases.TransportationTestCases@c86b9e3]" started-at="2025-05-22T16:50:10 IST" name="FTC_015_TransportationSaveContinueLaterButton" finished-at="2025-05-22T16:50:51 IST" duration-ms="41451" status="PASS">
          <reporter-output>
          </reporter-output>
        </test-method> <!-- FTC_015_TransportationSaveContinueLaterButton -->
        <test-method is-config="true" signature="afterMethod(org.testng.ITestResult,java.lang.reflect.Method)[pri:0, instance:com.nspl.agingoptions.financepage.testcases.TransportationTestCases@c86b9e3]" started-at="2025-05-22T16:50:51 IST" name="afterMethod" finished-at="2025-05-22T16:50:51 IST" duration-ms="26" status="PASS">
          <params>
            <param index="0">
              <value>
                <![CDATA[[TestResult name=FTC_015_TransportationSaveContinueLaterButton status=SUCCESS method=TransportationTestCases.FTC_015_TransportationSaveContinueLaterButton()[pri:3, instance:com.nspl.agingoptions.financepage.testcases.TransportationTestCases@c86b9e3] output={null}]]]>
              </value>
            </param>
            <param index="1">
              <value>
                <![CDATA[public void com.nspl.agingoptions.financepage.testcases.TransportationTestCases.FTC_015_TransportationSaveContinueLaterButton()]]>
              </value>
            </param>
          </params>
          <reporter-output>
          </reporter-output>
        </test-method> <!-- afterMethod -->
        <test-method is-config="true" signature="afterClass()[pri:0, instance:com.nspl.agingoptions.financepage.testcases.TransportationTestCases@c86b9e3]" started-at="2025-05-22T16:50:51 IST" name="afterClass" finished-at="2025-05-22T16:50:51 IST" duration-ms="8" status="PASS">
          <reporter-output>
          </reporter-output>
        </test-method> <!-- afterClass -->
      </class> <!-- com.nspl.agingoptions.financepage.testcases.TransportationTestCases -->
      <class name="com.nspl.agingoptions.financepage.testcases.RealEstateTestCases">
        <test-method is-config="true" signature="beforeMethod(java.lang.reflect.Method)[pri:0, instance:com.nspl.agingoptions.financepage.testcases.RealEstateTestCases@e4487af]" started-at="2025-05-22T16:41:38 IST" name="beforeMethod" finished-at="2025-05-22T16:41:38 IST" duration-ms="3" status="PASS">
          <params>
            <param index="0">
              <value>
                <![CDATA[public void com.nspl.agingoptions.financepage.testcases.RealEstateTestCases.FTC_007_AddRealEstateSaveContinueLaterButton()]]>
              </value>
            </param>
          </params>
          <reporter-output>
          </reporter-output>
        </test-method> <!-- beforeMethod -->
        <test-method is-config="true" signature="beforeClass()[pri:0, instance:com.nspl.agingoptions.financepage.testcases.RealEstateTestCases@e4487af]" started-at="2025-05-22T16:41:38 IST" name="beforeClass" finished-at="2025-05-22T16:41:38 IST" duration-ms="0" status="PASS">
          <reporter-output>
          </reporter-output>
        </test-method> <!-- beforeClass -->
        <test-method signature="FTC_007_AddRealEstateSaveContinueLaterButton()[pri:1, instance:com.nspl.agingoptions.financepage.testcases.RealEstateTestCases@e4487af]" started-at="2025-05-22T16:41:38 IST" name="FTC_007_AddRealEstateSaveContinueLaterButton" finished-at="2025-05-22T16:42:24 IST" duration-ms="45499" status="PASS">
          <reporter-output>
          </reporter-output>
        </test-method> <!-- FTC_007_AddRealEstateSaveContinueLaterButton -->
        <test-method is-config="true" signature="afterMethod(org.testng.ITestResult,java.lang.reflect.Method)[pri:0, instance:com.nspl.agingoptions.financepage.testcases.RealEstateTestCases@e4487af]" started-at="2025-05-22T16:42:24 IST" name="afterMethod" finished-at="2025-05-22T16:42:24 IST" duration-ms="22" status="PASS">
          <params>
            <param index="0">
              <value>
                <![CDATA[[TestResult name=FTC_007_AddRealEstateSaveContinueLaterButton status=SUCCESS method=RealEstateTestCases.FTC_007_AddRealEstateSaveContinueLaterButton()[pri:1, instance:com.nspl.agingoptions.financepage.testcases.RealEstateTestCases@e4487af] output={null}]]]>
              </value>
            </param>
            <param index="1">
              <value>
                <![CDATA[public void com.nspl.agingoptions.financepage.testcases.RealEstateTestCases.FTC_007_AddRealEstateSaveContinueLaterButton()]]>
              </value>
            </param>
          </params>
          <reporter-output>
          </reporter-output>
        </test-method> <!-- afterMethod -->
        <test-method is-config="true" signature="beforeMethod(java.lang.reflect.Method)[pri:0, instance:com.nspl.agingoptions.financepage.testcases.RealEstateTestCases@e4487af]" started-at="2025-05-22T16:42:24 IST" name="beforeMethod" finished-at="2025-05-22T16:42:24 IST" duration-ms="1" status="PASS">
          <params>
            <param index="0">
              <value>
                <![CDATA[public void com.nspl.agingoptions.financepage.testcases.RealEstateTestCases.FTC_008_AddRealEstateSaveAddAnotherButton()]]>
              </value>
            </param>
          </params>
          <reporter-output>
          </reporter-output>
        </test-method> <!-- beforeMethod -->
        <test-method signature="FTC_008_AddRealEstateSaveAddAnotherButton()[pri:2, instance:com.nspl.agingoptions.financepage.testcases.RealEstateTestCases@e4487af]" started-at="2025-05-22T16:42:24 IST" name="FTC_008_AddRealEstateSaveAddAnotherButton" finished-at="2025-05-22T16:42:54 IST" duration-ms="30503" status="PASS">
          <reporter-output>
          </reporter-output>
        </test-method> <!-- FTC_008_AddRealEstateSaveAddAnotherButton -->
        <test-method is-config="true" signature="afterMethod(org.testng.ITestResult,java.lang.reflect.Method)[pri:0, instance:com.nspl.agingoptions.financepage.testcases.RealEstateTestCases@e4487af]" started-at="2025-05-22T16:42:54 IST" name="afterMethod" finished-at="2025-05-22T16:42:54 IST" duration-ms="23" status="PASS">
          <params>
            <param index="0">
              <value>
                <![CDATA[[TestResult name=FTC_008_AddRealEstateSaveAddAnotherButton status=SUCCESS method=RealEstateTestCases.FTC_008_AddRealEstateSaveAddAnotherButton()[pri:2, instance:com.nspl.agingoptions.financepage.testcases.RealEstateTestCases@e4487af] output={null}]]]>
              </value>
            </param>
            <param index="1">
              <value>
                <![CDATA[public void com.nspl.agingoptions.financepage.testcases.RealEstateTestCases.FTC_008_AddRealEstateSaveAddAnotherButton()]]>
              </value>
            </param>
          </params>
          <reporter-output>
          </reporter-output>
        </test-method> <!-- afterMethod -->
        <test-method is-config="true" signature="beforeMethod(java.lang.reflect.Method)[pri:0, instance:com.nspl.agingoptions.financepage.testcases.RealEstateTestCases@e4487af]" started-at="2025-05-22T16:42:54 IST" name="beforeMethod" finished-at="2025-05-22T16:42:54 IST" duration-ms="1" status="PASS">
          <params>
            <param index="0">
              <value>
                <![CDATA[public void com.nspl.agingoptions.financepage.testcases.RealEstateTestCases.FTC_009_AddRealEstateSaveAndProceedToBussinessInterestButton()]]>
              </value>
            </param>
          </params>
          <reporter-output>
          </reporter-output>
        </test-method> <!-- beforeMethod -->
        <test-method signature="FTC_009_AddRealEstateSaveAndProceedToBussinessInterestButton()[pri:3, instance:com.nspl.agingoptions.financepage.testcases.RealEstateTestCases@e4487af]" started-at="2025-05-22T16:42:54 IST" name="FTC_009_AddRealEstateSaveAndProceedToBussinessInterestButton" finished-at="2025-05-22T16:44:28 IST" duration-ms="94075" status="PASS">
          <reporter-output>
          </reporter-output>
        </test-method> <!-- FTC_009_AddRealEstateSaveAndProceedToBussinessInterestButton -->
        <test-method is-config="true" signature="afterMethod(org.testng.ITestResult,java.lang.reflect.Method)[pri:0, instance:com.nspl.agingoptions.financepage.testcases.RealEstateTestCases@e4487af]" started-at="2025-05-22T16:44:28 IST" name="afterMethod" finished-at="2025-05-22T16:44:28 IST" duration-ms="21" status="PASS">
          <params>
            <param index="0">
              <value>
                <![CDATA[[TestResult name=FTC_009_AddRealEstateSaveAndProceedToBussinessInterestButton status=SUCCESS method=RealEstateTestCases.FTC_009_AddRealEstateSaveAndProceedToBussinessInterestButton()[pri:3, instance:com.nspl.agingoptions.financepage.testcases.RealEstateTestCases@e4487af] output={null}]]]>
              </value>
            </param>
            <param index="1">
              <value>
                <![CDATA[public void com.nspl.agingoptions.financepage.testcases.RealEstateTestCases.FTC_009_AddRealEstateSaveAndProceedToBussinessInterestButton()]]>
              </value>
            </param>
          </params>
          <reporter-output>
          </reporter-output>
        </test-method> <!-- afterMethod -->
        <test-method is-config="true" signature="afterClass()[pri:0, instance:com.nspl.agingoptions.financepage.testcases.RealEstateTestCases@e4487af]" started-at="2025-05-22T16:44:28 IST" name="afterClass" finished-at="2025-05-22T16:44:28 IST" duration-ms="7" status="PASS">
          <reporter-output>
          </reporter-output>
        </test-method> <!-- afterClass -->
      </class> <!-- com.nspl.agingoptions.financepage.testcases.RealEstateTestCases -->
      <class name="com.nspl.agingoptions.financepage.testcases.FinancialAdvisorTestCases">
        <test-method is-config="true" signature="beforeClass()[pri:0, instance:com.nspl.agingoptions.financepage.testcases.FinancialAdvisorTestCases@6ab778a]" started-at="2025-05-22T17:08:08 IST" name="beforeClass" finished-at="2025-05-22T17:08:08 IST" duration-ms="1" status="PASS">
          <reporter-output>
          </reporter-output>
        </test-method> <!-- beforeClass -->
        <test-method signature="FTC_042_PrimaryMemberSaveContinueLaterButton()[pri:3, instance:com.nspl.agingoptions.financepage.testcases.FinancialAdvisorTestCases@6ab778a]" started-at="2025-05-22T17:08:08 IST" name="FTC_042_PrimaryMemberSaveContinueLaterButton" finished-at="2025-05-22T17:08:54 IST" duration-ms="45308" status="PASS">
          <reporter-output>
          </reporter-output>
        </test-method> <!-- FTC_042_PrimaryMemberSaveContinueLaterButton -->
        <test-method is-config="true" signature="beforeMethod(java.lang.reflect.Method)[pri:0, instance:com.nspl.agingoptions.financepage.testcases.FinancialAdvisorTestCases@6ab778a]" started-at="2025-05-22T17:08:08 IST" name="beforeMethod" finished-at="2025-05-22T17:08:08 IST" duration-ms="0" status="PASS">
          <params>
            <param index="0">
              <value>
                <![CDATA[public void com.nspl.agingoptions.financepage.testcases.FinancialAdvisorTestCases.FTC_042_PrimaryMemberSaveContinueLaterButton()]]>
              </value>
            </param>
          </params>
          <reporter-output>
          </reporter-output>
        </test-method> <!-- beforeMethod -->
        <test-method is-config="true" signature="afterMethod(org.testng.ITestResult,java.lang.reflect.Method)[pri:0, instance:com.nspl.agingoptions.financepage.testcases.FinancialAdvisorTestCases@6ab778a]" started-at="2025-05-22T17:08:54 IST" name="afterMethod" finished-at="2025-05-22T17:08:54 IST" duration-ms="28" status="PASS">
          <params>
            <param index="0">
              <value>
                <![CDATA[[TestResult name=FTC_042_PrimaryMemberSaveContinueLaterButton status=SUCCESS method=FinancialAdvisorTestCases.FTC_042_PrimaryMemberSaveContinueLaterButton()[pri:3, instance:com.nspl.agingoptions.financepage.testcases.FinancialAdvisorTestCases@6ab778a] output={null}]]]>
              </value>
            </param>
            <param index="1">
              <value>
                <![CDATA[public void com.nspl.agingoptions.financepage.testcases.FinancialAdvisorTestCases.FTC_042_PrimaryMemberSaveContinueLaterButton()]]>
              </value>
            </param>
          </params>
          <reporter-output>
          </reporter-output>
        </test-method> <!-- afterMethod -->
        <test-method signature="FTC_043_PrimaryMemberSaveAddAnotherButton()[pri:4, instance:com.nspl.agingoptions.financepage.testcases.FinancialAdvisorTestCases@6ab778a]" started-at="2025-05-22T17:08:54 IST" name="FTC_043_PrimaryMemberSaveAddAnotherButton" finished-at="2025-05-22T17:09:32 IST" duration-ms="38620" status="PASS">
          <reporter-output>
          </reporter-output>
        </test-method> <!-- FTC_043_PrimaryMemberSaveAddAnotherButton -->
        <test-method is-config="true" signature="beforeMethod(java.lang.reflect.Method)[pri:0, instance:com.nspl.agingoptions.financepage.testcases.FinancialAdvisorTestCases@6ab778a]" started-at="2025-05-22T17:08:54 IST" name="beforeMethod" finished-at="2025-05-22T17:08:54 IST" duration-ms="0" status="PASS">
          <params>
            <param index="0">
              <value>
                <![CDATA[public void com.nspl.agingoptions.financepage.testcases.FinancialAdvisorTestCases.FTC_043_PrimaryMemberSaveAddAnotherButton()]]>
              </value>
            </param>
          </params>
          <reporter-output>
          </reporter-output>
        </test-method> <!-- beforeMethod -->
        <test-method is-config="true" signature="afterMethod(org.testng.ITestResult,java.lang.reflect.Method)[pri:0, instance:com.nspl.agingoptions.financepage.testcases.FinancialAdvisorTestCases@6ab778a]" started-at="2025-05-22T17:09:32 IST" name="afterMethod" finished-at="2025-05-22T17:09:32 IST" duration-ms="29" status="PASS">
          <params>
            <param index="0">
              <value>
                <![CDATA[[TestResult name=FTC_043_PrimaryMemberSaveAddAnotherButton status=SUCCESS method=FinancialAdvisorTestCases.FTC_043_PrimaryMemberSaveAddAnotherButton()[pri:4, instance:com.nspl.agingoptions.financepage.testcases.FinancialAdvisorTestCases@6ab778a] output={null}]]]>
              </value>
            </param>
            <param index="1">
              <value>
                <![CDATA[public void com.nspl.agingoptions.financepage.testcases.FinancialAdvisorTestCases.FTC_043_PrimaryMemberSaveAddAnotherButton()]]>
              </value>
            </param>
          </params>
          <reporter-output>
          </reporter-output>
        </test-method> <!-- afterMethod -->
        <test-method is-config="true" signature="beforeMethod(java.lang.reflect.Method)[pri:0, instance:com.nspl.agingoptions.financepage.testcases.FinancialAdvisorTestCases@6ab778a]" started-at="2025-05-22T17:09:32 IST" name="beforeMethod" finished-at="2025-05-22T17:09:32 IST" duration-ms="1" status="PASS">
          <params>
            <param index="0">
              <value>
                <![CDATA[public void com.nspl.agingoptions.financepage.testcases.FinancialAdvisorTestCases.FTC_044_PrimaryMemberSaveAndProceedToSpouseButton()]]>
              </value>
            </param>
          </params>
          <reporter-output>
          </reporter-output>
        </test-method> <!-- beforeMethod -->
        <test-method signature="FTC_044_PrimaryMemberSaveAndProceedToSpouseButton()[pri:5, instance:com.nspl.agingoptions.financepage.testcases.FinancialAdvisorTestCases@6ab778a]" started-at="2025-05-22T17:09:32 IST" name="FTC_044_PrimaryMemberSaveAndProceedToSpouseButton" finished-at="2025-05-22T17:10:14 IST" duration-ms="41610" status="PASS">
          <reporter-output>
          </reporter-output>
        </test-method> <!-- FTC_044_PrimaryMemberSaveAndProceedToSpouseButton -->
        <test-method is-config="true" signature="afterMethod(org.testng.ITestResult,java.lang.reflect.Method)[pri:0, instance:com.nspl.agingoptions.financepage.testcases.FinancialAdvisorTestCases@6ab778a]" started-at="2025-05-22T17:10:14 IST" name="afterMethod" finished-at="2025-05-22T17:10:14 IST" duration-ms="30" status="PASS">
          <params>
            <param index="0">
              <value>
                <![CDATA[[TestResult name=FTC_044_PrimaryMemberSaveAndProceedToSpouseButton status=SUCCESS method=FinancialAdvisorTestCases.FTC_044_PrimaryMemberSaveAndProceedToSpouseButton()[pri:5, instance:com.nspl.agingoptions.financepage.testcases.FinancialAdvisorTestCases@6ab778a] output={null}]]]>
              </value>
            </param>
            <param index="1">
              <value>
                <![CDATA[public void com.nspl.agingoptions.financepage.testcases.FinancialAdvisorTestCases.FTC_044_PrimaryMemberSaveAndProceedToSpouseButton()]]>
              </value>
            </param>
          </params>
          <reporter-output>
          </reporter-output>
        </test-method> <!-- afterMethod -->
        <test-method signature="FTC_045_SpouseSaveContinueLaterButton()[pri:6, instance:com.nspl.agingoptions.financepage.testcases.FinancialAdvisorTestCases@6ab778a]" started-at="2025-05-22T17:10:14 IST" name="FTC_045_SpouseSaveContinueLaterButton" finished-at="2025-05-22T17:10:59 IST" duration-ms="44584" status="PASS">
          <reporter-output>
          </reporter-output>
        </test-method> <!-- FTC_045_SpouseSaveContinueLaterButton -->
        <test-method is-config="true" signature="beforeMethod(java.lang.reflect.Method)[pri:0, instance:com.nspl.agingoptions.financepage.testcases.FinancialAdvisorTestCases@6ab778a]" started-at="2025-05-22T17:10:14 IST" name="beforeMethod" finished-at="2025-05-22T17:10:14 IST" duration-ms="0" status="PASS">
          <params>
            <param index="0">
              <value>
                <![CDATA[public void com.nspl.agingoptions.financepage.testcases.FinancialAdvisorTestCases.FTC_045_SpouseSaveContinueLaterButton()]]>
              </value>
            </param>
          </params>
          <reporter-output>
          </reporter-output>
        </test-method> <!-- beforeMethod -->
        <test-method is-config="true" signature="afterMethod(org.testng.ITestResult,java.lang.reflect.Method)[pri:0, instance:com.nspl.agingoptions.financepage.testcases.FinancialAdvisorTestCases@6ab778a]" started-at="2025-05-22T17:10:59 IST" name="afterMethod" finished-at="2025-05-22T17:10:59 IST" duration-ms="29" status="PASS">
          <params>
            <param index="0">
              <value>
                <![CDATA[[TestResult name=FTC_045_SpouseSaveContinueLaterButton status=SUCCESS method=FinancialAdvisorTestCases.FTC_045_SpouseSaveContinueLaterButton()[pri:6, instance:com.nspl.agingoptions.financepage.testcases.FinancialAdvisorTestCases@6ab778a] output={null}]]]>
              </value>
            </param>
            <param index="1">
              <value>
                <![CDATA[public void com.nspl.agingoptions.financepage.testcases.FinancialAdvisorTestCases.FTC_045_SpouseSaveContinueLaterButton()]]>
              </value>
            </param>
          </params>
          <reporter-output>
          </reporter-output>
        </test-method> <!-- afterMethod -->
        <test-method signature="FTC_046_SpouseSaveAndAddAnotherButton()[pri:7, instance:com.nspl.agingoptions.financepage.testcases.FinancialAdvisorTestCases@6ab778a]" started-at="2025-05-22T17:10:59 IST" name="FTC_046_SpouseSaveAndAddAnotherButton" finished-at="2025-05-22T17:11:46 IST" duration-ms="46898" status="PASS">
          <reporter-output>
          </reporter-output>
        </test-method> <!-- FTC_046_SpouseSaveAndAddAnotherButton -->
        <test-method is-config="true" signature="beforeMethod(java.lang.reflect.Method)[pri:0, instance:com.nspl.agingoptions.financepage.testcases.FinancialAdvisorTestCases@6ab778a]" started-at="2025-05-22T17:10:59 IST" name="beforeMethod" finished-at="2025-05-22T17:10:59 IST" duration-ms="0" status="PASS">
          <params>
            <param index="0">
              <value>
                <![CDATA[public void com.nspl.agingoptions.financepage.testcases.FinancialAdvisorTestCases.FTC_046_SpouseSaveAndAddAnotherButton()]]>
              </value>
            </param>
          </params>
          <reporter-output>
          </reporter-output>
        </test-method> <!-- beforeMethod -->
        <test-method is-config="true" signature="afterMethod(org.testng.ITestResult,java.lang.reflect.Method)[pri:0, instance:com.nspl.agingoptions.financepage.testcases.FinancialAdvisorTestCases@6ab778a]" started-at="2025-05-22T17:11:46 IST" name="afterMethod" finished-at="2025-05-22T17:11:46 IST" duration-ms="32" status="PASS">
          <params>
            <param index="0">
              <value>
                <![CDATA[[TestResult name=FTC_046_SpouseSaveAndAddAnotherButton status=SUCCESS method=FinancialAdvisorTestCases.FTC_046_SpouseSaveAndAddAnotherButton()[pri:7, instance:com.nspl.agingoptions.financepage.testcases.FinancialAdvisorTestCases@6ab778a] output={null}]]]>
              </value>
            </param>
            <param index="1">
              <value>
                <![CDATA[public void com.nspl.agingoptions.financepage.testcases.FinancialAdvisorTestCases.FTC_046_SpouseSaveAndAddAnotherButton()]]>
              </value>
            </param>
          </params>
          <reporter-output>
          </reporter-output>
        </test-method> <!-- afterMethod -->
        <test-method is-config="true" signature="afterClass()[pri:0, instance:com.nspl.agingoptions.financepage.testcases.FinancialAdvisorTestCases@6ab778a]" started-at="2025-05-22T17:11:46 IST" name="afterClass" finished-at="2025-05-22T17:11:46 IST" duration-ms="16" status="PASS">
          <reporter-output>
          </reporter-output>
        </test-method> <!-- afterClass -->
      </class> <!-- com.nspl.agingoptions.financepage.testcases.FinancialAdvisorTestCases -->
      <class name="com.nspl.agingoptions.financepage.testcases.FutureExpectationTestCases">
        <test-method signature="FTC_028_FutureExpectation()[pri:1, instance:com.nspl.agingoptions.financepage.testcases.FutureExpectationTestCases@37271612]" started-at="2025-05-22T16:58:20 IST" name="FTC_028_FutureExpectation" finished-at="2025-05-22T16:58:38 IST" duration-ms="18336" status="PASS">
          <reporter-output>
          </reporter-output>
        </test-method> <!-- FTC_028_FutureExpectation -->
        <test-method is-config="true" signature="beforeClass()[pri:0, instance:com.nspl.agingoptions.financepage.testcases.FutureExpectationTestCases@37271612]" started-at="2025-05-22T16:58:20 IST" name="beforeClass" finished-at="2025-05-22T16:58:20 IST" duration-ms="0" status="PASS">
          <reporter-output>
          </reporter-output>
        </test-method> <!-- beforeClass -->
        <test-method is-config="true" signature="beforeMethod(java.lang.reflect.Method)[pri:0, instance:com.nspl.agingoptions.financepage.testcases.FutureExpectationTestCases@37271612]" started-at="2025-05-22T16:58:20 IST" name="beforeMethod" finished-at="2025-05-22T16:58:20 IST" duration-ms="0" status="PASS">
          <params>
            <param index="0">
              <value>
                <![CDATA[public void com.nspl.agingoptions.financepage.testcases.FutureExpectationTestCases.FTC_028_FutureExpectation()]]>
              </value>
            </param>
          </params>
          <reporter-output>
          </reporter-output>
        </test-method> <!-- beforeMethod -->
        <test-method is-config="true" signature="afterMethod(org.testng.ITestResult,java.lang.reflect.Method)[pri:0, instance:com.nspl.agingoptions.financepage.testcases.FutureExpectationTestCases@37271612]" started-at="2025-05-22T16:58:39 IST" name="afterMethod" finished-at="2025-05-22T16:58:39 IST" duration-ms="24" status="PASS">
          <params>
            <param index="0">
              <value>
                <![CDATA[[TestResult name=FTC_028_FutureExpectation status=SUCCESS method=FutureExpectationTestCases.FTC_028_FutureExpectation()[pri:1, instance:com.nspl.agingoptions.financepage.testcases.FutureExpectationTestCases@37271612] output={null}]]]>
              </value>
            </param>
            <param index="1">
              <value>
                <![CDATA[public void com.nspl.agingoptions.financepage.testcases.FutureExpectationTestCases.FTC_028_FutureExpectation()]]>
              </value>
            </param>
          </params>
          <reporter-output>
          </reporter-output>
        </test-method> <!-- afterMethod -->
        <test-method is-config="true" signature="afterClass()[pri:0, instance:com.nspl.agingoptions.financepage.testcases.FutureExpectationTestCases@37271612]" started-at="2025-05-22T16:58:39 IST" name="afterClass" finished-at="2025-05-22T16:58:39 IST" duration-ms="12" status="PASS">
          <reporter-output>
          </reporter-output>
        </test-method> <!-- afterClass -->
      </class> <!-- com.nspl.agingoptions.financepage.testcases.FutureExpectationTestCases -->
      <class name="com.nspl.agingoptions.financepage.testcases.BusinessInterestTestCases">
        <test-method is-config="true" signature="beforeClass()[pri:0, instance:com.nspl.agingoptions.financepage.testcases.BusinessInterestTestCases@6aaceffd]" started-at="2025-05-22T16:44:28 IST" name="beforeClass" finished-at="2025-05-22T16:44:28 IST" duration-ms="1" status="PASS">
          <reporter-output>
          </reporter-output>
        </test-method> <!-- beforeClass -->
        <test-method is-config="true" signature="beforeMethod(java.lang.reflect.Method)[pri:0, instance:com.nspl.agingoptions.financepage.testcases.BusinessInterestTestCases@6aaceffd]" started-at="2025-05-22T16:44:28 IST" name="beforeMethod" finished-at="2025-05-22T16:44:28 IST" duration-ms="1" status="PASS">
          <params>
            <param index="0">
              <value>
                <![CDATA[public void com.nspl.agingoptions.financepage.testcases.BusinessInterestTestCases.FTC_010_BusinessInterestSaveContinueLaterButton()]]>
              </value>
            </param>
          </params>
          <reporter-output>
          </reporter-output>
        </test-method> <!-- beforeMethod -->
        <test-method signature="FTC_010_BusinessInterestSaveContinueLaterButton()[pri:1, instance:com.nspl.agingoptions.financepage.testcases.BusinessInterestTestCases@6aaceffd]" started-at="2025-05-22T16:44:28 IST" name="FTC_010_BusinessInterestSaveContinueLaterButton" finished-at="2025-05-22T16:45:01 IST" duration-ms="32352" status="PASS">
          <reporter-output>
          </reporter-output>
        </test-method> <!-- FTC_010_BusinessInterestSaveContinueLaterButton -->
        <test-method is-config="true" signature="afterMethod(org.testng.ITestResult,java.lang.reflect.Method)[pri:0, instance:com.nspl.agingoptions.financepage.testcases.BusinessInterestTestCases@6aaceffd]" started-at="2025-05-22T16:45:01 IST" name="afterMethod" finished-at="2025-05-22T16:45:01 IST" duration-ms="25" status="PASS">
          <params>
            <param index="0">
              <value>
                <![CDATA[[TestResult name=FTC_010_BusinessInterestSaveContinueLaterButton status=SUCCESS method=BusinessInterestTestCases.FTC_010_BusinessInterestSaveContinueLaterButton()[pri:1, instance:com.nspl.agingoptions.financepage.testcases.BusinessInterestTestCases@6aaceffd] output={null}]]]>
              </value>
            </param>
            <param index="1">
              <value>
                <![CDATA[public void com.nspl.agingoptions.financepage.testcases.BusinessInterestTestCases.FTC_010_BusinessInterestSaveContinueLaterButton()]]>
              </value>
            </param>
          </params>
          <reporter-output>
          </reporter-output>
        </test-method> <!-- afterMethod -->
        <test-method retried="true" signature="FTC_011_BusinessInterestSaveAddAnotherButton()[pri:2, instance:com.nspl.agingoptions.financepage.testcases.BusinessInterestTestCases@6aaceffd]" started-at="2025-05-22T16:45:01 IST" name="FTC_011_BusinessInterestSaveAddAnotherButton" finished-at="2025-05-22T16:47:21 IST" duration-ms="139950" status="SKIP">
          <exception class="org.openqa.selenium.NoSuchElementException">
            <message>
              <![CDATA[no such element: Unable to locate element: {"method":"xpath","selector":"//td[contains(text(),'Partnership')]/following-sibling::td/div/img[@alt='Edit Icon']"}
  (Session info: chrome=136.0.7103.114)
For documentation on this error, please visit: https://www.selenium.dev/documentation/webdriver/troubleshooting/errors#no-such-element-exception
Build info: version: '4.16.1', revision: '9b4c83354e'
System info: os.name: 'Windows 10', os.arch: 'amd64', os.version: '10.0', java.version: '17.0.12'
Driver info: org.openqa.selenium.chrome.ChromeDriver
Command: [28a448206b32bd527af4aa73b346ec89, findElement {using=xpath, value=//td[contains(text(),'Partnership')]/following-sibling::td/div/img[@alt='Edit Icon']}]
Capabilities {acceptInsecureCerts: false, browserName: chrome, browserVersion: 136.0.7103.114, chrome: {chromedriverVersion: 135.0.7049.95 (de2eb485a195..., userDataDir: C:\Users\AO\AppData\Local\T...}, fedcm:accounts: true, goog:chromeOptions: {debuggerAddress: localhost:53778}, networkConnectionEnabled: false, pageLoadStrategy: normal, platformName: windows, proxy: Proxy(), se:cdp: ws://localhost:53778/devtoo..., se:cdpVersion: 136.0.7103.114, setWindowRect: true, strictFileInteractability: false, timeouts: {implicit: 0, pageLoad: 300000, script: 30000}, unhandledPromptBehavior: dismiss and notify, webauthn:extension:credBlob: true, webauthn:extension:largeBlob: true, webauthn:extension:minPinLength: true, webauthn:extension:prf: true, webauthn:virtualAuthenticators: true}
Session ID: 28a448206b32bd527af4aa73b346ec89]]>
            </message>
            <full-stacktrace>
              <![CDATA[org.openqa.selenium.NoSuchElementException: no such element: Unable to locate element: {"method":"xpath","selector":"//td[contains(text(),'Partnership')]/following-sibling::td/div/img[@alt='Edit Icon']"}
  (Session info: chrome=136.0.7103.114)
For documentation on this error, please visit: https://www.selenium.dev/documentation/webdriver/troubleshooting/errors#no-such-element-exception
Build info: version: '4.16.1', revision: '9b4c83354e'
System info: os.name: 'Windows 10', os.arch: 'amd64', os.version: '10.0', java.version: '17.0.12'
Driver info: org.openqa.selenium.chrome.ChromeDriver
Command: [28a448206b32bd527af4aa73b346ec89, findElement {using=xpath, value=//td[contains(text(),'Partnership')]/following-sibling::td/div/img[@alt='Edit Icon']}]
Capabilities {acceptInsecureCerts: false, browserName: chrome, browserVersion: 136.0.7103.114, chrome: {chromedriverVersion: 135.0.7049.95 (de2eb485a195..., userDataDir: C:\Users\AO\AppData\Local\T...}, fedcm:accounts: true, goog:chromeOptions: {debuggerAddress: localhost:53778}, networkConnectionEnabled: false, pageLoadStrategy: normal, platformName: windows, proxy: Proxy(), se:cdp: ws://localhost:53778/devtoo..., se:cdpVersion: 136.0.7103.114, setWindowRect: true, strictFileInteractability: false, timeouts: {implicit: 0, pageLoad: 300000, script: 30000}, unhandledPromptBehavior: dismiss and notify, webauthn:extension:credBlob: true, webauthn:extension:largeBlob: true, webauthn:extension:minPinLength: true, webauthn:extension:prf: true, webauthn:virtualAuthenticators: true}
Session ID: 28a448206b32bd527af4aa73b346ec89
at java.base/jdk.internal.reflect.NativeConstructorAccessorImpl.newInstance0(Native Method)
at java.base/jdk.internal.reflect.NativeConstructorAccessorImpl.newInstance(NativeConstructorAccessorImpl.java:77)
at java.base/jdk.internal.reflect.DelegatingConstructorAccessorImpl.newInstance(DelegatingConstructorAccessorImpl.java:45)
at java.base/java.lang.reflect.Constructor.newInstanceWithCaller(Constructor.java:499)
at java.base/java.lang.reflect.Constructor.newInstance(Constructor.java:480)
at org.openqa.selenium.remote.codec.w3c.W3CHttpResponseCodec.createException(W3CHttpResponseCodec.java:200)
at org.openqa.selenium.remote.codec.w3c.W3CHttpResponseCodec.decode(W3CHttpResponseCodec.java:133)
at org.openqa.selenium.remote.codec.w3c.W3CHttpResponseCodec.decode(W3CHttpResponseCodec.java:52)
at org.openqa.selenium.remote.HttpCommandExecutor.execute(HttpCommandExecutor.java:191)
at org.openqa.selenium.remote.service.DriverCommandExecutor.invokeExecute(DriverCommandExecutor.java:200)
at org.openqa.selenium.remote.service.DriverCommandExecutor.execute(DriverCommandExecutor.java:175)
at org.openqa.selenium.remote.RemoteWebDriver.execute(RemoteWebDriver.java:523)
at org.openqa.selenium.remote.ElementLocation$ElementFinder$2.findElement(ElementLocation.java:165)
at org.openqa.selenium.remote.ElementLocation.findElement(ElementLocation.java:59)
at org.openqa.selenium.remote.RemoteWebDriver.findElement(RemoteWebDriver.java:360)
at org.openqa.selenium.remote.RemoteWebDriver.findElement(RemoteWebDriver.java:354)
at org.openqa.selenium.support.pagefactory.DefaultElementLocator.findElement(DefaultElementLocator.java:68)
at org.openqa.selenium.support.pagefactory.internal.LocatingElementHandler.invoke(LocatingElementHandler.java:38)
at jdk.proxy2/jdk.proxy2.$Proxy20.click(Unknown Source)
at com.nspl.agingoptions.webUtil.WebUtil.click(WebUtil.java:330)
at com.agingoptions.finance.BusinessInterest.clickPartnershipEditIcon(BusinessInterest.java:154)
at com.nspl.agingoptions.financepage.testcases.BusinessInterestTestCases.FTC_011_BusinessInterestSaveAddAnotherButton(BusinessInterestTestCases.java:101)
at java.base/jdk.internal.reflect.NativeMethodAccessorImpl.invoke0(Native Method)
at java.base/jdk.internal.reflect.NativeMethodAccessorImpl.invoke(NativeMethodAccessorImpl.java:77)
at java.base/jdk.internal.reflect.DelegatingMethodAccessorImpl.invoke(DelegatingMethodAccessorImpl.java:43)
at java.base/java.lang.reflect.Method.invoke(Method.java:568)
at org.testng.internal.invokers.MethodInvocationHelper.invokeMethod(MethodInvocationHelper.java:141)
at org.testng.internal.invokers.TestInvoker.invokeMethod(TestInvoker.java:687)
at org.testng.internal.invokers.TestInvoker.invokeTestMethod(TestInvoker.java:230)
at org.testng.internal.invokers.MethodRunner.runInSequence(MethodRunner.java:63)
at org.testng.internal.invokers.TestInvoker$MethodInvocationAgent.invoke(TestInvoker.java:995)
at org.testng.internal.invokers.TestInvoker.invokeTestMethods(TestInvoker.java:203)
at org.testng.internal.invokers.TestMethodWorker.invokeTestMethods(TestMethodWorker.java:154)
at org.testng.internal.invokers.TestMethodWorker.run(TestMethodWorker.java:134)
at java.base/java.util.ArrayList.forEach(ArrayList.java:1511)
at org.testng.TestRunner.privateRun(TestRunner.java:741)
at org.testng.TestRunner.run(TestRunner.java:616)
at org.testng.SuiteRunner.runTest(SuiteRunner.java:421)
at org.testng.SuiteRunner.runSequentially(SuiteRunner.java:413)
at org.testng.SuiteRunner.privateRun(SuiteRunner.java:373)
at org.testng.SuiteRunner.run(SuiteRunner.java:312)
at org.testng.SuiteRunnerWorker.runSuite(SuiteRunnerWorker.java:52)
at org.testng.SuiteRunnerWorker.run(SuiteRunnerWorker.java:95)
at org.testng.TestNG.runSuitesSequentially(TestNG.java:1274)
at org.testng.TestNG.runSuitesLocally(TestNG.java:1208)
at org.testng.TestNG.runSuites(TestNG.java:1112)
at org.testng.TestNG.run(TestNG.java:1079)
at org.testng.remote.AbstractRemoteTestNG.run(AbstractRemoteTestNG.java:115)
at org.testng.remote.RemoteTestNG.initAndRun(RemoteTestNG.java:293)
at org.testng.remote.RemoteTestNG.main(RemoteTestNG.java:91)
]]>
            </full-stacktrace>
          </exception> <!-- org.openqa.selenium.NoSuchElementException -->
          <reporter-output>
          </reporter-output>
        </test-method> <!-- FTC_011_BusinessInterestSaveAddAnotherButton -->
        <test-method is-config="true" signature="beforeMethod(java.lang.reflect.Method)[pri:0, instance:com.nspl.agingoptions.financepage.testcases.BusinessInterestTestCases@6aaceffd]" started-at="2025-05-22T16:45:01 IST" name="beforeMethod" finished-at="2025-05-22T16:45:01 IST" duration-ms="0" status="PASS">
          <params>
            <param index="0">
              <value>
                <![CDATA[public void com.nspl.agingoptions.financepage.testcases.BusinessInterestTestCases.FTC_011_BusinessInterestSaveAddAnotherButton()]]>
              </value>
            </param>
          </params>
          <reporter-output>
          </reporter-output>
        </test-method> <!-- beforeMethod -->
        <test-method is-config="true" signature="afterMethod(org.testng.ITestResult,java.lang.reflect.Method)[pri:0, instance:com.nspl.agingoptions.financepage.testcases.BusinessInterestTestCases@6aaceffd]" started-at="2025-05-22T16:47:21 IST" name="afterMethod" finished-at="2025-05-22T16:47:21 IST" duration-ms="43" status="PASS">
          <params>
            <param index="0">
              <value>
                <![CDATA[[TestResult name=FTC_011_BusinessInterestSaveAddAnotherButton status=SKIP method=BusinessInterestTestCases.FTC_011_BusinessInterestSaveAddAnotherButton()[pri:2, instance:com.nspl.agingoptions.financepage.testcases.BusinessInterestTestCases@6aaceffd] output={null}]]]>
              </value>
            </param>
            <param index="1">
              <value>
                <![CDATA[public void com.nspl.agingoptions.financepage.testcases.BusinessInterestTestCases.FTC_011_BusinessInterestSaveAddAnotherButton()]]>
              </value>
            </param>
          </params>
          <reporter-output>
          </reporter-output>
        </test-method> <!-- afterMethod -->
        <test-method signature="FTC_011_BusinessInterestSaveAddAnotherButton()[pri:2, instance:com.nspl.agingoptions.financepage.testcases.BusinessInterestTestCases@6aaceffd]" started-at="2025-05-22T16:47:21 IST" name="FTC_011_BusinessInterestSaveAddAnotherButton" finished-at="2025-05-22T16:48:06 IST" duration-ms="45154" status="PASS">
          <reporter-output>
          </reporter-output>
        </test-method> <!-- FTC_011_BusinessInterestSaveAddAnotherButton -->
        <test-method is-config="true" signature="beforeMethod(java.lang.reflect.Method)[pri:0, instance:com.nspl.agingoptions.financepage.testcases.BusinessInterestTestCases@6aaceffd]" started-at="2025-05-22T16:47:21 IST" name="beforeMethod" finished-at="2025-05-22T16:47:21 IST" duration-ms="0" status="PASS">
          <params>
            <param index="0">
              <value>
                <![CDATA[public void com.nspl.agingoptions.financepage.testcases.BusinessInterestTestCases.FTC_011_BusinessInterestSaveAddAnotherButton()]]>
              </value>
            </param>
          </params>
          <reporter-output>
          </reporter-output>
        </test-method> <!-- beforeMethod -->
        <test-method is-config="true" signature="afterMethod(org.testng.ITestResult,java.lang.reflect.Method)[pri:0, instance:com.nspl.agingoptions.financepage.testcases.BusinessInterestTestCases@6aaceffd]" started-at="2025-05-22T16:48:06 IST" name="afterMethod" finished-at="2025-05-22T16:48:06 IST" duration-ms="27" status="PASS">
          <params>
            <param index="0">
              <value>
                <![CDATA[[TestResult name=FTC_011_BusinessInterestSaveAddAnotherButton status=SUCCESS method=BusinessInterestTestCases.FTC_011_BusinessInterestSaveAddAnotherButton()[pri:2, instance:com.nspl.agingoptions.financepage.testcases.BusinessInterestTestCases@6aaceffd] output={null}]]]>
              </value>
            </param>
            <param index="1">
              <value>
                <![CDATA[public void com.nspl.agingoptions.financepage.testcases.BusinessInterestTestCases.FTC_011_BusinessInterestSaveAddAnotherButton()]]>
              </value>
            </param>
          </params>
          <reporter-output>
          </reporter-output>
        </test-method> <!-- afterMethod -->
        <test-method signature="FTC_012_BusinessInterestSaveAddAnotherButton()[pri:3, instance:com.nspl.agingoptions.financepage.testcases.BusinessInterestTestCases@6aaceffd]" started-at="2025-05-22T16:48:06 IST" name="FTC_012_BusinessInterestSaveAddAnotherButton" finished-at="2025-05-22T16:48:34 IST" duration-ms="28350" status="PASS">
          <reporter-output>
          </reporter-output>
        </test-method> <!-- FTC_012_BusinessInterestSaveAddAnotherButton -->
        <test-method is-config="true" signature="beforeMethod(java.lang.reflect.Method)[pri:0, instance:com.nspl.agingoptions.financepage.testcases.BusinessInterestTestCases@6aaceffd]" started-at="2025-05-22T16:48:06 IST" name="beforeMethod" finished-at="2025-05-22T16:48:06 IST" duration-ms="0" status="PASS">
          <params>
            <param index="0">
              <value>
                <![CDATA[public void com.nspl.agingoptions.financepage.testcases.BusinessInterestTestCases.FTC_012_BusinessInterestSaveAddAnotherButton()]]>
              </value>
            </param>
          </params>
          <reporter-output>
          </reporter-output>
        </test-method> <!-- beforeMethod -->
        <test-method is-config="true" signature="afterMethod(org.testng.ITestResult,java.lang.reflect.Method)[pri:0, instance:com.nspl.agingoptions.financepage.testcases.BusinessInterestTestCases@6aaceffd]" started-at="2025-05-22T16:48:34 IST" name="afterMethod" finished-at="2025-05-22T16:48:34 IST" duration-ms="27" status="PASS">
          <params>
            <param index="0">
              <value>
                <![CDATA[[TestResult name=FTC_012_BusinessInterestSaveAddAnotherButton status=SUCCESS method=BusinessInterestTestCases.FTC_012_BusinessInterestSaveAddAnotherButton()[pri:3, instance:com.nspl.agingoptions.financepage.testcases.BusinessInterestTestCases@6aaceffd] output={null}]]]>
              </value>
            </param>
            <param index="1">
              <value>
                <![CDATA[public void com.nspl.agingoptions.financepage.testcases.BusinessInterestTestCases.FTC_012_BusinessInterestSaveAddAnotherButton()]]>
              </value>
            </param>
          </params>
          <reporter-output>
          </reporter-output>
        </test-method> <!-- afterMethod -->
        <test-method is-config="true" signature="afterClass()[pri:0, instance:com.nspl.agingoptions.financepage.testcases.BusinessInterestTestCases@6aaceffd]" started-at="2025-05-22T16:48:34 IST" name="afterClass" finished-at="2025-05-22T16:48:34 IST" duration-ms="7" status="PASS">
          <reporter-output>
          </reporter-output>
        </test-method> <!-- afterClass -->
      </class> <!-- com.nspl.agingoptions.financepage.testcases.BusinessInterestTestCases -->
      <class name="com.nspl.agingoptions.financepage.testcases.Non_RetirementTestCases">
        <test-method is-config="true" signature="beforeSuite()[pri:0, instance:com.nspl.agingoptions.financepage.testcases.Non_RetirementTestCases@2e377400]" started-at="2025-05-22T16:29:19 IST" name="beforeSuite" finished-at="2025-05-22T16:29:20 IST" duration-ms="245" status="PASS">
          <reporter-output>
          </reporter-output>
        </test-method> <!-- beforeSuite -->
        <test-method is-config="true" signature="beforeTest()[pri:0, instance:com.nspl.agingoptions.financepage.testcases.Non_RetirementTestCases@2e377400]" started-at="2025-05-22T16:29:20 IST" name="beforeTest" finished-at="2025-05-22T16:30:31 IST" duration-ms="71111" status="PASS">
          <reporter-output>
          </reporter-output>
        </test-method> <!-- beforeTest -->
        <test-method is-config="true" signature="beforeClass()[pri:0, instance:com.nspl.agingoptions.financepage.testcases.Non_RetirementTestCases@2e377400]" started-at="2025-05-22T16:30:31 IST" name="beforeClass" finished-at="2025-05-22T16:30:31 IST" duration-ms="1" status="PASS">
          <reporter-output>
          </reporter-output>
        </test-method> <!-- beforeClass -->
        <test-method is-config="true" signature="beforeMethod(java.lang.reflect.Method)[pri:0, instance:com.nspl.agingoptions.financepage.testcases.Non_RetirementTestCases@2e377400]" started-at="2025-05-22T16:30:31 IST" name="beforeMethod" finished-at="2025-05-22T16:30:31 IST" duration-ms="1" status="PASS">
          <params>
            <param index="0">
              <value>
                <![CDATA[public void com.nspl.agingoptions.financepage.testcases.Non_RetirementTestCases.FTC01_Non_RetirementSaveContinueLaterButton()]]>
              </value>
            </param>
          </params>
          <reporter-output>
          </reporter-output>
        </test-method> <!-- beforeMethod -->
        <test-method signature="FTC01_Non_RetirementSaveContinueLaterButton()[pri:1, instance:com.nspl.agingoptions.financepage.testcases.Non_RetirementTestCases@2e377400]" started-at="2025-05-22T16:30:31 IST" name="FTC01_Non_RetirementSaveContinueLaterButton" finished-at="2025-05-22T16:31:23 IST" duration-ms="52033" status="PASS">
          <reporter-output>
          </reporter-output>
        </test-method> <!-- FTC01_Non_RetirementSaveContinueLaterButton -->
        <test-method is-config="true" signature="afterMethod(org.testng.ITestResult,java.lang.reflect.Method)[pri:0, instance:com.nspl.agingoptions.financepage.testcases.Non_RetirementTestCases@2e377400]" started-at="2025-05-22T16:31:23 IST" name="afterMethod" finished-at="2025-05-22T16:31:23 IST" duration-ms="311" status="PASS">
          <params>
            <param index="0">
              <value>
                <![CDATA[[TestResult name=FTC01_Non_RetirementSaveContinueLaterButton status=SUCCESS method=Non_RetirementTestCases.FTC01_Non_RetirementSaveContinueLaterButton()[pri:1, instance:com.nspl.agingoptions.financepage.testcases.Non_RetirementTestCases@2e377400] output={null}]]]>
              </value>
            </param>
            <param index="1">
              <value>
                <![CDATA[public void com.nspl.agingoptions.financepage.testcases.Non_RetirementTestCases.FTC01_Non_RetirementSaveContinueLaterButton()]]>
              </value>
            </param>
          </params>
          <reporter-output>
          </reporter-output>
        </test-method> <!-- afterMethod -->
        <test-method is-config="true" signature="beforeMethod(java.lang.reflect.Method)[pri:0, instance:com.nspl.agingoptions.financepage.testcases.Non_RetirementTestCases@2e377400]" started-at="2025-05-22T16:31:23 IST" name="beforeMethod" finished-at="2025-05-22T16:31:23 IST" duration-ms="1" status="PASS">
          <params>
            <param index="0">
              <value>
                <![CDATA[public void com.nspl.agingoptions.financepage.testcases.Non_RetirementTestCases.FTC02_Non_RetirementSaveAddAnotherButton()]]>
              </value>
            </param>
          </params>
          <reporter-output>
          </reporter-output>
        </test-method> <!-- beforeMethod -->
        <test-method retried="true" signature="FTC02_Non_RetirementSaveAddAnotherButton()[pri:2, instance:com.nspl.agingoptions.financepage.testcases.Non_RetirementTestCases@2e377400]" started-at="2025-05-22T16:31:23 IST" name="FTC02_Non_RetirementSaveAddAnotherButton" finished-at="2025-05-22T16:34:11 IST" duration-ms="168263" status="SKIP">
          <exception class="org.openqa.selenium.TimeoutException">
            <message>
              <![CDATA[Expected condition failed: waiting for visibility of Proxy element for: DefaultElementLocator 'By.xpath: //p[contains(text(),'Charity Name*')]/following-sibling::input' (tried for 10 second(s) with 500 milliseconds interval)]]>
            </message>
            <full-stacktrace>
              <![CDATA[org.openqa.selenium.TimeoutException: Expected condition failed: waiting for visibility of Proxy element for: DefaultElementLocator 'By.xpath: //p[contains(text(),'Charity Name*')]/following-sibling::input' (tried for 10 second(s) with 500 milliseconds interval)
at org.openqa.selenium.support.ui.WebDriverWait.timeoutException(WebDriverWait.java:84)
at org.openqa.selenium.support.ui.FluentWait.until(FluentWait.java:229)
at com.nspl.agingoptions.webUtil.WebUtil.waitUntilPresentInUI(WebUtil.java:2012)
at com.agingoptions.finance.Non_Retirement_And_RetirementPage.waitUntilCharityModalIsOpen(Non_Retirement_And_RetirementPage.java:208)
at com.nspl.agingoptions.financepage.testcases.Non_RetirementTestCases.FTC02_Non_RetirementSaveAddAnotherButton(Non_RetirementTestCases.java:158)
at java.base/jdk.internal.reflect.NativeMethodAccessorImpl.invoke0(Native Method)
at java.base/jdk.internal.reflect.NativeMethodAccessorImpl.invoke(NativeMethodAccessorImpl.java:77)
at java.base/jdk.internal.reflect.DelegatingMethodAccessorImpl.invoke(DelegatingMethodAccessorImpl.java:43)
at java.base/java.lang.reflect.Method.invoke(Method.java:568)
at org.testng.internal.invokers.MethodInvocationHelper.invokeMethod(MethodInvocationHelper.java:141)
at org.testng.internal.invokers.TestInvoker.invokeMethod(TestInvoker.java:687)
at org.testng.internal.invokers.TestInvoker.invokeTestMethod(TestInvoker.java:230)
at org.testng.internal.invokers.MethodRunner.runInSequence(MethodRunner.java:63)
at org.testng.internal.invokers.TestInvoker$MethodInvocationAgent.invoke(TestInvoker.java:995)
at org.testng.internal.invokers.TestInvoker.invokeTestMethods(TestInvoker.java:203)
at org.testng.internal.invokers.TestMethodWorker.invokeTestMethods(TestMethodWorker.java:154)
at org.testng.internal.invokers.TestMethodWorker.run(TestMethodWorker.java:134)
at java.base/java.util.ArrayList.forEach(ArrayList.java:1511)
at org.testng.TestRunner.privateRun(TestRunner.java:741)
at org.testng.TestRunner.run(TestRunner.java:616)
at org.testng.SuiteRunner.runTest(SuiteRunner.java:421)
at org.testng.SuiteRunner.runSequentially(SuiteRunner.java:413)
at org.testng.SuiteRunner.privateRun(SuiteRunner.java:373)
at org.testng.SuiteRunner.run(SuiteRunner.java:312)
at org.testng.SuiteRunnerWorker.runSuite(SuiteRunnerWorker.java:52)
at org.testng.SuiteRunnerWorker.run(SuiteRunnerWorker.java:95)
at org.testng.TestNG.runSuitesSequentially(TestNG.java:1274)
at org.testng.TestNG.runSuitesLocally(TestNG.java:1208)
at org.testng.TestNG.runSuites(TestNG.java:1112)
at org.testng.TestNG.run(TestNG.java:1079)
at org.testng.remote.AbstractRemoteTestNG.run(AbstractRemoteTestNG.java:115)
at org.testng.remote.RemoteTestNG.initAndRun(RemoteTestNG.java:293)
at org.testng.remote.RemoteTestNG.main(RemoteTestNG.java:91)
Caused by: org.openqa.selenium.NoSuchElementException: no such element: Unable to locate element: {"method":"xpath","selector":"//p[contains(text(),'Charity Name*')]/following-sibling::input"}
  (Session info: chrome=136.0.7103.114)
For documentation on this error, please visit: https://www.selenium.dev/documentation/webdriver/troubleshooting/errors#no-such-element-exception
Build info: version: '4.16.1', revision: '9b4c83354e'
System info: os.name: 'Windows 10', os.arch: 'amd64', os.version: '10.0', java.version: '17.0.12'
Driver info: org.openqa.selenium.chrome.ChromeDriver
Command: [28a448206b32bd527af4aa73b346ec89, findElement {using=xpath, value=//p[contains(text(),'Charity Name*')]/following-sibling::input}]
Capabilities {acceptInsecureCerts: false, browserName: chrome, browserVersion: 136.0.7103.114, chrome: {chromedriverVersion: 135.0.7049.95 (de2eb485a195..., userDataDir: C:\Users\AO\AppData\Local\T...}, fedcm:accounts: true, goog:chromeOptions: {debuggerAddress: localhost:53778}, networkConnectionEnabled: false, pageLoadStrategy: normal, platformName: windows, proxy: Proxy(), se:cdp: ws://localhost:53778/devtoo..., se:cdpVersion: 136.0.7103.114, setWindowRect: true, strictFileInteractability: false, timeouts: {implicit: 0, pageLoad: 300000, script: 30000}, unhandledPromptBehavior: dismiss and notify, webauthn:extension:credBlob: true, webauthn:extension:largeBlob: true, webauthn:extension:minPinLength: true, webauthn:extension:prf: true, webauthn:virtualAuthenticators: true}
Session ID: 28a448206b32bd527af4aa73b346ec89
at java.base/jdk.internal.reflect.NativeConstructorAccessorImpl.newInstance0(Native Method)
at java.base/jdk.internal.reflect.NativeConstructorAccessorImpl.newInstance(NativeConstructorAccessorImpl.java:77)
at java.base/jdk.internal.reflect.DelegatingConstructorAccessorImpl.newInstance(DelegatingConstructorAccessorImpl.java:45)
at java.base/java.lang.reflect.Constructor.newInstanceWithCaller(Constructor.java:499)
at java.base/java.lang.reflect.Constructor.newInstance(Constructor.java:480)
at org.openqa.selenium.remote.codec.w3c.W3CHttpResponseCodec.createException(W3CHttpResponseCodec.java:200)
at org.openqa.selenium.remote.codec.w3c.W3CHttpResponseCodec.decode(W3CHttpResponseCodec.java:133)
at org.openqa.selenium.remote.codec.w3c.W3CHttpResponseCodec.decode(W3CHttpResponseCodec.java:52)
at org.openqa.selenium.remote.HttpCommandExecutor.execute(HttpCommandExecutor.java:191)
at org.openqa.selenium.remote.service.DriverCommandExecutor.invokeExecute(DriverCommandExecutor.java:200)
at org.openqa.selenium.remote.service.DriverCommandExecutor.execute(DriverCommandExecutor.java:175)
at org.openqa.selenium.remote.RemoteWebDriver.execute(RemoteWebDriver.java:523)
at org.openqa.selenium.remote.ElementLocation$ElementFinder$2.findElement(ElementLocation.java:165)
at org.openqa.selenium.remote.ElementLocation.findElement(ElementLocation.java:59)
at org.openqa.selenium.remote.RemoteWebDriver.findElement(RemoteWebDriver.java:360)
at org.openqa.selenium.remote.RemoteWebDriver.findElement(RemoteWebDriver.java:354)
at org.openqa.selenium.support.pagefactory.DefaultElementLocator.findElement(DefaultElementLocator.java:68)
at org.openqa.selenium.support.pagefactory.internal.LocatingElementHandler.invoke(LocatingElementHandler.java:38)
at jdk.proxy2/jdk.proxy2.$Proxy20.isDisplayed(Unknown Source)
at org.openqa.selenium.support.ui.ExpectedConditions.elementIfVisible(ExpectedConditions.java:304)
at org.openqa.selenium.support.ui.ExpectedConditions$10.apply(ExpectedConditions.java:290)
at org.openqa.selenium.support.ui.ExpectedConditions$10.apply(ExpectedConditions.java:287)
at org.openqa.selenium.support.ui.FluentWait.until(FluentWait.java:204)
... 31 more
]]>
            </full-stacktrace>
          </exception> <!-- org.openqa.selenium.TimeoutException -->
          <reporter-output>
          </reporter-output>
        </test-method> <!-- FTC02_Non_RetirementSaveAddAnotherButton -->
        <test-method is-config="true" signature="afterMethod(org.testng.ITestResult,java.lang.reflect.Method)[pri:0, instance:com.nspl.agingoptions.financepage.testcases.Non_RetirementTestCases@2e377400]" started-at="2025-05-22T16:34:11 IST" name="afterMethod" finished-at="2025-05-22T16:34:11 IST" duration-ms="54" status="PASS">
          <params>
            <param index="0">
              <value>
                <![CDATA[[TestResult name=FTC02_Non_RetirementSaveAddAnotherButton status=SKIP method=Non_RetirementTestCases.FTC02_Non_RetirementSaveAddAnotherButton()[pri:2, instance:com.nspl.agingoptions.financepage.testcases.Non_RetirementTestCases@2e377400] output={null}]]]>
              </value>
            </param>
            <param index="1">
              <value>
                <![CDATA[public void com.nspl.agingoptions.financepage.testcases.Non_RetirementTestCases.FTC02_Non_RetirementSaveAddAnotherButton()]]>
              </value>
            </param>
          </params>
          <reporter-output>
          </reporter-output>
        </test-method> <!-- afterMethod -->
        <test-method is-config="true" signature="beforeMethod(java.lang.reflect.Method)[pri:0, instance:com.nspl.agingoptions.financepage.testcases.Non_RetirementTestCases@2e377400]" started-at="2025-05-22T16:34:11 IST" name="beforeMethod" finished-at="2025-05-22T16:34:11 IST" duration-ms="1" status="PASS">
          <params>
            <param index="0">
              <value>
                <![CDATA[public void com.nspl.agingoptions.financepage.testcases.Non_RetirementTestCases.FTC02_Non_RetirementSaveAddAnotherButton()]]>
              </value>
            </param>
          </params>
          <reporter-output>
          </reporter-output>
        </test-method> <!-- beforeMethod -->
        <test-method signature="FTC02_Non_RetirementSaveAddAnotherButton()[pri:2, instance:com.nspl.agingoptions.financepage.testcases.Non_RetirementTestCases@2e377400]" started-at="2025-05-22T16:34:11 IST" name="FTC02_Non_RetirementSaveAddAnotherButton" finished-at="2025-05-22T16:35:49 IST" duration-ms="97204" status="PASS">
          <reporter-output>
          </reporter-output>
        </test-method> <!-- FTC02_Non_RetirementSaveAddAnotherButton -->
        <test-method is-config="true" signature="afterMethod(org.testng.ITestResult,java.lang.reflect.Method)[pri:0, instance:com.nspl.agingoptions.financepage.testcases.Non_RetirementTestCases@2e377400]" started-at="2025-05-22T16:35:49 IST" name="afterMethod" finished-at="2025-05-22T16:35:49 IST" duration-ms="30" status="PASS">
          <params>
            <param index="0">
              <value>
                <![CDATA[[TestResult name=FTC02_Non_RetirementSaveAddAnotherButton status=SUCCESS method=Non_RetirementTestCases.FTC02_Non_RetirementSaveAddAnotherButton()[pri:2, instance:com.nspl.agingoptions.financepage.testcases.Non_RetirementTestCases@2e377400] output={null}]]]>
              </value>
            </param>
            <param index="1">
              <value>
                <![CDATA[public void com.nspl.agingoptions.financepage.testcases.Non_RetirementTestCases.FTC02_Non_RetirementSaveAddAnotherButton()]]>
              </value>
            </param>
          </params>
          <reporter-output>
          </reporter-output>
        </test-method> <!-- afterMethod -->
        <test-method signature="FTC03_Non_RetirementSaveAddProceedToRetirementButton()[pri:3, instance:com.nspl.agingoptions.financepage.testcases.Non_RetirementTestCases@2e377400]" started-at="2025-05-22T16:35:49 IST" name="FTC03_Non_RetirementSaveAddProceedToRetirementButton" finished-at="2025-05-22T16:37:30 IST" duration-ms="101445" status="PASS">
          <reporter-output>
          </reporter-output>
        </test-method> <!-- FTC03_Non_RetirementSaveAddProceedToRetirementButton -->
        <test-method is-config="true" signature="beforeMethod(java.lang.reflect.Method)[pri:0, instance:com.nspl.agingoptions.financepage.testcases.Non_RetirementTestCases@2e377400]" started-at="2025-05-22T16:35:49 IST" name="beforeMethod" finished-at="2025-05-22T16:35:49 IST" duration-ms="0" status="PASS">
          <params>
            <param index="0">
              <value>
                <![CDATA[public void com.nspl.agingoptions.financepage.testcases.Non_RetirementTestCases.FTC03_Non_RetirementSaveAddProceedToRetirementButton()]]>
              </value>
            </param>
          </params>
          <reporter-output>
          </reporter-output>
        </test-method> <!-- beforeMethod -->
        <test-method is-config="true" signature="afterMethod(org.testng.ITestResult,java.lang.reflect.Method)[pri:0, instance:com.nspl.agingoptions.financepage.testcases.Non_RetirementTestCases@2e377400]" started-at="2025-05-22T16:37:30 IST" name="afterMethod" finished-at="2025-05-22T16:37:30 IST" duration-ms="37" status="PASS">
          <params>
            <param index="0">
              <value>
                <![CDATA[[TestResult name=FTC03_Non_RetirementSaveAddProceedToRetirementButton status=SUCCESS method=Non_RetirementTestCases.FTC03_Non_RetirementSaveAddProceedToRetirementButton()[pri:3, instance:com.nspl.agingoptions.financepage.testcases.Non_RetirementTestCases@2e377400] output={null}]]]>
              </value>
            </param>
            <param index="1">
              <value>
                <![CDATA[public void com.nspl.agingoptions.financepage.testcases.Non_RetirementTestCases.FTC03_Non_RetirementSaveAddProceedToRetirementButton()]]>
              </value>
            </param>
          </params>
          <reporter-output>
          </reporter-output>
        </test-method> <!-- afterMethod -->
        <test-method is-config="true" signature="afterClass()[pri:0, instance:com.nspl.agingoptions.financepage.testcases.Non_RetirementTestCases@2e377400]" started-at="2025-05-22T16:37:30 IST" name="afterClass" finished-at="2025-05-22T16:37:30 IST" duration-ms="8" status="PASS">
          <reporter-output>
          </reporter-output>
        </test-method> <!-- afterClass -->
        <test-method is-config="true" signature="afterTest()[pri:0, instance:com.nspl.agingoptions.financepage.testcases.Non_RetirementTestCases@2e377400]" started-at="2025-05-22T17:20:26 IST" name="afterTest" finished-at="2025-05-22T17:20:26 IST" duration-ms="0" status="PASS">
          <reporter-output>
          </reporter-output>
        </test-method> <!-- afterTest -->
        <test-method is-config="true" signature="afterSuite()[pri:0, instance:com.nspl.agingoptions.financepage.testcases.Non_RetirementTestCases@2e377400]" started-at="2025-05-22T17:20:26 IST" name="afterSuite" finished-at="2025-05-22T17:20:26 IST" duration-ms="29" status="PASS">
          <reporter-output>
          </reporter-output>
        </test-method> <!-- afterSuite -->
      </class> <!-- com.nspl.agingoptions.financepage.testcases.Non_RetirementTestCases -->
      <class name="com.nspl.agingoptions.financepage.testcases.LiabilitiesTestCases">
        <test-method is-config="true" signature="beforeMethod(java.lang.reflect.Method)[pri:0, instance:com.nspl.agingoptions.financepage.testcases.LiabilitiesTestCases@ed7f8b4]" started-at="2025-05-22T16:58:39 IST" name="beforeMethod" finished-at="2025-05-22T16:58:39 IST" duration-ms="0" status="PASS">
          <params>
            <param index="0">
              <value>
                <![CDATA[public void com.nspl.agingoptions.financepage.testcases.LiabilitiesTestCases.FTC_029_LiabilitiesSaveContinueLaterButton()]]>
              </value>
            </param>
          </params>
          <reporter-output>
          </reporter-output>
        </test-method> <!-- beforeMethod -->
        <test-method is-config="true" signature="beforeClass()[pri:0, instance:com.nspl.agingoptions.financepage.testcases.LiabilitiesTestCases@ed7f8b4]" started-at="2025-05-22T16:58:39 IST" name="beforeClass" finished-at="2025-05-22T16:58:39 IST" duration-ms="0" status="PASS">
          <reporter-output>
          </reporter-output>
        </test-method> <!-- beforeClass -->
        <test-method retried="true" signature="FTC_029_LiabilitiesSaveContinueLaterButton()[pri:1, instance:com.nspl.agingoptions.financepage.testcases.LiabilitiesTestCases@ed7f8b4]" started-at="2025-05-22T16:58:39 IST" name="FTC_029_LiabilitiesSaveContinueLaterButton" finished-at="2025-05-22T16:59:42 IST" duration-ms="63140" status="SKIP">
          <exception class="org.openqa.selenium.NoSuchElementException">
            <message>
              <![CDATA[no such element: Unable to locate element: {"method":"xpath","selector":"//td[contains(text(),'Credit Cards')]//following-sibling::td//img[@alt='Edit Icon']"}
  (Session info: chrome=136.0.7103.114)
For documentation on this error, please visit: https://www.selenium.dev/documentation/webdriver/troubleshooting/errors#no-such-element-exception
Build info: version: '4.16.1', revision: '9b4c83354e'
System info: os.name: 'Windows 10', os.arch: 'amd64', os.version: '10.0', java.version: '17.0.12'
Driver info: org.openqa.selenium.chrome.ChromeDriver
Command: [28a448206b32bd527af4aa73b346ec89, findElement {using=xpath, value=//td[contains(text(),'Credit Cards')]//following-sibling::td//img[@alt='Edit Icon']}]
Capabilities {acceptInsecureCerts: false, browserName: chrome, browserVersion: 136.0.7103.114, chrome: {chromedriverVersion: 135.0.7049.95 (de2eb485a195..., userDataDir: C:\Users\AO\AppData\Local\T...}, fedcm:accounts: true, goog:chromeOptions: {debuggerAddress: localhost:53778}, networkConnectionEnabled: false, pageLoadStrategy: normal, platformName: windows, proxy: Proxy(), se:cdp: ws://localhost:53778/devtoo..., se:cdpVersion: 136.0.7103.114, setWindowRect: true, strictFileInteractability: false, timeouts: {implicit: 0, pageLoad: 300000, script: 30000}, unhandledPromptBehavior: dismiss and notify, webauthn:extension:credBlob: true, webauthn:extension:largeBlob: true, webauthn:extension:minPinLength: true, webauthn:extension:prf: true, webauthn:virtualAuthenticators: true}
Session ID: 28a448206b32bd527af4aa73b346ec89]]>
            </message>
            <full-stacktrace>
              <![CDATA[org.openqa.selenium.NoSuchElementException: no such element: Unable to locate element: {"method":"xpath","selector":"//td[contains(text(),'Credit Cards')]//following-sibling::td//img[@alt='Edit Icon']"}
  (Session info: chrome=136.0.7103.114)
For documentation on this error, please visit: https://www.selenium.dev/documentation/webdriver/troubleshooting/errors#no-such-element-exception
Build info: version: '4.16.1', revision: '9b4c83354e'
System info: os.name: 'Windows 10', os.arch: 'amd64', os.version: '10.0', java.version: '17.0.12'
Driver info: org.openqa.selenium.chrome.ChromeDriver
Command: [28a448206b32bd527af4aa73b346ec89, findElement {using=xpath, value=//td[contains(text(),'Credit Cards')]//following-sibling::td//img[@alt='Edit Icon']}]
Capabilities {acceptInsecureCerts: false, browserName: chrome, browserVersion: 136.0.7103.114, chrome: {chromedriverVersion: 135.0.7049.95 (de2eb485a195..., userDataDir: C:\Users\AO\AppData\Local\T...}, fedcm:accounts: true, goog:chromeOptions: {debuggerAddress: localhost:53778}, networkConnectionEnabled: false, pageLoadStrategy: normal, platformName: windows, proxy: Proxy(), se:cdp: ws://localhost:53778/devtoo..., se:cdpVersion: 136.0.7103.114, setWindowRect: true, strictFileInteractability: false, timeouts: {implicit: 0, pageLoad: 300000, script: 30000}, unhandledPromptBehavior: dismiss and notify, webauthn:extension:credBlob: true, webauthn:extension:largeBlob: true, webauthn:extension:minPinLength: true, webauthn:extension:prf: true, webauthn:virtualAuthenticators: true}
Session ID: 28a448206b32bd527af4aa73b346ec89
at java.base/jdk.internal.reflect.NativeConstructorAccessorImpl.newInstance0(Native Method)
at java.base/jdk.internal.reflect.NativeConstructorAccessorImpl.newInstance(NativeConstructorAccessorImpl.java:77)
at java.base/jdk.internal.reflect.DelegatingConstructorAccessorImpl.newInstance(DelegatingConstructorAccessorImpl.java:45)
at java.base/java.lang.reflect.Constructor.newInstanceWithCaller(Constructor.java:499)
at java.base/java.lang.reflect.Constructor.newInstance(Constructor.java:480)
at org.openqa.selenium.remote.codec.w3c.W3CHttpResponseCodec.createException(W3CHttpResponseCodec.java:200)
at org.openqa.selenium.remote.codec.w3c.W3CHttpResponseCodec.decode(W3CHttpResponseCodec.java:133)
at org.openqa.selenium.remote.codec.w3c.W3CHttpResponseCodec.decode(W3CHttpResponseCodec.java:52)
at org.openqa.selenium.remote.HttpCommandExecutor.execute(HttpCommandExecutor.java:191)
at org.openqa.selenium.remote.service.DriverCommandExecutor.invokeExecute(DriverCommandExecutor.java:200)
at org.openqa.selenium.remote.service.DriverCommandExecutor.execute(DriverCommandExecutor.java:175)
at org.openqa.selenium.remote.RemoteWebDriver.execute(RemoteWebDriver.java:523)
at org.openqa.selenium.remote.ElementLocation$ElementFinder$2.findElement(ElementLocation.java:165)
at org.openqa.selenium.remote.ElementLocation.findElement(ElementLocation.java:59)
at org.openqa.selenium.remote.RemoteWebDriver.findElement(RemoteWebDriver.java:360)
at org.openqa.selenium.remote.RemoteWebDriver.findElement(RemoteWebDriver.java:354)
at org.openqa.selenium.support.pagefactory.DefaultElementLocator.findElement(DefaultElementLocator.java:68)
at org.openqa.selenium.support.pagefactory.internal.LocatingElementHandler.invoke(LocatingElementHandler.java:38)
at jdk.proxy2/jdk.proxy2.$Proxy20.click(Unknown Source)
at com.nspl.agingoptions.webUtil.WebUtil.click(WebUtil.java:330)
at com.agingoptions.finance.Liabilities.clickCreditCardEditIcon(Liabilities.java:166)
at com.nspl.agingoptions.financepage.testcases.LiabilitiesTestCases.FTC_029_LiabilitiesSaveContinueLaterButton(LiabilitiesTestCases.java:49)
at java.base/jdk.internal.reflect.NativeMethodAccessorImpl.invoke0(Native Method)
at java.base/jdk.internal.reflect.NativeMethodAccessorImpl.invoke(NativeMethodAccessorImpl.java:77)
at java.base/jdk.internal.reflect.DelegatingMethodAccessorImpl.invoke(DelegatingMethodAccessorImpl.java:43)
at java.base/java.lang.reflect.Method.invoke(Method.java:568)
at org.testng.internal.invokers.MethodInvocationHelper.invokeMethod(MethodInvocationHelper.java:141)
at org.testng.internal.invokers.TestInvoker.invokeMethod(TestInvoker.java:687)
at org.testng.internal.invokers.TestInvoker.invokeTestMethod(TestInvoker.java:230)
at org.testng.internal.invokers.MethodRunner.runInSequence(MethodRunner.java:63)
at org.testng.internal.invokers.TestInvoker$MethodInvocationAgent.invoke(TestInvoker.java:995)
at org.testng.internal.invokers.TestInvoker.invokeTestMethods(TestInvoker.java:203)
at org.testng.internal.invokers.TestMethodWorker.invokeTestMethods(TestMethodWorker.java:154)
at org.testng.internal.invokers.TestMethodWorker.run(TestMethodWorker.java:134)
at java.base/java.util.ArrayList.forEach(ArrayList.java:1511)
at org.testng.TestRunner.privateRun(TestRunner.java:741)
at org.testng.TestRunner.run(TestRunner.java:616)
at org.testng.SuiteRunner.runTest(SuiteRunner.java:421)
at org.testng.SuiteRunner.runSequentially(SuiteRunner.java:413)
at org.testng.SuiteRunner.privateRun(SuiteRunner.java:373)
at org.testng.SuiteRunner.run(SuiteRunner.java:312)
at org.testng.SuiteRunnerWorker.runSuite(SuiteRunnerWorker.java:52)
at org.testng.SuiteRunnerWorker.run(SuiteRunnerWorker.java:95)
at org.testng.TestNG.runSuitesSequentially(TestNG.java:1274)
at org.testng.TestNG.runSuitesLocally(TestNG.java:1208)
at org.testng.TestNG.runSuites(TestNG.java:1112)
at org.testng.TestNG.run(TestNG.java:1079)
at org.testng.remote.AbstractRemoteTestNG.run(AbstractRemoteTestNG.java:115)
at org.testng.remote.RemoteTestNG.initAndRun(RemoteTestNG.java:293)
at org.testng.remote.RemoteTestNG.main(RemoteTestNG.java:91)
]]>
            </full-stacktrace>
          </exception> <!-- org.openqa.selenium.NoSuchElementException -->
          <reporter-output>
          </reporter-output>
        </test-method> <!-- FTC_029_LiabilitiesSaveContinueLaterButton -->
        <test-method is-config="true" signature="afterMethod(org.testng.ITestResult,java.lang.reflect.Method)[pri:0, instance:com.nspl.agingoptions.financepage.testcases.LiabilitiesTestCases@ed7f8b4]" started-at="2025-05-22T16:59:42 IST" name="afterMethod" finished-at="2025-05-22T16:59:42 IST" duration-ms="40" status="PASS">
          <params>
            <param index="0">
              <value>
                <![CDATA[[TestResult name=FTC_029_LiabilitiesSaveContinueLaterButton status=SKIP method=LiabilitiesTestCases.FTC_029_LiabilitiesSaveContinueLaterButton()[pri:1, instance:com.nspl.agingoptions.financepage.testcases.LiabilitiesTestCases@ed7f8b4] output={null}]]]>
              </value>
            </param>
            <param index="1">
              <value>
                <![CDATA[public void com.nspl.agingoptions.financepage.testcases.LiabilitiesTestCases.FTC_029_LiabilitiesSaveContinueLaterButton()]]>
              </value>
            </param>
          </params>
          <reporter-output>
          </reporter-output>
        </test-method> <!-- afterMethod -->
        <test-method signature="FTC_029_LiabilitiesSaveContinueLaterButton()[pri:1, instance:com.nspl.agingoptions.financepage.testcases.LiabilitiesTestCases@ed7f8b4]" started-at="2025-05-22T16:59:42 IST" name="FTC_029_LiabilitiesSaveContinueLaterButton" finished-at="2025-05-22T17:00:09 IST" duration-ms="27464" status="PASS">
          <reporter-output>
          </reporter-output>
        </test-method> <!-- FTC_029_LiabilitiesSaveContinueLaterButton -->
        <test-method is-config="true" signature="beforeMethod(java.lang.reflect.Method)[pri:0, instance:com.nspl.agingoptions.financepage.testcases.LiabilitiesTestCases@ed7f8b4]" started-at="2025-05-22T16:59:42 IST" name="beforeMethod" finished-at="2025-05-22T16:59:42 IST" duration-ms="0" status="PASS">
          <params>
            <param index="0">
              <value>
                <![CDATA[public void com.nspl.agingoptions.financepage.testcases.LiabilitiesTestCases.FTC_029_LiabilitiesSaveContinueLaterButton()]]>
              </value>
            </param>
          </params>
          <reporter-output>
          </reporter-output>
        </test-method> <!-- beforeMethod -->
        <test-method is-config="true" signature="afterMethod(org.testng.ITestResult,java.lang.reflect.Method)[pri:0, instance:com.nspl.agingoptions.financepage.testcases.LiabilitiesTestCases@ed7f8b4]" started-at="2025-05-22T17:00:09 IST" name="afterMethod" finished-at="2025-05-22T17:00:09 IST" duration-ms="23" status="PASS">
          <params>
            <param index="0">
              <value>
                <![CDATA[[TestResult name=FTC_029_LiabilitiesSaveContinueLaterButton status=SUCCESS method=LiabilitiesTestCases.FTC_029_LiabilitiesSaveContinueLaterButton()[pri:1, instance:com.nspl.agingoptions.financepage.testcases.LiabilitiesTestCases@ed7f8b4] output={null}]]]>
              </value>
            </param>
            <param index="1">
              <value>
[...]
          <reporter-output>
          </reporter-output>
        </test-method> <!-- FTC06_RetirementNextRealEstateButton -->
        <test-method is-config="true" signature="beforeMethod(java.lang.reflect.Method)[pri:0, instance:com.nspl.agingoptions.financepage.testcases.RetirementTestCases@687e99d8]" started-at="2025-05-22T16:40:06 IST" name="beforeMethod" finished-at="2025-05-22T16:40:06 IST" duration-ms="0" status="PASS">
          <params>
            <param index="0">
              <value>
                <![CDATA[public void com.nspl.agingoptions.financepage.testcases.RetirementTestCases.FTC06_RetirementNextRealEstateButton()]]>
              </value>
            </param>
          </params>
          <reporter-output>
          </reporter-output>
        </test-method> <!-- beforeMethod -->
        <test-method is-config="true" signature="afterMethod(org.testng.ITestResult,java.lang.reflect.Method)[pri:0, instance:com.nspl.agingoptions.financepage.testcases.RetirementTestCases@687e99d8]" started-at="2025-05-22T16:41:38 IST" name="afterMethod" finished-at="2025-05-22T16:41:38 IST" duration-ms="31" status="PASS">
          <params>
            <param index="0">
              <value>
                <![CDATA[[TestResult name=FTC06_RetirementNextRealEstateButton status=SUCCESS method=RetirementTestCases.FTC06_RetirementNextRealEstateButton()[pri:3, instance:com.nspl.agingoptions.financepage.testcases.RetirementTestCases@687e99d8] output={null}]]]>
              </value>
            </param>
            <param index="1">
              <value>
                <![CDATA[public void com.nspl.agingoptions.financepage.testcases.RetirementTestCases.FTC06_RetirementNextRealEstateButton()]]>
              </value>
            </param>
          </params>
          <reporter-output>
          </reporter-output>
        </test-method> <!-- afterMethod -->
        <test-method is-config="true" signature="afterClass()[pri:0, instance:com.nspl.agingoptions.financepage.testcases.RetirementTestCases@687e99d8]" started-at="2025-05-22T16:41:38 IST" name="afterClass" finished-at="2025-05-22T16:41:38 IST" duration-ms="7" status="PASS">
          <reporter-output>
          </reporter-output>
        </test-method> <!-- afterClass -->
      </class> <!-- com.nspl.agingoptions.financepage.testcases.RetirementTestCases -->
      <class name="com.nspl.agingoptions.financepage.testcases.BookKeeperTestCases">
        <test-method is-config="true" signature="beforeMethod(java.lang.reflect.Method)[pri:0, instance:com.nspl.agingoptions.financepage.testcases.BookKeeperTestCases@77f80c04]" started-at="2025-05-22T17:16:25 IST" name="beforeMethod" finished-at="2025-05-22T17:16:25 IST" duration-ms="0" status="PASS">
          <params>
            <param index="0">
              <value>
                <![CDATA[public void com.nspl.agingoptions.financepage.testcases.BookKeeperTestCases.FTC_055_PrimaryMemberSaveContinueLaterButton()]]>
              </value>
            </param>
          </params>
          <reporter-output>
          </reporter-output>
        </test-method> <!-- beforeMethod -->
        <test-method is-config="true" signature="beforeClass()[pri:0, instance:com.nspl.agingoptions.financepage.testcases.BookKeeperTestCases@77f80c04]" started-at="2025-05-22T17:16:25 IST" name="beforeClass" finished-at="2025-05-22T17:16:25 IST" duration-ms="0" status="PASS">
          <reporter-output>
          </reporter-output>
        </test-method> <!-- beforeClass -->
        <test-method signature="FTC_055_PrimaryMemberSaveContinueLaterButton()[pri:1, instance:com.nspl.agingoptions.financepage.testcases.BookKeeperTestCases@77f80c04]" started-at="2025-05-22T17:16:25 IST" name="FTC_055_PrimaryMemberSaveContinueLaterButton" finished-at="2025-05-22T17:17:02 IST" duration-ms="36902" status="PASS">
          <reporter-output>
          </reporter-output>
        </test-method> <!-- FTC_055_PrimaryMemberSaveContinueLaterButton -->
        <test-method is-config="true" signature="afterMethod(org.testng.ITestResult,java.lang.reflect.Method)[pri:0, instance:com.nspl.agingoptions.financepage.testcases.BookKeeperTestCases@77f80c04]" started-at="2025-05-22T17:17:02 IST" name="afterMethod" finished-at="2025-05-22T17:17:02 IST" duration-ms="46" status="PASS">
          <params>
            <param index="0">
              <value>
                <![CDATA[[TestResult name=FTC_055_PrimaryMemberSaveContinueLaterButton status=SUCCESS method=BookKeeperTestCases.FTC_055_PrimaryMemberSaveContinueLaterButton()[pri:1, instance:com.nspl.agingoptions.financepage.testcases.BookKeeperTestCases@77f80c04] output={null}]]]>
              </value>
            </param>
            <param index="1">
              <value>
                <![CDATA[public void com.nspl.agingoptions.financepage.testcases.BookKeeperTestCases.FTC_055_PrimaryMemberSaveContinueLaterButton()]]>
              </value>
            </param>
          </params>
          <reporter-output>
          </reporter-output>
        </test-method> <!-- afterMethod -->
        <test-method signature="FTC_056_PrimarySaveAddAnotherButton()[pri:2, instance:com.nspl.agingoptions.financepage.testcases.BookKeeperTestCases@77f80c04]" started-at="2025-05-22T17:17:02 IST" name="FTC_056_PrimarySaveAddAnotherButton" finished-at="2025-05-22T17:17:37 IST" duration-ms="35496" status="PASS">
          <reporter-output>
          </reporter-output>
        </test-method> <!-- FTC_056_PrimarySaveAddAnotherButton -->
        <test-method is-config="true" signature="beforeMethod(java.lang.reflect.Method)[pri:0, instance:com.nspl.agingoptions.financepage.testcases.BookKeeperTestCases@77f80c04]" started-at="2025-05-22T17:17:02 IST" name="beforeMethod" finished-at="2025-05-22T17:17:02 IST" duration-ms="0" status="PASS">
          <params>
            <param index="0">
              <value>
                <![CDATA[public void com.nspl.agingoptions.financepage.testcases.BookKeeperTestCases.FTC_056_PrimarySaveAddAnotherButton()]]>
              </value>
            </param>
          </params>
          <reporter-output>
          </reporter-output>
        </test-method> <!-- beforeMethod -->
        <test-method is-config="true" signature="afterMethod(org.testng.ITestResult,java.lang.reflect.Method)[pri:0, instance:com.nspl.agingoptions.financepage.testcases.BookKeeperTestCases@77f80c04]" started-at="2025-05-22T17:17:37 IST" name="afterMethod" finished-at="2025-05-22T17:17:37 IST" duration-ms="34" status="PASS">
          <params>
            <param index="0">
              <value>
                <![CDATA[[TestResult name=FTC_056_PrimarySaveAddAnotherButton status=SUCCESS method=BookKeeperTestCases.FTC_056_PrimarySaveAddAnotherButton()[pri:2, instance:com.nspl.agingoptions.financepage.testcases.BookKeeperTestCases@77f80c04] output={null}]]]>
              </value>
            </param>
            <param index="1">
              <value>
                <![CDATA[public void com.nspl.agingoptions.financepage.testcases.BookKeeperTestCases.FTC_056_PrimarySaveAddAnotherButton()]]>
              </value>
            </param>
          </params>
          <reporter-output>
          </reporter-output>
        </test-method> <!-- afterMethod -->
        <test-method signature="FTC_057_PrimaryMemberSaveAndProceedToSpouseButton()[pri:3, instance:com.nspl.agingoptions.financepage.testcases.BookKeeperTestCases@77f80c04]" started-at="2025-05-22T17:17:37 IST" name="FTC_057_PrimaryMemberSaveAndProceedToSpouseButton" finished-at="2025-05-22T17:18:18 IST" duration-ms="40561" status="PASS">
          <reporter-output>
          </reporter-output>
        </test-method> <!-- FTC_057_PrimaryMemberSaveAndProceedToSpouseButton -->
        <test-method is-config="true" signature="beforeMethod(java.lang.reflect.Method)[pri:0, instance:com.nspl.agingoptions.financepage.testcases.BookKeeperTestCases@77f80c04]" started-at="2025-05-22T17:17:37 IST" name="beforeMethod" finished-at="2025-05-22T17:17:37 IST" duration-ms="0" status="PASS">
          <params>
            <param index="0">
              <value>
                <![CDATA[public void com.nspl.agingoptions.financepage.testcases.BookKeeperTestCases.FTC_057_PrimaryMemberSaveAndProceedToSpouseButton()]]>
              </value>
            </param>
          </params>
          <reporter-output>
          </reporter-output>
        </test-method> <!-- beforeMethod -->
        <test-method is-config="true" signature="afterMethod(org.testng.ITestResult,java.lang.reflect.Method)[pri:0, instance:com.nspl.agingoptions.financepage.testcases.BookKeeperTestCases@77f80c04]" started-at="2025-05-22T17:18:18 IST" name="afterMethod" finished-at="2025-05-22T17:18:18 IST" duration-ms="35" status="PASS">
          <params>
            <param index="0">
              <value>
                <![CDATA[[TestResult name=FTC_057_PrimaryMemberSaveAndProceedToSpouseButton status=SUCCESS method=BookKeeperTestCases.FTC_057_PrimaryMemberSaveAndProceedToSpouseButton()[pri:3, instance:com.nspl.agingoptions.financepage.testcases.BookKeeperTestCases@77f80c04] output={null}]]]>
              </value>
            </param>
            <param index="1">
              <value>
                <![CDATA[public void com.nspl.agingoptions.financepage.testcases.BookKeeperTestCases.FTC_057_PrimaryMemberSaveAndProceedToSpouseButton()]]>
              </value>
            </param>
          </params>
          <reporter-output>
          </reporter-output>
        </test-method> <!-- afterMethod -->
        <test-method signature="FTC_058_SpouseSaveContinueLaterButton()[pri:4, instance:com.nspl.agingoptions.financepage.testcases.BookKeeperTestCases@77f80c04]" started-at="2025-05-22T17:18:18 IST" name="FTC_058_SpouseSaveContinueLaterButton" finished-at="2025-05-22T17:18:57 IST" duration-ms="39076" status="PASS">
          <reporter-output>
          </reporter-output>
        </test-method> <!-- FTC_058_SpouseSaveContinueLaterButton -->
        <test-method is-config="true" signature="beforeMethod(java.lang.reflect.Method)[pri:0, instance:com.nspl.agingoptions.financepage.testcases.BookKeeperTestCases@77f80c04]" started-at="2025-05-22T17:18:18 IST" name="beforeMethod" finished-at="2025-05-22T17:18:18 IST" duration-ms="0" status="PASS">
          <params>
            <param index="0">
              <value>
                <![CDATA[public void com.nspl.agingoptions.financepage.testcases.BookKeeperTestCases.FTC_058_SpouseSaveContinueLaterButton()]]>
              </value>
            </param>
          </params>
          <reporter-output>
          </reporter-output>
        </test-method> <!-- beforeMethod -->
        <test-method is-config="true" signature="afterMethod(org.testng.ITestResult,java.lang.reflect.Method)[pri:0, instance:com.nspl.agingoptions.financepage.testcases.BookKeeperTestCases@77f80c04]" started-at="2025-05-22T17:18:57 IST" name="afterMethod" finished-at="2025-05-22T17:18:57 IST" duration-ms="36" status="PASS">
          <params>
            <param index="0">
              <value>
                <![CDATA[[TestResult name=FTC_058_SpouseSaveContinueLaterButton status=SUCCESS method=BookKeeperTestCases.FTC_058_SpouseSaveContinueLaterButton()[pri:4, instance:com.nspl.agingoptions.financepage.testcases.BookKeeperTestCases@77f80c04] output={null}]]]>
              </value>
            </param>
            <param index="1">
              <value>
                <![CDATA[public void com.nspl.agingoptions.financepage.testcases.BookKeeperTestCases.FTC_058_SpouseSaveContinueLaterButton()]]>
              </value>
            </param>
          </params>
          <reporter-output>
          </reporter-output>
        </test-method> <!-- afterMethod -->
        <test-method signature="FTC_059_SpouseSaveAddAnotherButton()[pri:5, instance:com.nspl.agingoptions.financepage.testcases.BookKeeperTestCases@77f80c04]" started-at="2025-05-22T17:18:57 IST" name="FTC_059_SpouseSaveAddAnotherButton" finished-at="2025-05-22T17:19:36 IST" duration-ms="39477" status="PASS">
          <reporter-output>
          </reporter-output>
        </test-method> <!-- FTC_059_SpouseSaveAddAnotherButton -->
        <test-method is-config="true" signature="beforeMethod(java.lang.reflect.Method)[pri:0, instance:com.nspl.agingoptions.financepage.testcases.BookKeeperTestCases@77f80c04]" started-at="2025-05-22T17:18:57 IST" name="beforeMethod" finished-at="2025-05-22T17:18:57 IST" duration-ms="0" status="PASS">
          <params>
            <param index="0">
              <value>
                <![CDATA[public void com.nspl.agingoptions.financepage.testcases.BookKeeperTestCases.FTC_059_SpouseSaveAddAnotherButton()]]>
              </value>
            </param>
          </params>
          <reporter-output>
          </reporter-output>
        </test-method> <!-- beforeMethod -->
        <test-method is-config="true" signature="afterMethod(org.testng.ITestResult,java.lang.reflect.Method)[pri:0, instance:com.nspl.agingoptions.financepage.testcases.BookKeeperTestCases@77f80c04]" started-at="2025-05-22T17:19:36 IST" name="afterMethod" finished-at="2025-05-22T17:19:36 IST" duration-ms="38" status="PASS">
          <params>
            <param index="0">
              <value>
                <![CDATA[[TestResult name=FTC_059_SpouseSaveAddAnotherButton status=SUCCESS method=BookKeeperTestCases.FTC_059_SpouseSaveAddAnotherButton()[pri:5, instance:com.nspl.agingoptions.financepage.testcases.BookKeeperTestCases@77f80c04] output={null}]]]>
              </value>
            </param>
            <param index="1">
              <value>
                <![CDATA[public void com.nspl.agingoptions.financepage.testcases.BookKeeperTestCases.FTC_059_SpouseSaveAddAnotherButton()]]>
              </value>
            </param>
          </params>
          <reporter-output>
          </reporter-output>
        </test-method> <!-- afterMethod -->
        <test-method signature="FTC_060_SpouseSaveAndProceedToLegalButton()[pri:6, instance:com.nspl.agingoptions.financepage.testcases.BookKeeperTestCases@77f80c04]" started-at="2025-05-22T17:19:36 IST" name="FTC_060_SpouseSaveAndProceedToLegalButton" finished-at="2025-05-22T17:20:26 IST" duration-ms="49599" status="PASS">
          <reporter-output>
          </reporter-output>
        </test-method> <!-- FTC_060_SpouseSaveAndProceedToLegalButton -->
        <test-method is-config="true" signature="beforeMethod(java.lang.reflect.Method)[pri:0, instance:com.nspl.agingoptions.financepage.testcases.BookKeeperTestCases@77f80c04]" started-at="2025-05-22T17:19:36 IST" name="beforeMethod" finished-at="2025-05-22T17:19:36 IST" duration-ms="0" status="PASS">
          <params>
            <param index="0">
              <value>
                <![CDATA[public void com.nspl.agingoptions.financepage.testcases.BookKeeperTestCases.FTC_060_SpouseSaveAndProceedToLegalButton()]]>
              </value>
            </param>
          </params>
          <reporter-output>
          </reporter-output>
        </test-method> <!-- beforeMethod -->
        <test-method is-config="true" signature="afterMethod(org.testng.ITestResult,java.lang.reflect.Method)[pri:0, instance:com.nspl.agingoptions.financepage.testcases.BookKeeperTestCases@77f80c04]" started-at="2025-05-22T17:20:26 IST" name="afterMethod" finished-at="2025-05-22T17:20:26 IST" duration-ms="33" status="PASS">
          <params>
            <param index="0">
              <value>
                <![CDATA[[TestResult name=FTC_060_SpouseSaveAndProceedToLegalButton status=SUCCESS method=BookKeeperTestCases.FTC_060_SpouseSaveAndProceedToLegalButton()[pri:6, instance:com.nspl.agingoptions.financepage.testcases.BookKeeperTestCases@77f80c04] output={null}]]]>
              </value>
            </param>
            <param index="1">
              <value>
                <![CDATA[public void com.nspl.agingoptions.financepage.testcases.BookKeeperTestCases.FTC_060_SpouseSaveAndProceedToLegalButton()]]>
              </value>
            </param>
          </params>
          <reporter-output>
          </reporter-output>
        </test-method> <!-- afterMethod -->
        <test-method is-config="true" signature="afterClass()[pri:0, instance:com.nspl.agingoptions.financepage.testcases.BookKeeperTestCases@77f80c04]" started-at="2025-05-22T17:20:26 IST" name="afterClass" finished-at="2025-05-22T17:20:26 IST" duration-ms="19" status="PASS">
          <reporter-output>
          </reporter-output>
        </test-method> <!-- afterClass -->
      </class> <!-- com.nspl.agingoptions.financepage.testcases.BookKeeperTestCases -->
      <class name="com.nspl.agingoptions.financepage.testcases.MonthlyIncomeTestCases">
        <test-method is-config="true" signature="beforeMethod(java.lang.reflect.Method)[pri:0, instance:com.nspl.agingoptions.financepage.testcases.MonthlyIncomeTestCases@4c309d4d]" started-at="2025-05-22T17:02:19 IST" name="beforeMethod" finished-at="2025-05-22T17:02:19 IST" duration-ms="1" status="PASS">
          <params>
            <param index="0">
              <value>
                <![CDATA[public void com.nspl.agingoptions.financepage.testcases.MonthlyIncomeTestCases.FTC_032_InputIncomeDetails()]]>
              </value>
            </param>
          </params>
          <reporter-output>
          </reporter-output>
        </test-method> <!-- beforeMethod -->
        <test-method is-config="true" signature="beforeClass()[pri:0, instance:com.nspl.agingoptions.financepage.testcases.MonthlyIncomeTestCases@4c309d4d]" started-at="2025-05-22T17:02:19 IST" name="beforeClass" finished-at="2025-05-22T17:02:19 IST" duration-ms="0" status="PASS">
          <reporter-output>
          </reporter-output>
        </test-method> <!-- beforeClass -->
        <test-method signature="FTC_032_InputIncomeDetails()[pri:1, instance:com.nspl.agingoptions.financepage.testcases.MonthlyIncomeTestCases@4c309d4d]" started-at="2025-05-22T17:02:19 IST" name="FTC_032_InputIncomeDetails" finished-at="2025-05-22T17:03:05 IST" duration-ms="45836" status="PASS">
          <reporter-output>
          </reporter-output>
        </test-method> <!-- FTC_032_InputIncomeDetails -->
        <test-method is-config="true" signature="afterMethod(org.testng.ITestResult,java.lang.reflect.Method)[pri:0, instance:com.nspl.agingoptions.financepage.testcases.MonthlyIncomeTestCases@4c309d4d]" started-at="2025-05-22T17:03:05 IST" name="afterMethod" finished-at="2025-05-22T17:03:05 IST" duration-ms="23" status="PASS">
          <params>
            <param index="0">
              <value>
                <![CDATA[[TestResult name=FTC_032_InputIncomeDetails status=SUCCESS method=MonthlyIncomeTestCases.FTC_032_InputIncomeDetails()[pri:1, instance:com.nspl.agingoptions.financepage.testcases.MonthlyIncomeTestCases@4c309d4d] output={null}]]]>
              </value>
            </param>
            <param index="1">
              <value>
                <![CDATA[public void com.nspl.agingoptions.financepage.testcases.MonthlyIncomeTestCases.FTC_032_InputIncomeDetails()]]>
              </value>
            </param>
          </params>
          <reporter-output>
          </reporter-output>
        </test-method> <!-- afterMethod -->
        <test-method is-config="true" signature="afterClass()[pri:0, instance:com.nspl.agingoptions.financepage.testcases.MonthlyIncomeTestCases@4c309d4d]" started-at="2025-05-22T17:03:05 IST" name="afterClass" finished-at="2025-05-22T17:03:05 IST" duration-ms="12" status="PASS">
          <reporter-output>
          </reporter-output>
        </test-method> <!-- afterClass -->
      </class> <!-- com.nspl.agingoptions.financepage.testcases.MonthlyIncomeTestCases -->
    </test> <!-- Test -->
  </suite> <!-- Suite -->
</testng-results>
