<?xml version="1.0" encoding="UTF-8"?>
<testng-results retried="1" ignored="0" total="23" passed="22" failed="0" skipped="0">
  <reporter-output>
  </reporter-output>
  <suite started-at="2025-04-02T17:21:52 IST" name="Suite" finished-at="2025-04-02T17:40:24 IST" duration-ms="1111903">
    <groups>
    </groups>
    <test started-at="2025-04-02T17:21:52 IST" name="Test" finished-at="2025-04-02T17:40:24 IST" duration-ms="1111903">
      <class name="com.nspl.agingoptions.healthpage.testcases.MarriedUserPersonalMedicalHistoryTestCases">
        <test-method is-config="true" signature="beforeSuite()[pri:0, instance:com.nspl.agingoptions.healthpage.testcases.MarriedUserPersonalMedicalHistoryTestCases@1e66f1f5]" started-at="2025-04-02T17:21:52 IST" name="beforeSuite" finished-at="2025-04-02T17:21:52 IST" duration-ms="257" status="PASS">
          <reporter-output>
          </reporter-output>
        </test-method> <!-- beforeSuite -->
        <test-method is-config="true" signature="beforeTest()[pri:0, instance:com.nspl.agingoptions.healthpage.testcases.MarriedUserPersonalMedicalHistoryTestCases@1e66f1f5]" started-at="2025-04-02T17:21:52 IST" name="beforeTest" finished-at="2025-04-02T17:23:06 IST" duration-ms="73591" status="PASS">
          <reporter-output>
          </reporter-output>
        </test-method> <!-- beforeTest -->
        <test-method is-config="true" signature="beforeClass()[pri:0, instance:com.nspl.agingoptions.healthpage.testcases.MarriedUserPersonalMedicalHistoryTestCases@1e66f1f5]" started-at="2025-04-02T17:23:06 IST" name="beforeClass" finished-at="2025-04-02T17:23:06 IST" duration-ms="1" status="PASS">
          <reporter-output>
          </reporter-output>
        </test-method> <!-- beforeClass -->
        <test-method is-config="true" signature="beforeMethod(java.lang.reflect.Method)[pri:0, instance:com.nspl.agingoptions.healthpage.testcases.MarriedUserPersonalMedicalHistoryTestCases@1e66f1f5]" started-at="2025-04-02T17:23:06 IST" name="beforeMethod" finished-at="2025-04-02T17:23:06 IST" duration-ms="1" status="PASS">
          <params>
            <param index="0">
              <value>
                <![CDATA[public void com.nspl.agingoptions.healthpage.testcases.MarriedUserPersonalMedicalHistoryTestCases.TC_001_Health_Personal_MedicalHistoryPage()]]>
              </value>
            </param>
          </params>
          <reporter-output>
          </reporter-output>
        </test-method> <!-- beforeMethod -->
        <test-method signature="TC_001_Health_Personal_MedicalHistoryPage()[pri:1, instance:com.nspl.agingoptions.healthpage.testcases.MarriedUserPersonalMedicalHistoryTestCases@1e66f1f5]" started-at="2025-04-02T17:23:06 IST" name="TC_001_Health_Personal_MedicalHistoryPage" finished-at="2025-04-02T17:23:27 IST" duration-ms="21677" status="PASS">
          <reporter-output>
          </reporter-output>
        </test-method> <!-- TC_001_Health_Personal_MedicalHistoryPage -->
        <test-method is-config="true" signature="afterMethod(org.testng.ITestResult,java.lang.reflect.Method)[pri:0, instance:com.nspl.agingoptions.healthpage.testcases.MarriedUserPersonalMedicalHistoryTestCases@1e66f1f5]" started-at="2025-04-02T17:23:27 IST" name="afterMethod" finished-at="2025-04-02T17:23:28 IST" duration-ms="409" status="PASS">
          <params>
            <param index="0">
              <value>
                <![CDATA[[TestResult name=TC_001_Health_Personal_MedicalHistoryPage status=SUCCESS method=MarriedUserPersonalMedicalHistoryTestCases.TC_001_Health_Personal_MedicalHistoryPage()[pri:1, instance:com.nspl.agingoptions.healthpage.testcases.MarriedUserPersonalMedicalHistoryTestCases@1e66f1f5] output={null}]]]>
              </value>
            </param>
            <param index="1">
              <value>
                <![CDATA[public void com.nspl.agingoptions.healthpage.testcases.MarriedUserPersonalMedicalHistoryTestCases.TC_001_Health_Personal_MedicalHistoryPage()]]>
              </value>
            </param>
          </params>
          <reporter-output>
          </reporter-output>
        </test-method> <!-- afterMethod -->
        <test-method signature="TC_002_Health_Personal_Medical_History_MedicalConditionsElementVisibility()[pri:2, instance:com.nspl.agingoptions.healthpage.testcases.MarriedUserPersonalMedicalHistoryTestCases@1e66f1f5]" started-at="2025-04-02T17:23:28 IST" name="TC_002_Health_Personal_Medical_History_MedicalConditionsElementVisibility" finished-at="2025-04-02T17:23:45 IST" depends-on-methods="com.nspl.agingoptions.healthpage.testcases.MarriedUserPersonalMedicalHistoryTestCases.TC_001_Health_Personal_MedicalHistoryPage" duration-ms="17269" status="PASS">
          <reporter-output>
          </reporter-output>
        </test-method> <!-- TC_002_Health_Personal_Medical_History_MedicalConditionsElementVisibility -->
        <test-method is-config="true" signature="beforeMethod(java.lang.reflect.Method)[pri:0, instance:com.nspl.agingoptions.healthpage.testcases.MarriedUserPersonalMedicalHistoryTestCases@1e66f1f5]" started-at="2025-04-02T17:23:28 IST" name="beforeMethod" finished-at="2025-04-02T17:23:28 IST" duration-ms="0" status="PASS">
          <params>
            <param index="0">
              <value>
                <![CDATA[public void com.nspl.agingoptions.healthpage.testcases.MarriedUserPersonalMedicalHistoryTestCases.TC_002_Health_Personal_Medical_History_MedicalConditionsElementVisibility()]]>
              </value>
            </param>
          </params>
          <reporter-output>
          </reporter-output>
        </test-method> <!-- beforeMethod -->
        <test-method is-config="true" signature="afterMethod(org.testng.ITestResult,java.lang.reflect.Method)[pri:0, instance:com.nspl.agingoptions.healthpage.testcases.MarriedUserPersonalMedicalHistoryTestCases@1e66f1f5]" started-at="2025-04-02T17:23:45 IST" name="afterMethod" finished-at="2025-04-02T17:23:45 IST" duration-ms="36" status="PASS">
          <params>
            <param index="0">
              <value>
                <![CDATA[[TestResult name=TC_002_Health_Personal_Medical_History_MedicalConditionsElementVisibility status=SUCCESS method=MarriedUserPersonalMedicalHistoryTestCases.TC_002_Health_Personal_Medical_History_MedicalConditionsElementVisibility()[pri:2, instance:com.nspl.agingoptions.healthpage.testcases.MarriedUserPersonalMedicalHistoryTestCases@1e66f1f5] output={null}]]]>
              </value>
            </param>
            <param index="1">
              <value>
                <![CDATA[public void com.nspl.agingoptions.healthpage.testcases.MarriedUserPersonalMedicalHistoryTestCases.TC_002_Health_Personal_Medical_History_MedicalConditionsElementVisibility()]]>
              </value>
            </param>
          </params>
          <reporter-output>
          </reporter-output>
        </test-method> <!-- afterMethod -->
        <test-method signature="TC_003_Health_Personal_Medical_History_EnvironmentalLifeStyleFactorsElementVisibility()[pri:3, instance:com.nspl.agingoptions.healthpage.testcases.MarriedUserPersonalMedicalHistoryTestCases@1e66f1f5]" started-at="2025-04-02T17:23:45 IST" name="TC_003_Health_Personal_Medical_History_EnvironmentalLifeStyleFactorsElementVisibility" finished-at="2025-04-02T17:23:54 IST" depends-on-methods="com.nspl.agingoptions.healthpage.testcases.MarriedUserPersonalMedicalHistoryTestCases.TC_001_Health_Personal_MedicalHistoryPage" duration-ms="8613" status="PASS">
          <reporter-output>
          </reporter-output>
        </test-method> <!-- TC_003_Health_Personal_Medical_History_EnvironmentalLifeStyleFactorsElementVisibility -->
        <test-method is-config="true" signature="beforeMethod(java.lang.reflect.Method)[pri:0, instance:com.nspl.agingoptions.healthpage.testcases.MarriedUserPersonalMedicalHistoryTestCases@1e66f1f5]" started-at="2025-04-02T17:23:45 IST" name="beforeMethod" finished-at="2025-04-02T17:23:45 IST" duration-ms="0" status="PASS">
          <params>
            <param index="0">
              <value>
                <![CDATA[public void com.nspl.agingoptions.healthpage.testcases.MarriedUserPersonalMedicalHistoryTestCases.TC_003_Health_Personal_Medical_History_EnvironmentalLifeStyleFactorsElementVisibility()]]>
              </value>
            </param>
          </params>
          <reporter-output>
          </reporter-output>
        </test-method> <!-- beforeMethod -->
        <test-method is-config="true" signature="afterMethod(org.testng.ITestResult,java.lang.reflect.Method)[pri:0, instance:com.nspl.agingoptions.healthpage.testcases.MarriedUserPersonalMedicalHistoryTestCases@1e66f1f5]" started-at="2025-04-02T17:23:54 IST" name="afterMethod" finished-at="2025-04-02T17:23:54 IST" duration-ms="51" status="PASS">
          <params>
            <param index="0">
              <value>
                <![CDATA[[TestResult name=TC_003_Health_Personal_Medical_History_EnvironmentalLifeStyleFactorsElementVisibility status=SUCCESS method=MarriedUserPersonalMedicalHistoryTestCases.TC_003_Health_Personal_Medical_History_EnvironmentalLifeStyleFactorsElementVisibility()[pri:3, instance:com.nspl.agingoptions.healthpage.testcases.MarriedUserPersonalMedicalHistoryTestCases@1e66f1f5] output={null}]]]>
              </value>
            </param>
            <param index="1">
              <value>
                <![CDATA[public void com.nspl.agingoptions.healthpage.testcases.MarriedUserPersonalMedicalHistoryTestCases.TC_003_Health_Personal_Medical_History_EnvironmentalLifeStyleFactorsElementVisibility()]]>
              </value>
            </param>
          </params>
          <reporter-output>
          </reporter-output>
        </test-method> <!-- afterMethod -->
        <test-method signature="TC_004_Health_personal_Medical_History_BloodTypeSelection()[pri:4, instance:com.nspl.agingoptions.healthpage.testcases.MarriedUserPersonalMedicalHistoryTestCases@1e66f1f5]" started-at="2025-04-02T17:23:54 IST" name="TC_004_Health_personal_Medical_History_BloodTypeSelection" finished-at="2025-04-02T17:24:14 IST" depends-on-methods="com.nspl.agingoptions.healthpage.testcases.MarriedUserPersonalMedicalHistoryTestCases.TC_001_Health_Personal_MedicalHistoryPage" duration-ms="19941" status="PASS">
          <reporter-output>
          </reporter-output>
        </test-method> <!-- TC_004_Health_personal_Medical_History_BloodTypeSelection -->
        <test-method is-config="true" signature="beforeMethod(java.lang.reflect.Method)[pri:0, instance:com.nspl.agingoptions.healthpage.testcases.MarriedUserPersonalMedicalHistoryTestCases@1e66f1f5]" started-at="2025-04-02T17:23:54 IST" name="beforeMethod" finished-at="2025-04-02T17:23:54 IST" duration-ms="0" status="PASS">
          <params>
            <param index="0">
              <value>
                <![CDATA[public void com.nspl.agingoptions.healthpage.testcases.MarriedUserPersonalMedicalHistoryTestCases.TC_004_Health_personal_Medical_History_BloodTypeSelection()]]>
              </value>
            </param>
          </params>
          <reporter-output>
          </reporter-output>
        </test-method> <!-- beforeMethod -->
        <test-method is-config="true" signature="afterMethod(org.testng.ITestResult,java.lang.reflect.Method)[pri:0, instance:com.nspl.agingoptions.healthpage.testcases.MarriedUserPersonalMedicalHistoryTestCases@1e66f1f5]" started-at="2025-04-02T17:24:14 IST" name="afterMethod" finished-at="2025-04-02T17:24:14 IST" duration-ms="27" status="PASS">
          <params>
            <param index="0">
              <value>
                <![CDATA[[TestResult name=TC_004_Health_personal_Medical_History_BloodTypeSelection status=SUCCESS method=MarriedUserPersonalMedicalHistoryTestCases.TC_004_Health_personal_Medical_History_BloodTypeSelection()[pri:4, instance:com.nspl.agingoptions.healthpage.testcases.MarriedUserPersonalMedicalHistoryTestCases@1e66f1f5] output={null}]]]>
              </value>
            </param>
            <param index="1">
              <value>
                <![CDATA[public void com.nspl.agingoptions.healthpage.testcases.MarriedUserPersonalMedicalHistoryTestCases.TC_004_Health_personal_Medical_History_BloodTypeSelection()]]>
              </value>
            </param>
          </params>
          <reporter-output>
          </reporter-output>
        </test-method> <!-- afterMethod -->
        <test-method signature="TC_005_Health_personal_Medical_History_MedicalConditionElement()[pri:5, instance:com.nspl.agingoptions.healthpage.testcases.MarriedUserPersonalMedicalHistoryTestCases@1e66f1f5]" started-at="2025-04-02T17:24:14 IST" name="TC_005_Health_personal_Medical_History_MedicalConditionElement" finished-at="2025-04-02T17:24:39 IST" duration-ms="25230" status="PASS">
          <reporter-output>
          </reporter-output>
        </test-method> <!-- TC_005_Health_personal_Medical_History_MedicalConditionElement -->
        <test-method is-config="true" signature="beforeMethod(java.lang.reflect.Method)[pri:0, instance:com.nspl.agingoptions.healthpage.testcases.MarriedUserPersonalMedicalHistoryTestCases@1e66f1f5]" started-at="2025-04-02T17:24:14 IST" name="beforeMethod" finished-at="2025-04-02T17:24:14 IST" duration-ms="0" status="PASS">
          <params>
            <param index="0">
              <value>
                <![CDATA[public void com.nspl.agingoptions.healthpage.testcases.MarriedUserPersonalMedicalHistoryTestCases.TC_005_Health_personal_Medical_History_MedicalConditionElement()]]>
              </value>
            </param>
          </params>
          <reporter-output>
          </reporter-output>
        </test-method> <!-- beforeMethod -->
        <test-method is-config="true" signature="afterMethod(org.testng.ITestResult,java.lang.reflect.Method)[pri:0, instance:com.nspl.agingoptions.healthpage.testcases.MarriedUserPersonalMedicalHistoryTestCases@1e66f1f5]" started-at="2025-04-02T17:24:39 IST" name="afterMethod" finished-at="2025-04-02T17:24:39 IST" duration-ms="27" status="PASS">
          <params>
            <param index="0">
              <value>
                <![CDATA[[TestResult name=TC_005_Health_personal_Medical_History_MedicalConditionElement status=SUCCESS method=MarriedUserPersonalMedicalHistoryTestCases.TC_005_Health_personal_Medical_History_MedicalConditionElement()[pri:5, instance:com.nspl.agingoptions.healthpage.testcases.MarriedUserPersonalMedicalHistoryTestCases@1e66f1f5] output={null}]]]>
              </value>
            </param>
            <param index="1">
              <value>
                <![CDATA[public void com.nspl.agingoptions.healthpage.testcases.MarriedUserPersonalMedicalHistoryTestCases.TC_005_Health_personal_Medical_History_MedicalConditionElement()]]>
              </value>
            </param>
          </params>
          <reporter-output>
          </reporter-output>
        </test-method> <!-- afterMethod -->
        <test-method signature="TC_006_Health_Personal_Medical_History_EnvironmentalLifestyleFactorsDetails()[pri:6, instance:com.nspl.agingoptions.healthpage.testcases.MarriedUserPersonalMedicalHistoryTestCases@1e66f1f5]" started-at="2025-04-02T17:24:39 IST" name="TC_006_Health_Personal_Medical_History_EnvironmentalLifestyleFactorsDetails" finished-at="2025-04-02T17:25:01 IST" duration-ms="21986" status="PASS">
          <reporter-output>
          </reporter-output>
        </test-method> <!-- TC_006_Health_Personal_Medical_History_EnvironmentalLifestyleFactorsDetails -->
        <test-method is-config="true" signature="beforeMethod(java.lang.reflect.Method)[pri:0, instance:com.nspl.agingoptions.healthpage.testcases.MarriedUserPersonalMedicalHistoryTestCases@1e66f1f5]" started-at="2025-04-02T17:24:39 IST" name="beforeMethod" finished-at="2025-04-02T17:24:39 IST" duration-ms="0" status="PASS">
          <params>
            <param index="0">
              <value>
                <![CDATA[public void com.nspl.agingoptions.healthpage.testcases.MarriedUserPersonalMedicalHistoryTestCases.TC_006_Health_Personal_Medical_History_EnvironmentalLifestyleFactorsDetails()]]>
              </value>
            </param>
          </params>
          <reporter-output>
          </reporter-output>
        </test-method> <!-- beforeMethod -->
        <test-method is-config="true" signature="afterMethod(org.testng.ITestResult,java.lang.reflect.Method)[pri:0, instance:com.nspl.agingoptions.healthpage.testcases.MarriedUserPersonalMedicalHistoryTestCases@1e66f1f5]" started-at="2025-04-02T17:25:01 IST" name="afterMethod" finished-at="2025-04-02T17:25:01 IST" duration-ms="34" status="PASS">
          <params>
            <param index="0">
              <value>
                <![CDATA[[TestResult name=TC_006_Health_Personal_Medical_History_EnvironmentalLifestyleFactorsDetails status=SUCCESS method=MarriedUserPersonalMedicalHistoryTestCases.TC_006_Health_Personal_Medical_History_EnvironmentalLifestyleFactorsDetails()[pri:6, instance:com.nspl.agingoptions.healthpage.testcases.MarriedUserPersonalMedicalHistoryTestCases@1e66f1f5] output={null}]]]>
              </value>
            </param>
            <param index="1">
              <value>
                <![CDATA[public void com.nspl.agingoptions.healthpage.testcases.MarriedUserPersonalMedicalHistoryTestCases.TC_006_Health_Personal_Medical_History_EnvironmentalLifestyleFactorsDetails()]]>
              </value>
            </param>
          </params>
          <reporter-output>
          </reporter-output>
        </test-method> <!-- afterMethod -->
        <test-method is-config="true" signature="afterClass()[pri:0, instance:com.nspl.agingoptions.healthpage.testcases.MarriedUserPersonalMedicalHistoryTestCases@1e66f1f5]" started-at="2025-04-02T17:25:01 IST" name="afterClass" finished-at="2025-04-02T17:25:01 IST" duration-ms="36" status="PASS">
          <reporter-output>
          </reporter-output>
        </test-method> <!-- afterClass -->
        <test-method is-config="true" signature="afterTest()[pri:0, instance:com.nspl.agingoptions.healthpage.testcases.MarriedUserPersonalMedicalHistoryTestCases@1e66f1f5]" started-at="2025-04-02T17:40:24 IST" name="afterTest" finished-at="2025-04-02T17:40:24 IST" duration-ms="0" status="PASS">
          <reporter-output>
          </reporter-output>
        </test-method> <!-- afterTest -->
        <test-method is-config="true" signature="afterSuite()[pri:0, instance:com.nspl.agingoptions.healthpage.testcases.MarriedUserPersonalMedicalHistoryTestCases@1e66f1f5]" started-at="2025-04-02T17:40:24 IST" name="afterSuite" finished-at="2025-04-02T17:40:24 IST" duration-ms="9" status="PASS">
          <reporter-output>
          </reporter-output>
        </test-method> <!-- afterSuite -->
      </class> <!-- com.nspl.agingoptions.healthpage.testcases.MarriedUserPersonalMedicalHistoryTestCases -->
      <class name="com.nspl.agingoptions.healthpage.testcases.MarriedUserLifeStyleTestCases">
        <test-method is-config="true" signature="beforeClass()[pri:0, instance:com.nspl.agingoptions.healthpage.testcases.MarriedUserLifeStyleTestCases@4961f6af]" started-at="2025-04-02T17:25:01 IST" name="beforeClass" finished-at="2025-04-02T17:25:01 IST" duration-ms="1" status="PASS">
          <reporter-output>
          </reporter-output>
        </test-method> <!-- beforeClass -->
        <test-method signature="TC_007_Health_LifeStyleGeneralHealthNutritionDetails()[pri:1, instance:com.nspl.agingoptions.healthpage.testcases.MarriedUserLifeStyleTestCases@4961f6af]" started-at="2025-04-02T17:25:01 IST" name="TC_007_Health_LifeStyleGeneralHealthNutritionDetails" finished-at="2025-04-02T17:25:32 IST" duration-ms="30777" status="PASS">
          <reporter-output>
          </reporter-output>
        </test-method> <!-- TC_007_Health_LifeStyleGeneralHealthNutritionDetails -->
        <test-method is-config="true" signature="beforeMethod(java.lang.reflect.Method)[pri:0, instance:com.nspl.agingoptions.healthpage.testcases.MarriedUserLifeStyleTestCases@4961f6af]" started-at="2025-04-02T17:25:01 IST" name="beforeMethod" finished-at="2025-04-02T17:25:01 IST" duration-ms="0" status="PASS">
          <params>
            <param index="0">
              <value>
                <![CDATA[public void com.nspl.agingoptions.healthpage.testcases.MarriedUserLifeStyleTestCases.TC_007_Health_LifeStyleGeneralHealthNutritionDetails()]]>
              </value>
            </param>
          </params>
          <reporter-output>
          </reporter-output>
        </test-method> <!-- beforeMethod -->
        <test-method is-config="true" signature="afterMethod(org.testng.ITestResult,java.lang.reflect.Method)[pri:0, instance:com.nspl.agingoptions.healthpage.testcases.MarriedUserLifeStyleTestCases@4961f6af]" started-at="2025-04-02T17:25:32 IST" name="afterMethod" finished-at="2025-04-02T17:25:32 IST" duration-ms="27" status="PASS">
          <params>
            <param index="0">
              <value>
                <![CDATA[[TestResult name=TC_007_Health_LifeStyleGeneralHealthNutritionDetails status=SUCCESS method=MarriedUserLifeStyleTestCases.TC_007_Health_LifeStyleGeneralHealthNutritionDetails()[pri:1, instance:com.nspl.agingoptions.healthpage.testcases.MarriedUserLifeStyleTestCases@4961f6af] output={null}]]]>
              </value>
            </param>
            <param index="1">
              <value>
                <![CDATA[public void com.nspl.agingoptions.healthpage.testcases.MarriedUserLifeStyleTestCases.TC_007_Health_LifeStyleGeneralHealthNutritionDetails()]]>
              </value>
            </param>
          </params>
          <reporter-output>
          </reporter-output>
        </test-method> <!-- afterMethod -->
        <test-method is-config="true" signature="beforeMethod(java.lang.reflect.Method)[pri:0, instance:com.nspl.agingoptions.healthpage.testcases.MarriedUserLifeStyleTestCases@4961f6af]" started-at="2025-04-02T17:25:32 IST" name="beforeMethod" finished-at="2025-04-02T17:25:32 IST" duration-ms="1" status="PASS">
          <params>
            <param index="0">
              <value>
                <![CDATA[public void com.nspl.agingoptions.healthpage.testcases.MarriedUserLifeStyleTestCases.TC_008_Health_InputSubstanceUseDetails()]]>
              </value>
            </param>
          </params>
          <reporter-output>
          </reporter-output>
        </test-method> <!-- beforeMethod -->
        <test-method retried="true" signature="TC_008_Health_InputSubstanceUseDetails()[pri:2, instance:com.nspl.agingoptions.healthpage.testcases.MarriedUserLifeStyleTestCases@4961f6af]" started-at="2025-04-02T17:25:32 IST" name="TC_008_Health_InputSubstanceUseDetails" finished-at="2025-04-02T17:28:40 IST" duration-ms="188413" status="SKIP">
          <exception class="org.openqa.selenium.TimeoutException">
            <message>
              <![CDATA[java.util.concurrent.TimeoutException
Build info: version: '4.16.1', revision: '9b4c83354e'
System info: os.name: 'Windows 10', os.arch: 'amd64', os.version: '10.0', java.version: '21.0.6'
Driver info: org.openqa.selenium.chrome.ChromeDriver
Command: [0ed7441025f94eedeab767f53e2dc552, actions {actions=[org.openqa.selenium.interactions.Sequence@50930bff]}]
Capabilities {acceptInsecureCerts: false, browserName: chrome, browserVersion: 134.0.6998.178, chrome: {chromedriverVersion: 134.0.6998.165 (fd886e2cb29..., userDataDir: C:\Users\AO\AppData\Local\T...}, fedcm:accounts: true, goog:chromeOptions: {debuggerAddress: localhost:56142}, networkConnectionEnabled: false, pageLoadStrategy: normal, platformName: windows, proxy: Proxy(), se:cdp: ws://localhost:56142/devtoo..., se:cdpVersion: 134.0.6998.178, setWindowRect: true, strictFileInteractability: false, timeouts: {implicit: 0, pageLoad: 300000, script: 30000}, unhandledPromptBehavior: dismiss and notify, webauthn:extension:credBlob: true, webauthn:extension:largeBlob: true, webauthn:extension:minPinLength: true, webauthn:extension:prf: true, webauthn:virtualAuthenticators: true}
Session ID: 0ed7441025f94eedeab767f53e2dc552]]>
            </message>
            <full-stacktrace>
              <![CDATA[org.openqa.selenium.TimeoutException: java.util.concurrent.TimeoutException
Build info: version: '4.16.1', revision: '9b4c83354e'
System info: os.name: 'Windows 10', os.arch: 'amd64', os.version: '10.0', java.version: '21.0.6'
Driver info: org.openqa.selenium.chrome.ChromeDriver
Command: [0ed7441025f94eedeab767f53e2dc552, actions {actions=[org.openqa.selenium.interactions.Sequence@50930bff]}]
Capabilities {acceptInsecureCerts: false, browserName: chrome, browserVersion: 134.0.6998.178, chrome: {chromedriverVersion: 134.0.6998.165 (fd886e2cb29..., userDataDir: C:\Users\AO\AppData\Local\T...}, fedcm:accounts: true, goog:chromeOptions: {debuggerAddress: localhost:56142}, networkConnectionEnabled: false, pageLoadStrategy: normal, platformName: windows, proxy: Proxy(), se:cdp: ws://localhost:56142/devtoo..., se:cdpVersion: 134.0.6998.178, setWindowRect: true, strictFileInteractability: false, timeouts: {implicit: 0, pageLoad: 300000, script: 30000}, unhandledPromptBehavior: dismiss and notify, webauthn:extension:credBlob: true, webauthn:extension:largeBlob: true, webauthn:extension:minPinLength: true, webauthn:extension:prf: true, webauthn:virtualAuthenticators: true}
Session ID: 0ed7441025f94eedeab767f53e2dc552
at org.openqa.selenium.remote.http.jdk.JdkHttpClient.execute0(JdkHttpClient.java:402)
at org.openqa.selenium.remote.http.AddSeleniumUserAgent.lambda$apply$0(AddSeleniumUserAgent.java:42)
at org.openqa.selenium.remote.http.Filter.lambda$andFinally$1(Filter.java:55)
at org.openqa.selenium.remote.http.jdk.JdkHttpClient.execute(JdkHttpClient.java:358)
at org.openqa.selenium.remote.HttpCommandExecutor.execute(HttpCommandExecutor.java:188)
at org.openqa.selenium.remote.service.DriverCommandExecutor.invokeExecute(DriverCommandExecutor.java:200)
at org.openqa.selenium.remote.service.DriverCommandExecutor.execute(DriverCommandExecutor.java:175)
at org.openqa.selenium.remote.RemoteWebDriver.execute(RemoteWebDriver.java:523)
at org.openqa.selenium.remote.RemoteWebDriver.perform(RemoteWebDriver.java:609)
at org.openqa.selenium.interactions.Actions$BuiltAction.perform(Actions.java:598)
at com.nspl.agingoptions.webUtil.WebUtil.scrollIntoElement(WebUtil.java:714)
at com.agingoptions.health.LifeStyle.openSubStanceUseAccordian(LifeStyle.java:274)
at com.nspl.agingoptions.healthpage.testcases.MarriedUserLifeStyleTestCases.TC_008_Health_InputSubstanceUseDetails(MarriedUserLifeStyleTestCases.java:91)
at java.base/jdk.internal.reflect.DirectMethodHandleAccessor.invoke(DirectMethodHandleAccessor.java:103)
at java.base/java.lang.reflect.Method.invoke(Method.java:580)
at org.testng.internal.invokers.MethodInvocationHelper.invokeMethod(MethodInvocationHelper.java:141)
at org.testng.internal.invokers.TestInvoker.invokeMethod(TestInvoker.java:687)
at org.testng.internal.invokers.TestInvoker.invokeTestMethod(TestInvoker.java:230)
at org.testng.internal.invokers.MethodRunner.runInSequence(MethodRunner.java:63)
at org.testng.internal.invokers.TestInvoker$MethodInvocationAgent.invoke(TestInvoker.java:995)
at org.testng.internal.invokers.TestInvoker.invokeTestMethods(TestInvoker.java:203)
at org.testng.internal.invokers.TestMethodWorker.invokeTestMethods(TestMethodWorker.java:154)
at org.testng.internal.invokers.TestMethodWorker.run(TestMethodWorker.java:134)
at java.base/java.util.ArrayList.forEach(ArrayList.java:1596)
at org.testng.TestRunner.privateRun(TestRunner.java:741)
at org.testng.TestRunner.run(TestRunner.java:616)
at org.testng.SuiteRunner.runTest(SuiteRunner.java:421)
at org.testng.SuiteRunner.runSequentially(SuiteRunner.java:413)
at org.testng.SuiteRunner.privateRun(SuiteRunner.java:373)
at org.testng.SuiteRunner.run(SuiteRunner.java:312)
at org.testng.SuiteRunnerWorker.runSuite(SuiteRunnerWorker.java:52)
at org.testng.SuiteRunnerWorker.run(SuiteRunnerWorker.java:95)
at org.testng.TestNG.runSuitesSequentially(TestNG.java:1274)
at org.testng.TestNG.runSuitesLocally(TestNG.java:1208)
at org.testng.TestNG.runSuites(TestNG.java:1112)
at org.testng.TestNG.run(TestNG.java:1079)
at org.testng.remote.AbstractRemoteTestNG.run(AbstractRemoteTestNG.java:115)
at org.testng.remote.RemoteTestNG.initAndRun(RemoteTestNG.java:293)
at org.testng.remote.RemoteTestNG.main(RemoteTestNG.java:91)
Caused by: java.util.concurrent.TimeoutException
at java.base/java.util.concurrent.CompletableFuture.timedGet(CompletableFuture.java:1960)
at java.base/java.util.concurrent.CompletableFuture.get(CompletableFuture.java:2095)
at org.openqa.selenium.remote.http.jdk.JdkHttpClient.execute0(JdkHttpClient.java:385)
... 38 more
]]>
            </full-stacktrace>
          </exception> <!-- org.openqa.selenium.TimeoutException -->
          <reporter-output>
          </reporter-output>
        </test-method> <!-- TC_008_Health_InputSubstanceUseDetails -->
        <test-method is-config="true" signature="afterMethod(org.testng.ITestResult,java.lang.reflect.Method)[pri:0, instance:com.nspl.agingoptions.healthpage.testcases.MarriedUserLifeStyleTestCases@4961f6af]" started-at="2025-04-02T17:28:40 IST" name="afterMethod" finished-at="2025-04-02T17:28:40 IST" duration-ms="41" status="PASS">
          <params>
            <param index="0">
              <value>
                <![CDATA[[TestResult name=TC_008_Health_InputSubstanceUseDetails status=SKIP method=MarriedUserLifeStyleTestCases.TC_008_Health_InputSubstanceUseDetails()[pri:2, instance:com.nspl.agingoptions.healthpage.testcases.MarriedUserLifeStyleTestCases@4961f6af] output={null}]]]>
              </value>
            </param>
            <param index="1">
              <value>
                <![CDATA[public void com.nspl.agingoptions.healthpage.testcases.MarriedUserLifeStyleTestCases.TC_008_Health_InputSubstanceUseDetails()]]>
              </value>
            </param>
          </params>
          <reporter-output>
          </reporter-output>
        </test-method> <!-- afterMethod -->
        <test-method signature="TC_008_Health_InputSubstanceUseDetails()[pri:2, instance:com.nspl.agingoptions.healthpage.testcases.MarriedUserLifeStyleTestCases@4961f6af]" started-at="2025-04-02T17:28:40 IST" name="TC_008_Health_InputSubstanceUseDetails" finished-at="2025-04-02T17:30:41 IST" duration-ms="121109" status="PASS">
          <reporter-output>
          </reporter-output>
        </test-method> <!-- TC_008_Health_InputSubstanceUseDetails -->
        <test-method is-config="true" signature="beforeMethod(java.lang.reflect.Method)[pri:0, instance:com.nspl.agingoptions.healthpage.testcases.MarriedUserLifeStyleTestCases@4961f6af]" started-at="2025-04-02T17:28:40 IST" name="beforeMethod" finished-at="2025-04-02T17:28:40 IST" duration-ms="0" status="PASS">
          <params>
            <param index="0">
              <value>
                <![CDATA[public void com.nspl.agingoptions.healthpage.testcases.MarriedUserLifeStyleTestCases.TC_008_Health_InputSubstanceUseDetails()]]>
              </value>
            </param>
          </params>
          <reporter-output>
          </reporter-output>
        </test-method> <!-- beforeMethod -->
        <test-method is-config="true" signature="afterMethod(org.testng.ITestResult,java.lang.reflect.Method)[pri:0, instance:com.nspl.agingoptions.healthpage.testcases.MarriedUserLifeStyleTestCases@4961f6af]" started-at="2025-04-02T17:30:41 IST" name="afterMethod" finished-at="2025-04-02T17:30:41 IST" duration-ms="23" status="PASS">
          <params>
            <param index="0">
              <value>
                <![CDATA[[TestResult name=TC_008_Health_InputSubstanceUseDetails status=SUCCESS method=MarriedUserLifeStyleTestCases.TC_008_Health_InputSubstanceUseDetails()[pri:2, instance:com.nspl.agingoptions.healthpage.testcases.MarriedUserLifeStyleTestCases@4961f6af] output={null}]]]>
              </value>
            </param>
            <param index="1">
              <value>
                <![CDATA[public void com.nspl.agingoptions.healthpage.testcases.MarriedUserLifeStyleTestCases.TC_008_Health_InputSubstanceUseDetails()]]>
              </value>
            </param>
          </params>
          <reporter-output>
          </reporter-output>
        </test-method> <!-- afterMethod -->
        <test-method signature="TC_09_Health_InputSocialHabitsDetails()[pri:3, instance:com.nspl.agingoptions.healthpage.testcases.MarriedUserLifeStyleTestCases@4961f6af]" started-at="2025-04-02T17:30:41 IST" name="TC_09_Health_InputSocialHabitsDetails" finished-at="2025-04-02T17:31:03 IST" duration-ms="22016" status="PASS">
          <reporter-output>
          </reporter-output>
        </test-method> <!-- TC_09_Health_InputSocialHabitsDetails -->
        <test-method is-config="true" signature="beforeMethod(java.lang.reflect.Method)[pri:0, instance:com.nspl.agingoptions.healthpage.testcases.MarriedUserLifeStyleTestCases@4961f6af]" started-at="2025-04-02T17:30:41 IST" name="beforeMethod" finished-at="2025-04-02T17:30:41 IST" duration-ms="0" status="PASS">
          <params>
            <param index="0">
              <value>
                <![CDATA[public void com.nspl.agingoptions.healthpage.testcases.MarriedUserLifeStyleTestCases.TC_09_Health_InputSocialHabitsDetails()]]>
              </value>
            </param>
          </params>
          <reporter-output>
          </reporter-output>
        </test-method> <!-- beforeMethod -->
        <test-method is-config="true" signature="afterMethod(org.testng.ITestResult,java.lang.reflect.Method)[pri:0, instance:com.nspl.agingoptions.healthpage.testcases.MarriedUserLifeStyleTestCases@4961f6af]" started-at="2025-04-02T17:31:03 IST" name="afterMethod" finished-at="2025-04-02T17:31:03 IST" duration-ms="35" status="PASS">
          <params>
            <param index="0">
              <value>
                <![CDATA[[TestResult name=TC_09_Health_InputSocialHabitsDetails status=SUCCESS method=MarriedUserLifeStyleTestCases.TC_09_Health_InputSocialHabitsDetails()[pri:3, instance:com.nspl.agingoptions.healthpage.testcases.MarriedUserLifeStyleTestCases@4961f6af] output={null}]]]>
              </value>
            </param>
            <param index="1">
              <value>
                <![CDATA[public void com.nspl.agingoptions.healthpage.testcases.MarriedUserLifeStyleTestCases.TC_09_Health_InputSocialHabitsDetails()]]>
              </value>
            </param>
          </params>
          <reporter-output>
          </reporter-output>
        </test-method> <!-- afterMethod -->
        <test-method is-config="true" signature="afterClass()[pri:0, instance:com.nspl.agingoptions.healthpage.testcases.MarriedUserLifeStyleTestCases@4961f6af]" started-at="2025-04-02T17:31:03 IST" name="afterClass" finished-at="2025-04-02T17:31:03 IST" duration-ms="26" status="PASS">
          <reporter-output>
          </reporter-output>
        </test-method> <!-- afterClass -->
      </class> <!-- com.nspl.agingoptions.healthpage.testcases.MarriedUserLifeStyleTestCases -->
      <class name="com.nspl.agingoptions.healthpage.testcases.MarriedUserFamilyMedicalHistoryTestCases">
        <test-method is-config="true" signature="beforeMethod(java.lang.reflect.Method)[pri:0, instance:com.nspl.agingoptions.healthpage.testcases.MarriedUserFamilyMedicalHistoryTestCases@5aebe890]" started-at="2025-04-02T17:31:03 IST" name="beforeMethod" finished-at="2025-04-02T17:31:03 IST" duration-ms="0" status="PASS">
          <params>
            <param index="0">
              <value>
                <![CDATA[public void com.nspl.agingoptions.healthpage.testcases.MarriedUserFamilyMedicalHistoryTestCases.TC_010_Health_FamilyMedicalHistoryLivingParentInfoDetails()]]>
              </value>
            </param>
          </params>
          <reporter-output>
          </reporter-output>
        </test-method> <!-- beforeMethod -->
        <test-method is-config="true" signature="beforeClass()[pri:0, instance:com.nspl.agingoptions.healthpage.testcases.MarriedUserFamilyMedicalHistoryTestCases@5aebe890]" started-at="2025-04-02T17:31:03 IST" name="beforeClass" finished-at="2025-04-02T17:31:03 IST" duration-ms="0" status="PASS">
          <reporter-output>
          </reporter-output>
        </test-method> <!-- beforeClass -->
        <test-method signature="TC_010_Health_FamilyMedicalHistoryLivingParentInfoDetails()[pri:1, instance:com.nspl.agingoptions.healthpage.testcases.MarriedUserFamilyMedicalHistoryTestCases@5aebe890]" started-at="2025-04-02T17:31:03 IST" name="TC_010_Health_FamilyMedicalHistoryLivingParentInfoDetails" finished-at="2025-04-02T17:31:38 IST" duration-ms="34728" status="PASS">
          <reporter-output>
          </reporter-output>
        </test-method> <!-- TC_010_Health_FamilyMedicalHistoryLivingParentInfoDetails -->
        <test-method is-config="true" signature="afterMethod(org.testng.ITestResult,java.lang.reflect.Method)[pri:0, instance:com.nspl.agingoptions.healthpage.testcases.MarriedUserFamilyMedicalHistoryTestCases@5aebe890]" started-at="2025-04-02T17:31:38 IST" name="afterMethod" finished-at="2025-04-02T17:31:38 IST" duration-ms="20" status="PASS">
          <params>
            <param index="0">
              <value>
                <![CDATA[[TestResult name=TC_010_Health_FamilyMedicalHistoryLivingParentInfoDetails status=SUCCESS method=MarriedUserFamilyMedicalHistoryTestCases.TC_010_Health_FamilyMedicalHistoryLivingParentInfoDetails()[pri:1, instance:com.nspl.agingoptions.healthpage.testcases.MarriedUserFamilyMedicalHistoryTestCases@5aebe890] output={null}]]]>
              </value>
            </param>
            <param index="1">
              <value>
                <![CDATA[public void com.nspl.agingoptions.healthpage.testcases.MarriedUserFamilyMedicalHistoryTestCases.TC_010_Health_FamilyMedicalHistoryLivingParentInfoDetails()]]>
              </value>
            </param>
          </params>
          <reporter-output>
          </reporter-output>
        </test-method> <!-- afterMethod -->
        <test-method signature="TC_011_Health_familyMedicalHistoryNonLivingParentInfoDetails()[pri:2, instance:com.nspl.agingoptions.healthpage.testcases.MarriedUserFamilyMedicalHistoryTestCases@5aebe890]" started-at="2025-04-02T17:31:38 IST" name="TC_011_Health_familyMedicalHistoryNonLivingParentInfoDetails" finished-at="2025-04-02T17:32:10 IST" duration-ms="31533" status="PASS">
          <reporter-output>
          </reporter-output>
        </test-method> <!-- TC_011_Health_familyMedicalHistoryNonLivingParentInfoDetails -->
        <test-method is-config="true" signature="beforeMethod(java.lang.reflect.Method)[pri:0, instance:com.nspl.agingoptions.healthpage.testcases.MarriedUserFamilyMedicalHistoryTestCases@5aebe890]" started-at="2025-04-02T17:31:38 IST" name="beforeMethod" finished-at="2025-04-02T17:31:38 IST" duration-ms="0" status="PASS">
          <params>
            <param index="0">
              <value>
                <![CDATA[public void com.nspl.agingoptions.healthpage.testcases.MarriedUserFamilyMedicalHistoryTestCases.TC_011_Health_familyMedicalHistoryNonLivingParentInfoDetails()]]>
              </value>
            </param>
          </params>
          <reporter-output>
          </reporter-output>
        </test-method> <!-- beforeMethod -->
        <test-method is-config="true" signature="afterMethod(org.testng.ITestResult,java.lang.reflect.Method)[pri:0, instance:com.nspl.agingoptions.healthpage.testcases.MarriedUserFamilyMedicalHistoryTestCases@5aebe890]" started-at="2025-04-02T17:32:10 IST" name="afterMethod" finished-at="2025-04-02T17:32:10 IST" duration-ms="22" status="PASS">
          <params>
            <param index="0">
              <value>
                <![CDATA[[TestResult name=TC_011_Health_familyMedicalHistoryNonLivingParentInfoDetails status=SUCCESS method=MarriedUserFamilyMedicalHistoryTestCases.TC_011_Health_familyMedicalHistoryNonLivingParentInfoDetails()[pri:2, instance:com.nspl.agingoptions.healthpage.testcases.MarriedUserFamilyMedicalHistoryTestCases@5aebe890] output={null}]]]>
              </value>
            </param>
            <param index="1">
              <value>
                <![CDATA[public void com.nspl.agingoptions.healthpage.testcases.MarriedUserFamilyMedicalHistoryTestCases.TC_011_Health_familyMedicalHistoryNonLivingParentInfoDetails()]]>
              </value>
            </param>
          </params>
          <reporter-output>
          </reporter-output>
        </test-method> <!-- afterMethod -->
        <test-method signature="TC_012_FamilyMedicalHistoryNonLivingParentInfoDetails()[pri:3, instance:com.nspl.agingoptions.healthpage.testcases.MarriedUserFamilyMedicalHistoryTestCases@5aebe890]" started-at="2025-04-02T17:32:10 IST" name="TC_012_FamilyMedicalHistoryNonLivingParentInfoDetails" finished-at="2025-04-02T17:32:41 IST" duration-ms="31058" status="PASS">
          <reporter-output>
          </reporter-output>
        </test-method> <!-- TC_012_FamilyMedicalHistoryNonLivingParentInfoDetails -->
        <test-method is-config="true" signature="beforeMethod(java.lang.reflect.Method)[pri:0, instance:com.nspl.agingoptions.healthpage.testcases.MarriedUserFamilyMedicalHistoryTestCases@5aebe890]" started-at="2025-04-02T17:32:10 IST" name="beforeMethod" finished-at="2025-04-02T17:32:10 IST" duration-ms="0" status="PASS">
          <params>
            <param index="0">
              <value>
                <![CDATA[public void com.nspl.agingoptions.healthpage.testcases.MarriedUserFamilyMedicalHistoryTestCases.TC_012_FamilyMedicalHistoryNonLivingParentInfoDetails()]]>
              </value>
            </param>
          </params>
          <reporter-output>
          </reporter-output>
        </test-method> <!-- beforeMethod -->
        <test-method is-config="true" signature="afterMethod(org.testng.ITestResult,java.lang.reflect.Method)[pri:0, instance:com.nspl.agingoptions.healthpage.testcases.MarriedUserFamilyMedicalHistoryTestCases@5aebe890]" started-at="2025-04-02T17:32:41 IST" name="afterMethod" finished-at="2025-04-02T17:32:41 IST" duration-ms="25" status="PASS">
          <params>
            <param index="0">
              <value>
                <![CDATA[[TestResult name=TC_012_FamilyMedicalHistoryNonLivingParentInfoDetails status=SUCCESS method=MarriedUserFamilyMedicalHistoryTestCases.TC_012_FamilyMedicalHistoryNonLivingParentInfoDetails()[pri:3, instance:com.nspl.agingoptions.healthpage.testcases.MarriedUserFamilyMedicalHistoryTestCases@5aebe890] output={null}]]]>
              </value>
            </param>
            <param index="1">
              <value>
                <![CDATA[public void com.nspl.agingoptions.healthpage.testcases.MarriedUserFamilyMedicalHistoryTestCases.TC_012_FamilyMedicalHistoryNonLivingParentInfoDetails()]]>
              </value>
            </param>
          </params>
          <reporter-output>
          </reporter-output>
        </test-method> <!-- afterMethod -->
        <test-method is-config="true" signature="beforeMethod(java.lang.reflect.Method)[pri:0, instance:com.nspl.agingoptions.healthpage.testcases.MarriedUserFamilyMedicalHistoryTestCases@5aebe890]" started-at="2025-04-02T17:32:41 IST" name="beforeMethod" finished-at="2025-04-02T17:32:41 IST" duration-ms="1" status="PASS">
          <params>
            <param index="0">
              <value>
                <![CDATA[public void com.nspl.agingoptions.healthpage.testcases.MarriedUserFamilyMedicalHistoryTestCases.TC_013_FamilyMedicalHistoryMyFamilyMedicalHistoryYesRadioButton()]]>
              </value>
            </param>
          </params>
          <reporter-output>
          </reporter-output>
        </test-method> <!-- beforeMethod -->
        <test-method signature="TC_013_FamilyMedicalHistoryMyFamilyMedicalHistoryYesRadioButton()[pri:4, instance:com.nspl.agingoptions.healthpage.testcases.MarriedUserFamilyMedicalHistoryTestCases@5aebe890]" started-at="2025-04-02T17:32:41 IST" name="TC_013_FamilyMedicalHistoryMyFamilyMedicalHistoryYesRadioButton" finished-at="2025-04-02T17:34:12 IST" duration-ms="91155" status="PASS">
          <reporter-output>
          </reporter-output>
        </test-method> <!-- TC_013_FamilyMedicalHistoryMyFamilyMedicalHistoryYesRadioButton -->
        <test-method is-config="true" signature="afterMethod(org.testng.ITestResult,java.lang.reflect.Method)[pri:0, instance:com.nspl.agingoptions.healthpage.testcases.MarriedUserFamilyMedicalHistoryTestCases@5aebe890]" started-at="2025-04-02T17:34:12 IST" name="afterMethod" finished-at="2025-04-02T17:34:12 IST" duration-ms="53" status="PASS">
          <params>
            <param index="0">
              <value>
                <![CDATA[[TestResult name=TC_013_FamilyMedicalHistoryMyFamilyMedicalHistoryYesRadioButton status=SUCCESS method=MarriedUserFamilyMedicalHistoryTestCases.TC_013_FamilyMedicalHistoryMyFamilyMedicalHistoryYesRadioButton()[pri:4, instance:com.nspl.agingoptions.healthpage.testcases.MarriedUserFamilyMedicalHistoryTestCases@5aebe890] output={null}]]]>
              </value>
            </param>
            <param index="1">
              <value>
                <![CDATA[public void com.nspl.agingoptions.healthpage.testcases.MarriedUserFamilyMedicalHistoryTestCases.TC_013_FamilyMedicalHistoryMyFamilyMedicalHistoryYesRadioButton()]]>
              </value>
            </param>
          </params>
          <reporter-output>
          </reporter-output>
        </test-method> <!-- afterMethod -->
        <test-method is-config="true" signature="beforeMethod(java.lang.reflect.Method)[pri:0, instance:com.nspl.agingoptions.healthpage.testcases.MarriedUserFamilyMedicalHistoryTestCases@5aebe890]" started-at="2025-04-02T17:34:12 IST" name="beforeMethod" finished-at="2025-04-02T17:34:12 IST" duration-ms="0" status="PASS">
          <params>
            <param index="0">
              <value>
                <![CDATA[public void com.nspl.agingoptions.healthpage.testcases.MarriedUserFamilyMedicalHistoryTestCases.TC_014_FamilyMedicalHistoryMyFamilyMedicalHistoryNoRadioButton()]]>
              </value>
            </param>
          </params>
          <reporter-output>
          </reporter-output>
        </test-method> <!-- beforeMethod -->
        <test-method signature="TC_014_FamilyMedicalHistoryMyFamilyMedicalHistoryNoRadioButton()[pri:5, instance:com.nspl.agingoptions.healthpage.testcases.MarriedUserFamilyMedicalHistoryTestCases@5aebe890]" started-at="2025-04-02T17:34:12 IST" name="TC_014_FamilyMedicalHistoryMyFamilyMedicalHistoryNoRadioButton" finished-at="2025-04-02T17:34:52 IST" duration-ms="39916" status="PASS">
          <reporter-output>
          </reporter-output>
        </test-method> <!-- TC_014_FamilyMedicalHistoryMyFamilyMedicalHistoryNoRadioButton -->
        <test-method is-config="true" signature="afterMethod(org.testng.ITestResult,java.lang.reflect.Method)[pri:0, instance:com.nspl.agingoptions.healthpage.testcases.MarriedUserFamilyMedicalHistoryTestCases@5aebe890]" started-at="2025-04-02T17:34:52 IST" name="afterMethod" finished-at="2025-04-02T17:34:52 IST" duration-ms="22" status="PASS">
          <params>
            <param index="0">
              <value>
                <![CDATA[[TestResult name=TC_014_FamilyMedicalHistoryMyFamilyMedicalHistoryNoRadioButton status=SUCCESS method=MarriedUserFamilyMedicalHistoryTestCases.TC_014_FamilyMedicalHistoryMyFamilyMedicalHistoryNoRadioButton()[pri:5, instance:com.nspl.agingoptions.healthpage.testcases.MarriedUserFamilyMedicalHistoryTestCases@5aebe890] output={null}]]]>
              </value>
            </param>
            <param index="1">
              <value>
                <![CDATA[public void com.nspl.agingoptions.healthpage.testcases.MarriedUserFamilyMedicalHistoryTestCases.TC_014_FamilyMedicalHistoryMyFamilyMedicalHistoryNoRadioButton()]]>
              </value>
            </param>
          </params>
          <reporter-output>
          </reporter-output>
        </test-method> <!-- afterMethod -->
        <test-method is-config="true" signature="afterClass()[pri:0, instance:com.nspl.agingoptions.healthpage.testcases.MarriedUserFamilyMedicalHistoryTestCases@5aebe890]" started-at="2025-04-02T17:34:52 IST" name="afterClass" finished-at="2025-04-02T17:34:52 IST" duration-ms="7" status="PASS">
          <reporter-output>
          </reporter-output>
        </test-method> <!-- afterClass -->
      </class> <!-- com.nspl.agingoptions.healthpage.testcases.MarriedUserFamilyMedicalHistoryTestCases -->
      <class name="com.nspl.agingoptions.healthpage.testcases.SpecialistTestCases">
        <test-method signature="TC_019_PrimaryMemberSpecialistIDonHave()[pri:1, instance:com.nspl.agingoptions.healthpage.testcases.SpecialistTestCases@33c911a1]" started-at="2025-04-02T17:37:41 IST" name="TC_019_PrimaryMemberSpecialistIDonHave" finished-at="2025-04-02T17:38:07 IST" duration-ms="25770" status="PASS">
          <reporter-output>
          </reporter-output>
        </test-method> <!-- TC_019_PrimaryMemberSpecialistIDonHave -->
        <test-method is-config="true" signature="beforeClass()[pri:0, instance:com.nspl.agingoptions.healthpage.testcases.SpecialistTestCases@33c911a1]" started-at="2025-04-02T17:37:41 IST" name="beforeClass" finished-at="2025-04-02T17:37:41 IST" duration-ms="0" status="PASS">
          <reporter-output>
          </reporter-output>
        </test-method> <!-- beforeClass -->
        <test-method is-config="true" signature="beforeMethod(java.lang.reflect.Method)[pri:0, instance:com.nspl.agingoptions.healthpage.testcases.SpecialistTestCases@33c911a1]" started-at="2025-04-02T17:37:41 IST" name="beforeMethod" finished-at="2025-04-02T17:37:41 IST" duration-ms="0" status="PASS">
          <params>
            <param index="0">
              <value>
                <![CDATA[public void com.nspl.agingoptions.healthpage.testcases.SpecialistTestCases.TC_019_PrimaryMemberSpecialistIDonHave()]]>
              </value>
            </param>
          </params>
          <reporter-output>
          </reporter-output>
        </test-method> <!-- beforeMethod -->
        <test-method is-config="true" signature="afterMethod(org.testng.ITestResult,java.lang.reflect.Method)[pri:0, instance:com.nspl.agingoptions.healthpage.testcases.SpecialistTestCases@33c911a1]" started-at="2025-04-02T17:38:07 IST" name="afterMethod" finished-at="2025-04-02T17:38:07 IST" duration-ms="39" status="PASS">
          <params>
            <param index="0">
              <value>
                <![CDATA[[TestResult name=TC_019_PrimaryMemberSpecialistIDonHave status=SUCCESS method=SpecialistTestCases.TC_019_PrimaryMemberSpecialistIDonHave()[pri:1, instance:com.nspl.agingoptions.healthpage.testcases.SpecialistTestCases@33c911a1] output={null}]]]>
              </value>
            </param>
            <param index="1">
              <value>
                <![CDATA[public void com.nspl.agingoptions.healthpage.testcases.SpecialistTestCases.TC_019_PrimaryMemberSpecialistIDonHave()]]>
              </value>
            </param>
          </params>
          <reporter-output>
          </reporter-output>
        </test-method> <!-- afterMethod -->
        <test-method signature="TC_020_SpouseSpecialistIDonHave()[pri:2, instance:com.nspl.agingoptions.healthpage.testcases.SpecialistTestCases@33c911a1]" started-at="2025-04-02T17:38:07 IST" name="TC_020_SpouseSpecialistIDonHave" finished-at="2025-04-02T17:38:37 IST" duration-ms="30259" status="PASS">
          <reporter-output>
          </reporter-output>
        </test-method> <!-- TC_020_SpouseSpecialistIDonHave -->
        <test-method is-config="true" signature="beforeMethod(java.lang.reflect.Method)[pri:0, instance:com.nspl.agingoptions.healthpage.testcases.SpecialistTestCases@33c911a1]" started-at="2025-04-02T17:38:07 IST" name="beforeMethod" finished-at="2025-04-02T17:38:07 IST" duration-ms="0" status="PASS">
          <params>
            <param index="0">
              <value>
                <![CDATA[public void com.nspl.agingoptions.healthpage.testcases.SpecialistTestCases.TC_020_SpouseSpecialistIDonHave()]]>
              </value>
            </param>
          </params>
          <reporter-output>
          </reporter-output>
        </test-method> <!-- beforeMethod -->
        <test-method is-config="true" signature="afterMethod(org.testng.ITestResult,java.lang.reflect.Method)[pri:0, instance:com.nspl.agingoptions.healthpage.testcases.SpecialistTestCases@33c911a1]" started-at="2025-04-02T17:38:37 IST" name="afterMethod" finished-at="2025-04-02T17:38:37 IST" duration-ms="16" status="PASS">
          <params>
            <param index="0">
              <value>
                <![CDATA[[TestResult name=TC_020_SpouseSpecialistIDonHave status=SUCCESS method=SpecialistTestCases.TC_020_SpouseSpecialistIDonHave()[pri:2, instance:com.nspl.agingoptions.healthpage.testcases.SpecialistTestCases@33c911a1] output={null}]]]>
              </value>
            </param>
            <param index="1">
              <value>
                <![CDATA[public void com.nspl.agingoptions.healthpage.testcases.SpecialistTestCases.TC_020_SpouseSpecialistIDonHave()]]>
              </value>
            </param>
          </params>
          <reporter-output>
          </reporter-output>
        </test-method> <!-- afterMethod -->
        <test-method signature="TC_021_PrimaryMemberSpecialistSaveDetailsSaveContinueLaterButton()[pri:3, instance:com.nspl.agingoptions.healthpage.testcases.SpecialistTestCases@33c911a1]" started-at="2025-04-02T17:38:37 IST" name="TC_021_PrimaryMemberSpecialistSaveDetailsSaveContinueLaterButton" finished-at="2025-04-02T17:39:29 IST" duration-ms="52368" status="PASS">
          <reporter-output>
          </reporter-output>
        </test-method> <!-- TC_021_PrimaryMemberSpecialistSaveDetailsSaveContinueLaterButton -->
        <test-method is-config="true" signature="beforeMethod(java.lang.reflect.Method)[pri:0, instance:com.nspl.agingoptions.healthpage.testcases.SpecialistTestCases@33c911a1]" started-at="2025-04-02T17:38:37 IST" name="beforeMethod" finished-at="2025-04-02T17:38:37 IST" duration-ms="0" status="PASS">
          <params>
            <param index="0">
              <value>
                <![CDATA[public void com.nspl.agingoptions.healthpage.testcases.SpecialistTestCases.TC_021_PrimaryMemberSpecialistSaveDetailsSaveContinueLaterButton()]]>
              </value>
            </param>
          </params>
          <reporter-output>
          </reporter-output>
        </test-method> <!-- beforeMethod -->
        <test-method is-config="true" signature="afterMethod(org.testng.ITestResult,java.lang.reflect.Method)[pri:0, instance:com.nspl.agingoptions.healthpage.testcases.SpecialistTestCases@33c911a1]" started-at="2025-04-02T17:39:29 IST" name="afterMethod" finished-at="2025-04-02T17:39:29 IST" duration-ms="24" status="PASS">
          <params>
            <param index="0">
              <value>
                <![CDATA[[TestResult name=TC_021_PrimaryMemberSpecialistSaveDetailsSaveContinueLaterButton status=SUCCESS method=SpecialistTestCases.TC_021_PrimaryMemberSpecialistSaveDetailsSaveContinueLaterButton()[pri:3, instance:com.nspl.agingoptions.healthpage.testcases.SpecialistTestCases@33c911a1] output={null}]]]>
              </value>
            </param>
            <param index="1">
              <value>
                <![CDATA[public void com.nspl.agingoptions.healthpage.testcases.SpecialistTestCases.TC_021_PrimaryMemberSpecialistSaveDetailsSaveContinueLaterButton()]]>
              </value>
            </param>
          </params>
          <reporter-output>
          </reporter-output>
        </test-method> <!-- afterMethod -->
        <test-method is-config="true" signature="beforeMethod(java.lang.reflect.Method)[pri:0, instance:com.nspl.agingoptions.healthpage.testcases.SpecialistTestCases@33c911a1]" started-at="2025-04-02T17:39:29 IST" name="beforeMethod" finished-at="2025-04-02T17:39:29 IST" duration-ms="1" status="PASS">
          <params>
            <param index="0">
              <value>
                <![CDATA[public void com.nspl.agingoptions.healthpage.testcases.SpecialistTestCases.TC_022_SpouseSpecialistSaveDetailsSaveAndContinueButton()]]>
              </value>
            </param>
          </params>
          <reporter-output>
          </reporter-output>
        </test-method> <!-- beforeMethod -->
        <test-method signature="TC_022_SpouseSpecialistSaveDetailsSaveAndContinueButton()[pri:4, instance:com.nspl.agingoptions.healthpage.testcases.SpecialistTestCases@33c911a1]" started-at="2025-04-02T17:39:29 IST" name="TC_022_SpouseSpecialistSaveDetailsSaveAndContinueButton" finished-at="2025-04-02T17:40:24 IST" duration-ms="54510" status="PASS">
          <reporter-output>
          </reporter-output>
        </test-method> <!-- TC_022_SpouseSpecialistSaveDetailsSaveAndContinueButton -->
        <test-method is-config="true" signature="afterMethod(org.testng.ITestResult,java.lang.reflect.Method)[pri:0, instance:com.nspl.agingoptions.healthpage.testcases.SpecialistTestCases@33c911a1]" started-at="2025-04-02T17:40:24 IST" name="afterMethod" finished-at="2025-04-02T17:40:24 IST" duration-ms="16" status="PASS">
          <params>
            <param index="0">
              <value>
                <![CDATA[[TestResult name=TC_022_SpouseSpecialistSaveDetailsSaveAndContinueButton status=SUCCESS method=SpecialistTestCases.TC_022_SpouseSpecialistSaveDetailsSaveAndContinueButton()[pri:4, instance:com.nspl.agingoptions.healthpage.testcases.SpecialistTestCases@33c911a1] output={null}]]]>
              </value>
            </param>
            <param index="1">
              <value>
                <![CDATA[public void com.nspl.agingoptions.healthpage.testcases.SpecialistTestCases.TC_022_SpouseSpecialistSaveDetailsSaveAndContinueButton()]]>
              </value>
            </param>
          </params>
          <reporter-output>
          </reporter-output>
        </test-method> <!-- afterMethod -->
        <test-method is-config="true" signature="afterClass()[pri:0, instance:com.nspl.agingoptions.healthpage.testcases.SpecialistTestCases@33c911a1]" started-at="2025-04-02T17:40:24 IST" name="afterClass" finished-at="2025-04-02T17:40:24 IST" duration-ms="6" status="PASS">
          <reporter-output>
          </reporter-output>
        </test-method> <!-- afterClass -->
      </class> <!-- com.nspl.agingoptions.healthpage.testcases.SpecialistTestCases -->
      <class name="com.nspl.agingoptions.healthpage.testcases.PrimaryCarePhysicianTestCases">
        <test-method is-config="true" signature="beforeClass()[pri:0, instance:com.nspl.agingoptions.healthpage.testcases.PrimaryCarePhysicianTestCases@65d09a04]" started-at="2025-04-02T17:34:52 IST" name="beforeClass" finished-at="2025-04-02T17:34:52 IST" duration-ms="1" status="PASS">
          <reporter-output>
          </reporter-output>
        </test-method> <!-- beforeClass -->
        <test-method signature="TC_015_PrimaryMemberIDontHavePrimaryCarePhyscian()[pri:1, instance:com.nspl.agingoptions.healthpage.testcases.PrimaryCarePhysicianTestCases@65d09a04]" started-at="2025-04-02T17:34:52 IST" name="TC_015_PrimaryMemberIDontHavePrimaryCarePhyscian" finished-at="2025-04-02T17:35:18 IST" duration-ms="25719" status="PASS">
          <reporter-output>
          </reporter-output>
        </test-method> <!-- TC_015_PrimaryMemberIDontHavePrimaryCarePhyscian -->
        <test-method is-config="true" signature="beforeMethod(java.lang.reflect.Method)[pri:0, instance:com.nspl.agingoptions.healthpage.testcases.PrimaryCarePhysicianTestCases@65d09a04]" started-at="2025-04-02T17:34:52 IST" name="beforeMethod" finished-at="2025-04-02T17:34:52 IST" duration-ms="0" status="PASS">
          <params>
            <param index="0">
              <value>
                <![CDATA[public void com.nspl.agingoptions.healthpage.testcases.PrimaryCarePhysicianTestCases.TC_015_PrimaryMemberIDontHavePrimaryCarePhyscian()]]>
              </value>
            </param>
          </params>
          <reporter-output>
          </reporter-output>
        </test-method> <!-- beforeMethod -->
        <test-method is-config="true" signature="afterMethod(org.testng.ITestResult,java.lang.reflect.Method)[pri:0, instance:com.nspl.agingoptions.healthpage.testcases.PrimaryCarePhysicianTestCases@65d09a04]" started-at="2025-04-02T17:35:18 IST" name="afterMethod" finished-at="2025-04-02T17:35:18 IST" duration-ms="30" status="PASS">
          <params>
            <param index="0">
              <value>
                <![CDATA[[TestResult name=TC_015_PrimaryMemberIDontHavePrimaryCarePhyscian status=SUCCESS method=PrimaryCarePhysicianTestCases.TC_015_PrimaryMemberIDontHavePrimaryCarePhyscian()[pri:1, instance:com.nspl.agingoptions.healthpage.testcases.PrimaryCarePhysicianTestCases@65d09a04] output={null}]]]>
              </value>
            </param>
            <param index="1">
              <value>
                <![CDATA[public void com.nspl.agingoptions.healthpage.testcases.PrimaryCarePhysicianTestCases.TC_015_PrimaryMemberIDontHavePrimaryCarePhyscian()]]>
              </value>
            </param>
          </params>
          <reporter-output>
          </reporter-output>
        </test-method> <!-- afterMethod -->
        <test-method signature="TC_016_SpouseIDontHavePrimaryCarePhyscian()[pri:2, instance:com.nspl.agingoptions.healthpage.testcases.PrimaryCarePhysicianTestCases@65d09a04]" started-at="2025-04-02T17:35:18 IST" name="TC_016_SpouseIDontHavePrimaryCarePhyscian" finished-at="2025-04-02T17:35:43 IST" duration-ms="25301" status="PASS">
          <reporter-output>
          </reporter-output>
        </test-method> <!-- TC_016_SpouseIDontHavePrimaryCarePhyscian -->
        <test-method is-config="true" signature="beforeMethod(java.lang.reflect.Method)[pri:0, instance:com.nspl.agingoptions.healthpage.testcases.PrimaryCarePhysicianTestCases@65d09a04]" started-at="2025-04-02T17:35:18 IST" name="beforeMethod" finished-at="2025-04-02T17:35:18 IST" duration-ms="0" status="PASS">
          <params>
            <param index="0">
              <value>
                <![CDATA[public void com.nspl.agingoptions.healthpage.testcases.PrimaryCarePhysicianTestCases.TC_016_SpouseIDontHavePrimaryCarePhyscian()]]>
              </value>
            </param>
          </params>
          <reporter-output>
          </reporter-output>
        </test-method> <!-- beforeMethod -->
        <test-method is-config="true" signature="afterMethod(org.testng.ITestResult,java.lang.reflect.Method)[pri:0, instance:com.nspl.agingoptions.healthpage.testcases.PrimaryCarePhysicianTestCases@65d09a04]" started-at="2025-04-02T17:35:43 IST" name="afterMethod" finished-at="2025-04-02T17:35:43 IST" duration-ms="30" status="PASS">
          <params>
            <param index="0">
              <value>
                <![CDATA[[TestResult name=TC_016_SpouseIDontHavePrimaryCarePhyscian status=SUCCESS method=PrimaryCarePhysicianTestCases.TC_016_SpouseIDontHavePrimaryCarePhyscian()[pri:2, instance:com.nspl.agingoptions.healthpage.testcases.PrimaryCarePhysicianTestCases@65d09a04] output={null}]]]>
              </value>
            </param>
            <param index="1">
              <value>
                <![CDATA[public void com.nspl.agingoptions.healthpage.testcases.PrimaryCarePhysicianTestCases.TC_016_SpouseIDontHavePrimaryCarePhyscian()]]>
              </value>
            </param>
          </params>
          <reporter-output>
          </reporter-output>
        </test-method> <!-- afterMethod -->
        <test-method signature="TC_017_inputPrimaryMemberCarePhysicianAndSave()[pri:3, instance:com.nspl.agingoptions.healthpage.testcases.PrimaryCarePhysicianTestCases@65d09a04]" started-at="2025-04-02T17:35:43 IST" name="TC_017_inputPrimaryMemberCarePhysicianAndSave" finished-at="2025-04-02T17:36:42 IST" duration-ms="59320" status="PASS">
          <reporter-output>
          </reporter-output>
        </test-method> <!-- TC_017_inputPrimaryMemberCarePhysicianAndSave -->
        <test-method is-config="true" signature="beforeMethod(java.lang.reflect.Method)[pri:0, instance:com.nspl.agingoptions.healthpage.testcases.PrimaryCarePhysicianTestCases@65d09a04]" started-at="2025-04-02T17:35:43 IST" name="beforeMethod" finished-at="2025-04-02T17:35:43 IST" duration-ms="0" status="PASS">
          <params>
            <param index="0">
              <value>
                <![CDATA[public void com.nspl.agingoptions.healthpage.testcases.PrimaryCarePhysicianTestCases.TC_017_inputPrimaryMemberCarePhysicianAndSave()]]>
              </value>
            </param>
          </params>
          <reporter-output>
          </reporter-output>
        </test-method> <!-- beforeMethod -->
        <test-method is-config="true" signature="afterMethod(org.testng.ITestResult,java.lang.reflect.Method)[pri:0, instance:com.nspl.agingoptions.healthpage.testcases.PrimaryCarePhysicianTestCases@65d09a04]" started-at="2025-04-02T17:36:42 IST" name="afterMethod" finished-at="2025-04-02T17:36:42 IST" duration-ms="20" status="PASS">
          <params>
            <param index="0">
              <value>
                <![CDATA[[TestResult name=TC_017_inputPrimaryMemberCarePhysicianAndSave status=SUCCESS method=PrimaryCarePhysicianTestCases.TC_017_inputPrimaryMemberCarePhysicianAndSave()[pri:3, instance:com.nspl.agingoptions.healthpage.testcases.PrimaryCarePhysicianTestCases@65d09a04] output={null}]]]>
              </value>
            </param>
            <param index="1">
              <value>
                <![CDATA[public void com.nspl.agingoptions.healthpage.testcases.PrimaryCarePhysicianTestCases.TC_017_inputPrimaryMemberCarePhysicianAndSave()]]>
              </value>
            </param>
          </params>
          <reporter-output>
          </reporter-output>
        </test-method> <!-- afterMethod -->
        <test-method signature="TC_018_inputSpouseCarePhysicianAndSave()[pri:4, instance:com.nspl.agingoptions.healthpage.testcases.PrimaryCarePhysicianTestCases@65d09a04]" started-at="2025-04-02T17:36:42 IST" name="TC_018_inputSpouseCarePhysicianAndSave" finished-at="2025-04-02T17:37:41 IST" duration-ms="58400" status="PASS">
          <reporter-output>
          </reporter-output>
        </test-method> <!-- TC_018_inputSpouseCarePhysicianAndSave -->
        <test-method is-config="true" signature="beforeMethod(java.lang.reflect.Method)[pri:0, instance:com.nspl.agingoptions.healthpage.testcases.PrimaryCarePhysicianTestCases@65d09a04]" started-at="2025-04-02T17:36:42 IST" name="beforeMethod" finished-at="2025-04-02T17:36:42 IST" duration-ms="0" status="PASS">
          <params>
            <param index="0">
              <value>
                <![CDATA[public void com.nspl.agingoptions.healthpage.testcases.PrimaryCarePhysicianTestCases.TC_018_inputSpouseCarePhysicianAndSave()]]>
              </value>
            </param>
          </params>
          <reporter-output>
          </reporter-output>
        </test-method> <!-- beforeMethod -->
        <test-method is-config="true" signature="afterMethod(org.testng.ITestResult,java.lang.reflect.Method)[pri:0, instance:com.nspl.agingoptions.healthpage.testcases.PrimaryCarePhysicianTestCases@65d09a04]" started-at="2025-04-02T17:37:41 IST" name="afterMethod" finished-at="2025-04-02T17:37:41 IST" duration-ms="16" status="PASS">
          <params>
            <param index="0">
              <value>
                <![CDATA[[TestResult name=TC_018_inputSpouseCarePhysicianAndSave status=SUCCESS method=PrimaryCarePhysicianTestCases.TC_018_inputSpouseCarePhysicianAndSave()[pri:4, instance:com.nspl.agingoptions.healthpage.testcases.PrimaryCarePhysicianTestCases@65d09a04] output={null}]]]>
              </value>
            </param>
            <param index="1">
              <value>
                <![CDATA[public void com.nspl.agingoptions.healthpage.testcases.PrimaryCarePhysicianTestCases.TC_018_inputSpouseCarePhysicianAndSave()]]>
              </value>
            </param>
          </params>
          <reporter-output>
          </reporter-output>
        </test-method> <!-- afterMethod -->
        <test-method is-config="true" signature="afterClass()[pri:0, instance:com.nspl.agingoptions.healthpage.testcases.PrimaryCarePhysicianTestCases@65d09a04]" started-at="2025-04-02T17:37:41 IST" name="afterClass" finished-at="2025-04-02T17:37:41 IST" duration-ms="5" status="PASS">
          <reporter-output>
          </reporter-output>
        </test-method> <!-- afterClass -->
      </class> <!-- com.nspl.agingoptions.healthpage.testcases.PrimaryCarePhysicianTestCases -->
    </test> <!-- Test -->
  </suite> <!-- Suite -->
</testng-results>
