<?xml version="1.0" encoding="UTF-8"?>
<testng-results ignored="0" total="3" passed="3" failed="0" skipped="0">
  <reporter-output>
  </reporter-output>
  <suite started-at="2025-05-22T16:32:07 IST" name="Default suite" finished-at="2025-05-22T16:33:49 IST" duration-ms="102098">
    <groups>
    </groups>
    <test started-at="2025-05-22T16:32:07 IST" name="Default test" finished-at="2025-05-22T16:33:49 IST" duration-ms="102098">
      <class name="com.nspl.agingoptions.PersonalInfo.PersonalInformationTestcase">
        <test-method is-config="true" signature="beforeSuite()[pri:0, instance:com.nspl.agingoptions.PersonalInfo.PersonalInformationTestcase@1757cd72]" started-at="2025-05-22T16:32:07 IST" name="beforeSuite" finished-at="2025-05-22T16:32:07 IST" duration-ms="393" status="PASS">
          <reporter-output>
          </reporter-output>
        </test-method> <!-- beforeSuite -->
        <test-method is-config="true" signature="beforeTest()[pri:0, instance:com.nspl.agingoptions.PersonalInfo.PersonalInformationTestcase@1757cd72]" started-at="2025-05-22T16:32:07 IST" name="beforeTest" finished-at="2025-05-22T16:33:35 IST" duration-ms="88007" status="PASS">
          <reporter-output>
          </reporter-output>
        </test-method> <!-- beforeTest -->
        <test-method is-config="true" signature="beforeClass()[pri:0, instance:com.nspl.agingoptions.PersonalInfo.PersonalInformationTestcase@1757cd72]" started-at="2025-05-22T16:33:35 IST" name="beforeClass" finished-at="2025-05-22T16:33:35 IST" duration-ms="2" status="PASS">
          <reporter-output>
          </reporter-output>
        </test-method> <!-- beforeClass -->
        <test-method signature="VerifyAreYouSpecialNeedsYes()[pri:1, instance:com.nspl.agingoptions.PersonalInfo.PersonalInformationTestcase@1757cd72]" started-at="2025-05-22T16:33:35 IST" name="VerifyAreYouSpecialNeedsYes" finished-at="2025-05-22T16:33:40 IST" duration-ms="4667" status="PASS">
          <reporter-output>
          </reporter-output>
        </test-method> <!-- VerifyAreYouSpecialNeedsYes -->
        <test-method is-config="true" signature="beforeMethod(java.lang.reflect.Method)[pri:0, instance:com.nspl.agingoptions.PersonalInfo.PersonalInformationTestcase@1757cd72]" started-at="2025-05-22T16:33:35 IST" name="beforeMethod" finished-at="2025-05-22T16:33:35 IST" duration-ms="0" status="PASS">
          <params>
            <param index="0">
              <value>
                <![CDATA[public void com.nspl.agingoptions.PersonalInfo.PersonalInformationTestcase.VerifyAreYouSpecialNeedsYes()]]>
              </value>
            </param>
          </params>
          <reporter-output>
          </reporter-output>
        </test-method> <!-- beforeMethod -->
        <test-method is-config="true" signature="afterMethod(org.testng.ITestResult,java.lang.reflect.Method)[pri:0, instance:com.nspl.agingoptions.PersonalInfo.PersonalInformationTestcase@1757cd72]" started-at="2025-05-22T16:33:40 IST" name="afterMethod" finished-at="2025-05-22T16:33:40 IST" duration-ms="382" status="PASS">
          <params>
            <param index="0">
              <value>
                <![CDATA[[TestResult name=VerifyAreYouSpecialNeedsYes status=SUCCESS method=PersonalInformationTestcase.VerifyAreYouSpecialNeedsYes()[pri:1, instance:com.nspl.agingoptions.PersonalInfo.PersonalInformationTestcase@1757cd72] output={null}]]]>
              </value>
            </param>
            <param index="1">
              <value>
                <![CDATA[public void com.nspl.agingoptions.PersonalInfo.PersonalInformationTestcase.VerifyAreYouSpecialNeedsYes()]]>
              </value>
            </param>
          </params>
          <reporter-output>
          </reporter-output>
        </test-method> <!-- afterMethod -->
        <test-method signature="VerifyAreYouPlanningToRetireOverSeasYes()[pri:2, instance:com.nspl.agingoptions.PersonalInfo.PersonalInformationTestcase@1757cd72]" started-at="2025-05-22T16:33:40 IST" name="VerifyAreYouPlanningToRetireOverSeasYes" finished-at="2025-05-22T16:33:45 IST" duration-ms="4491" status="PASS">
          <reporter-output>
          </reporter-output>
        </test-method> <!-- VerifyAreYouPlanningToRetireOverSeasYes -->
        <test-method is-config="true" signature="beforeMethod(java.lang.reflect.Method)[pri:0, instance:com.nspl.agingoptions.PersonalInfo.PersonalInformationTestcase@1757cd72]" started-at="2025-05-22T16:33:40 IST" name="beforeMethod" finished-at="2025-05-22T16:33:40 IST" duration-ms="0" status="PASS">
          <params>
            <param index="0">
              <value>
                <![CDATA[public void com.nspl.agingoptions.PersonalInfo.PersonalInformationTestcase.VerifyAreYouPlanningToRetireOverSeasYes()]]>
              </value>
            </param>
          </params>
          <reporter-output>
          </reporter-output>
        </test-method> <!-- beforeMethod -->
        <test-method is-config="true" signature="afterMethod(org.testng.ITestResult,java.lang.reflect.Method)[pri:0, instance:com.nspl.agingoptions.PersonalInfo.PersonalInformationTestcase@1757cd72]" started-at="2025-05-22T16:33:45 IST" name="afterMethod" finished-at="2025-05-22T16:33:45 IST" duration-ms="17" status="PASS">
          <params>
            <param index="0">
              <value>
                <![CDATA[[TestResult name=VerifyAreYouPlanningToRetireOverSeasYes status=SUCCESS method=PersonalInformationTestcase.VerifyAreYouPlanningToRetireOverSeasYes()[pri:2, instance:com.nspl.agingoptions.PersonalInfo.PersonalInformationTestcase@1757cd72] output={null}]]]>
              </value>
            </param>
            <param index="1">
              <value>
                <![CDATA[public void com.nspl.agingoptions.PersonalInfo.PersonalInformationTestcase.VerifyAreYouPlanningToRetireOverSeasYes()]]>
              </value>
            </param>
          </params>
          <reporter-output>
          </reporter-output>
        </test-method> <!-- afterMethod -->
        <test-method signature="VerifyAreYouUSVeteranYes()[pri:3, instance:com.nspl.agingoptions.PersonalInfo.PersonalInformationTestcase@1757cd72]" started-at="2025-05-22T16:33:45 IST" name="VerifyAreYouUSVeteranYes" finished-at="2025-05-22T16:33:49 IST" duration-ms="4416" status="PASS">
          <reporter-output>
          </reporter-output>
        </test-method> <!-- VerifyAreYouUSVeteranYes -->
        <test-method is-config="true" signature="beforeMethod(java.lang.reflect.Method)[pri:0, instance:com.nspl.agingoptions.PersonalInfo.PersonalInformationTestcase@1757cd72]" started-at="2025-05-22T16:33:45 IST" name="beforeMethod" finished-at="2025-05-22T16:33:45 IST" duration-ms="0" status="PASS">
          <params>
            <param index="0">
              <value>
                <![CDATA[public void com.nspl.agingoptions.PersonalInfo.PersonalInformationTestcase.VerifyAreYouUSVeteranYes()]]>
              </value>
            </param>
          </params>
          <reporter-output>
          </reporter-output>
        </test-method> <!-- beforeMethod -->
        <test-method is-config="true" signature="afterMethod(org.testng.ITestResult,java.lang.reflect.Method)[pri:0, instance:com.nspl.agingoptions.PersonalInfo.PersonalInformationTestcase@1757cd72]" started-at="2025-05-22T16:33:49 IST" name="afterMethod" finished-at="2025-05-22T16:33:49 IST" duration-ms="47" status="PASS">
          <params>
            <param index="0">
              <value>
                <![CDATA[[TestResult name=VerifyAreYouUSVeteranYes status=SUCCESS method=PersonalInformationTestcase.VerifyAreYouUSVeteranYes()[pri:3, instance:com.nspl.agingoptions.PersonalInfo.PersonalInformationTestcase@1757cd72] output={null}]]]>
              </value>
            </param>
            <param index="1">
              <value>
                <![CDATA[public void com.nspl.agingoptions.PersonalInfo.PersonalInformationTestcase.VerifyAreYouUSVeteranYes()]]>
              </value>
            </param>
          </params>
          <reporter-output>
          </reporter-output>
        </test-method> <!-- afterMethod -->
        <test-method is-config="true" signature="afterClass()[pri:0, instance:com.nspl.agingoptions.PersonalInfo.PersonalInformationTestcase@1757cd72]" started-at="2025-05-22T16:33:49 IST" name="afterClass" finished-at="2025-05-22T16:33:49 IST" duration-ms="20" status="PASS">
          <reporter-output>
          </reporter-output>
        </test-method> <!-- afterClass -->
        <test-method is-config="true" signature="afterTest()[pri:0, instance:com.nspl.agingoptions.PersonalInfo.PersonalInformationTestcase@1757cd72]" started-at="2025-05-22T16:33:49 IST" name="afterTest" finished-at="2025-05-22T16:33:49 IST" duration-ms="0" status="PASS">
          <reporter-output>
          </reporter-output>
        </test-method> <!-- afterTest -->
        <test-method is-config="true" signature="afterSuite()[pri:0, instance:com.nspl.agingoptions.PersonalInfo.PersonalInformationTestcase@1757cd72]" started-at="2025-05-22T16:33:49 IST" name="afterSuite" finished-at="2025-05-22T16:33:49 IST" duration-ms="10" status="PASS">
          <reporter-output>
          </reporter-output>
        </test-method> <!-- afterSuite -->
      </class> <!-- com.nspl.agingoptions.PersonalInfo.PersonalInformationTestcase -->
    </test> <!-- Default test -->
  </suite> <!-- Default suite -->
</testng-results>
