<?xml version="1.0" encoding="UTF-8"?>
<testng-results ignored="2" total="3" passed="1" failed="0" skipped="0">
  <reporter-output>
  </reporter-output>
  <suite started-at="2025-05-25T13:35:22 IST" name="Default suite" finished-at="2025-05-25T13:37:02 IST" duration-ms="100280">
    <groups>
    </groups>
    <test started-at="2025-05-25T13:35:22 IST" name="Default test" finished-at="2025-05-25T13:37:02 IST" duration-ms="100280">
      <class name="com.nspl.agingoptions.financepage.testcases.BusinessInterestTestCases">
        <test-method is-config="true" signature="beforeSuite()[pri:0, instance:com.nspl.agingoptions.financepage.testcases.BusinessInterestTestCases@41a2befb]" started-at="2025-05-25T13:35:22 IST" name="beforeSuite" finished-at="2025-05-25T13:35:22 IST" duration-ms="250" status="PASS">
          <reporter-output>
          </reporter-output>
        </test-method> <!-- beforeSuite -->
        <test-method is-config="true" signature="beforeTest()[pri:0, instance:com.nspl.agingoptions.financepage.testcases.BusinessInterestTestCases@41a2befb]" started-at="2025-05-25T13:35:22 IST" name="beforeTest" finished-at="2025-05-25T13:36:35 IST" duration-ms="72621" status="PASS">
          <reporter-output>
          </reporter-output>
        </test-method> <!-- beforeTest -->
        <test-method is-config="true" signature="beforeClass()[pri:0, instance:com.nspl.agingoptions.financepage.testcases.BusinessInterestTestCases@41a2befb]" started-at="2025-05-25T13:36:35 IST" name="beforeClass" finished-at="2025-05-25T13:36:35 IST" duration-ms="1" status="PASS">
          <reporter-output>
          </reporter-output>
        </test-method> <!-- beforeClass -->
        <test-method is-config="true" signature="beforeMethod(java.lang.reflect.Method)[pri:0, instance:com.nspl.agingoptions.financepage.testcases.BusinessInterestTestCases@41a2befb]" started-at="2025-05-25T13:36:35 IST" name="beforeMethod" finished-at="2025-05-25T13:36:35 IST" duration-ms="1" status="PASS">
          <params>
            <param index="0">
              <value>
                <![CDATA[public void com.nspl.agingoptions.financepage.testcases.BusinessInterestTestCases.FTC_010_BusinessInterestSaveContinueLaterButton()]]>
              </value>
            </param>
          </params>
          <reporter-output>
          </reporter-output>
        </test-method> <!-- beforeMethod -->
        <test-method signature="FTC_010_BusinessInterestSaveContinueLaterButton()[pri:1, instance:com.nspl.agingoptions.financepage.testcases.BusinessInterestTestCases@41a2befb]" started-at="2025-05-25T13:36:35 IST" name="FTC_010_BusinessInterestSaveContinueLaterButton" finished-at="2025-05-25T13:37:02 IST" duration-ms="27270" status="PASS">
          <reporter-output>
          </reporter-output>
        </test-method> <!-- FTC_010_BusinessInterestSaveContinueLaterButton -->
        <test-method is-config="true" signature="afterMethod(org.testng.ITestResult,java.lang.reflect.Method)[pri:0, instance:com.nspl.agingoptions.financepage.testcases.BusinessInterestTestCases@41a2befb]" started-at="2025-05-25T13:37:02 IST" name="afterMethod" finished-at="2025-05-25T13:37:02 IST" duration-ms="333" status="PASS">
          <params>
            <param index="0">
              <value>
                <![CDATA[[TestResult name=FTC_010_BusinessInterestSaveContinueLaterButton status=SUCCESS method=BusinessInterestTestCases.FTC_010_BusinessInterestSaveContinueLaterButton()[pri:1, instance:com.nspl.agingoptions.financepage.testcases.BusinessInterestTestCases@41a2befb] output={null}]]]>
              </value>
            </param>
            <param index="1">
              <value>
                <![CDATA[public void com.nspl.agingoptions.financepage.testcases.BusinessInterestTestCases.FTC_010_BusinessInterestSaveContinueLaterButton()]]>
              </value>
            </param>
          </params>
          <reporter-output>
          </reporter-output>
        </test-method> <!-- afterMethod -->
        <test-method is-config="true" signature="afterClass()[pri:0, instance:com.nspl.agingoptions.financepage.testcases.BusinessInterestTestCases@41a2befb]" started-at="2025-05-25T13:37:02 IST" name="afterClass" finished-at="2025-05-25T13:37:02 IST" duration-ms="13" status="PASS">
          <reporter-output>
          </reporter-output>
        </test-method> <!-- afterClass -->
        <test-method is-config="true" signature="afterTest()[pri:0, instance:com.nspl.agingoptions.financepage.testcases.BusinessInterestTestCases@41a2befb]" started-at="2025-05-25T13:37:02 IST" name="afterTest" finished-at="2025-05-25T13:37:02 IST" duration-ms="1" status="PASS">
          <reporter-output>
          </reporter-output>
        </test-method> <!-- afterTest -->
        <test-method is-config="true" signature="afterSuite()[pri:0, instance:com.nspl.agingoptions.financepage.testcases.BusinessInterestTestCases@41a2befb]" started-at="2025-05-25T13:37:02 IST" name="afterSuite" finished-at="2025-05-25T13:37:02 IST" duration-ms="15" status="PASS">
          <reporter-output>
          </reporter-output>
        </test-method> <!-- afterSuite -->
      </class> <!-- com.nspl.agingoptions.financepage.testcases.BusinessInterestTestCases -->
    </test> <!-- Default test -->
  </suite> <!-- Default suite -->
</testng-results>
