<?xml version="1.0" encoding="UTF-8"?>
<testng-results retried="1" ignored="2" total="24" passed="12" failed="0" skipped="9">
  <reporter-output>
  </reporter-output>
  <suite started-at="2025-03-29T20:35:33 IST" name="Suite" finished-at="2025-03-29T20:44:55 IST" duration-ms="562148">
    <groups>
    </groups>
    <test started-at="2025-03-29T20:35:33 IST" name="Test" finished-at="2025-03-29T20:44:55 IST" duration-ms="562148">
      <class name="com.nspl.agingoptions.healthpage.testcases.MarriedUserHealthInfoTestCases">
        <test-method is-config="true" signature="beforeSuite()[pri:0, instance:com.nspl.agingoptions.healthpage.testcases.MarriedUserHealthInfoTestCases@13b6aecc]" started-at="2025-03-29T20:35:32 IST" name="beforeSuite" finished-at="2025-03-29T20:35:33 IST" duration-ms="259" status="PASS">
          <reporter-output>
          </reporter-output>
        </test-method> <!-- beforeSuite -->
        <test-method is-config="true" signature="beforeTest()[pri:0, instance:com.nspl.agingoptions.healthpage.testcases.MarriedUserHealthInfoTestCases@13b6aecc]" started-at="2025-03-29T20:35:33 IST" name="beforeTest" finished-at="2025-03-29T20:35:33 IST" duration-ms="0" status="PASS">
          <reporter-output>
          </reporter-output>
        </test-method> <!-- beforeTest -->
        <test-method is-config="true" signature="beforeClass()[pri:0, instance:com.nspl.agingoptions.healthpage.testcases.MarriedUserHealthInfoTestCases@13b6aecc]" started-at="2025-03-29T20:35:33 IST" name="beforeClass" finished-at="2025-03-29T20:36:47 IST" duration-ms="74174" status="PASS">
          <reporter-output>
          </reporter-output>
        </test-method> <!-- beforeClass -->
        <test-method is-config="true" signature="beforeMethod(java.lang.reflect.Method)[pri:0, instance:com.nspl.agingoptions.healthpage.testcases.MarriedUserHealthInfoTestCases@13b6aecc]" started-at="2025-03-29T20:36:47 IST" name="beforeMethod" finished-at="2025-03-29T20:36:47 IST" duration-ms="3" status="PASS">
          <params>
            <param index="0">
              <value>
                <![CDATA[public void com.nspl.agingoptions.healthpage.testcases.MarriedUserHealthInfoTestCases.Personal_MedicalHistoryPage_Health_001()]]>
              </value>
            </param>
          </params>
          <reporter-output>
          </reporter-output>
        </test-method> <!-- beforeMethod -->
        <test-method signature="Personal_MedicalHistoryPage_Health_001()[pri:1, instance:com.nspl.agingoptions.healthpage.testcases.MarriedUserHealthInfoTestCases@13b6aecc]" started-at="2025-03-29T20:36:47 IST" name="Personal_MedicalHistoryPage_Health_001" finished-at="2025-03-29T20:37:09 IST" duration-ms="21742" status="PASS">
          <reporter-output>
          </reporter-output>
        </test-method> <!-- Personal_MedicalHistoryPage_Health_001 -->
        <test-method is-config="true" signature="afterMethod(org.testng.ITestResult,java.lang.reflect.Method)[pri:0, instance:com.nspl.agingoptions.healthpage.testcases.MarriedUserHealthInfoTestCases@13b6aecc]" started-at="2025-03-29T20:37:09 IST" name="afterMethod" finished-at="2025-03-29T20:37:09 IST" duration-ms="317" status="PASS">
          <params>
            <param index="0">
              <value>
                <![CDATA[[TestResult name=Personal_MedicalHistoryPage_Health_001 status=SUCCESS method=MarriedUserHealthInfoTestCases.Personal_MedicalHistoryPage_Health_001()[pri:1, instance:com.nspl.agingoptions.healthpage.testcases.MarriedUserHealthInfoTestCases@13b6aecc] output={null}]]]>
              </value>
            </param>
            <param index="1">
              <value>
                <![CDATA[public void com.nspl.agingoptions.healthpage.testcases.MarriedUserHealthInfoTestCases.Personal_MedicalHistoryPage_Health_001()]]>
              </value>
            </param>
          </params>
          <reporter-output>
          </reporter-output>
        </test-method> <!-- afterMethod -->
        <test-method signature="personal_Medical_History_MedicalConditionsElementVisibility_Health_002()[pri:2, instance:com.nspl.agingoptions.healthpage.testcases.MarriedUserHealthInfoTestCases@13b6aecc]" started-at="2025-03-29T20:37:09 IST" name="personal_Medical_History_MedicalConditionsElementVisibility_Health_002" finished-at="2025-03-29T20:37:26 IST" depends-on-methods="com.nspl.agingoptions.healthpage.testcases.MarriedUserHealthInfoTestCases.Personal_MedicalHistoryPage_Health_001" duration-ms="17486" status="PASS">
          <reporter-output>
          </reporter-output>
        </test-method> <!-- personal_Medical_History_MedicalConditionsElementVisibility_Health_002 -->
        <test-method is-config="true" signature="beforeMethod(java.lang.reflect.Method)[pri:0, instance:com.nspl.agingoptions.healthpage.testcases.MarriedUserHealthInfoTestCases@13b6aecc]" started-at="2025-03-29T20:37:09 IST" name="beforeMethod" finished-at="2025-03-29T20:37:09 IST" duration-ms="0" status="PASS">
          <params>
            <param index="0">
              <value>
                <![CDATA[public void com.nspl.agingoptions.healthpage.testcases.MarriedUserHealthInfoTestCases.personal_Medical_History_MedicalConditionsElementVisibility_Health_002()]]>
              </value>
            </param>
          </params>
          <reporter-output>
          </reporter-output>
        </test-method> <!-- beforeMethod -->
        <test-method is-config="true" signature="afterMethod(org.testng.ITestResult,java.lang.reflect.Method)[pri:0, instance:com.nspl.agingoptions.healthpage.testcases.MarriedUserHealthInfoTestCases@13b6aecc]" started-at="2025-03-29T20:37:26 IST" name="afterMethod" finished-at="2025-03-29T20:37:26 IST" duration-ms="53" status="PASS">
          <params>
            <param index="0">
              <value>
                <![CDATA[[TestResult name=personal_Medical_History_MedicalConditionsElementVisibility_Health_002 status=SUCCESS method=MarriedUserHealthInfoTestCases.personal_Medical_History_MedicalConditionsElementVisibility_Health_002()[pri:2, instance:com.nspl.agingoptions.healthpage.testcases.MarriedUserHealthInfoTestCases@13b6aecc] output={null}]]]>
              </value>
            </param>
            <param index="1">
              <value>
                <![CDATA[public void com.nspl.agingoptions.healthpage.testcases.MarriedUserHealthInfoTestCases.personal_Medical_History_MedicalConditionsElementVisibility_Health_002()]]>
              </value>
            </param>
          </params>
          <reporter-output>
          </reporter-output>
        </test-method> <!-- afterMethod -->
        <test-method signature="personal_Medical_History_EnvironmentalLifeStyleFactorsElementVisibility_Health_003()[pri:3, instance:com.nspl.agingoptions.healthpage.testcases.MarriedUserHealthInfoTestCases@13b6aecc]" started-at="2025-03-29T20:37:26 IST" name="personal_Medical_History_EnvironmentalLifeStyleFactorsElementVisibility_Health_003" finished-at="2025-03-29T20:37:35 IST" depends-on-methods="com.nspl.agingoptions.healthpage.testcases.MarriedUserHealthInfoTestCases.Personal_MedicalHistoryPage_Health_001" duration-ms="8630" status="PASS">
          <reporter-output>
          </reporter-output>
        </test-method> <!-- personal_Medical_History_EnvironmentalLifeStyleFactorsElementVisibility_Health_003 -->
        <test-method is-config="true" signature="beforeMethod(java.lang.reflect.Method)[pri:0, instance:com.nspl.agingoptions.healthpage.testcases.MarriedUserHealthInfoTestCases@13b6aecc]" started-at="2025-03-29T20:37:26 IST" name="beforeMethod" finished-at="2025-03-29T20:37:26 IST" duration-ms="0" status="PASS">
          <params>
            <param index="0">
              <value>
                <![CDATA[public void com.nspl.agingoptions.healthpage.testcases.MarriedUserHealthInfoTestCases.personal_Medical_History_EnvironmentalLifeStyleFactorsElementVisibility_Health_003()]]>
              </value>
            </param>
          </params>
          <reporter-output>
          </reporter-output>
        </test-method> <!-- beforeMethod -->
        <test-method is-config="true" signature="afterMethod(org.testng.ITestResult,java.lang.reflect.Method)[pri:0, instance:com.nspl.agingoptions.healthpage.testcases.MarriedUserHealthInfoTestCases@13b6aecc]" started-at="2025-03-29T20:37:35 IST" name="afterMethod" finished-at="2025-03-29T20:37:35 IST" duration-ms="35" status="PASS">
          <params>
            <param index="0">
              <value>
                <![CDATA[[TestResult name=personal_Medical_History_EnvironmentalLifeStyleFactorsElementVisibility_Health_003 status=SUCCESS method=MarriedUserHealthInfoTestCases.personal_Medical_History_EnvironmentalLifeStyleFactorsElementVisibility_Health_003()[pri:3, instance:com.nspl.agingoptions.healthpage.testcases.MarriedUserHealthInfoTestCases@13b6aecc] output={null}]]]>
              </value>
            </param>
            <param index="1">
              <value>
                <![CDATA[public void com.nspl.agingoptions.healthpage.testcases.MarriedUserHealthInfoTestCases.personal_Medical_History_EnvironmentalLifeStyleFactorsElementVisibility_Health_003()]]>
              </value>
            </param>
          </params>
          <reporter-output>
          </reporter-output>
        </test-method> <!-- afterMethod -->
        <test-method is-config="true" signature="beforeMethod(java.lang.reflect.Method)[pri:0, instance:com.nspl.agingoptions.healthpage.testcases.MarriedUserHealthInfoTestCases@13b6aecc]" started-at="2025-03-29T20:37:35 IST" name="beforeMethod" finished-at="2025-03-29T20:37:35 IST" duration-ms="0" status="PASS">
          <params>
            <param index="0">
              <value>
                <![CDATA[public void com.nspl.agingoptions.healthpage.testcases.MarriedUserHealthInfoTestCases.personal_Medical_History_BloodTypeSelection_Health_004_()]]>
              </value>
            </param>
          </params>
          <reporter-output>
          </reporter-output>
        </test-method> <!-- beforeMethod -->
        <test-method signature="personal_Medical_History_BloodTypeSelection_Health_004_()[pri:4, instance:com.nspl.agingoptions.healthpage.testcases.MarriedUserHealthInfoTestCases@13b6aecc]" started-at="2025-03-29T20:37:35 IST" name="personal_Medical_History_BloodTypeSelection_Health_004_" finished-at="2025-03-29T20:37:55 IST" depends-on-methods="com.nspl.agingoptions.healthpage.testcases.MarriedUserHealthInfoTestCases.Personal_MedicalHistoryPage_Health_001" duration-ms="20131" status="PASS">
          <reporter-output>
          </reporter-output>
        </test-method> <!-- personal_Medical_History_BloodTypeSelection_Health_004_ -->
        <test-method is-config="true" signature="afterMethod(org.testng.ITestResult,java.lang.reflect.Method)[pri:0, instance:com.nspl.agingoptions.healthpage.testcases.MarriedUserHealthInfoTestCases@13b6aecc]" started-at="2025-03-29T20:37:55 IST" name="afterMethod" finished-at="2025-03-29T20:37:55 IST" duration-ms="32" status="PASS">
          <params>
            <param index="0">
              <value>
                <![CDATA[[TestResult name=personal_Medical_History_BloodTypeSelection_Health_004_ status=SUCCESS method=MarriedUserHealthInfoTestCases.personal_Medical_History_BloodTypeSelection_Health_004_()[pri:4, instance:com.nspl.agingoptions.healthpage.testcases.MarriedUserHealthInfoTestCases@13b6aecc] output={null}]]]>
              </value>
            </param>
            <param index="1">
              <value>
                <![CDATA[public void com.nspl.agingoptions.healthpage.testcases.MarriedUserHealthInfoTestCases.personal_Medical_History_BloodTypeSelection_Health_004_()]]>
              </value>
            </param>
          </params>
          <reporter-output>
          </reporter-output>
        </test-method> <!-- afterMethod -->
        <test-method is-config="true" signature="beforeMethod(java.lang.reflect.Method)[pri:0, instance:com.nspl.agingoptions.healthpage.testcases.MarriedUserHealthInfoTestCases@13b6aecc]" started-at="2025-03-29T20:37:55 IST" name="beforeMethod" finished-at="2025-03-29T20:37:55 IST" duration-ms="1" status="PASS">
          <params>
            <param index="0">
              <value>
                <![CDATA[public void com.nspl.agingoptions.healthpage.testcases.MarriedUserHealthInfoTestCases.personal_Medical_History_MedicalConditionElement_Health_005_()]]>
              </value>
            </param>
          </params>
          <reporter-output>
          </reporter-output>
        </test-method> <!-- beforeMethod -->
        <test-method signature="personal_Medical_History_MedicalConditionElement_Health_005_()[pri:5, instance:com.nspl.agingoptions.healthpage.testcases.MarriedUserHealthInfoTestCases@13b6aecc]" started-at="2025-03-29T20:37:55 IST" name="personal_Medical_History_MedicalConditionElement_Health_005_" finished-at="2025-03-29T20:38:21 IST" duration-ms="25770" status="PASS">
          <reporter-output>
          </reporter-output>
        </test-method> <!-- personal_Medical_History_MedicalConditionElement_Health_005_ -->
        <test-method is-config="true" signature="afterMethod(org.testng.ITestResult,java.lang.reflect.Method)[pri:0, instance:com.nspl.agingoptions.healthpage.testcases.MarriedUserHealthInfoTestCases@13b6aecc]" started-at="2025-03-29T20:38:21 IST" name="afterMethod" finished-at="2025-03-29T20:38:21 IST" duration-ms="28" status="PASS">
          <params>
            <param index="0">
              <value>
                <![CDATA[[TestResult name=personal_Medical_History_MedicalConditionElement_Health_005_ status=SUCCESS method=MarriedUserHealthInfoTestCases.personal_Medical_History_MedicalConditionElement_Health_005_()[pri:5, instance:com.nspl.agingoptions.healthpage.testcases.MarriedUserHealthInfoTestCases@13b6aecc] output={null}]]]>
              </value>
            </param>
            <param index="1">
              <value>
                <![CDATA[public void com.nspl.agingoptions.healthpage.testcases.MarriedUserHealthInfoTestCases.personal_Medical_History_MedicalConditionElement_Health_005_()]]>
              </value>
            </param>
          </params>
          <reporter-output>
          </reporter-output>
        </test-method> <!-- afterMethod -->
        <test-method signature="personal_Medical_History_EnvironmentalLifestyleFactorsDetails_Health_006_()[pri:6, instance:com.nspl.agingoptions.healthpage.testcases.MarriedUserHealthInfoTestCases@13b6aecc]" started-at="2025-03-29T20:38:21 IST" name="personal_Medical_History_EnvironmentalLifestyleFactorsDetails_Health_006_" finished-at="2025-03-29T20:38:46 IST" duration-ms="25345" status="PASS">
          <reporter-output>
          </reporter-output>
        </test-method> <!-- personal_Medical_History_EnvironmentalLifestyleFactorsDetails_Health_006_ -->
        <test-method is-config="true" signature="beforeMethod(java.lang.reflect.Method)[pri:0, instance:com.nspl.agingoptions.healthpage.testcases.MarriedUserHealthInfoTestCases@13b6aecc]" started-at="2025-03-29T20:38:21 IST" name="beforeMethod" finished-at="2025-03-29T20:38:21 IST" duration-ms="0" status="PASS">
          <params>
            <param index="0">
              <value>
                <![CDATA[public void com.nspl.agingoptions.healthpage.testcases.MarriedUserHealthInfoTestCases.personal_Medical_History_EnvironmentalLifestyleFactorsDetails_Health_006_()]]>
              </value>
            </param>
          </params>
          <reporter-output>
          </reporter-output>
        </test-method> <!-- beforeMethod -->
        <test-method is-config="true" signature="afterMethod(org.testng.ITestResult,java.lang.reflect.Method)[pri:0, instance:com.nspl.agingoptions.healthpage.testcases.MarriedUserHealthInfoTestCases@13b6aecc]" started-at="2025-03-29T20:38:46 IST" name="afterMethod" finished-at="2025-03-29T20:38:46 IST" duration-ms="35" status="PASS">
          <params>
            <param index="0">
              <value>
                <![CDATA[[TestResult name=personal_Medical_History_EnvironmentalLifestyleFactorsDetails_Health_006_ status=SUCCESS method=MarriedUserHealthInfoTestCases.personal_Medical_History_EnvironmentalLifestyleFactorsDetails_Health_006_()[pri:6, instance:com.nspl.agingoptions.healthpage.testcases.MarriedUserHealthInfoTestCases@13b6aecc] output={null}]]]>
              </value>
            </param>
            <param index="1">
              <value>
                <![CDATA[public void com.nspl.agingoptions.healthpage.testcases.MarriedUserHealthInfoTestCases.personal_Medical_History_EnvironmentalLifestyleFactorsDetails_Health_006_()]]>
              </value>
            </param>
          </params>
          <reporter-output>
          </reporter-output>
        </test-method> <!-- afterMethod -->
        <test-method is-config="true" signature="afterClass()[pri:0, instance:com.nspl.agingoptions.healthpage.testcases.MarriedUserHealthInfoTestCases@13b6aecc]" started-at="2025-03-29T20:38:46 IST" name="afterClass" finished-at="2025-03-29T20:38:46 IST" duration-ms="12" status="PASS">
          <reporter-output>
          </reporter-output>
        </test-method> <!-- afterClass -->
        <test-method is-config="true" signature="afterTest()[pri:0, instance:com.nspl.agingoptions.healthpage.testcases.MarriedUserHealthInfoTestCases@13b6aecc]" started-at="2025-03-29T20:44:55 IST" name="afterTest" finished-at="2025-03-29T20:44:55 IST" duration-ms="1" status="PASS">
          <reporter-output>
          </reporter-output>
        </test-method> <!-- afterTest -->
        <test-method is-config="true" signature="afterSuite()[pri:0, instance:com.nspl.agingoptions.healthpage.testcases.MarriedUserHealthInfoTestCases@13b6aecc]" started-at="2025-03-29T20:44:55 IST" name="afterSuite" finished-at="2025-03-29T20:44:55 IST" duration-ms="86" status="PASS">
          <reporter-output>
          </reporter-output>
        </test-method> <!-- afterSuite -->
      </class> <!-- com.nspl.agingoptions.healthpage.testcases.MarriedUserHealthInfoTestCases -->
      <class name="com.nspl.HousingInfoPageTestcase.HousingInfoTestScript">
        <test-method is-config="true" signature="beforeClass()[pri:0, instance:com.nspl.HousingInfoPageTestcase.HousingInfoTestScript@58a9760d]" started-at="2025-03-29T20:43:49 IST" name="beforeClass" finished-at="2025-03-29T20:44:55 IST" duration-ms="66085" status="FAIL">
          <exception class="org.openqa.selenium.NoSuchSessionException">
            <message>
              <![CDATA[invalid session id: session deleted as the browser has closed the connection
from disconnected: unable to send message to renderer
  (Session info: chrome=134.0.6998.167)
Build info: version: '4.16.1', revision: '9b4c83354e'
System info: os.name: 'Windows 10', os.arch: 'amd64', os.version: '10.0', java.version: '21.0.6'
Driver info: org.openqa.selenium.chrome.ChromeDriver
Command: [a8d3f01351495327ea6173529e5e3933, findElement {using=xpath, value=//button[@class='btn-close bt']}]
Capabilities {acceptInsecureCerts: false, browserName: chrome, browserVersion: 134.0.6998.167, chrome: {chromedriverVersion: 134.0.6998.165 (fd886e2cb29..., userDataDir: C:\Users\AO\AppData\Local\T...}, fedcm:accounts: true, goog:chromeOptions: {debuggerAddress: localhost:49877}, networkConnectionEnabled: false, pageLoadStrategy: normal, platformName: windows, proxy: Proxy(), se:cdp: ws://localhost:49877/devtoo..., se:cdpVersion: 134.0.6998.167, setWindowRect: true, strictFileInteractability: false, timeouts: {implicit: 0, pageLoad: 300000, script: 30000}, unhandledPromptBehavior: dismiss and notify, webauthn:extension:credBlob: true, webauthn:extension:largeBlob: true, webauthn:extension:minPinLength: true, webauthn:extension:prf: true, webauthn:virtualAuthenticators: true}
Session ID: a8d3f01351495327ea6173529e5e3933]]>
            </message>
            <full-stacktrace>
              <![CDATA[org.openqa.selenium.NoSuchSessionException: invalid session id: session deleted as the browser has closed the connection
from disconnected: unable to send message to renderer
  (Session info: chrome=134.0.6998.167)
Build info: version: '4.16.1', revision: '9b4c83354e'
System info: os.name: 'Windows 10', os.arch: 'amd64', os.version: '10.0', java.version: '21.0.6'
Driver info: org.openqa.selenium.chrome.ChromeDriver
Command: [a8d3f01351495327ea6173529e5e3933, findElement {using=xpath, value=//button[@class='btn-close bt']}]
Capabilities {acceptInsecureCerts: false, browserName: chrome, browserVersion: 134.0.6998.167, chrome: {chromedriverVersion: 134.0.6998.165 (fd886e2cb29..., userDataDir: C:\Users\AO\AppData\Local\T...}, fedcm:accounts: true, goog:chromeOptions: {debuggerAddress: localhost:49877}, networkConnectionEnabled: false, pageLoadStrategy: normal, platformName: windows, proxy: Proxy(), se:cdp: ws://localhost:49877/devtoo..., se:cdpVersion: 134.0.6998.167, setWindowRect: true, strictFileInteractability: false, timeouts: {implicit: 0, pageLoad: 300000, script: 30000}, unhandledPromptBehavior: dismiss and notify, webauthn:extension:credBlob: true, webauthn:extension:largeBlob: true, webauthn:extension:minPinLength: true, webauthn:extension:prf: true, webauthn:virtualAuthenticators: true}
Session ID: a8d3f01351495327ea6173529e5e3933
at java.base/jdk.internal.reflect.DirectConstructorHandleAccessor.newInstance(DirectConstructorHandleAccessor.java:62)
at java.base/java.lang.reflect.Constructor.newInstanceWithCaller(Constructor.java:502)
at java.base/java.lang.reflect.Constructor.newInstance(Constructor.java:486)
at org.openqa.selenium.remote.codec.w3c.W3CHttpResponseCodec.createException(W3CHttpResponseCodec.java:200)
at org.openqa.selenium.remote.codec.w3c.W3CHttpResponseCodec.decode(W3CHttpResponseCodec.java:133)
at org.openqa.selenium.remote.codec.w3c.W3CHttpResponseCodec.decode(W3CHttpResponseCodec.java:52)
at org.openqa.selenium.remote.HttpCommandExecutor.execute(HttpCommandExecutor.java:191)
at org.openqa.selenium.remote.service.DriverCommandExecutor.invokeExecute(DriverCommandExecutor.java:200)
at org.openqa.selenium.remote.service.DriverCommandExecutor.execute(DriverCommandExecutor.java:175)
at org.openqa.selenium.remote.RemoteWebDriver.execute(RemoteWebDriver.java:523)
at org.openqa.selenium.remote.ElementLocation$ElementFinder$2.findElement(ElementLocation.java:165)
at org.openqa.selenium.remote.ElementLocation.findElement(ElementLocation.java:59)
at org.openqa.selenium.remote.RemoteWebDriver.findElement(RemoteWebDriver.java:360)
at org.openqa.selenium.remote.RemoteWebDriver.findElement(RemoteWebDriver.java:354)
at org.openqa.selenium.support.pagefactory.DefaultElementLocator.findElement(DefaultElementLocator.java:68)
at org.openqa.selenium.support.pagefactory.internal.LocatingElementHandler.invoke(LocatingElementHandler.java:38)
at jdk.proxy2/jdk.proxy2.$Proxy20.click(Unknown Source)
at com.nspl.agingoptions.webUtil.WebUtil.click(WebUtil.java:320)
at com.nspl.agingoptions.commoncode.CommonCode.createLifePlanningUser(CommonCode.java:95)
at com.nspl.agingoptions.commoncode.CommonCode.LoginWithNewMarriedUser(CommonCode.java:124)
at com.nspl.agingoptions.webUtil.BaseTest.beforeClass(BaseTest.java:65)
at java.base/jdk.internal.reflect.DirectMethodHandleAccessor.invoke(DirectMethodHandleAccessor.java:103)
at java.base/java.lang.reflect.Method.invoke(Method.java:580)
at org.testng.internal.invokers.MethodInvocationHelper.invokeMethod(MethodInvocationHelper.java:141)
at org.testng.internal.invokers.MethodInvocationHelper.invokeMethodConsideringTimeout(MethodInvocationHelper.java:71)
at org.testng.internal.invokers.ConfigInvoker.invokeConfigurationMethod(ConfigInvoker.java:400)
at org.testng.internal.invokers.ConfigInvoker.invokeConfigurations(ConfigInvoker.java:333)
at org.testng.internal.invokers.TestMethodWorker.invokeBeforeClassMethods(TestMethodWorker.java:188)
at org.testng.internal.invokers.TestMethodWorker.run(TestMethodWorker.java:128)
at java.base/java.util.ArrayList.forEach(ArrayList.java:1596)
at org.testng.TestRunner.privateRun(TestRunner.java:741)
at org.testng.TestRunner.run(TestRunner.java:616)
at org.testng.SuiteRunner.runTest(SuiteRunner.java:421)
at org.testng.SuiteRunner.runSequentially(SuiteRunner.java:413)
at org.testng.SuiteRunner.privateRun(SuiteRunner.java:373)
at org.testng.SuiteRunner.run(SuiteRunner.java:312)
at org.testng.SuiteRunnerWorker.runSuite(SuiteRunnerWorker.java:52)
at org.testng.SuiteRunnerWorker.run(SuiteRunnerWorker.java:95)
at org.testng.TestNG.runSuitesSequentially(TestNG.java:1274)
at org.testng.TestNG.runSuitesLocally(TestNG.java:1208)
at org.testng.TestNG.runSuites(TestNG.java:1112)
at org.testng.TestNG.run(TestNG.java:1079)
at org.testng.remote.AbstractRemoteTestNG.run(AbstractRemoteTestNG.java:115)
at org.testng.remote.RemoteTestNG.initAndRun(RemoteTestNG.java:293)
at org.testng.remote.RemoteTestNG.main(RemoteTestNG.java:91)
]]>
            </full-stacktrace>
          </exception> <!-- org.openqa.selenium.NoSuchSessionException -->
          <reporter-output>
          </reporter-output>
        </test-method> <!-- beforeClass -->
        <test-method is-config="true" signature="beforeMethod(java.lang.reflect.Method)[pri:0, instance:com.nspl.HousingInfoPageTestcase.HousingInfoTestScript@58a9760d]" started-at="2025-03-29T20:44:55 IST" name="beforeMethod" finished-at="2025-03-29T20:44:55 IST" duration-ms="0" status="SKIP">
          <reporter-output>
          </reporter-output>
        </test-method> <!-- beforeMethod -->
        <test-method signature="verifyHousingInformation()[pri:1, instance:com.nspl.HousingInfoPageTestcase.HousingInfoTestScript@58a9760d]" started-at="2025-03-29T20:44:55 IST" name="verifyHousingInformation" finished-at="2025-03-29T20:44:55 IST" duration-ms="0" status="SKIP">
          <exception class="org.openqa.selenium.NoSuchSessionException">
            <message>
              <![CDATA[invalid session id: session deleted as the browser has closed the connection
from disconnected: unable to send message to renderer
  (Session info: chrome=134.0.6998.167)
Build info: version: '4.16.1', revision: '9b4c83354e'
System info: os.name: 'Windows 10', os.arch: 'amd64', os.version: '10.0', java.version: '21.0.6'
Driver info: org.openqa.selenium.chrome.ChromeDriver
Command: [a8d3f01351495327ea6173529e5e3933, findElement {using=xpath, value=//button[@class='btn-close bt']}]
Capabilities {acceptInsecureCerts: false, browserName: chrome, browserVersion: 134.0.6998.167, chrome: {chromedriverVersion: 134.0.6998.165 (fd886e2cb29..., userDataDir: C:\Users\AO\AppData\Local\T...}, fedcm:accounts: true, goog:chromeOptions: {debuggerAddress: localhost:49877}, networkConnectionEnabled: false, pageLoadStrategy: normal, platformName: windows, proxy: Proxy(), se:cdp: ws://localhost:49877/devtoo..., se:cdpVersion: 134.0.6998.167, setWindowRect: true, strictFileInteractability: false, timeouts: {implicit: 0, pageLoad: 300000, script: 30000}, unhandledPromptBehavior: dismiss and notify, webauthn:extension:credBlob: true, webauthn:extension:largeBlob: true, webauthn:extension:minPinLength: true, webauthn:extension:prf: true, webauthn:virtualAuthenticators: true}
Session ID: a8d3f01351495327ea6173529e5e3933]]>
            </message>
            <full-stacktrace>
              <![CDATA[org.openqa.selenium.NoSuchSessionException: invalid session id: session deleted as the browser has closed the connection
from disconnected: unable to send message to renderer
  (Session info: chrome=134.0.6998.167)
Build info: version: '4.16.1', revision: '9b4c83354e'
System info: os.name: 'Windows 10', os.arch: 'amd64', os.version: '10.0', java.version: '21.0.6'
Driver info: org.openqa.selenium.chrome.ChromeDriver
Command: [a8d3f01351495327ea6173529e5e3933, findElement {using=xpath, value=//button[@class='btn-close bt']}]
Capabilities {acceptInsecureCerts: false, browserName: chrome, browserVersion: 134.0.6998.167, chrome: {chromedriverVersion: 134.0.6998.165 (fd886e2cb29..., userDataDir: C:\Users\AO\AppData\Local\T...}, fedcm:accounts: true, goog:chromeOptions: {debuggerAddress: localhost:49877}, networkConnectionEnabled: false, pageLoadStrategy: normal, platformName: windows, proxy: Proxy(), se:cdp: ws://localhost:49877/devtoo..., se:cdpVersion: 134.0.6998.167, setWindowRect: true, strictFileInteractability: false, timeouts: {implicit: 0, pageLoad: 300000, script: 30000}, unhandledPromptBehavior: dismiss and notify, webauthn:extension:credBlob: true, webauthn:extension:largeBlob: true, webauthn:extension:minPinLength: true, webauthn:extension:prf: true, webauthn:virtualAuthenticators: true}
Session ID: a8d3f01351495327ea6173529e5e3933
at java.base/jdk.internal.reflect.DirectConstructorHandleAccessor.newInstance(DirectConstructorHandleAccessor.java:62)
at java.base/java.lang.reflect.Constructor.newInstanceWithCaller(Constructor.java:502)
at java.base/java.lang.reflect.Constructor.newInstance(Constructor.java:486)
at org.openqa.selenium.remote.codec.w3c.W3CHttpResponseCodec.createException(W3CHttpResponseCodec.java:200)
at org.openqa.selenium.remote.codec.w3c.W3CHttpResponseCodec.decode(W3CHttpResponseCodec.java:133)
at org.openqa.selenium.remote.codec.w3c.W3CHttpResponseCodec.decode(W3CHttpResponseCodec.java:52)
at org.openqa.selenium.remote.HttpCommandExecutor.execute(HttpCommandExecutor.java:191)
at org.openqa.selenium.remote.service.DriverCommandExecutor.invokeExecute(DriverCommandExecutor.java:200)
at org.openqa.selenium.remote.service.DriverCommandExecutor.execute(DriverCommandExecutor.java:175)
at org.openqa.selenium.remote.RemoteWebDriver.execute(RemoteWebDriver.java:523)
at org.openqa.selenium.remote.ElementLocation$ElementFinder$2.findElement(ElementLocation.java:165)
at org.openqa.selenium.remote.ElementLocation.findElement(ElementLocation.java:59)
at org.openqa.selenium.remote.RemoteWebDriver.findElement(RemoteWebDriver.java:360)
at org.openqa.selenium.remote.RemoteWebDriver.findElement(RemoteWebDriver.java:354)
at org.openqa.selenium.support.pagefactory.DefaultElementLocator.findElement(DefaultElementLocator.java:68)
at org.openqa.selenium.support.pagefactory.internal.LocatingElementHandler.invoke(LocatingElementHandler.java:38)
at jdk.proxy2/jdk.proxy2.$Proxy20.click(Unknown Source)
at com.nspl.agingoptions.webUtil.WebUtil.click(WebUtil.java:320)
at com.nspl.agingoptions.commoncode.CommonCode.createLifePlanningUser(CommonCode.java:95)
at com.nspl.agingoptions.commoncode.CommonCode.LoginWithNewMarriedUser(CommonCode.java:124)
at com.nspl.agingoptions.webUtil.BaseTest.beforeClass(BaseTest.java:65)
at java.base/jdk.internal.reflect.DirectMethodHandleAccessor.invoke(DirectMethodHandleAccessor.java:103)
at java.base/java.lang.reflect.Method.invoke(Method.java:580)
at org.testng.internal.invokers.MethodInvocationHelper.invokeMethod(MethodInvocationHelper.java:141)
at org.testng.internal.invokers.MethodInvocationHelper.invokeMethodConsideringTimeout(MethodInvocationHelper.java:71)
at org.testng.internal.invokers.ConfigInvoker.invokeConfigurationMethod(ConfigInvoker.java:400)
at org.testng.internal.invokers.ConfigInvoker.invokeConfigurations(ConfigInvoker.java:333)
at org.testng.internal.invokers.TestMethodWorker.invokeBeforeClassMethods(TestMethodWorker.java:188)
at org.testng.internal.invokers.TestMethodWorker.run(TestMethodWorker.java:128)
at java.base/java.util.ArrayList.forEach(ArrayList.java:1596)
at org.testng.TestRunner.privateRun(TestRunner.java:741)
at org.testng.TestRunner.run(TestRunner.java:616)
at org.testng.SuiteRunner.runTest(SuiteRunner.java:421)
at org.testng.SuiteRunner.runSequentially(SuiteRunner.java:413)
at org.testng.SuiteRunner.privateRun(SuiteRunner.java:373)
at org.testng.SuiteRunner.run(SuiteRunner.java:312)
at org.testng.SuiteRunnerWorker.runSuite(SuiteRunnerWorker.java:52)
at org.testng.SuiteRunnerWorker.run(SuiteRunnerWorker.java:95)
at org.testng.TestNG.runSuitesSequentially(TestNG.java:1274)
at org.testng.TestNG.runSuitesLocally(TestNG.java:1208)
at org.testng.TestNG.runSuites(TestNG.java:1112)
at org.testng.TestNG.run(TestNG.java:1079)
at org.testng.remote.AbstractRemoteTestNG.run(AbstractRemoteTestNG.java:115)
at org.testng.remote.RemoteTestNG.initAndRun(RemoteTestNG.java:293)
at org.testng.remote.RemoteTestNG.main(RemoteTestNG.java:91)
]]>
            </full-stacktrace>
          </exception> <!-- org.openqa.selenium.NoSuchSessionException -->
          <reporter-output>
          </reporter-output>
        </test-method> <!-- verifyHousingInformation -->
        <test-method is-config="true" signature="afterMethod(org.testng.ITestResult,java.lang.reflect.Method)[pri:0, instance:com.nspl.HousingInfoPageTestcase.HousingInfoTestScript@58a9760d]" started-at="2025-03-29T20:44:55 IST" name="afterMethod" finished-at="2025-03-29T20:44:55 IST" duration-ms="0" status="SKIP">
          <reporter-output>
          </reporter-output>
        </test-method> <!-- afterMethod -->
        <test-method is-config="true" signature="beforeMethod(java.lang.reflect.Method)[pri:0, instance:com.nspl.HousingInfoPageTestcase.HousingInfoTestScript@58a9760d]" started-at="2025-03-29T20:44:55 IST" name="beforeMethod" finished-at="2025-03-29T20:44:55 IST" duration-ms="0" status="SKIP">
          <reporter-output>
          </reporter-output>
        </test-method> <!-- beforeMethod -->
        <test-method signature="verifySelectYesorNotSureCheckBox_IsYourHouseLivingIn____()[pri:2, instance:com.nspl.HousingInfoPageTestcase.HousingInfoTestScript@58a9760d]" started-at="2025-03-29T20:44:55 IST" name="verifySelectYesorNotSureCheckBox_IsYourHouseLivingIn____" finished-at="2025-03-29T20:44:55 IST" duration-ms="1" status="SKIP">
          <exception class="org.openqa.selenium.NoSuchSessionException">
            <message>
              <![CDATA[invalid session id: session deleted as the browser has closed the connection
from disconnected: unable to send message to renderer
  (Session info: chrome=134.0.6998.167)
Build info: version: '4.16.1', revision: '9b4c83354e'
System info: os.name: 'Windows 10', os.arch: 'amd64', os.version: '10.0', java.version: '21.0.6'
Driver info: org.openqa.selenium.chrome.ChromeDriver
Command: [a8d3f01351495327ea6173529e5e3933, findElement {using=xpath, value=//button[@class='btn-close bt']}]
Capabilities {acceptInsecureCerts: false, browserName: chrome, browserVersion: 134.0.6998.167, chrome: {chromedriverVersion: 134.0.6998.165 (fd886e2cb29..., userDataDir: C:\Users\AO\AppData\Local\T...}, fedcm:accounts: true, goog:chromeOptions: {debuggerAddress: localhost:49877}, networkConnectionEnabled: false, pageLoadStrategy: normal, platformName: windows, proxy: Proxy(), se:cdp: ws://localhost:49877/devtoo..., se:cdpVersion: 134.0.6998.167, setWindowRect: true, strictFileInteractability: false, timeouts: {implicit: 0, pageLoad: 300000, script: 30000}, unhandledPromptBehavior: dismiss and notify, webauthn:extension:credBlob: true, webauthn:extension:largeBlob: true, webauthn:extension:minPinLength: true, webauthn:extension:prf: true, webauthn:virtualAuthenticators: true}
Session ID: a8d3f01351495327ea6173529e5e3933]]>
            </message>
            <full-stacktrace>
              <![CDATA[org.openqa.selenium.NoSuchSessionException: invalid session id: session deleted as the browser has closed the connection
from disconnected: unable to send message to renderer
  (Session info: chrome=134.0.6998.167)
Build info: version: '4.16.1', revision: '9b4c83354e'
System info: os.name: 'Windows 10', os.arch: 'amd64', os.version: '10.0', java.version: '21.0.6'
Driver info: org.openqa.selenium.chrome.ChromeDriver
Command: [a8d3f01351495327ea6173529e5e3933, findElement {using=xpath, value=//button[@class='btn-close bt']}]
Capabilities {acceptInsecureCerts: false, browserName: chrome, browserVersion: 134.0.6998.167, chrome: {chromedriverVersion: 134.0.6998.165 (fd886e2cb29..., userDataDir: C:\Users\AO\AppData\Local\T...}, fedcm:accounts: true, goog:chromeOptions: {debuggerAddress: localhost:49877}, networkConnectionEnabled: false, pageLoadStrategy: normal, platformName: windows, proxy: Proxy(), se:cdp: ws://localhost:49877/devtoo..., se:cdpVersion: 134.0.6998.167, setWindowRect: true, strictFileInteractability: false, timeouts: {implicit: 0, pageLoad: 300000, script: 30000}, unhandledPromptBehavior: dismiss and notify, webauthn:extension:credBlob: true, webauthn:extension:largeBlob: true, webauthn:extension:minPinLength: true, webauthn:extension:prf: true, webauthn:virtualAuthenticators: true}
Session ID: a8d3f01351495327ea6173529e5e3933
at java.base/jdk.internal.reflect.DirectConstructorHandleAccessor.newInstance(DirectConstructorHandleAccessor.java:62)
at java.base/java.lang.reflect.Constructor.newInstanceWithCaller(Constructor.java:502)
at java.base/java.lang.reflect.Constructor.newInstance(Constructor.java:486)
at org.openqa.selenium.remote.codec.w3c.W3CHttpResponseCodec.createException(W3CHttpResponseCodec.java:200)
at org.openqa.selenium.remote.codec.w3c.W3CHttpResponseCodec.decode(W3CHttpResponseCodec.java:133)
at org.openqa.selenium.remote.codec.w3c.W3CHttpResponseCodec.decode(W3CHttpResponseCodec.java:52)
at org.openqa.selenium.remote.HttpCommandExecutor.execute(HttpCommandExecutor.java:191)
at org.openqa.selenium.remote.service.DriverCommandExecutor.invokeExecute(DriverCommandExecutor.java:200)
at org.openqa.selenium.remote.service.DriverCommandExecutor.execute(DriverCommandExecutor.java:175)
at org.openqa.selenium.remote.RemoteWebDriver.execute(RemoteWebDriver.java:523)
at org.openqa.selenium.remote.ElementLocation$ElementFinder$2.findElement(ElementLocation.java:165)
at org.openqa.selenium.remote.ElementLocation.findElement(ElementLocation.java:59)
at org.openqa.selenium.remote.RemoteWebDriver.findElement(RemoteWebDriver.java:360)
at org.openqa.selenium.remote.RemoteWebDriver.findElement(RemoteWebDriver.java:354)
at org.openqa.selenium.support.pagefactory.DefaultElementLocator.findElement(DefaultElementLocator.java:68)
at org.openqa.selenium.support.pagefactory.internal.LocatingElementHandler.invoke(LocatingElementHandler.java:38)
at jdk.proxy2/jdk.proxy2.$Proxy20.click(Unknown Source)
at com.nspl.agingoptions.webUtil.WebUtil.click(WebUtil.java:320)
at com.nspl.agingoptions.commoncode.CommonCode.createLifePlanningUser(CommonCode.java:95)
at com.nspl.agingoptions.commoncode.CommonCode.LoginWithNewMarriedUser(CommonCode.java:124)
at com.nspl.agingoptions.webUtil.BaseTest.beforeClass(BaseTest.java:65)
at java.base/jdk.internal.reflect.DirectMethodHandleAccessor.invoke(DirectMethodHandleAccessor.java:103)
at java.base/java.lang.reflect.Method.invoke(Method.java:580)
at org.testng.internal.invokers.MethodInvocationHelper.invokeMethod(MethodInvocationHelper.java:141)
at org.testng.internal.invokers.MethodInvocationHelper.invokeMethodConsideringTimeout(MethodInvocationHelper.java:71)
at org.testng.internal.invokers.ConfigInvoker.invokeConfigurationMethod(ConfigInvoker.java:400)
at org.testng.internal.invokers.ConfigInvoker.invokeConfigurations(ConfigInvoker.java:333)
at org.testng.internal.invokers.TestMethodWorker.invokeBeforeClassMethods(TestMethodWorker.java:188)
at org.testng.internal.invokers.TestMethodWorker.run(TestMethodWorker.java:128)
at java.base/java.util.ArrayList.forEach(ArrayList.java:1596)
at org.testng.TestRunner.privateRun(TestRunner.java:741)
at org.testng.TestRunner.run(TestRunner.java:616)
at org.testng.SuiteRunner.runTest(SuiteRunner.java:421)
at org.testng.SuiteRunner.runSequentially(SuiteRunner.java:413)
at org.testng.SuiteRunner.privateRun(SuiteRunner.java:373)
at org.testng.SuiteRunner.run(SuiteRunner.java:312)
at org.testng.SuiteRunnerWorker.runSuite(SuiteRunnerWorker.java:52)
at org.testng.SuiteRunnerWorker.run(SuiteRunnerWorker.java:95)
at org.testng.TestNG.runSuitesSequentially(TestNG.java:1274)
at org.testng.TestNG.runSuitesLocally(TestNG.java:1208)
at org.testng.TestNG.runSuites(TestNG.java:1112)
at org.testng.TestNG.run(TestNG.java:1079)
at org.testng.remote.AbstractRemoteTestNG.run(AbstractRemoteTestNG.java:115)
at org.testng.remote.RemoteTestNG.initAndRun(RemoteTestNG.java:293)
at org.testng.remote.RemoteTestNG.main(RemoteTestNG.java:91)
]]>
            </full-stacktrace>
          </exception> <!-- org.openqa.selenium.NoSuchSessionException -->
          <reporter-output>
          </reporter-output>
        </test-method> <!-- verifySelectYesorNotSureCheckBox_IsYourHouseLivingIn____ -->
        <test-method is-config="true" signature="afterMethod(org.testng.ITestResult,java.lang.reflect.Method)[pri:0, instance:com.nspl.HousingInfoPageTestcase.HousingInfoTestScript@58a9760d]" started-at="2025-03-29T20:44:55 IST" name="afterMethod" finished-at="2025-03-29T20:44:55 IST" duration-ms="0" status="SKIP">
          <reporter-output>
          </reporter-output>
        </test-method> <!-- afterMethod -->
        <test-method is-config="true" signature="beforeMethod(java.lang.reflect.Method)[pri:0, instance:com.nspl.HousingInfoPageTestcase.HousingInfoTestScript@58a9760d]" started-at="2025-03-29T20:44:55 IST" name="beforeMethod" finished-at="2025-03-29T20:44:55 IST" duration-ms="0" status="SKIP">
          <reporter-output>
          </reporter-output>
        </test-method> <!-- beforeMethod -->
        <test-method signature="VerifySelectNoCheckBox_IsYourHousingLivingIn___()[pri:3, instance:com.nspl.HousingInfoPageTestcase.HousingInfoTestScript@58a9760d]" started-at="2025-03-29T20:44:55 IST" name="VerifySelectNoCheckBox_IsYourHousingLivingIn___" finished-at="2025-03-29T20:44:55 IST" duration-ms="0" status="SKIP">
          <exception class="org.openqa.selenium.NoSuchSessionException">
            <message>
              <![CDATA[invalid session id: session deleted as the browser has closed the connection
from disconnected: unable to send message to renderer
  (Session info: chrome=134.0.6998.167)
Build info: version: '4.16.1', revision: '9b4c83354e'
System info: os.name: 'Windows 10', os.arch: 'amd64', os.version: '10.0', java.version: '21.0.6'
Driver info: org.openqa.selenium.chrome.ChromeDriver
Command: [a8d3f01351495327ea6173529e5e3933, findElement {using=xpath, value=//button[@class='btn-close bt']}]
Capabilities {acceptInsecureCerts: false, browserName: chrome, browserVersion: 134.0.6998.167, chrome: {chromedriverVersion: 134.0.6998.165 (fd886e2cb29..., userDataDir: C:\Users\AO\AppData\Local\T...}, fedcm:accounts: true, goog:chromeOptions: {debuggerAddress: localhost:49877}, networkConnectionEnabled: false, pageLoadStrategy: normal, platformName: windows, proxy: Proxy(), se:cdp: ws://localhost:49877/devtoo..., se:cdpVersion: 134.0.6998.167, setWindowRect: true, strictFileInteractability: false, timeouts: {implicit: 0, pageLoad: 300000, script: 30000}, unhandledPromptBehavior: dismiss and notify, webauthn:extension:credBlob: true, webauthn:extension:largeBlob: true, webauthn:extension:minPinLength: true, webauthn:extension:prf: true, webauthn:virtualAuthenticators: true}
Session ID: a8d3f01351495327ea6173529e5e3933]]>
            </message>
            <full-stacktrace>
              <![CDATA[org.openqa.selenium.NoSuchSessionException: invalid session id: session deleted as the browser has closed the connection
from disconnected: unable to send message to renderer
  (Session info: chrome=134.0.6998.167)
Build info: version: '4.16.1', revision: '9b4c83354e'
System info: os.name: 'Windows 10', os.arch: 'amd64', os.version: '10.0', java.version: '21.0.6'
Driver info: org.openqa.selenium.chrome.ChromeDriver
Command: [a8d3f01351495327ea6173529e5e3933, findElement {using=xpath, value=//button[@class='btn-close bt']}]
Capabilities {acceptInsecureCerts: false, browserName: chrome, browserVersion: 134.0.6998.167, chrome: {chromedriverVersion: 134.0.6998.165 (fd886e2cb29..., userDataDir: C:\Users\AO\AppData\Local\T...}, fedcm:accounts: true, goog:chromeOptions: {debuggerAddress: localhost:49877}, networkConnectionEnabled: false, pageLoadStrategy: normal, platformName: windows, proxy: Proxy(), se:cdp: ws://localhost:49877/devtoo..., se:cdpVersion: 134.0.6998.167, setWindowRect: true, strictFileInteractability: false, timeouts: {implicit: 0, pageLoad: 300000, script: 30000}, unhandledPromptBehavior: dismiss and notify, webauthn:extension:credBlob: true, webauthn:extension:largeBlob: true, webauthn:extension:minPinLength: true, webauthn:extension:prf: true, webauthn:virtualAuthenticators: true}
Session ID: a8d3f01351495327ea6173529e5e3933
at java.base/jdk.internal.reflect.DirectConstructorHandleAccessor.newInstance(DirectConstructorHandleAccessor.java:62)
at java.base/java.lang.reflect.Constructor.newInstanceWithCaller(Constructor.java:502)
at java.base/java.lang.reflect.Constructor.newInstance(Constructor.java:486)
at org.openqa.selenium.remote.codec.w3c.W3CHttpResponseCodec.createException(W3CHttpResponseCodec.java:200)
at org.openqa.selenium.remote.codec.w3c.W3CHttpResponseCodec.decode(W3CHttpResponseCodec.java:133)
at org.openqa.selenium.remote.codec.w3c.W3CHttpResponseCodec.decode(W3CHttpResponseCodec.java:52)
at org.openqa.selenium.remote.HttpCommandExecutor.execute(HttpCommandExecutor.java:191)
at org.openqa.selenium.remote.service.DriverCommandExecutor.invokeExecute(DriverCommandExecutor.java:200)
at org.openqa.selenium.remote.service.DriverCommandExecutor.execute(DriverCommandExecutor.java:175)
at org.openqa.selenium.remote.RemoteWebDriver.execute(RemoteWebDriver.java:523)
at org.openqa.selenium.remote.ElementLocation$ElementFinder$2.findElement(ElementLocation.java:165)
at org.openqa.selenium.remote.ElementLocation.findElement(ElementLocation.java:59)
at org.openqa.selenium.remote.RemoteWebDriver.findElement(RemoteWebDriver.java:360)
at org.openqa.selenium.remote.RemoteWebDriver.findElement(RemoteWebDriver.java:354)
at org.openqa.selenium.support.pagefactory.DefaultElementLocator.findElement(DefaultElementLocator.java:68)
at org.openqa.selenium.support.pagefactory.internal.LocatingElementHandler.invoke(LocatingElementHandler.java:38)
at jdk.proxy2/jdk.proxy2.$Proxy20.click(Unknown Source)
at com.nspl.agingoptions.webUtil.WebUtil.click(WebUtil.java:320)
at com.nspl.agingoptions.commoncode.CommonCode.createLifePlanningUser(CommonCode.java:95)
at com.nspl.agingoptions.commoncode.CommonCode.LoginWithNewMarriedUser(CommonCode.java:124)
at com.nspl.agingoptions.webUtil.BaseTest.beforeClass(BaseTest.java:65)
at java.base/jdk.internal.reflect.DirectMethodHandleAccessor.invoke(DirectMethodHandleAccessor.java:103)
at java.base/java.lang.reflect.Method.invoke(Method.java:580)
at org.testng.internal.invokers.MethodInvocationHelper.invokeMethod(MethodInvocationHelper.java:141)
at org.testng.internal.invokers.MethodInvocationHelper.invokeMethodConsideringTimeout(MethodInvocationHelper.java:71)
at org.testng.internal.invokers.ConfigInvoker.invokeConfigurationMethod(ConfigInvoker.java:400)
at org.testng.internal.invokers.ConfigInvoker.invokeConfigurations(ConfigInvoker.java:333)
at org.testng.internal.invokers.TestMethodWorker.invokeBeforeClassMethods(TestMethodWorker.java:188)
at org.testng.internal.invokers.TestMethodWorker.run(TestMethodWorker.java:128)
at java.base/java.util.ArrayList.forEach(ArrayList.java:1596)
at org.testng.TestRunner.privateRun(TestRunner.java:741)
at org.testng.TestRunner.run(TestRunner.java:616)
at org.testng.SuiteRunner.runTest(SuiteRunner.java:421)
at org.testng.SuiteRunner.runSequentially(SuiteRunner.java:413)
at org.testng.SuiteRunner.privateRun(SuiteRunner.java:373)
at org.testng.SuiteRunner.run(SuiteRunner.java:312)
at org.testng.SuiteRunnerWorker.runSuite(SuiteRunnerWorker.java:52)
at org.testng.SuiteRunnerWorker.run(SuiteRunnerWorker.java:95)
at org.testng.TestNG.runSuitesSequentially(TestNG.java:1274)
at org.testng.TestNG.runSuitesLocally(TestNG.java:1208)
at org.testng.TestNG.runSuites(TestNG.java:1112)
at org.testng.TestNG.run(TestNG.java:1079)
at org.testng.remote.AbstractRemoteTestNG.run(AbstractRemoteTestNG.java:115)
at org.testng.remote.RemoteTestNG.initAndRun(RemoteTestNG.java:293)
at org.testng.remote.RemoteTestNG.main(RemoteTestNG.java:91)
]]>
            </full-stacktrace>
          </exception> <!-- org.openqa.selenium.NoSuchSessionException -->
          <reporter-output>
          </reporter-output>
        </test-method> <!-- VerifySelectNoCheckBox_IsYourHousingLivingIn___ -->
        <test-method is-config="true" signature="afterMethod(org.testng.ITestResult,java.lang.reflect.Method)[pri:0, instance:com.nspl.HousingInfoPageTestcase.HousingInfoTestScript@58a9760d]" started-at="2025-03-29T20:44:55 IST" name="afterMethod" finished-at="2025-03-29T20:44:55 IST" duration-ms="0" status="SKIP">
          <reporter-output>
          </reporter-output>
        </test-method> <!-- afterMethod -->
        <test-method signature="VerifySaveAndContinueTheDetailsWithIstheHouseYouAreliving_Yes_And_Select1_OnTheScaleOnToFive()[pri:6, instance:com.nspl.HousingInfoPageTestcase.HousingInfoTestScript@58a9760d]" started-at="2025-03-29T20:44:55 IST" name="VerifySaveAndContinueTheDetailsWithIstheHouseYouAreliving_Yes_And_Select1_OnTheScaleOnToFive" finished-at="2025-03-29T20:44:55 IST" duration-ms="0" status="SKIP">
          <exception class="org.openqa.selenium.NoSuchSessionException">
            <message>
              <![CDATA[invalid session id: session deleted as the browser has closed the connection
from disconnected: unable to send message to renderer
  (Session info: chrome=134.0.6998.167)
Build info: version: '4.16.1', revision: '9b4c83354e'
System info: os.name: 'Windows 10', os.arch: 'amd64', os.version: '10.0', java.version: '21.0.6'
Driver info: org.openqa.selenium.chrome.ChromeDriver
Command: [a8d3f01351495327ea6173529e5e3933, findElement {using=xpath, value=//button[@class='btn-close bt']}]
Capabilities {acceptInsecureCerts: false, browserName: chrome, browserVersion: 134.0.6998.167, chrome: {chromedriverVersion: 134.0.6998.165 (fd886e2cb29..., userDataDir: C:\Users\AO\AppData\Local\T...}, fedcm:accounts: true, goog:chromeOptions: {debuggerAddress: localhost:49877}, networkConnectionEnabled: false, pageLoadStrategy: normal, platformName: windows, proxy: Proxy(), se:cdp: ws://localhost:49877/devtoo..., se:cdpVersion: 134.0.6998.167, setWindowRect: true, strictFileInteractability: false, timeouts: {implicit: 0, pageLoad: 300000, script: 30000}, unhandledPromptBehavior: dismiss and notify, webauthn:extension:credBlob: true, webauthn:extension:largeBlob: true, webauthn:extension:minPinLength: true, webauthn:extension:prf: true, webauthn:virtualAuthenticators: true}
Session ID: a8d3f01351495327ea6173529e5e3933]]>
            </message>
            <full-stacktrace>
              <![CDATA[org.openqa.selenium.NoSuchSessionException: invalid session id: session deleted as the browser has closed the connection
from disconnected: unable to send message to renderer
  (Session info: chrome=134.0.6998.167)
Build info: version: '4.16.1', revision: '9b4c83354e'
System info: os.name: 'Windows 10', os.arch: 'amd64', os.version: '10.0', java.version: '21.0.6'
Driver info: org.openqa.selenium.chrome.ChromeDriver
Command: [a8d3f01351495327ea6173529e5e3933, findElement {using=xpath, value=//button[@class='btn-close bt']}]
Capabilities {acceptInsecureCerts: false, browserName: chrome, browserVersion: 134.0.6998.167, chrome: {chromedriverVersion: 134.0.6998.165 (fd886e2cb29..., userDataDir: C:\Users\AO\AppData\Local\T...}, fedcm:accounts: true, goog:chromeOptions: {debuggerAddress: localhost:49877}, networkConnectionEnabled: false, pageLoadStrategy: normal, platformName: windows, proxy: Proxy(), se:cdp: ws://localhost:49877/devtoo..., se:cdpVersion: 134.0.6998.167, setWindowRect: true, strictFileInteractability: false, timeouts: {implicit: 0, pageLoad: 300000, script: 30000}, unhandledPromptBehavior: dismiss and notify, webauthn:extension:credBlob: true, webauthn:extension:largeBlob: true, webauthn:extension:minPinLength: true, webauthn:extension:prf: true, webauthn:virtualAuthenticators: true}
Session ID: a8d3f01351495327ea6173529e5e3933
at java.base/jdk.internal.reflect.DirectConstructorHandleAccessor.newInstance(DirectConstructorHandleAccessor.java:62)
at java.base/java.lang.reflect.Constructor.newInstanceWithCaller(Constructor.java:502)
at java.base/java.lang.reflect.Constructor.newInstance(Constructor.java:486)
at org.openqa.selenium.remote.codec.w3c.W3CHttpResponseCodec.createException(W3CHttpResponseCodec.java:200)
at org.openqa.selenium.remote.codec.w3c.W3CHttpResponseCodec.decode(W3CHttpResponseCodec.java:133)
at org.openqa.selenium.remote.codec.w3c.W3CHttpResponseCodec.decode(W3CHttpResponseCodec.java:52)
at org.openqa.selenium.remote.HttpCommandExecutor.execute(HttpCommandExecutor.java:191)
at org.openqa.selenium.remote.service.DriverCommandExecutor.invokeExecute(DriverCommandExecutor.java:200)
at org.openqa.selenium.remote.service.DriverCommandExecutor.execute(DriverCommandExecutor.java:175)
at org.openqa.selenium.remote.RemoteWebDriver.execute(RemoteWebDriver.java:523)
at org.openqa.selenium.remote.ElementLocation$ElementFinder$2.findElement(ElementLocation.java:165)
at org.openqa.selenium.remote.ElementLocation.findElement(ElementLocation.java:59)
at org.openqa.selenium.remote.RemoteWebDriver.findElement(RemoteWebDriver.java:360)
at org.openqa.selenium.remote.RemoteWebDriver.findElement(RemoteWebDriver.java:354)
at org.openqa.selenium.support.pagefactory.DefaultElementLocator.findElement(DefaultElementLocator.java:68)
at org.openqa.selenium.support.pagefactory.internal.LocatingElementHandler.invoke(LocatingElementHandler.java:38)
at jdk.proxy2/jdk.proxy2.$Proxy20.click(Unknown Source)
at com.nspl.agingoptions.webUtil.WebUtil.click(WebUtil.java:320)
at com.nspl.agingoptions.commoncode.CommonCode.createLifePlanningUser(CommonCode.java:95)
at com.nspl.agingoptions.commoncode.CommonCode.LoginWithNewMarriedUser(CommonCode.java:124)
at com.nspl.agingoptions.webUtil.BaseTest.beforeClass(BaseTest.java:65)
at java.base/jdk.internal.reflect.DirectMethodHandleAccessor.invoke(DirectMethodHandleAccessor.java:103)
at java.base/java.lang.reflect.Method.invoke(Method.java:580)
at org.testng.internal.invokers.MethodInvocationHelper.invokeMethod(MethodInvocationHelper.java:141)
at org.testng.internal.invokers.MethodInvocationHelper.invokeMethodConsideringTimeout(MethodInvocationHelper.java:71)
at org.testng.internal.invokers.ConfigInvoker.invokeConfigurationMethod(ConfigInvoker.java:400)
at org.testng.internal.invokers.ConfigInvoker.invokeConfigurations(ConfigInvoker.java:333)
at org.testng.internal.invokers.TestMethodWorker.invokeBeforeClassMethods(TestMethodWorker.java:188)
at org.testng.internal.invokers.TestMethodWorker.run(TestMethodWorker.java:128)
at java.base/java.util.ArrayList.forEach(ArrayList.java:1596)
at org.testng.TestRunner.privateRun(TestRunner.java:741)
at org.testng.TestRunner.run(TestRunner.java:616)
at org.testng.SuiteRunner.runTest(SuiteRunner.java:421)
at org.testng.SuiteRunner.runSequentially(SuiteRunner.java:413)
at org.testng.SuiteRunner.privateRun(SuiteRunner.java:373)
at org.testng.SuiteRunner.run(SuiteRunner.java:312)
at org.testng.SuiteRunnerWorker.runSuite(SuiteRunnerWorker.java:52)
at org.testng.SuiteRunnerWorker.run(SuiteRunnerWorker.java:95)
at org.testng.TestNG.runSuitesSequentially(TestNG.java:1274)
at org.testng.TestNG.runSuitesLocally(TestNG.java:1208)
at org.testng.TestNG.runSuites(TestNG.java:1112)
at org.testng.TestNG.run(TestNG.java:1079)
at org.testng.remote.AbstractRemoteTestNG.run(AbstractRemoteTestNG.java:115)
at org.testng.remote.RemoteTestNG.initAndRun(RemoteTestNG.java:293)
at org.testng.remote.RemoteTestNG.main(RemoteTestNG.java:91)
]]>
            </full-stacktrace>
          </exception> <!-- org.openqa.selenium.NoSuchSessionException -->
          <reporter-output>
          </reporter-output>
        </test-method> <!-- VerifySaveAndContinueTheDetailsWithIstheHouseYouAreliving_Yes_And_Select1_OnTheScaleOnToFive -->
        <test-method is-config="true" signature="beforeMethod(java.lang.reflect.Method)[pri:0, instance:com.nspl.HousingInfoPageTestcase.HousingInfoTestScript@58a9760d]" started-at="2025-03-29T20:44:55 IST" name="beforeMethod" finished-at="2025-03-29T20:44:55 IST" duration-ms="0" status="SKIP">
          <reporter-output>
          </reporter-output>
        </test-method> <!-- beforeMethod -->
        <test-method is-config="true" signature="afterMethod(org.testng.ITestResult,java.lang.reflect.Method)[pri:0, instance:com.nspl.HousingInfoPageTestcase.HousingInfoTestScript@58a9760d]" started-at="2025-03-29T20:44:55 IST" name="afterMethod" finished-at="2025-03-29T20:44:55 IST" duration-ms="0" status="SKIP">
          <reporter-output>
          </reporter-output>
        </test-method> <!-- afterMethod -->
        <test-method is-config="true" signature="beforeMethod(java.lang.reflect.Method)[pri:0, instance:com.nspl.HousingInfoPageTestcase.HousingInfoTestScript@58a9760d]" started-at="2025-03-29T20:44:55 IST" name="beforeMethod" finished-at="2025-03-29T20:44:55 IST" duration-ms="0" status="SKIP">
          <reporter-output>
          </reporter-output>
        </test-method> <!-- beforeMethod -->
        <test-method signature="VerifySaveAndNextToprofessional_TheDetailsWithIstheHouseYouAreliving_Yes_And_Select1_OnTheScaleOnToFive()[pri:7, instance:com.nspl.HousingInfoPageTestcase.HousingInfoTestScript@58a9760d]" started-at="2025-03-29T20:44:55 IST" name="VerifySaveAndNextToprofessional_TheDetailsWithIstheHouseYouAreliving_Yes_And_Select1_OnTheScaleOnToFive" finished-at="2025-03-29T20:44:55 IST" duration-ms="0" status="SKIP">
          <exception class="org.openqa.selenium.NoSuchSessionException">
            <message>
              <![CDATA[invalid session id: session deleted as the browser has closed the connection
from disconnected: unable to send message to renderer
  (Session info: chrome=134.0.6998.167)
Build info: version: '4.16.1', revision: '9b4c83354e'
System info: os.name: 'Windows 10', os.arch: 'amd64', os.version: '10.0', java.version: '21.0.6'
Driver info: org.openqa.selenium.chrome.ChromeDriver
Command: [a8d3f01351495327ea6173529e5e3933, findElement {using=xpath, value=//button[@class='btn-close bt']}]
Capabilities {acceptInsecureCerts: false, browserName: chrome, browserVersion: 134.0.6998.167, chrome: {chromedriverVersion: 134.0.6998.165 (fd886e2cb29..., userDataDir: C:\Users\AO\AppData\Local\T...}, fedcm:accounts: true, goog:chromeOptions: {debuggerAddress: localhost:49877}, networkConnectionEnabled: false, pageLoadStrategy: normal, platformName: windows, proxy: Proxy(), se:cdp: ws://localhost:49877/devtoo..., se:cdpVersion: 134.0.6998.167, setWindowRect: true, strictFileInteractability: false, timeouts: {implicit: 0, pageLoad: 300000, script: 30000}, unhandledPromptBehavior: dismiss and notify, webauthn:extension:credBlob: true, webauthn:extension:largeBlob: true, webauthn:extension:minPinLength: true, webauthn:extension:prf: true, webauthn:virtualAuthenticators: true}
Session ID: a8d3f01351495327ea6173529e5e3933]]>
            </message>
            <full-stacktrace>
              <![CDATA[org.openqa.selenium.NoSuchSessionException: invalid session id: session deleted as the browser has closed the connection
from disconnected: unable to send message to renderer
  (Session info: chrome=134.0.6998.167)
Build info: version: '4.16.1', revision: '9b4c83354e'
System info: os.name: 'Windows 10', os.arch: 'amd64', os.version: '10.0', java.version: '21.0.6'
Driver info: org.openqa.selenium.chrome.ChromeDriver
Command: [a8d3f01351495327ea6173529e5e3933, findElement {using=xpath, value=//button[@class='btn-close bt']}]
Capabilities {acceptInsecureCerts: false, browserName: chrome, browserVersion: 134.0.6998.167, chrome: {chromedriverVersion: 134.0.6998.165 (fd886e2cb29..., userDataDir: C:\Users\AO\AppData\Local\T...}, fedcm:accounts: true, goog:chromeOptions: {debuggerAddress: localhost:49877}, networkConnectionEnabled: false, pageLoadStrategy: normal, platformName: windows, proxy: Proxy(), se:cdp: ws://localhost:49877/devtoo..., se:cdpVersion: 134.0.6998.167, setWindowRect: true, strictFileInteractability: false, timeouts: {implicit: 0, pageLoad: 300000, script: 30000}, unhandledPromptBehavior: dismiss and notify, webauthn:extension:credBlob: true, webauthn:extension:largeBlob: true, webauthn:extension:minPinLength: true, webauthn:extension:prf: true, webauthn:virtualAuthenticators: true}
Session ID: a8d3f01351495327ea6173529e5e3933
at java.base/jdk.internal.reflect.DirectConstructorHandleAccessor.newInstance(DirectConstructorHandleAccessor.java:62)
at java.base/java.lang.reflect.Constructor.newInstanceWithCaller(Constructor.java:502)
at java.base/java.lang.reflect.Constructor.newInstance(Constructor.java:486)
at org.openqa.selenium.remote.codec.w3c.W3CHttpResponseCodec.createException(W3CHttpResponseCodec.java:200)
at org.openqa.selenium.remote.codec.w3c.W3CHttpResponseCodec.decode(W3CHttpResponseCodec.java:133)
at org.openqa.selenium.remote.codec.w3c.W3CHttpResponseCodec.decode(W3CHttpResponseCodec.java:52)
at org.openqa.selenium.remote.HttpCommandExecutor.execute(HttpCommandExecutor.java:191)
at org.openqa.selenium.remote.service.DriverCommandExecutor.invokeExecute(DriverCommandExecutor.java:200)
at org.openqa.selenium.remote.service.DriverCommandExecutor.execute(DriverCommandExecutor.java:175)
at org.openqa.selenium.remote.RemoteWebDriver.execute(RemoteWebDriver.java:523)
at org.openqa.selenium.remote.ElementLocation$ElementFinder$2.findElement(ElementLocation.java:165)
at org.openqa.selenium.remote.ElementLocation.findElement(ElementLocation.java:59)
at org.openqa.selenium.remote.RemoteWebDriver.findElement(RemoteWebDriver.java:360)
at org.openqa.selenium.remote.RemoteWebDriver.findElement(RemoteWebDriver.java:354)
at org.openqa.selenium.support.pagefactory.DefaultElementLocator.findElement(DefaultElementLocator.java:68)
at org.openqa.selenium.support.pagefactory.internal.LocatingElementHandler.invoke(LocatingElementHandler.java:38)
at jdk.proxy2/jdk.proxy2.$Proxy20.click(Unknown Source)
at com.nspl.agingoptions.webUtil.WebUtil.click(WebUtil.java:320)
at com.nspl.agingoptions.commoncode.CommonCode.createLifePlanningUser(CommonCode.java:95)
at com.nspl.agingoptions.commoncode.CommonCode.LoginWithNewMarriedUser(CommonCode.java:124)
at com.nspl.agingoptions.webUtil.BaseTest.beforeClass(BaseTest.java:65)
at java.base/jdk.internal.reflect.DirectMethodHandleAccessor.invoke(DirectMethodHandleAccessor.java:103)
at java.base/java.lang.reflect.Method.invoke(Method.java:580)
at org.testng.internal.invokers.MethodInvocationHelper.invokeMethod(MethodInvocationHelper.java:141)
at org.testng.internal.invokers.MethodInvocationHelper.invokeMethodConsideringTimeout(MethodInvocationHelper.java:71)
at org.testng.internal.invokers.ConfigInvoker.invokeConfigurationMethod(ConfigInvoker.java:400)
at org.testng.internal.invokers.ConfigInvoker.invokeConfigurations(ConfigInvoker.java:333)
at org.testng.internal.invokers.TestMethodWorker.invokeBeforeClassMethods(TestMethodWorker.java:188)
at org.testng.internal.invokers.TestMethodWorker.run(TestMethodWorker.java:128)
at java.base/java.util.ArrayList.forEach(ArrayList.java:1596)
at org.testng.TestRunner.privateRun(TestRunner.java:741)
at org.testng.TestRunner.run(TestRunner.java:616)
at org.testng.SuiteRunner.runTest(SuiteRunner.java:421)
at org.testng.SuiteRunner.runSequentially(SuiteRunner.java:413)
at org.testng.SuiteRunner.privateRun(SuiteRunner.java:373)
at org.testng.SuiteRunner.run(SuiteRunner.java:312)
at org.testng.SuiteRunnerWorker.runSuite(SuiteRunnerWorker.java:52)
at org.testng.SuiteRunnerWorker.run(SuiteRunnerWorker.java:95)
at org.testng.TestNG.runSuitesSequentially(TestNG.java:1274)
at org.testng.TestNG.runSuitesLocally(TestNG.java:1208)
at org.testng.TestNG.runSuites(TestNG.java:1112)
at org.testng.TestNG.run(TestNG.java:1079)
at org.testng.remote.AbstractRemoteTestNG.run(AbstractRemoteTestNG.java:115)
at org.testng.remote.RemoteTestNG.initAndRun(RemoteTestNG.java:293)
at org.testng.remote.RemoteTestNG.main(RemoteTestNG.java:91)
]]>
            </full-stacktrace>
          </exception> <!-- org.openqa.selenium.NoSuchSessionException -->
          <reporter-output>
          </reporter-output>
        </test-method> <!-- VerifySaveAndNextToprofessional_TheDetailsWithIstheHouseYouAreliving_Yes_And_Select1_OnTheScaleOnToFive -->
        <test-method is-config="true" signature="afterMethod(org.testng.ITestResult,java.lang.reflect.Method)[pri:0, instance:com.nspl.HousingInfoPageTestcase.HousingInfoTestScript@58a9760d]" started-at="2025-03-29T20:44:55 IST" name="afterMethod" finished-at="2025-03-29T20:44:55 IST" duration-ms="0" status="SKIP">
          <reporter-output>
          </reporter-output>
        </test-method> <!-- afterMethod -->
        <test-method is-config="true" signature="beforeMethod(java.lang.reflect.Method)[pri:0, instance:com.nspl.HousingInfoPageTestcase.HousingInfoTestScript@58a9760d]" started-at="2025-03-29T20:44:55 IST" name="beforeMethod" finished-at="2025-03-29T20:44:55 IST" duration-ms="0" status="SKIP">
          <reporter-output>
          </reporter-output>
        </test-method> <!-- beforeMethod -->
        <test-method signature="VerifyUpdateAndContinue_IsTheHousingYouAreLivingWithNoRadioButtonChecked()[pri:8, instance:com.nspl.HousingInfoPageTestcase.HousingInfoTestScript@58a9760d]" started-at="2025-03-29T20:44:55 IST" name="VerifyUpdateAndContinue_IsTheHousingYouAreLivingWithNoRadioButtonChecked" finished-at="2025-03-29T20:44:55 IST" duration-ms="1" status="SKIP">
          <exception class="org.openqa.selenium.NoSuchSessionException">
            <message>
              <![CDATA[invalid session id: session deleted as the browser has closed the connection
from disconnected: unable to send message to renderer
  (Session info: chrome=134.0.6998.167)
Build info: version: '4.16.1', revision: '9b4c83354e'
System info: os.name: 'Windows 10', os.arch: 'amd64', os.version: '10.0', java.version: '21.0.6'
Driver info: org.openqa.selenium.chrome.ChromeDriver
Command: [a8d3f01351495327ea6173529e5e3933, findElement {using=xpath, value=//button[@class='btn-close bt']}]
Capabilities {acceptInsecureCerts: false, browserName: chrome, browserVersion: 134.0.6998.167, chrome: {chromedriverVersion: 134.0.6998.165 (fd886e2cb29..., userDataDir: C:\Users\AO\AppData\Local\T...}, fedcm:accounts: true, goog:chromeOptions: {debuggerAddress: localhost:49877}, networkConnectionEnabled: false, pageLoadStrategy: normal, platformName: windows, proxy: Proxy(), se:cdp: ws://localhost:49877/devtoo..., se:cdpVersion: 134.0.6998.167, setWindowRect: true, strictFileInteractability: false, timeouts: {implicit: 0, pageLoad: 300000, script: 30000}, unhandledPromptBehavior: dismiss and notify, webauthn:extension:credBlob: true, webauthn:extension:largeBlob: true, webauthn:extension:minPinLength: true, webauthn:extension:prf: true, webauthn:virtualAuthenticators: true}
Session ID: a8d3f01351495327ea6173529e5e3933]]>
            </message>
            <full-stacktrace>
              <![CDATA[org.openqa.selenium.NoSuchSessionException: invalid session id: session deleted as the browser has closed the connection
from disconnected: unable to send message to renderer
  (Session info: chrome=134.0.6998.167)
Build info: version: '4.16.1', revision: '9b4c83354e'
System info: os.name: 'Windows 10', os.arch: 'amd64', os.version: '10.0', java.version: '21.0.6'
Driver info: org.openqa.selenium.chrome.ChromeDriver
Command: [a8d3f01351495327ea6173529e5e3933, findElement {using=xpath, value=//button[@class='btn-close bt']}]
Capabilities {acceptInsecureCerts: false, browserName: chrome, browserVersion: 134.0.6998.167, chrome: {chromedriverVersion: 134.0.6998.165 (fd886e2cb29..., userDataDir: C:\Users\AO\AppData\Local\T...}, fedcm:accounts: true, goog:chromeOptions: {debuggerAddress: localhost:49877}, networkConnectionEnabled: false, pageLoadStrategy: normal, platformName: windows, proxy: Proxy(), se:cdp: ws://localhost:49877/devtoo..., se:cdpVersion: 134.0.6998.167, setWindowRect: true, strictFileInteractability: false, timeouts: {implicit: 0, pageLoad: 300000, script: 30000}, unhandledPromptBehavior: dismiss and notify, webauthn:extension:credBlob: true, webauthn:extension:largeBlob: true, webauthn:extension:minPinLength: true, webauthn:extension:prf: true, webauthn:virtualAuthenticators: true}
Session ID: a8d3f01351495327ea6173529e5e3933
at java.base/jdk.internal.reflect.DirectConstructorHandleAccessor.newInstance(DirectConstructorHandleAccessor.java:62)
at java.base/java.lang.reflect.Constructor.newInstanceWithCaller(Constructor.java:502)
at java.base/java.lang.reflect.Constructor.newInstance(Constructor.java:486)
at org.openqa.selenium.remote.codec.w3c.W3CHttpResponseCodec.createException(W3CHttpResponseCodec.java:200)
at org.openqa.selenium.remote.codec.w3c.W3CHttpResponseCodec.decode(W3CHttpResponseCodec.java:133)
at org.openqa.selenium.remote.codec.w3c.W3CHttpResponseCodec.decode(W3CHttpResponseCodec.java:52)
at org.openqa.selenium.remote.HttpCommandExecutor.execute(HttpCommandExecutor.java:191)
at org.openqa.selenium.remote.service.DriverCommandExecutor.invokeExecute(DriverCommandExecutor.java:200)
at org.openqa.selenium.remote.service.DriverCommandExecutor.execute(DriverCommandExecutor.java:175)
at org.openqa.selenium.remote.RemoteWebDriver.execute(RemoteWebDriver.java:523)
at org.openqa.selenium.remote.ElementLocation$ElementFinder$2.findElement(ElementLocation.java:165)
at org.openqa.selenium.remote.ElementLocation.findElement(ElementLocation.java:59)
at org.openqa.selenium.remote.RemoteWebDriver.findElement(RemoteWebDriver.java:360)
at org.openqa.selenium.remote.RemoteWebDriver.findElement(RemoteWebDriver.java:354)
at org.openqa.selenium.support.pagefactory.DefaultElementLocator.findElement(DefaultElementLocator.java:68)
at org.openqa.selenium.support.pagefactory.internal.LocatingElementHandler.invoke(LocatingElementHandler.java:38)
at jdk.proxy2/jdk.proxy2.$Proxy20.click(Unknown Source)
at com.nspl.agingoptions.webUtil.WebUtil.click(WebUtil.java:320)
at com.nspl.agingoptions.commoncode.CommonCode.createLifePlanningUser(CommonCode.java:95)
at com.nspl.agingoptions.commoncode.CommonCode.LoginWithNewMarriedUser(CommonCode.java:124)
at com.nspl.agingoptions.webUtil.BaseTest.beforeClass(BaseTest.java:65)
at java.base/jdk.internal.reflect.DirectMethodHandleAccessor.invoke(DirectMethodHandleAccessor.java:103)
at java.base/java.lang.reflect.Method.invoke(Method.java:580)
at org.testng.internal.invokers.MethodInvocationHelper.invokeMethod(MethodInvocationHelper.java:141)
at org.testng.internal.invokers.MethodInvocationHelper.invokeMethodConsideringTimeout(MethodInvocationHelper.java:71)
at org.testng.internal.invokers.ConfigInvoker.invokeConfigurationMethod(ConfigInvoker.java:400)
at org.testng.internal.invokers.ConfigInvoker.invokeConfigurations(ConfigInvoker.java:333)
at org.testng.internal.invokers.TestMethodWorker.invokeBeforeClassMethods(TestMethodWorker.java:188)
at org.testng.internal.invokers.TestMethodWorker.run(TestMethodWorker.java:128)
at java.base/java.util.ArrayList.forEach(ArrayList.java:1596)
at org.testng.TestRunner.privateRun(TestRunner.java:741)
at org.testng.TestRunner.run(TestRunner.java:616)
at org.testng.SuiteRunner.runTest(SuiteRunner.java:421)
at org.testng.SuiteRunner.runSequentially(SuiteRunner.java:413)
at org.testng.SuiteRunner.privateRun(SuiteRunner.java:373)
at org.testng.SuiteRunner.run(SuiteRunner.java:312)
at org.testng.SuiteRunnerWorker.runSuite(SuiteRunnerWorker.java:52)
at org.testng.SuiteRunnerWorker.run(SuiteRunnerWorker.java:95)
at org.testng.TestNG.runSuitesSequentially(TestNG.java:1274)
at org.testng.TestNG.runSuitesLocally(TestNG.java:1208)
at org.testng.TestNG.runSuites(TestNG.java:1112)
at org.testng.TestNG.run(TestNG.java:1079)
at org.testng.remote.AbstractRemoteTestNG.run(AbstractRemoteTestNG.java:115)
at org.testng.remote.RemoteTestNG.initAndRun(RemoteTestNG.java:293)
at org.testng.remote.RemoteTestNG.main(RemoteTestNG.java:91)
]]>
            </full-stacktrace>
          </exception> <!-- org.openqa.selenium.NoSuchSessionException -->
          <reporter-output>
          </reporter-output>
        </test-method> <!-- VerifyUpdateAndContinue_IsTheHousingYouAreLivingWithNoRadioButtonChecked -->
        <test-method is-config="true" signature="afterMethod(org.testng.ITestResult,java.lang.reflect.Method)[pri:0, instance:com.nspl.HousingInfoPageTestcase.HousingInfoTestScript@58a9760d]" started-at="2025-03-29T20:44:55 IST" name="afterMethod" finished-at="2025-03-29T20:44:55 IST" duration-ms="0" status="SKIP">
          <reporter-output>
          </reporter-output>
        </test-method> <!-- afterMethod -->
        <test-method is-config="true" signature="beforeMethod(java.lang.reflect.Method)[pri:0, instance:com.nspl.HousingInfoPageTestcase.HousingInfoTestScript@58a9760d]" started-at="2025-03-29T20:44:55 IST" name="beforeMethod" finished-at="2025-03-29T20:44:55 IST" duration-ms="0" status="SKIP">
          <reporter-output>
          </reporter-output>
        </test-method> <!-- beforeMethod -->
        <test-method signature="VerifySaveAndNextToProfessional_IsTheHousingYouAreLivingWithNoRadioButtonChecked()[pri:9, instance:com.nspl.HousingInfoPageTestcase.HousingInfoTestScript@58a9760d]" started-at="2025-03-29T20:44:55 IST" name="VerifySaveAndNextToProfessional_IsTheHousingYouAreLivingWithNoRadioButtonChecked" finished-at="2025-03-29T20:44:55 IST" duration-ms="0" status="SKIP">
          <exception class="org.openqa.selenium.NoSuchSessionException">
            <message>
              <![CDATA[invalid session id: session deleted as the browser has closed the connection
from disconnected: unable to send message to renderer
  (Session info: chrome=134.0.6998.167)
Build info: version: '4.16.1', revision: '9b4c83354e'
System info: os.name: 'Windows 10', os.arch: 'amd64', os.version: '10.0', java.version: '21.0.6'
Driver info: org.openqa.selenium.chrome.ChromeDriver
Command: [a8d3f01351495327ea6173529e5e3933, findElement {using=xpath, value=//button[@class='btn-close bt']}]
Capabilities {acceptInsecureCerts: false, browserName: chrome, browserVersion: 134.0.6998.167, chrome: {chromedriverVersion: 134.0.6998.165 (fd886e2cb29..., userDataDir: C:\Users\AO\AppData\Local\T...}, fedcm:accounts: true, goog:chromeOptions: {debuggerAddress: localhost:49877}, networkConnectionEnabled: false, pageLoadStrategy: normal, platformName: windows, proxy: Proxy(), se:cdp: ws://localhost:49877/devtoo..., se:cdpVersion: 134.0.6998.167, setWindowRect: true, strictFileInteractability: false, timeouts: {implicit: 0, pageLoad: 300000, script: 30000}, unhandledPromptBehavior: dismiss and notify, webauthn:extension:credBlob: true, webauthn:extension:largeBlob: true, webauthn:extension:minPinLength: true, webauthn:extension:prf: true, webauthn:virtualAuthenticators: true}
Session ID: a8d3f01351495327ea6173529e5e3933]]>
            </message>
            <full-stacktrace>
              <![CDATA[org.openqa.selenium.NoSuchSessionException: invalid session id: session deleted as the browser has closed the connection
from disconnected: unable to send message to renderer
  (Session info: chrome=134.0.6998.167)
Build info: version: '4.16.1', revision: '9b4c83354e'
System info: os.name: 'Windows 10', os.arch: 'amd64', os.version: '10.0', java.version: '21.0.6'
Driver info: org.openqa.selenium.chrome.ChromeDriver
Command: [a8d3f01351495327ea6173529e5e3933, findElement {using=xpath, value=//button[@class='btn-close bt']}]
Capabilities {acceptInsecureCerts: false, browserName: chrome, browserVersion: 134.0.6998.167, chrome: {chromedriverVersion: 134.0.6998.165 (fd886e2cb29..., userDataDir: C:\Users\AO\AppData\Local\T...}, fedcm:accounts: true, goog:chromeOptions: {debuggerAddress: localhost:49877}, networkConnectionEnabled: false, pageLoadStrategy: normal, platformName: windows, proxy: Proxy(), se:cdp: ws://localhost:49877/devtoo..., se:cdpVersion: 134.0.6998.167, setWindowRect: true, strictFileInteractability: false, timeouts: {implicit: 0, pageLoad: 300000, script: 30000}, unhandledPromptBehavior: dismiss and notify, webauthn:extension:credBlob: true, webauthn:extension:largeBlob: true, webauthn:extension:minPinLength: true, webauthn:extension:prf: true, webauthn:virtualAuthenticators: true}
Session ID: a8d3f01351495327ea6173529e5e3933
at java.base/jdk.internal.reflect.DirectConstructorHandleAccessor.newInstance(DirectConstructorHandleAccessor.java:62)
at java.base/java.lang.reflect.Constructor.newInstanceWithCaller(Constructor.java:502)
at java.base/java.lang.reflect.Constructor.newInstance(Constructor.java:486)
at org.openqa.selenium.remote.codec.w3c.W3CHttpResponseCodec.createException(W3CHttpResponseCodec.java:200)
at org.openqa.selenium.remote.codec.w3c.W3CHttpResponseCodec.decode(W3CHttpResponseCodec.java:133)
at org.openqa.selenium.remote.codec.w3c.W3CHttpResponseCodec.decode(W3CHttpResponseCodec.java:52)
at org.openqa.selenium.remote.HttpCommandExecutor.execute(HttpCommandExecutor.java:191)
at org.openqa.selenium.remote.service.DriverCommandExecutor.invokeExecute(DriverCommandExecutor.java:200)
at org.openqa.selenium.remote.service.DriverCommandExecutor.execute(DriverCommandExecutor.java:175)
at org.openqa.selenium.remote.RemoteWebDriver.execute(RemoteWebDriver.java:523)
at org.openqa.selenium.remote.ElementLocation$ElementFinder$2.findElement(ElementLocation.java:165)
at org.openqa.selenium.remote.ElementLocation.findElement(ElementLocation.java:59)
at org.openqa.selenium.remote.RemoteWebDriver.findElement(RemoteWebDriver.java:360)
at org.openqa.selenium.remote.RemoteWebDriver.findElement(RemoteWebDriver.java:354)
at org.openqa.selenium.support.pagefactory.DefaultElementLocator.findElement(DefaultElementLocator.java:68)
at org.openqa.selenium.support.pagefactory.internal.LocatingElementHandler.invoke(LocatingElementHandler.java:38)
at jdk.proxy2/jdk.proxy2.$Proxy20.click(Unknown Source)
at com.nspl.agingoptions.webUtil.WebUtil.click(WebUtil.java:320)
at com.nspl.agingoptions.commoncode.CommonCode.createLifePlanningUser(CommonCode.java:95)
at com.nspl.agingoptions.commoncode.CommonCode.LoginWithNewMarriedUser(CommonCode.java:124)
at com.nspl.agingoptions.webUtil.BaseTest.beforeClass(BaseTest.java:65)
at java.base/jdk.internal.reflect.DirectMethodHandleAccessor.invoke(DirectMethodHandleAccessor.java:103)
at java.base/java.lang.reflect.Method.invoke(Method.java:580)
at org.testng.internal.invokers.MethodInvocationHelper.invokeMethod(MethodInvocationHelper.java:141)
at org.testng.internal.invokers.MethodInvocationHelper.invokeMethodConsideringTimeout(MethodInvocationHelper.java:71)
at org.testng.internal.invokers.ConfigInvoker.invokeConfigurationMethod(ConfigInvoker.java:400)
at org.testng.internal.invokers.ConfigInvoker.invokeConfigurations(ConfigInvoker.java:333)
at org.testng.internal.invokers.TestMethodWorker.invokeBeforeClassMethods(TestMethodWorker.java:188)
at org.testng.internal.invokers.TestMethodWorker.run(TestMethodWorker.java:128)
at java.base/java.util.ArrayList.forEach(ArrayList.java:1596)
at org.testng.TestRunner.privateRun(TestRunner.java:741)
at org.testng.TestRunner.run(TestRunner.java:616)
at org.testng.SuiteRunner.runTest(SuiteRunner.java:421)
at org.testng.SuiteRunner.runSequentially(SuiteRunner.java:413)
at org.testng.SuiteRunner.privateRun(SuiteRunner.java:373)
at org.testng.SuiteRunner.run(SuiteRunner.java:312)
at org.testng.SuiteRunnerWorker.runSuite(SuiteRunnerWorker.java:52)
at org.testng.SuiteRunnerWorker.run(SuiteRunnerWorker.java:95)
at org.testng.TestNG.runSuitesSequentially(TestNG.java:1274)
at org.testng.TestNG.runSuitesLocally(TestNG.java:1208)
at org.testng.TestNG.runSuites(TestNG.java:1112)
at org.testng.TestNG.run(TestNG.java:1079)
at org.testng.remote.AbstractRemoteTestNG.run(AbstractRemoteTestNG.java:115)
at org.testng.remote.RemoteTestNG.initAndRun(RemoteTestNG.java:293)
at org.testng.remote.RemoteTestNG.main(RemoteTestNG.java:91)
]]>
[...]
          <reporter-output>
          </reporter-output>
        </test-method> <!-- LifeStyleGeneralHealthNutritionDetailsHealth_TC_007 -->
        <test-method is-config="true" signature="afterMethod(org.testng.ITestResult,java.lang.reflect.Method)[pri:0, instance:com.nspl.agingoptions.healthpage.testcases.MarriedUserLifeStyleTestCases@4e50c791]" started-at="2025-03-29T20:40:19 IST" name="afterMethod" finished-at="2025-03-29T20:40:19 IST" duration-ms="49" status="PASS">
          <params>
            <param index="0">
              <value>
                <![CDATA[[TestResult name=LifeStyleGeneralHealthNutritionDetailsHealth_TC_007 status=SUCCESS method=MarriedUserLifeStyleTestCases.LifeStyleGeneralHealthNutritionDetailsHealth_TC_007()[pri:1, instance:com.nspl.agingoptions.healthpage.testcases.MarriedUserLifeStyleTestCases@4e50c791] output={null}]]]>
              </value>
            </param>
            <param index="1">
              <value>
                <![CDATA[public void com.nspl.agingoptions.healthpage.testcases.MarriedUserLifeStyleTestCases.LifeStyleGeneralHealthNutritionDetailsHealth_TC_007()]]>
              </value>
            </param>
          </params>
          <reporter-output>
          </reporter-output>
        </test-method> <!-- afterMethod -->
        <test-method signature="Health_InputSubstanceUseDetails_TC_008()[pri:2, instance:com.nspl.agingoptions.healthpage.testcases.MarriedUserLifeStyleTestCases@4e50c791]" started-at="2025-03-29T20:40:19 IST" name="Health_InputSubstanceUseDetails_TC_008" finished-at="2025-03-29T20:40:44 IST" duration-ms="25035" status="PASS">
          <reporter-output>
          </reporter-output>
        </test-method> <!-- Health_InputSubstanceUseDetails_TC_008 -->
        <test-method is-config="true" signature="beforeMethod(java.lang.reflect.Method)[pri:0, instance:com.nspl.agingoptions.healthpage.testcases.MarriedUserLifeStyleTestCases@4e50c791]" started-at="2025-03-29T20:40:19 IST" name="beforeMethod" finished-at="2025-03-29T20:40:19 IST" duration-ms="0" status="PASS">
          <params>
            <param index="0">
              <value>
                <![CDATA[public void com.nspl.agingoptions.healthpage.testcases.MarriedUserLifeStyleTestCases.Health_InputSubstanceUseDetails_TC_008()]]>
              </value>
            </param>
          </params>
          <reporter-output>
          </reporter-output>
        </test-method> <!-- beforeMethod -->
        <test-method is-config="true" signature="afterMethod(org.testng.ITestResult,java.lang.reflect.Method)[pri:0, instance:com.nspl.agingoptions.healthpage.testcases.MarriedUserLifeStyleTestCases@4e50c791]" started-at="2025-03-29T20:40:44 IST" name="afterMethod" finished-at="2025-03-29T20:40:44 IST" duration-ms="24" status="PASS">
          <params>
            <param index="0">
              <value>
                <![CDATA[[TestResult name=Health_InputSubstanceUseDetails_TC_008 status=SUCCESS method=MarriedUserLifeStyleTestCases.Health_InputSubstanceUseDetails_TC_008()[pri:2, instance:com.nspl.agingoptions.healthpage.testcases.MarriedUserLifeStyleTestCases@4e50c791] output={null}]]]>
              </value>
            </param>
            <param index="1">
              <value>
                <![CDATA[public void com.nspl.agingoptions.healthpage.testcases.MarriedUserLifeStyleTestCases.Health_InputSubstanceUseDetails_TC_008()]]>
              </value>
            </param>
          </params>
          <reporter-output>
          </reporter-output>
        </test-method> <!-- afterMethod -->
        <test-method signature="Health_InputSocialHabitsDetails_TC_09()[pri:3, instance:com.nspl.agingoptions.healthpage.testcases.MarriedUserLifeStyleTestCases@4e50c791]" started-at="2025-03-29T20:40:44 IST" name="Health_InputSocialHabitsDetails_TC_09" finished-at="2025-03-29T20:41:03 IST" duration-ms="19445" status="PASS">
          <reporter-output>
          </reporter-output>
        </test-method> <!-- Health_InputSocialHabitsDetails_TC_09 -->
        <test-method is-config="true" signature="beforeMethod(java.lang.reflect.Method)[pri:0, instance:com.nspl.agingoptions.healthpage.testcases.MarriedUserLifeStyleTestCases@4e50c791]" started-at="2025-03-29T20:40:44 IST" name="beforeMethod" finished-at="2025-03-29T20:40:44 IST" duration-ms="0" status="PASS">
          <params>
            <param index="0">
              <value>
                <![CDATA[public void com.nspl.agingoptions.healthpage.testcases.MarriedUserLifeStyleTestCases.Health_InputSocialHabitsDetails_TC_09()]]>
              </value>
            </param>
          </params>
          <reporter-output>
          </reporter-output>
        </test-method> <!-- beforeMethod -->
        <test-method is-config="true" signature="afterMethod(org.testng.ITestResult,java.lang.reflect.Method)[pri:0, instance:com.nspl.agingoptions.healthpage.testcases.MarriedUserLifeStyleTestCases@4e50c791]" started-at="2025-03-29T20:41:03 IST" name="afterMethod" finished-at="2025-03-29T20:41:03 IST" duration-ms="33" status="PASS">
          <params>
            <param index="0">
              <value>
                <![CDATA[[TestResult name=Health_InputSocialHabitsDetails_TC_09 status=SUCCESS method=MarriedUserLifeStyleTestCases.Health_InputSocialHabitsDetails_TC_09()[pri:3, instance:com.nspl.agingoptions.healthpage.testcases.MarriedUserLifeStyleTestCases@4e50c791] output={null}]]]>
              </value>
            </param>
            <param index="1">
              <value>
                <![CDATA[public void com.nspl.agingoptions.healthpage.testcases.MarriedUserLifeStyleTestCases.Health_InputSocialHabitsDetails_TC_09()]]>
              </value>
            </param>
          </params>
          <reporter-output>
          </reporter-output>
        </test-method> <!-- afterMethod -->
        <test-method is-config="true" signature="afterClass()[pri:0, instance:com.nspl.agingoptions.healthpage.testcases.MarriedUserLifeStyleTestCases@4e50c791]" started-at="2025-03-29T20:41:03 IST" name="afterClass" finished-at="2025-03-29T20:41:03 IST" duration-ms="10" status="PASS">
          <reporter-output>
          </reporter-output>
        </test-method> <!-- afterClass -->
      </class> <!-- com.nspl.agingoptions.healthpage.testcases.MarriedUserLifeStyleTestCases -->
      <class name="com.nspl.agingoptions.healthpage.testcases.MarriedUserFamilyMedicalHistoryTestCases">
        <test-method is-config="true" signature="beforeClass()[pri:0, instance:com.nspl.agingoptions.healthpage.testcases.MarriedUserFamilyMedicalHistoryTestCases@7530ad9c]" started-at="2025-03-29T20:41:03 IST" name="beforeClass" finished-at="2025-03-29T20:42:03 IST" duration-ms="60282" status="PASS">
          <reporter-output>
          </reporter-output>
        </test-method> <!-- beforeClass -->
        <test-method is-config="true" signature="beforeMethod(java.lang.reflect.Method)[pri:0, instance:com.nspl.agingoptions.healthpage.testcases.MarriedUserFamilyMedicalHistoryTestCases@7530ad9c]" started-at="2025-03-29T20:42:03 IST" name="beforeMethod" finished-at="2025-03-29T20:42:03 IST" duration-ms="1" status="PASS">
          <params>
            <param index="0">
              <value>
                <![CDATA[public void com.nspl.agingoptions.healthpage.testcases.MarriedUserFamilyMedicalHistoryTestCases.familyMedicalHistoryLivingParentInfoDetails_TC_010()]]>
              </value>
            </param>
          </params>
          <reporter-output>
          </reporter-output>
        </test-method> <!-- beforeMethod -->
        <test-method signature="familyMedicalHistoryLivingParentInfoDetails_TC_010()[pri:1, instance:com.nspl.agingoptions.healthpage.testcases.MarriedUserFamilyMedicalHistoryTestCases@7530ad9c]" started-at="2025-03-29T20:42:03 IST" name="familyMedicalHistoryLivingParentInfoDetails_TC_010" finished-at="2025-03-29T20:42:28 IST" duration-ms="24321" status="PASS">
          <reporter-output>
          </reporter-output>
        </test-method> <!-- familyMedicalHistoryLivingParentInfoDetails_TC_010 -->
        <test-method is-config="true" signature="afterMethod(org.testng.ITestResult,java.lang.reflect.Method)[pri:0, instance:com.nspl.agingoptions.healthpage.testcases.MarriedUserFamilyMedicalHistoryTestCases@7530ad9c]" started-at="2025-03-29T20:42:28 IST" name="afterMethod" finished-at="2025-03-29T20:42:28 IST" duration-ms="26" status="PASS">
          <params>
            <param index="0">
              <value>
                <![CDATA[[TestResult name=familyMedicalHistoryLivingParentInfoDetails_TC_010 status=SUCCESS method=MarriedUserFamilyMedicalHistoryTestCases.familyMedicalHistoryLivingParentInfoDetails_TC_010()[pri:1, instance:com.nspl.agingoptions.healthpage.testcases.MarriedUserFamilyMedicalHistoryTestCases@7530ad9c] output={null}]]]>
              </value>
            </param>
            <param index="1">
              <value>
                <![CDATA[public void com.nspl.agingoptions.healthpage.testcases.MarriedUserFamilyMedicalHistoryTestCases.familyMedicalHistoryLivingParentInfoDetails_TC_010()]]>
              </value>
            </param>
          </params>
          <reporter-output>
          </reporter-output>
        </test-method> <!-- afterMethod -->
        <test-method signature="familyMedicalHistoryNonLivingParentInfoDetails_TC_011()[pri:2, instance:com.nspl.agingoptions.healthpage.testcases.MarriedUserFamilyMedicalHistoryTestCases@7530ad9c]" started-at="2025-03-29T20:42:28 IST" name="familyMedicalHistoryNonLivingParentInfoDetails_TC_011" finished-at="2025-03-29T20:42:58 IST" duration-ms="30169" status="PASS">
          <reporter-output>
          </reporter-output>
        </test-method> <!-- familyMedicalHistoryNonLivingParentInfoDetails_TC_011 -->
        <test-method is-config="true" signature="beforeMethod(java.lang.reflect.Method)[pri:0, instance:com.nspl.agingoptions.healthpage.testcases.MarriedUserFamilyMedicalHistoryTestCases@7530ad9c]" started-at="2025-03-29T20:42:28 IST" name="beforeMethod" finished-at="2025-03-29T20:42:28 IST" duration-ms="0" status="PASS">
          <params>
            <param index="0">
              <value>
                <![CDATA[public void com.nspl.agingoptions.healthpage.testcases.MarriedUserFamilyMedicalHistoryTestCases.familyMedicalHistoryNonLivingParentInfoDetails_TC_011()]]>
              </value>
            </param>
          </params>
          <reporter-output>
          </reporter-output>
        </test-method> <!-- beforeMethod -->
        <test-method is-config="true" signature="afterMethod(org.testng.ITestResult,java.lang.reflect.Method)[pri:0, instance:com.nspl.agingoptions.healthpage.testcases.MarriedUserFamilyMedicalHistoryTestCases@7530ad9c]" started-at="2025-03-29T20:42:58 IST" name="afterMethod" finished-at="2025-03-29T20:42:58 IST" duration-ms="21" status="PASS">
          <params>
            <param index="0">
              <value>
                <![CDATA[[TestResult name=familyMedicalHistoryNonLivingParentInfoDetails_TC_011 status=SUCCESS method=MarriedUserFamilyMedicalHistoryTestCases.familyMedicalHistoryNonLivingParentInfoDetails_TC_011()[pri:2, instance:com.nspl.agingoptions.healthpage.testcases.MarriedUserFamilyMedicalHistoryTestCases@7530ad9c] output={null}]]]>
              </value>
            </param>
            <param index="1">
              <value>
                <![CDATA[public void com.nspl.agingoptions.healthpage.testcases.MarriedUserFamilyMedicalHistoryTestCases.familyMedicalHistoryNonLivingParentInfoDetails_TC_011()]]>
              </value>
            </param>
          </params>
          <reporter-output>
          </reporter-output>
        </test-method> <!-- afterMethod -->
        <test-method is-config="true" signature="beforeMethod(java.lang.reflect.Method)[pri:0, instance:com.nspl.agingoptions.healthpage.testcases.MarriedUserFamilyMedicalHistoryTestCases@7530ad9c]" started-at="2025-03-29T20:42:58 IST" name="beforeMethod" finished-at="2025-03-29T20:42:58 IST" duration-ms="1" status="PASS">
          <params>
            <param index="0">
              <value>
                <![CDATA[public void com.nspl.agingoptions.healthpage.testcases.MarriedUserFamilyMedicalHistoryTestCases.familyMedicalHistoryNonLivingParentInfoDetails_TC_012()]]>
              </value>
            </param>
          </params>
          <reporter-output>
          </reporter-output>
        </test-method> <!-- beforeMethod -->
        <test-method retried="true" signature="familyMedicalHistoryNonLivingParentInfoDetails_TC_012()[pri:3, instance:com.nspl.agingoptions.healthpage.testcases.MarriedUserFamilyMedicalHistoryTestCases@7530ad9c]" started-at="2025-03-29T20:42:58 IST" name="familyMedicalHistoryNonLivingParentInfoDetails_TC_012" finished-at="2025-03-29T20:43:23 IST" duration-ms="25324" status="SKIP">
          <exception class="java.lang.AssertionError">
            <message>
              <![CDATA[expected [3] but found []]]>
            </message>
            <full-stacktrace>
              <![CDATA[java.lang.AssertionError: expected [3] but found []
at org.testng.Assert.fail(Assert.java:111)
at org.testng.Assert.failNotEquals(Assert.java:1590)
at org.testng.Assert.assertEqualsImpl(Assert.java:150)
at org.testng.Assert.assertEquals(Assert.java:132)
at org.testng.Assert.assertEquals(Assert.java:656)
at org.testng.Assert.assertEquals(Assert.java:666)
at com.nspl.agingoptions.webUtil.WebUtil.verifyActualExpectedText(WebUtil.java:855)
at com.nspl.agingoptions.healthpage.testcases.MarriedUserFamilyMedicalHistoryTestCases.familyMedicalHistoryNonLivingParentInfoDetails_TC_012(MarriedUserFamilyMedicalHistoryTestCases.java:128)
at java.base/jdk.internal.reflect.DirectMethodHandleAccessor.invoke(DirectMethodHandleAccessor.java:103)
at java.base/java.lang.reflect.Method.invoke(Method.java:580)
at org.testng.internal.invokers.MethodInvocationHelper.invokeMethod(MethodInvocationHelper.java:141)
at org.testng.internal.invokers.TestInvoker.invokeMethod(TestInvoker.java:687)
at org.testng.internal.invokers.TestInvoker.invokeTestMethod(TestInvoker.java:230)
at org.testng.internal.invokers.MethodRunner.runInSequence(MethodRunner.java:63)
at org.testng.internal.invokers.TestInvoker$MethodInvocationAgent.invoke(TestInvoker.java:995)
at org.testng.internal.invokers.TestInvoker.invokeTestMethods(TestInvoker.java:203)
at org.testng.internal.invokers.TestMethodWorker.invokeTestMethods(TestMethodWorker.java:154)
at org.testng.internal.invokers.TestMethodWorker.run(TestMethodWorker.java:134)
at java.base/java.util.ArrayList.forEach(ArrayList.java:1596)
at org.testng.TestRunner.privateRun(TestRunner.java:741)
at org.testng.TestRunner.run(TestRunner.java:616)
at org.testng.SuiteRunner.runTest(SuiteRunner.java:421)
at org.testng.SuiteRunner.runSequentially(SuiteRunner.java:413)
at org.testng.SuiteRunner.privateRun(SuiteRunner.java:373)
at org.testng.SuiteRunner.run(SuiteRunner.java:312)
at org.testng.SuiteRunnerWorker.runSuite(SuiteRunnerWorker.java:52)
at org.testng.SuiteRunnerWorker.run(SuiteRunnerWorker.java:95)
at org.testng.TestNG.runSuitesSequentially(TestNG.java:1274)
at org.testng.TestNG.runSuitesLocally(TestNG.java:1208)
at org.testng.TestNG.runSuites(TestNG.java:1112)
at org.testng.TestNG.run(TestNG.java:1079)
at org.testng.remote.AbstractRemoteTestNG.run(AbstractRemoteTestNG.java:115)
at org.testng.remote.RemoteTestNG.initAndRun(RemoteTestNG.java:293)
at org.testng.remote.RemoteTestNG.main(RemoteTestNG.java:91)
]]>
            </full-stacktrace>
          </exception> <!-- java.lang.AssertionError -->
          <reporter-output>
          </reporter-output>
        </test-method> <!-- familyMedicalHistoryNonLivingParentInfoDetails_TC_012 -->
        <test-method is-config="true" signature="afterMethod(org.testng.ITestResult,java.lang.reflect.Method)[pri:0, instance:com.nspl.agingoptions.healthpage.testcases.MarriedUserFamilyMedicalHistoryTestCases@7530ad9c]" started-at="2025-03-29T20:43:23 IST" name="afterMethod" finished-at="2025-03-29T20:43:23 IST" duration-ms="23" status="PASS">
          <params>
            <param index="0">
              <value>
                <![CDATA[[TestResult name=familyMedicalHistoryNonLivingParentInfoDetails_TC_012 status=SKIP method=MarriedUserFamilyMedicalHistoryTestCases.familyMedicalHistoryNonLivingParentInfoDetails_TC_012()[pri:3, instance:com.nspl.agingoptions.healthpage.testcases.MarriedUserFamilyMedicalHistoryTestCases@7530ad9c] output={null}]]]>
              </value>
            </param>
            <param index="1">
              <value>
                <![CDATA[public void com.nspl.agingoptions.healthpage.testcases.MarriedUserFamilyMedicalHistoryTestCases.familyMedicalHistoryNonLivingParentInfoDetails_TC_012()]]>
              </value>
            </param>
          </params>
          <reporter-output>
          </reporter-output>
        </test-method> <!-- afterMethod -->
        <test-method signature="familyMedicalHistoryNonLivingParentInfoDetails_TC_012()[pri:3, instance:com.nspl.agingoptions.healthpage.testcases.MarriedUserFamilyMedicalHistoryTestCases@7530ad9c]" started-at="2025-03-29T20:43:23 IST" name="familyMedicalHistoryNonLivingParentInfoDetails_TC_012" finished-at="2025-03-29T20:43:49 IST" duration-ms="25201" status="PASS">
          <reporter-output>
          </reporter-output>
        </test-method> <!-- familyMedicalHistoryNonLivingParentInfoDetails_TC_012 -->
        <test-method is-config="true" signature="beforeMethod(java.lang.reflect.Method)[pri:0, instance:com.nspl.agingoptions.healthpage.testcases.MarriedUserFamilyMedicalHistoryTestCases@7530ad9c]" started-at="2025-03-29T20:43:23 IST" name="beforeMethod" finished-at="2025-03-29T20:43:23 IST" duration-ms="0" status="PASS">
          <params>
            <param index="0">
              <value>
                <![CDATA[public void com.nspl.agingoptions.healthpage.testcases.MarriedUserFamilyMedicalHistoryTestCases.familyMedicalHistoryNonLivingParentInfoDetails_TC_012()]]>
              </value>
            </param>
          </params>
          <reporter-output>
          </reporter-output>
        </test-method> <!-- beforeMethod -->
        <test-method is-config="true" signature="afterMethod(org.testng.ITestResult,java.lang.reflect.Method)[pri:0, instance:com.nspl.agingoptions.healthpage.testcases.MarriedUserFamilyMedicalHistoryTestCases@7530ad9c]" started-at="2025-03-29T20:43:49 IST" name="afterMethod" finished-at="2025-03-29T20:43:49 IST" duration-ms="25" status="PASS">
          <params>
            <param index="0">
              <value>
                <![CDATA[[TestResult name=familyMedicalHistoryNonLivingParentInfoDetails_TC_012 status=SUCCESS method=MarriedUserFamilyMedicalHistoryTestCases.familyMedicalHistoryNonLivingParentInfoDetails_TC_012()[pri:3, instance:com.nspl.agingoptions.healthpage.testcases.MarriedUserFamilyMedicalHistoryTestCases@7530ad9c] output={null}]]]>
              </value>
            </param>
            <param index="1">
              <value>
                <![CDATA[public void com.nspl.agingoptions.healthpage.testcases.MarriedUserFamilyMedicalHistoryTestCases.familyMedicalHistoryNonLivingParentInfoDetails_TC_012()]]>
              </value>
            </param>
          </params>
          <reporter-output>
          </reporter-output>
        </test-method> <!-- afterMethod -->
        <test-method is-config="true" signature="afterClass()[pri:0, instance:com.nspl.agingoptions.healthpage.testcases.MarriedUserFamilyMedicalHistoryTestCases@7530ad9c]" started-at="2025-03-29T20:43:49 IST" name="afterClass" finished-at="2025-03-29T20:43:49 IST" duration-ms="9" status="PASS">
          <reporter-output>
          </reporter-output>
        </test-method> <!-- afterClass -->
      </class> <!-- com.nspl.agingoptions.healthpage.testcases.MarriedUserFamilyMedicalHistoryTestCases -->
    </test> <!-- Test -->
  </suite> <!-- Suite -->
</testng-results>
