<?xml version="1.0" encoding="UTF-8"?>
<testng-results ignored="0" total="6" passed="5" failed="1" skipped="0">
  <reporter-output>
  </reporter-output>
  <suite started-at="2025-04-01T17:27:06 IST" name="Suite" finished-at="2025-04-01T17:31:40 IST" duration-ms="274464">
    <groups>
    </groups>
    <test started-at="2025-04-01T17:27:06 IST" name="Test" finished-at="2025-04-01T17:31:40 IST" duration-ms="274464">
      <class name="com.nspl.HousingInfoPageTestcase.HousingInfoTestScript">
        <test-method is-config="true" signature="beforeSuite()[pri:0, instance:com.nspl.HousingInfoPageTestcase.HousingInfoTestScript@4c39bec8]" started-at="2025-04-01T17:27:06 IST" name="beforeSuite" finished-at="2025-04-01T17:27:06 IST" duration-ms="215" status="PASS">
          <reporter-output>
          </reporter-output>
        </test-method> <!-- beforeSuite -->
        <test-method is-config="true" signature="beforeTest()[pri:0, instance:com.nspl.HousingInfoPageTestcase.HousingInfoTestScript@4c39bec8]" started-at="2025-04-01T17:27:06 IST" name="beforeTest" finished-at="2025-04-01T17:27:06 IST" duration-ms="1" status="PASS">
          <reporter-output>
          </reporter-output>
        </test-method> <!-- beforeTest -->
        <test-method is-config="true" signature="beforeClass()[pri:0, instance:com.nspl.HousingInfoPageTestcase.HousingInfoTestScript@4c39bec8]" started-at="2025-04-01T17:27:06 IST" name="beforeClass" finished-at="2025-04-01T17:28:13 IST" duration-ms="67660" status="PASS">
          <reporter-output>
          </reporter-output>
        </test-method> <!-- beforeClass -->
        <test-method signature="VerifyUpdateAndContinue_SelectIsYourHouseLivingInYesCheckAndSelectTwoOntheScaleOfOneTwoFive()[pri:12, instance:com.nspl.HousingInfoPageTestcase.HousingInfoTestScript@4c39bec8]" started-at="2025-04-01T17:28:13 IST" name="VerifyUpdateAndContinue_SelectIsYourHouseLivingInYesCheckAndSelectTwoOntheScaleOfOneTwoFive" finished-at="2025-04-01T17:28:31 IST" duration-ms="18054" status="PASS">
          <reporter-output>
          </reporter-output>
        </test-method> <!-- VerifyUpdateAndContinue_SelectIsYourHouseLivingInYesCheckAndSelectTwoOntheScaleOfOneTwoFive -->
        <test-method is-config="true" signature="beforeMethod(java.lang.reflect.Method)[pri:0, instance:com.nspl.HousingInfoPageTestcase.HousingInfoTestScript@4c39bec8]" started-at="2025-04-01T17:28:13 IST" name="beforeMethod" finished-at="2025-04-01T17:28:13 IST" duration-ms="0" status="PASS">
          <params>
            <param index="0">
              <value>
                <![CDATA[public void com.nspl.HousingInfoPageTestcase.HousingInfoTestScript.VerifyUpdateAndContinue_SelectIsYourHouseLivingInYesCheckAndSelectTwoOntheScaleOfOneTwoFive()]]>
              </value>
            </param>
          </params>
          <reporter-output>
          </reporter-output>
        </test-method> <!-- beforeMethod -->
        <test-method is-config="true" signature="afterMethod(org.testng.ITestResult,java.lang.reflect.Method)[pri:0, instance:com.nspl.HousingInfoPageTestcase.HousingInfoTestScript@4c39bec8]" started-at="2025-04-01T17:28:31 IST" name="afterMethod" finished-at="2025-04-01T17:28:32 IST" duration-ms="646" status="PASS">
          <params>
            <param index="0">
              <value>
                <![CDATA[[TestResult name=VerifyUpdateAndContinue_SelectIsYourHouseLivingInYesCheckAndSelectTwoOntheScaleOfOneTwoFive status=SUCCESS method=HousingInfoTestScript.VerifyUpdateAndContinue_SelectIsYourHouseLivingInYesCheckAndSelectTwoOntheScaleOfOneTwoFive()[pri:12, instance:com.nspl.HousingInfoPageTestcase.HousingInfoTestScript@4c39bec8] output={null}]]]>
              </value>
            </param>
            <param index="1">
              <value>
                <![CDATA[public void com.nspl.HousingInfoPageTestcase.HousingInfoTestScript.VerifyUpdateAndContinue_SelectIsYourHouseLivingInYesCheckAndSelectTwoOntheScaleOfOneTwoFive()]]>
              </value>
            </param>
          </params>
          <reporter-output>
          </reporter-output>
        </test-method> <!-- afterMethod -->
        <test-method signature="VerifySaveAandNextProfessional_SelectIsYourHouseLivingInYesCheckAndSelectTwoOntheScaleOfOneTwoFive()[pri:13, instance:com.nspl.HousingInfoPageTestcase.HousingInfoTestScript@4c39bec8]" started-at="2025-04-01T17:28:32 IST" name="VerifySaveAandNextProfessional_SelectIsYourHouseLivingInYesCheckAndSelectTwoOntheScaleOfOneTwoFive" finished-at="2025-04-01T17:30:04 IST" duration-ms="91389" status="FAIL">
          <exception class="org.openqa.selenium.NoSuchElementException">
            <message>
              <![CDATA[no such element: Unable to locate element: {"method":"xpath","selector":"//div[@id='ownhome']"}
  (Session info: chrome=134.0.6998.178)
For documentation on this error, please visit: https://www.selenium.dev/documentation/webdriver/troubleshooting/errors#no-such-element-exception
Build info: version: '4.16.1', revision: '9b4c83354e'
System info: os.name: 'Windows 11', os.arch: 'amd64', os.version: '10.0', java.version: '23.0.1'
Driver info: org.openqa.selenium.chrome.ChromeDriver
Command: [b734f2626b6cbacc586a0a0edb0520bb, findElement {using=xpath, value=//div[@id='ownhome']}]
Capabilities {acceptInsecureCerts: false, browserName: chrome, browserVersion: 134.0.6998.178, chrome: {chromedriverVersion: 134.0.6998.165 (fd886e2cb29..., userDataDir: C:\Users\nagai\AppData\Loca...}, fedcm:accounts: true, goog:chromeOptions: {debuggerAddress: localhost:58007}, networkConnectionEnabled: false, pageLoadStrategy: normal, platformName: windows, proxy: Proxy(), se:cdp: ws://localhost:58007/devtoo..., se:cdpVersion: 134.0.6998.178, setWindowRect: true, strictFileInteractability: false, timeouts: {implicit: 0, pageLoad: 300000, script: 30000}, unhandledPromptBehavior: dismiss and notify, webauthn:extension:credBlob: true, webauthn:extension:largeBlob: true, webauthn:extension:minPinLength: true, webauthn:extension:prf: true, webauthn:virtualAuthenticators: true}
Session ID: b734f2626b6cbacc586a0a0edb0520bb]]>
            </message>
            <full-stacktrace>
              <![CDATA[org.openqa.selenium.NoSuchElementException: no such element: Unable to locate element: {"method":"xpath","selector":"//div[@id='ownhome']"}
  (Session info: chrome=134.0.6998.178)
For documentation on this error, please visit: https://www.selenium.dev/documentation/webdriver/troubleshooting/errors#no-such-element-exception
Build info: version: '4.16.1', revision: '9b4c83354e'
System info: os.name: 'Windows 11', os.arch: 'amd64', os.version: '10.0', java.version: '23.0.1'
Driver info: org.openqa.selenium.chrome.ChromeDriver
Command: [b734f2626b6cbacc586a0a0edb0520bb, findElement {using=xpath, value=//div[@id='ownhome']}]
Capabilities {acceptInsecureCerts: false, browserName: chrome, browserVersion: 134.0.6998.178, chrome: {chromedriverVersion: 134.0.6998.165 (fd886e2cb29..., userDataDir: C:\Users\nagai\AppData\Loca...}, fedcm:accounts: true, goog:chromeOptions: {debuggerAddress: localhost:58007}, networkConnectionEnabled: false, pageLoadStrategy: normal, platformName: windows, proxy: Proxy(), se:cdp: ws://localhost:58007/devtoo..., se:cdpVersion: 134.0.6998.178, setWindowRect: true, strictFileInteractability: false, timeouts: {implicit: 0, pageLoad: 300000, script: 30000}, unhandledPromptBehavior: dismiss and notify, webauthn:extension:credBlob: true, webauthn:extension:largeBlob: true, webauthn:extension:minPinLength: true, webauthn:extension:prf: true, webauthn:virtualAuthenticators: true}
Session ID: b734f2626b6cbacc586a0a0edb0520bb
at java.base/jdk.internal.reflect.DirectConstructorHandleAccessor.newInstance(DirectConstructorHandleAccessor.java:62)
at java.base/java.lang.reflect.Constructor.newInstanceWithCaller(Constructor.java:501)
at java.base/java.lang.reflect.Constructor.newInstance(Constructor.java:485)
at org.openqa.selenium.remote.codec.w3c.W3CHttpResponseCodec.createException(W3CHttpResponseCodec.java:200)
at org.openqa.selenium.remote.codec.w3c.W3CHttpResponseCodec.decode(W3CHttpResponseCodec.java:133)
at org.openqa.selenium.remote.codec.w3c.W3CHttpResponseCodec.decode(W3CHttpResponseCodec.java:52)
at org.openqa.selenium.remote.HttpCommandExecutor.execute(HttpCommandExecutor.java:191)
at org.openqa.selenium.remote.service.DriverCommandExecutor.invokeExecute(DriverCommandExecutor.java:200)
at org.openqa.selenium.remote.service.DriverCommandExecutor.execute(DriverCommandExecutor.java:175)
at org.openqa.selenium.remote.RemoteWebDriver.execute(RemoteWebDriver.java:523)
at org.openqa.selenium.remote.ElementLocation$ElementFinder$2.findElement(ElementLocation.java:165)
at org.openqa.selenium.remote.ElementLocation.findElement(ElementLocation.java:59)
at org.openqa.selenium.remote.RemoteWebDriver.findElement(RemoteWebDriver.java:360)
at org.openqa.selenium.remote.RemoteWebDriver.findElement(RemoteWebDriver.java:354)
at org.openqa.selenium.support.pagefactory.DefaultElementLocator.findElement(DefaultElementLocator.java:68)
at org.openqa.selenium.support.pagefactory.internal.LocatingElementHandler.invoke(LocatingElementHandler.java:38)
at jdk.proxy2/jdk.proxy2.$Proxy20.click(Unknown Source)
at com.nspl.agingoptions.webUtil.WebUtil.click(WebUtil.java:324)
at com.Ao.HousingPage.HousingInfo.VerifySaveAndProceedToProfessionalWhenSelectIsYourHouseLivingInYesCheckAndSelectTwoOntheScaleOfOneTwoFive(HousingInfo.java:215)
at com.nspl.HousingInfoPageTestcase.HousingInfoTestScript.VerifySaveAandNextProfessional_SelectIsYourHouseLivingInYesCheckAndSelectTwoOntheScaleOfOneTwoFive(HousingInfoTestScript.java:137)
at java.base/jdk.internal.reflect.DirectMethodHandleAccessor.invoke(DirectMethodHandleAccessor.java:103)
at java.base/java.lang.reflect.Method.invoke(Method.java:580)
at org.testng.internal.invokers.MethodInvocationHelper.invokeMethod(MethodInvocationHelper.java:141)
at org.testng.internal.invokers.TestInvoker.invokeMethod(TestInvoker.java:686)
at org.testng.internal.invokers.TestInvoker.invokeTestMethod(TestInvoker.java:230)
at org.testng.internal.invokers.MethodRunner.runInSequence(MethodRunner.java:63)
at org.testng.internal.invokers.TestInvoker$MethodInvocationAgent.invoke(TestInvoker.java:992)
at org.testng.internal.invokers.TestInvoker.invokeTestMethods(TestInvoker.java:203)
at org.testng.internal.invokers.TestMethodWorker.invokeTestMethods(TestMethodWorker.java:154)
at org.testng.internal.invokers.TestMethodWorker.run(TestMethodWorker.java:134)
at java.base/java.util.ArrayList.forEach(ArrayList.java:1597)
at org.testng.TestRunner.privateRun(TestRunner.java:739)
at org.testng.TestRunner.run(TestRunner.java:614)
at org.testng.SuiteRunner.runTest(SuiteRunner.java:421)
at org.testng.SuiteRunner.runSequentially(SuiteRunner.java:413)
at org.testng.SuiteRunner.privateRun(SuiteRunner.java:373)
at org.testng.SuiteRunner.run(SuiteRunner.java:312)
at org.testng.SuiteRunnerWorker.runSuite(SuiteRunnerWorker.java:52)
at org.testng.SuiteRunnerWorker.run(SuiteRunnerWorker.java:95)
at org.testng.TestNG.runSuitesSequentially(TestNG.java:1274)
at org.testng.TestNG.runSuitesLocally(TestNG.java:1208)
at org.testng.TestNG.runSuites(TestNG.java:1112)
at org.testng.TestNG.run(TestNG.java:1079)
at org.testng.remote.AbstractRemoteTestNG.run(AbstractRemoteTestNG.java:115)
at org.testng.remote.RemoteTestNG.initAndRun(RemoteTestNG.java:293)
at org.testng.remote.RemoteTestNG.main(RemoteTestNG.java:91)
]]>
            </full-stacktrace>
          </exception> <!-- org.openqa.selenium.NoSuchElementException -->
          <reporter-output>
          </reporter-output>
        </test-method> <!-- VerifySaveAandNextProfessional_SelectIsYourHouseLivingInYesCheckAndSelectTwoOntheScaleOfOneTwoFive -->
        <test-method is-config="true" signature="beforeMethod(java.lang.reflect.Method)[pri:0, instance:com.nspl.HousingInfoPageTestcase.HousingInfoTestScript@4c39bec8]" started-at="2025-04-01T17:28:32 IST" name="beforeMethod" finished-at="2025-04-01T17:28:32 IST" duration-ms="0" status="PASS">
          <params>
            <param index="0">
              <value>
                <![CDATA[public void com.nspl.HousingInfoPageTestcase.HousingInfoTestScript.VerifySaveAandNextProfessional_SelectIsYourHouseLivingInYesCheckAndSelectTwoOntheScaleOfOneTwoFive()]]>
              </value>
            </param>
          </params>
          <reporter-output>
          </reporter-output>
        </test-method> <!-- beforeMethod -->
        <test-method is-config="true" signature="afterMethod(org.testng.ITestResult,java.lang.reflect.Method)[pri:0, instance:com.nspl.HousingInfoPageTestcase.HousingInfoTestScript@4c39bec8]" started-at="2025-04-01T17:30:04 IST" name="afterMethod" finished-at="2025-04-01T17:30:04 IST" duration-ms="227" status="PASS">
          <params>
            <param index="0">
              <value>
                <![CDATA[[TestResult name=VerifySaveAandNextProfessional_SelectIsYourHouseLivingInYesCheckAndSelectTwoOntheScaleOfOneTwoFive status=FAILURE method=HousingInfoTestScript.VerifySaveAandNextProfessional_SelectIsYourHouseLivingInYesCheckAndSelectTwoOntheScaleOfOneTwoFive()[pri:13, instance:com.nspl.HousingInfoPageTestcase.HousingInfoTestScript@4c39bec8] output={null}]]]>
              </value>
            </param>
            <param index="1">
              <value>
                <![CDATA[public void com.nspl.HousingInfoPageTestcase.HousingInfoTestScript.VerifySaveAandNextProfessional_SelectIsYourHouseLivingInYesCheckAndSelectTwoOntheScaleOfOneTwoFive()]]>
              </value>
            </param>
          </params>
          <reporter-output>
          </reporter-output>
        </test-method> <!-- afterMethod -->
        <test-method is-config="true" signature="afterClass()[pri:0, instance:com.nspl.HousingInfoPageTestcase.HousingInfoTestScript@4c39bec8]" started-at="2025-04-01T17:30:04 IST" name="afterClass" finished-at="2025-04-01T17:30:04 IST" duration-ms="8" status="PASS">
          <reporter-output>
          </reporter-output>
        </test-method> <!-- afterClass -->
        <test-method is-config="true" signature="afterTest()[pri:0, instance:com.nspl.HousingInfoPageTestcase.HousingInfoTestScript@4c39bec8]" started-at="2025-04-01T17:31:40 IST" name="afterTest" finished-at="2025-04-01T17:31:40 IST" duration-ms="0" status="PASS">
          <reporter-output>
          </reporter-output>
        </test-method> <!-- afterTest -->
        <test-method is-config="true" signature="afterSuite()[pri:0, instance:com.nspl.HousingInfoPageTestcase.HousingInfoTestScript@4c39bec8]" started-at="2025-04-01T17:31:40 IST" name="afterSuite" finished-at="2025-04-01T17:31:40 IST" duration-ms="15" status="PASS">
          <reporter-output>
          </reporter-output>
        </test-method> <!-- afterSuite -->
      </class> <!-- com.nspl.HousingInfoPageTestcase.HousingInfoTestScript -->
      <class name="com.nspl.HousingInfoPageTestcase.HousingProfessional_RealtorTestscript">
        <test-method is-config="true" signature="beforeClass()[pri:0, instance:com.nspl.HousingInfoPageTestcase.HousingProfessional_RealtorTestscript@26b3fd41]" started-at="2025-04-01T17:30:04 IST" name="beforeClass" finished-at="2025-04-01T17:31:14 IST" duration-ms="69831" status="PASS">
          <reporter-output>
          </reporter-output>
        </test-method> <!-- beforeClass -->
        <test-method signature="verifyRealtorPageOnHousingProfessional()[pri:1, instance:com.nspl.HousingInfoPageTestcase.HousingProfessional_RealtorTestscript@26b3fd41]" started-at="2025-04-01T17:31:14 IST" name="verifyRealtorPageOnHousingProfessional" finished-at="2025-04-01T17:31:19 IST" duration-ms="5665" status="PASS">
          <reporter-output>
          </reporter-output>
        </test-method> <!-- verifyRealtorPageOnHousingProfessional -->
        <test-method is-config="true" signature="beforeMethod(java.lang.reflect.Method)[pri:0, instance:com.nspl.HousingInfoPageTestcase.HousingProfessional_RealtorTestscript@26b3fd41]" started-at="2025-04-01T17:31:14 IST" name="beforeMethod" finished-at="2025-04-01T17:31:14 IST" duration-ms="0" status="PASS">
          <params>
            <param index="0">
              <value>
                <![CDATA[public void com.nspl.HousingInfoPageTestcase.HousingProfessional_RealtorTestscript.verifyRealtorPageOnHousingProfessional()]]>
              </value>
            </param>
          </params>
          <reporter-output>
          </reporter-output>
        </test-method> <!-- beforeMethod -->
        <test-method is-config="true" signature="afterMethod(org.testng.ITestResult,java.lang.reflect.Method)[pri:0, instance:com.nspl.HousingInfoPageTestcase.HousingProfessional_RealtorTestscript@26b3fd41]" started-at="2025-04-01T17:31:19 IST" name="afterMethod" finished-at="2025-04-01T17:31:19 IST" duration-ms="53" status="PASS">
          <params>
            <param index="0">
              <value>
                <![CDATA[[TestResult name=verifyRealtorPageOnHousingProfessional status=SUCCESS method=HousingProfessional_RealtorTestscript.verifyRealtorPageOnHousingProfessional()[pri:1, instance:com.nspl.HousingInfoPageTestcase.HousingProfessional_RealtorTestscript@26b3fd41] output={null}]]]>
              </value>
            </param>
            <param index="1">
              <value>
                <![CDATA[public void com.nspl.HousingInfoPageTestcase.HousingProfessional_RealtorTestscript.verifyRealtorPageOnHousingProfessional()]]>
              </value>
            </param>
          </params>
          <reporter-output>
          </reporter-output>
        </test-method> <!-- afterMethod -->
        <test-method is-config="true" signature="beforeMethod(java.lang.reflect.Method)[pri:0, instance:com.nspl.HousingInfoPageTestcase.HousingProfessional_RealtorTestscript@26b3fd41]" started-at="2025-04-01T17:31:19 IST" name="beforeMethod" finished-at="2025-04-01T17:31:19 IST" duration-ms="1" status="PASS">
          <params>
            <param index="0">
              <value>
                <![CDATA[public void com.nspl.HousingInfoPageTestcase.HousingProfessional_RealtorTestscript.VerifyIdONotHaveRealtorCheckBoxFunctionality()]]>
              </value>
            </param>
          </params>
          <reporter-output>
          </reporter-output>
        </test-method> <!-- beforeMethod -->
        <test-method signature="VerifyIdONotHaveRealtorCheckBoxFunctionality()[pri:2, instance:com.nspl.HousingInfoPageTestcase.HousingProfessional_RealtorTestscript@26b3fd41]" started-at="2025-04-01T17:31:19 IST" name="VerifyIdONotHaveRealtorCheckBoxFunctionality" finished-at="2025-04-01T17:31:27 IST" duration-ms="7379" status="PASS">
          <reporter-output>
          </reporter-output>
        </test-method> <!-- VerifyIdONotHaveRealtorCheckBoxFunctionality -->
        <test-method is-config="true" signature="afterMethod(org.testng.ITestResult,java.lang.reflect.Method)[pri:0, instance:com.nspl.HousingInfoPageTestcase.HousingProfessional_RealtorTestscript@26b3fd41]" started-at="2025-04-01T17:31:27 IST" name="afterMethod" finished-at="2025-04-01T17:31:27 IST" duration-ms="48" status="PASS">
          <params>
            <param index="0">
              <value>
                <![CDATA[[TestResult name=VerifyIdONotHaveRealtorCheckBoxFunctionality status=SUCCESS method=HousingProfessional_RealtorTestscript.VerifyIdONotHaveRealtorCheckBoxFunctionality()[pri:2, instance:com.nspl.HousingInfoPageTestcase.HousingProfessional_RealtorTestscript@26b3fd41] output={null}]]]>
              </value>
            </param>
            <param index="1">
              <value>
                <![CDATA[public void com.nspl.HousingInfoPageTestcase.HousingProfessional_RealtorTestscript.VerifyIdONotHaveRealtorCheckBoxFunctionality()]]>
              </value>
            </param>
          </params>
          <reporter-output>
          </reporter-output>
        </test-method> <!-- afterMethod -->
        <test-method signature="VerifyClickIDoNotHaveRealtorCheckBox()[pri:3, instance:com.nspl.HousingInfoPageTestcase.HousingProfessional_RealtorTestscript@26b3fd41]" started-at="2025-04-01T17:31:27 IST" name="VerifyClickIDoNotHaveRealtorCheckBox" finished-at="2025-04-01T17:31:37 IST" duration-ms="9934" status="PASS">
          <reporter-output>
          </reporter-output>
        </test-method> <!-- VerifyClickIDoNotHaveRealtorCheckBox -->
        <test-method is-config="true" signature="beforeMethod(java.lang.reflect.Method)[pri:0, instance:com.nspl.HousingInfoPageTestcase.HousingProfessional_RealtorTestscript@26b3fd41]" started-at="2025-04-01T17:31:27 IST" name="beforeMethod" finished-at="2025-04-01T17:31:27 IST" duration-ms="0" status="PASS">
          <params>
            <param index="0">
              <value>
                <![CDATA[public void com.nspl.HousingInfoPageTestcase.HousingProfessional_RealtorTestscript.VerifyClickIDoNotHaveRealtorCheckBox()]]>
              </value>
            </param>
          </params>
          <reporter-output>
          </reporter-output>
        </test-method> <!-- beforeMethod -->
        <test-method is-config="true" signature="afterMethod(org.testng.ITestResult,java.lang.reflect.Method)[pri:0, instance:com.nspl.HousingInfoPageTestcase.HousingProfessional_RealtorTestscript@26b3fd41]" started-at="2025-04-01T17:31:37 IST" name="afterMethod" finished-at="2025-04-01T17:31:37 IST" duration-ms="51" status="PASS">
          <params>
            <param index="0">
              <value>
                <![CDATA[[TestResult name=VerifyClickIDoNotHaveRealtorCheckBox status=SUCCESS method=HousingProfessional_RealtorTestscript.VerifyClickIDoNotHaveRealtorCheckBox()[pri:3, instance:com.nspl.HousingInfoPageTestcase.HousingProfessional_RealtorTestscript@26b3fd41] output={null}]]]>
              </value>
            </param>
            <param index="1">
              <value>
                <![CDATA[public void com.nspl.HousingInfoPageTestcase.HousingProfessional_RealtorTestscript.VerifyClickIDoNotHaveRealtorCheckBox()]]>
              </value>
            </param>
          </params>
          <reporter-output>
          </reporter-output>
        </test-method> <!-- afterMethod -->
        <test-method is-config="true" signature="beforeMethod(java.lang.reflect.Method)[pri:0, instance:com.nspl.HousingInfoPageTestcase.HousingProfessional_RealtorTestscript@26b3fd41]" started-at="2025-04-01T17:31:37 IST" name="beforeMethod" finished-at="2025-04-01T17:31:37 IST" duration-ms="0" status="PASS">
          <params>
            <param index="0">
              <value>
                <![CDATA[public void com.nspl.HousingInfoPageTestcase.HousingProfessional_RealtorTestscript.verifyToggleButton()]]>
              </value>
            </param>
          </params>
          <reporter-output>
          </reporter-output>
        </test-method> <!-- beforeMethod -->
        <test-method signature="verifyToggleButton()[pri:4, instance:com.nspl.HousingInfoPageTestcase.HousingProfessional_RealtorTestscript@26b3fd41]" started-at="2025-04-01T17:31:37 IST" name="verifyToggleButton" finished-at="2025-04-01T17:31:40 IST" duration-ms="3431" status="PASS">
          <reporter-output>
          </reporter-output>
        </test-method> <!-- verifyToggleButton -->
        <test-method is-config="true" signature="afterMethod(org.testng.ITestResult,java.lang.reflect.Method)[pri:0, instance:com.nspl.HousingInfoPageTestcase.HousingProfessional_RealtorTestscript@26b3fd41]" started-at="2025-04-01T17:31:40 IST" name="afterMethod" finished-at="2025-04-01T17:31:40 IST" duration-ms="14" status="PASS">
          <params>
            <param index="0">
              <value>
                <![CDATA[[TestResult name=verifyToggleButton status=SUCCESS method=HousingProfessional_RealtorTestscript.verifyToggleButton()[pri:4, instance:com.nspl.HousingInfoPageTestcase.HousingProfessional_RealtorTestscript@26b3fd41] output={null}]]]>
              </value>
            </param>
            <param index="1">
              <value>
                <![CDATA[public void com.nspl.HousingInfoPageTestcase.HousingProfessional_RealtorTestscript.verifyToggleButton()]]>
              </value>
            </param>
          </params>
          <reporter-output>
          </reporter-output>
        </test-method> <!-- afterMethod -->
        <test-method is-config="true" signature="afterClass()[pri:0, instance:com.nspl.HousingInfoPageTestcase.HousingProfessional_RealtorTestscript@26b3fd41]" started-at="2025-04-01T17:31:40 IST" name="afterClass" finished-at="2025-04-01T17:31:40 IST" duration-ms="9" status="PASS">
          <reporter-output>
          </reporter-output>
        </test-method> <!-- afterClass -->
      </class> <!-- com.nspl.HousingInfoPageTestcase.HousingProfessional_RealtorTestscript -->
    </test> <!-- Test -->
  </suite> <!-- Suite -->
</testng-results>
