<?xml version="1.0" encoding="UTF-8"?>
<testng-results ignored="5" total="6" passed="1" failed="0" skipped="0">
  <reporter-output>
  </reporter-output>
  <suite started-at="2025-05-19T11:49:35 IST" name="Default suite" finished-at="2025-05-19T11:51:35 IST" duration-ms="120126">
    <groups>
    </groups>
    <test started-at="2025-05-19T11:49:35 IST" name="Default test" finished-at="2025-05-19T11:51:35 IST" duration-ms="120126">
      <class name="com.nspl.agingoptions.financepage.testcases.LifeInsuranceTestCases">
        <test-method is-config="true" signature="beforeSuite()[pri:0, instance:com.nspl.agingoptions.financepage.testcases.LifeInsuranceTestCases@131ef10]" started-at="2025-05-19T11:49:35 IST" name="beforeSuite" finished-at="2025-05-19T11:49:35 IST" duration-ms="244" status="PASS">
          <reporter-output>
          </reporter-output>
        </test-method> <!-- beforeSuite -->
        <test-method is-config="true" signature="beforeTest()[pri:0, instance:com.nspl.agingoptions.financepage.testcases.LifeInsuranceTestCases@131ef10]" started-at="2025-05-19T11:49:35 IST" name="beforeTest" finished-at="2025-05-19T11:50:43 IST" duration-ms="67707" status="PASS">
          <reporter-output>
          </reporter-output>
        </test-method> <!-- beforeTest -->
        <test-method is-config="true" signature="beforeClass()[pri:0, instance:com.nspl.agingoptions.financepage.testcases.LifeInsuranceTestCases@131ef10]" started-at="2025-05-19T11:50:43 IST" name="beforeClass" finished-at="2025-05-19T11:50:43 IST" duration-ms="1" status="PASS">
          <reporter-output>
          </reporter-output>
        </test-method> <!-- beforeClass -->
        <test-method is-config="true" signature="beforeMethod(java.lang.reflect.Method)[pri:0, instance:com.nspl.agingoptions.financepage.testcases.LifeInsuranceTestCases@131ef10]" started-at="2025-05-19T11:50:43 IST" name="beforeMethod" finished-at="2025-05-19T11:50:43 IST" duration-ms="4" status="PASS">
          <params>
            <param index="0">
              <value>
                <![CDATA[public void com.nspl.agingoptions.financepage.testcases.LifeInsuranceTestCases.FTC_021_SpouseLifeInsuranceNextLongTermCarePolicyButton()]]>
              </value>
            </param>
          </params>
          <reporter-output>
          </reporter-output>
        </test-method> <!-- beforeMethod -->
        <test-method signature="FTC_021_SpouseLifeInsuranceNextLongTermCarePolicyButton()[pri:6, instance:com.nspl.agingoptions.financepage.testcases.LifeInsuranceTestCases@131ef10]" started-at="2025-05-19T11:50:43 IST" name="FTC_021_SpouseLifeInsuranceNextLongTermCarePolicyButton" finished-at="2025-05-19T11:51:35 IST" duration-ms="52047" status="PASS">
          <reporter-output>
          </reporter-output>
        </test-method> <!-- FTC_021_SpouseLifeInsuranceNextLongTermCarePolicyButton -->
        <test-method is-config="true" signature="afterMethod(org.testng.ITestResult,java.lang.reflect.Method)[pri:0, instance:com.nspl.agingoptions.financepage.testcases.LifeInsuranceTestCases@131ef10]" started-at="2025-05-19T11:51:35 IST" name="afterMethod" finished-at="2025-05-19T11:51:35 IST" duration-ms="322" status="PASS">
          <params>
            <param index="0">
              <value>
                <![CDATA[[TestResult name=FTC_021_SpouseLifeInsuranceNextLongTermCarePolicyButton status=SUCCESS method=LifeInsuranceTestCases.FTC_021_SpouseLifeInsuranceNextLongTermCarePolicyButton()[pri:6, instance:com.nspl.agingoptions.financepage.testcases.LifeInsuranceTestCases@131ef10] output={null}]]]>
              </value>
            </param>
            <param index="1">
              <value>
                <![CDATA[public void com.nspl.agingoptions.financepage.testcases.LifeInsuranceTestCases.FTC_021_SpouseLifeInsuranceNextLongTermCarePolicyButton()]]>
              </value>
            </param>
          </params>
          <reporter-output>
          </reporter-output>
        </test-method> <!-- afterMethod -->
        <test-method is-config="true" signature="afterClass()[pri:0, instance:com.nspl.agingoptions.financepage.testcases.LifeInsuranceTestCases@131ef10]" started-at="2025-05-19T11:51:35 IST" name="afterClass" finished-at="2025-05-19T11:51:35 IST" duration-ms="10" status="PASS">
          <reporter-output>
          </reporter-output>
        </test-method> <!-- afterClass -->
        <test-method is-config="true" signature="afterTest()[pri:0, instance:com.nspl.agingoptions.financepage.testcases.LifeInsuranceTestCases@131ef10]" started-at="2025-05-19T11:51:35 IST" name="afterTest" finished-at="2025-05-19T11:51:35 IST" duration-ms="0" status="PASS">
          <reporter-output>
          </reporter-output>
        </test-method> <!-- afterTest -->
        <test-method is-config="true" signature="afterSuite()[pri:0, instance:com.nspl.agingoptions.financepage.testcases.LifeInsuranceTestCases@131ef10]" started-at="2025-05-19T11:51:35 IST" name="afterSuite" finished-at="2025-05-19T11:51:35 IST" duration-ms="12" status="PASS">
          <reporter-output>
          </reporter-output>
        </test-method> <!-- afterSuite -->
      </class> <!-- com.nspl.agingoptions.financepage.testcases.LifeInsuranceTestCases -->
    </test> <!-- Default test -->
  </suite> <!-- Default suite -->
</testng-results>
