<?xml version="1.0" encoding="UTF-8"?>
<testng-results ignored="5" total="6" passed="1" failed="0" skipped="0">
  <reporter-output>
  </reporter-output>
  <suite started-at="2025-04-18T15:11:30 IST" name="Default suite" finished-at="2025-04-18T15:13:33 IST" duration-ms="123795">
    <groups>
    </groups>
    <test started-at="2025-04-18T15:11:30 IST" name="Default test" finished-at="2025-04-18T15:13:33 IST" duration-ms="123795">
      <class name="com.nspl.agingoptions.healthpage.testcases.MarriedUserPersonalMedicalHistoryTestCases">
        <test-method is-config="true" signature="beforeSuite()[pri:0, instance:com.nspl.agingoptions.healthpage.testcases.MarriedUserPersonalMedicalHistoryTestCases@38afe297]" started-at="2025-04-18T15:11:29 IST" name="beforeSuite" finished-at="2025-04-18T15:11:30 IST" duration-ms="363" status="PASS">
          <reporter-output>
          </reporter-output>
        </test-method> <!-- beforeSuite -->
        <test-method is-config="true" signature="beforeTest()[pri:0, instance:com.nspl.agingoptions.healthpage.testcases.MarriedUserPersonalMedicalHistoryTestCases@38afe297]" started-at="2025-04-18T15:11:30 IST" name="beforeTest" finished-at="2025-04-18T15:13:10 IST" duration-ms="100624" status="PASS">
          <reporter-output>
          </reporter-output>
        </test-method> <!-- beforeTest -->
        <test-method is-config="true" signature="beforeClass()[pri:0, instance:com.nspl.agingoptions.healthpage.testcases.MarriedUserPersonalMedicalHistoryTestCases@38afe297]" started-at="2025-04-18T15:13:10 IST" name="beforeClass" finished-at="2025-04-18T15:13:10 IST" duration-ms="2" status="PASS">
          <reporter-output>
          </reporter-output>
        </test-method> <!-- beforeClass -->
        <test-method is-config="true" signature="beforeMethod(java.lang.reflect.Method)[pri:0, instance:com.nspl.agingoptions.healthpage.testcases.MarriedUserPersonalMedicalHistoryTestCases@38afe297]" started-at="2025-04-18T15:13:10 IST" name="beforeMethod" finished-at="2025-04-18T15:13:10 IST" duration-ms="6" status="PASS">
          <params>
            <param index="0">
              <value>
                <![CDATA[public void com.nspl.agingoptions.healthpage.testcases.MarriedUserPersonalMedicalHistoryTestCases.TC_001_Health_Personal_MedicalHistoryPage()]]>
              </value>
            </param>
          </params>
          <reporter-output>
          </reporter-output>
        </test-method> <!-- beforeMethod -->
        <test-method signature="TC_001_Health_Personal_MedicalHistoryPage()[pri:1, instance:com.nspl.agingoptions.healthpage.testcases.MarriedUserPersonalMedicalHistoryTestCases@38afe297]" started-at="2025-04-18T15:13:10 IST" name="TC_001_Health_Personal_MedicalHistoryPage" finished-at="2025-04-18T15:13:33 IST" duration-ms="22457" status="PASS">
          <reporter-output>
          </reporter-output>
        </test-method> <!-- TC_001_Health_Personal_MedicalHistoryPage -->
        <test-method is-config="true" signature="afterMethod(org.testng.ITestResult,java.lang.reflect.Method)[pri:0, instance:com.nspl.agingoptions.healthpage.testcases.MarriedUserPersonalMedicalHistoryTestCases@38afe297]" started-at="2025-04-18T15:13:33 IST" name="afterMethod" finished-at="2025-04-18T15:13:33 IST" duration-ms="566" status="PASS">
          <params>
            <param index="0">
              <value>
                <![CDATA[[TestResult name=TC_001_Health_Personal_MedicalHistoryPage status=SUCCESS method=MarriedUserPersonalMedicalHistoryTestCases.TC_001_Health_Personal_MedicalHistoryPage()[pri:1, instance:com.nspl.agingoptions.healthpage.testcases.MarriedUserPersonalMedicalHistoryTestCases@38afe297] output={null}]]]>
              </value>
            </param>
            <param index="1">
              <value>
                <![CDATA[public void com.nspl.agingoptions.healthpage.testcases.MarriedUserPersonalMedicalHistoryTestCases.TC_001_Health_Personal_MedicalHistoryPage()]]>
              </value>
            </param>
          </params>
          <reporter-output>
          </reporter-output>
        </test-method> <!-- afterMethod -->
        <test-method is-config="true" signature="afterClass()[pri:0, instance:com.nspl.agingoptions.healthpage.testcases.MarriedUserPersonalMedicalHistoryTestCases@38afe297]" started-at="2025-04-18T15:13:33 IST" name="afterClass" finished-at="2025-04-18T15:13:33 IST" duration-ms="23" status="PASS">
          <reporter-output>
          </reporter-output>
        </test-method> <!-- afterClass -->
        <test-method is-config="true" signature="afterTest()[pri:0, instance:com.nspl.agingoptions.healthpage.testcases.MarriedUserPersonalMedicalHistoryTestCases@38afe297]" started-at="2025-04-18T15:13:33 IST" name="afterTest" finished-at="2025-04-18T15:13:33 IST" duration-ms="0" status="PASS">
          <reporter-output>
          </reporter-output>
        </test-method> <!-- afterTest -->
        <test-method is-config="true" signature="afterSuite()[pri:0, instance:com.nspl.agingoptions.healthpage.testcases.MarriedUserPersonalMedicalHistoryTestCases@38afe297]" started-at="2025-04-18T15:13:34 IST" name="afterSuite" finished-at="2025-04-18T15:13:34 IST" duration-ms="12" status="PASS">
          <reporter-output>
          </reporter-output>
        </test-method> <!-- afterSuite -->
      </class> <!-- com.nspl.agingoptions.healthpage.testcases.MarriedUserPersonalMedicalHistoryTestCases -->
    </test> <!-- Default test -->
  </suite> <!-- Default suite -->
</testng-results>
