<?xml version="1.0" encoding="UTF-8"?>
<testng-results ignored="0" total="8" passed="7" failed="1" skipped="0">
  <reporter-output>
  </reporter-output>
  <suite started-at="2025-04-02T17:23:28 IST" name="Suite" finished-at="2025-04-02T17:32:50 IST" duration-ms="562392">
    <groups>
    </groups>
    <test started-at="2025-04-02T17:23:28 IST" name="Test" finished-at="2025-04-02T17:32:50 IST" duration-ms="562392">
      <class name="com.nspl.HousingInfoPageTestcase.HousingProfessional_RealtorTestscript">
        <test-method is-config="true" signature="beforeSuite()[pri:0, instance:com.nspl.HousingInfoPageTestcase.HousingProfessional_RealtorTestscript@6a2f6f80]" started-at="2025-04-02T17:23:27 IST" name="beforeSuite" finished-at="2025-04-02T17:23:28 IST" duration-ms="299" status="PASS">
          <reporter-output>
          </reporter-output>
        </test-method> <!-- beforeSuite -->
        <test-method is-config="true" signature="beforeTest()[pri:0, instance:com.nspl.HousingInfoPageTestcase.HousingProfessional_RealtorTestscript@6a2f6f80]" started-at="2025-04-02T17:23:28 IST" name="beforeTest" finished-at="2025-04-02T17:23:28 IST" duration-ms="1" status="PASS">
          <reporter-output>
          </reporter-output>
        </test-method> <!-- beforeTest -->
        <test-method is-config="true" signature="beforeClass()[pri:0, instance:com.nspl.HousingInfoPageTestcase.HousingProfessional_RealtorTestscript@6a2f6f80]" started-at="2025-04-02T17:23:28 IST" name="beforeClass" finished-at="2025-04-02T17:25:17 IST" duration-ms="108957" status="PASS">
          <reporter-output>
          </reporter-output>
        </test-method> <!-- beforeClass -->
        <test-method is-config="true" signature="beforeMethod(java.lang.reflect.Method)[pri:0, instance:com.nspl.HousingInfoPageTestcase.HousingProfessional_RealtorTestscript@6a2f6f80]" started-at="2025-04-02T17:25:17 IST" name="beforeMethod" finished-at="2025-04-02T17:25:17 IST" duration-ms="5" status="PASS">
          <params>
            <param index="0">
              <value>
                <![CDATA[public void com.nspl.HousingInfoPageTestcase.HousingProfessional_RealtorTestscript.verifyaddRealtorForPraimaryMember()]]>
              </value>
            </param>
          </params>
          <reporter-output>
          </reporter-output>
        </test-method> <!-- beforeMethod -->
        <test-method signature="verifyaddRealtorForPraimaryMember()[pri:5, instance:com.nspl.HousingInfoPageTestcase.HousingProfessional_RealtorTestscript@6a2f6f80]" started-at="2025-04-02T17:25:17 IST" name="verifyaddRealtorForPraimaryMember" finished-at="2025-04-02T17:26:07 IST" duration-ms="50050" status="PASS">
          <reporter-output>
          </reporter-output>
        </test-method> <!-- verifyaddRealtorForPraimaryMember -->
        <test-method is-config="true" signature="afterMethod(org.testng.ITestResult,java.lang.reflect.Method)[pri:0, instance:com.nspl.HousingInfoPageTestcase.HousingProfessional_RealtorTestscript@6a2f6f80]" started-at="2025-04-02T17:26:07 IST" name="afterMethod" finished-at="2025-04-02T17:26:08 IST" duration-ms="881" status="PASS">
          <params>
            <param index="0">
              <value>
                <![CDATA[[TestResult name=verifyaddRealtorForPraimaryMember status=SUCCESS method=HousingProfessional_RealtorTestscript.verifyaddRealtorForPraimaryMember()[pri:5, instance:com.nspl.HousingInfoPageTestcase.HousingProfessional_RealtorTestscript@6a2f6f80] output={null}]]]>
              </value>
            </param>
            <param index="1">
              <value>
                <![CDATA[public void com.nspl.HousingInfoPageTestcase.HousingProfessional_RealtorTestscript.verifyaddRealtorForPraimaryMember()]]>
              </value>
            </param>
          </params>
          <reporter-output>
          </reporter-output>
        </test-method> <!-- afterMethod -->
        <test-method is-config="true" signature="beforeMethod(java.lang.reflect.Method)[pri:0, instance:com.nspl.HousingInfoPageTestcase.HousingProfessional_RealtorTestscript@6a2f6f80]" started-at="2025-04-02T17:26:08 IST" name="beforeMethod" finished-at="2025-04-02T17:26:08 IST" duration-ms="2" status="PASS">
          <params>
            <param index="0">
              <value>
                <![CDATA[public void com.nspl.HousingInfoPageTestcase.HousingProfessional_RealtorTestscript.VerifySaveAndAddAnotherPrimaryMemberRealtorDetails()]]>
              </value>
            </param>
          </params>
          <reporter-output>
          </reporter-output>
        </test-method> <!-- beforeMethod -->
        <test-method signature="VerifySaveAndAddAnotherPrimaryMemberRealtorDetails()[pri:6, instance:com.nspl.HousingInfoPageTestcase.HousingProfessional_RealtorTestscript@6a2f6f80]" started-at="2025-04-02T17:26:08 IST" name="VerifySaveAndAddAnotherPrimaryMemberRealtorDetails" finished-at="2025-04-02T17:26:58 IST" duration-ms="50570" status="PASS">
          <reporter-output>
          </reporter-output>
        </test-method> <!-- VerifySaveAndAddAnotherPrimaryMemberRealtorDetails -->
        <test-method is-config="true" signature="afterMethod(org.testng.ITestResult,java.lang.reflect.Method)[pri:0, instance:com.nspl.HousingInfoPageTestcase.HousingProfessional_RealtorTestscript@6a2f6f80]" started-at="2025-04-02T17:26:58 IST" name="afterMethod" finished-at="2025-04-02T17:26:58 IST" duration-ms="89" status="PASS">
          <params>
            <param index="0">
              <value>
                <![CDATA[[TestResult name=VerifySaveAndAddAnotherPrimaryMemberRealtorDetails status=SUCCESS method=HousingProfessional_RealtorTestscript.VerifySaveAndAddAnotherPrimaryMemberRealtorDetails()[pri:6, instance:com.nspl.HousingInfoPageTestcase.HousingProfessional_RealtorTestscript@6a2f6f80] output={null}]]]>
              </value>
            </param>
            <param index="1">
              <value>
                <![CDATA[public void com.nspl.HousingInfoPageTestcase.HousingProfessional_RealtorTestscript.VerifySaveAndAddAnotherPrimaryMemberRealtorDetails()]]>
              </value>
            </param>
          </params>
          <reporter-output>
          </reporter-output>
        </test-method> <!-- afterMethod -->
        <test-method is-config="true" signature="beforeMethod(java.lang.reflect.Method)[pri:0, instance:com.nspl.HousingInfoPageTestcase.HousingProfessional_RealtorTestscript@6a2f6f80]" started-at="2025-04-02T17:26:58 IST" name="beforeMethod" finished-at="2025-04-02T17:26:58 IST" duration-ms="2" status="PASS">
          <params>
            <param index="0">
              <value>
                <![CDATA[public void com.nspl.HousingInfoPageTestcase.HousingProfessional_RealtorTestscript.VerifySaveAndproceedPrimaryMemberRealtorDetails()]]>
              </value>
            </param>
          </params>
          <reporter-output>
          </reporter-output>
        </test-method> <!-- beforeMethod -->
        <test-method signature="VerifySaveAndproceedPrimaryMemberRealtorDetails()[pri:7, instance:com.nspl.HousingInfoPageTestcase.HousingProfessional_RealtorTestscript@6a2f6f80]" started-at="2025-04-02T17:26:58 IST" name="VerifySaveAndproceedPrimaryMemberRealtorDetails" finished-at="2025-04-02T17:27:52 IST" duration-ms="53604" status="PASS">
          <reporter-output>
          </reporter-output>
        </test-method> <!-- VerifySaveAndproceedPrimaryMemberRealtorDetails -->
        <test-method is-config="true" signature="afterMethod(org.testng.ITestResult,java.lang.reflect.Method)[pri:0, instance:com.nspl.HousingInfoPageTestcase.HousingProfessional_RealtorTestscript@6a2f6f80]" started-at="2025-04-02T17:27:52 IST" name="afterMethod" finished-at="2025-04-02T17:27:52 IST" duration-ms="52" status="PASS">
          <params>
            <param index="0">
              <value>
                <![CDATA[[TestResult name=VerifySaveAndproceedPrimaryMemberRealtorDetails status=SUCCESS method=HousingProfessional_RealtorTestscript.VerifySaveAndproceedPrimaryMemberRealtorDetails()[pri:7, instance:com.nspl.HousingInfoPageTestcase.HousingProfessional_RealtorTestscript@6a2f6f80] output={null}]]]>
              </value>
            </param>
            <param index="1">
              <value>
                <![CDATA[public void com.nspl.HousingInfoPageTestcase.HousingProfessional_RealtorTestscript.VerifySaveAndproceedPrimaryMemberRealtorDetails()]]>
              </value>
            </param>
          </params>
          <reporter-output>
          </reporter-output>
        </test-method> <!-- afterMethod -->
        <test-method signature="VerifySaveAndContinueSpouseRealtorDetails()[pri:8, instance:com.nspl.HousingInfoPageTestcase.HousingProfessional_RealtorTestscript@6a2f6f80]" started-at="2025-04-02T17:27:52 IST" name="VerifySaveAndContinueSpouseRealtorDetails" finished-at="2025-04-02T17:28:39 IST" duration-ms="46789" status="PASS">
          <reporter-output>
          </reporter-output>
        </test-method> <!-- VerifySaveAndContinueSpouseRealtorDetails -->
        <test-method is-config="true" signature="beforeMethod(java.lang.reflect.Method)[pri:0, instance:com.nspl.HousingInfoPageTestcase.HousingProfessional_RealtorTestscript@6a2f6f80]" started-at="2025-04-02T17:27:52 IST" name="beforeMethod" finished-at="2025-04-02T17:27:52 IST" duration-ms="0" status="PASS">
          <params>
            <param index="0">
              <value>
                <![CDATA[public void com.nspl.HousingInfoPageTestcase.HousingProfessional_RealtorTestscript.VerifySaveAndContinueSpouseRealtorDetails()]]>
              </value>
            </param>
          </params>
          <reporter-output>
          </reporter-output>
        </test-method> <!-- beforeMethod -->
        <test-method is-config="true" signature="afterMethod(org.testng.ITestResult,java.lang.reflect.Method)[pri:0, instance:com.nspl.HousingInfoPageTestcase.HousingProfessional_RealtorTestscript@6a2f6f80]" started-at="2025-04-02T17:28:39 IST" name="afterMethod" finished-at="2025-04-02T17:28:39 IST" duration-ms="79" status="PASS">
          <params>
            <param index="0">
              <value>
                <![CDATA[[TestResult name=VerifySaveAndContinueSpouseRealtorDetails status=SUCCESS method=HousingProfessional_RealtorTestscript.VerifySaveAndContinueSpouseRealtorDetails()[pri:8, instance:com.nspl.HousingInfoPageTestcase.HousingProfessional_RealtorTestscript@6a2f6f80] output={null}]]]>
              </value>
            </param>
            <param index="1">
              <value>
                <![CDATA[public void com.nspl.HousingInfoPageTestcase.HousingProfessional_RealtorTestscript.VerifySaveAndContinueSpouseRealtorDetails()]]>
              </value>
            </param>
          </params>
          <reporter-output>
          </reporter-output>
        </test-method> <!-- afterMethod -->
        <test-method signature="VerifySaveAndAddAnotherSpouseRealtorDetails()[pri:9, instance:com.nspl.HousingInfoPageTestcase.HousingProfessional_RealtorTestscript@6a2f6f80]" started-at="2025-04-02T17:28:39 IST" name="VerifySaveAndAddAnotherSpouseRealtorDetails" finished-at="2025-04-02T17:29:32 IST" duration-ms="52844" status="PASS">
          <reporter-output>
          </reporter-output>
        </test-method> <!-- VerifySaveAndAddAnotherSpouseRealtorDetails -->
        <test-method is-config="true" signature="beforeMethod(java.lang.reflect.Method)[pri:0, instance:com.nspl.HousingInfoPageTestcase.HousingProfessional_RealtorTestscript@6a2f6f80]" started-at="2025-04-02T17:28:39 IST" name="beforeMethod" finished-at="2025-04-02T17:28:39 IST" duration-ms="0" status="PASS">
          <params>
            <param index="0">
              <value>
                <![CDATA[public void com.nspl.HousingInfoPageTestcase.HousingProfessional_RealtorTestscript.VerifySaveAndAddAnotherSpouseRealtorDetails()]]>
              </value>
            </param>
          </params>
          <reporter-output>
          </reporter-output>
        </test-method> <!-- beforeMethod -->
        <test-method is-config="true" signature="afterMethod(org.testng.ITestResult,java.lang.reflect.Method)[pri:0, instance:com.nspl.HousingInfoPageTestcase.HousingProfessional_RealtorTestscript@6a2f6f80]" started-at="2025-04-02T17:29:32 IST" name="afterMethod" finished-at="2025-04-02T17:29:32 IST" duration-ms="53" status="PASS">
          <params>
            <param index="0">
              <value>
                <![CDATA[[TestResult name=VerifySaveAndAddAnotherSpouseRealtorDetails status=SUCCESS method=HousingProfessional_RealtorTestscript.VerifySaveAndAddAnotherSpouseRealtorDetails()[pri:9, instance:com.nspl.HousingInfoPageTestcase.HousingProfessional_RealtorTestscript@6a2f6f80] output={null}]]]>
              </value>
            </param>
            <param index="1">
              <value>
                <![CDATA[public void com.nspl.HousingInfoPageTestcase.HousingProfessional_RealtorTestscript.VerifySaveAndAddAnotherSpouseRealtorDetails()]]>
              </value>
            </param>
          </params>
          <reporter-output>
          </reporter-output>
        </test-method> <!-- afterMethod -->
        <test-method signature="VerifySaveAndProceedSpouseRealtorDetails()[pri:10, instance:com.nspl.HousingInfoPageTestcase.HousingProfessional_RealtorTestscript@6a2f6f80]" started-at="2025-04-02T17:29:32 IST" name="VerifySaveAndProceedSpouseRealtorDetails" finished-at="2025-04-02T17:30:25 IST" duration-ms="53138" status="PASS">
          <reporter-output>
          </reporter-output>
        </test-method> <!-- VerifySaveAndProceedSpouseRealtorDetails -->
        <test-method is-config="true" signature="beforeMethod(java.lang.reflect.Method)[pri:0, instance:com.nspl.HousingInfoPageTestcase.HousingProfessional_RealtorTestscript@6a2f6f80]" started-at="2025-04-02T17:29:32 IST" name="beforeMethod" finished-at="2025-04-02T17:29:32 IST" duration-ms="0" status="PASS">
          <params>
            <param index="0">
              <value>
                <![CDATA[public void com.nspl.HousingInfoPageTestcase.HousingProfessional_RealtorTestscript.VerifySaveAndProceedSpouseRealtorDetails()]]>
              </value>
            </param>
          </params>
          <reporter-output>
          </reporter-output>
        </test-method> <!-- beforeMethod -->
        <test-method is-config="true" signature="afterMethod(org.testng.ITestResult,java.lang.reflect.Method)[pri:0, instance:com.nspl.HousingInfoPageTestcase.HousingProfessional_RealtorTestscript@6a2f6f80]" started-at="2025-04-02T17:30:25 IST" name="afterMethod" finished-at="2025-04-02T17:30:25 IST" duration-ms="57" status="PASS">
          <params>
            <param index="0">
              <value>
                <![CDATA[[TestResult name=VerifySaveAndProceedSpouseRealtorDetails status=SUCCESS method=HousingProfessional_RealtorTestscript.VerifySaveAndProceedSpouseRealtorDetails()[pri:10, instance:com.nspl.HousingInfoPageTestcase.HousingProfessional_RealtorTestscript@6a2f6f80] output={null}]]]>
              </value>
            </param>
            <param index="1">
              <value>
                <![CDATA[public void com.nspl.HousingInfoPageTestcase.HousingProfessional_RealtorTestscript.VerifySaveAndProceedSpouseRealtorDetails()]]>
              </value>
            </param>
          </params>
          <reporter-output>
          </reporter-output>
        </test-method> <!-- afterMethod -->
        <test-method is-config="true" signature="beforeMethod(java.lang.reflect.Method)[pri:0, instance:com.nspl.HousingInfoPageTestcase.HousingProfessional_RealtorTestscript@6a2f6f80]" started-at="2025-04-02T17:30:25 IST" name="beforeMethod" finished-at="2025-04-02T17:30:25 IST" duration-ms="2" status="PASS">
          <params>
            <param index="0">
              <value>
                <![CDATA[public void com.nspl.HousingInfoPageTestcase.HousingProfessional_RealtorTestscript.VerifyCopySameDataFunctionality()]]>
              </value>
            </param>
          </params>
          <reporter-output>
          </reporter-output>
        </test-method> <!-- beforeMethod -->
        <test-method signature="VerifyCopySameDataFunctionality()[pri:11, instance:com.nspl.HousingInfoPageTestcase.HousingProfessional_RealtorTestscript@6a2f6f80]" started-at="2025-04-02T17:30:25 IST" name="VerifyCopySameDataFunctionality" finished-at="2025-04-02T17:31:35 IST" duration-ms="70521" status="PASS">
          <reporter-output>
          </reporter-output>
        </test-method> <!-- VerifyCopySameDataFunctionality -->
        <test-method is-config="true" signature="afterMethod(org.testng.ITestResult,java.lang.reflect.Method)[pri:0, instance:com.nspl.HousingInfoPageTestcase.HousingProfessional_RealtorTestscript@6a2f6f80]" started-at="2025-04-02T17:31:35 IST" name="afterMethod" finished-at="2025-04-02T17:31:35 IST" duration-ms="55" status="PASS">
          <params>
            <param index="0">
              <value>
                <![CDATA[[TestResult name=VerifyCopySameDataFunctionality status=SUCCESS method=HousingProfessional_RealtorTestscript.VerifyCopySameDataFunctionality()[pri:11, instance:com.nspl.HousingInfoPageTestcase.HousingProfessional_RealtorTestscript@6a2f6f80] output={null}]]]>
              </value>
            </param>
            <param index="1">
              <value>
                <![CDATA[public void com.nspl.HousingInfoPageTestcase.HousingProfessional_RealtorTestscript.VerifyCopySameDataFunctionality()]]>
              </value>
            </param>
          </params>
          <reporter-output>
          </reporter-output>
        </test-method> <!-- afterMethod -->
        <test-method is-config="true" signature="beforeMethod(java.lang.reflect.Method)[pri:0, instance:com.nspl.HousingInfoPageTestcase.HousingProfessional_RealtorTestscript@6a2f6f80]" started-at="2025-04-02T17:31:35 IST" name="beforeMethod" finished-at="2025-04-02T17:31:35 IST" duration-ms="2" status="PASS">
          <params>
            <param index="0">
              <value>
                <![CDATA[public void com.nspl.HousingInfoPageTestcase.HousingProfessional_RealtorTestscript.VerifyUpdateRealtorDetails()]]>
              </value>
            </param>
          </params>
          <reporter-output>
          </reporter-output>
        </test-method> <!-- beforeMethod -->
        <test-method signature="VerifyUpdateRealtorDetails()[pri:12, instance:com.nspl.HousingInfoPageTestcase.HousingProfessional_RealtorTestscript@6a2f6f80]" started-at="2025-04-02T17:31:35 IST" name="VerifyUpdateRealtorDetails" finished-at="2025-04-02T17:32:50 IST" duration-ms="74166" status="FAIL">
          <exception class="java.lang.AssertionError">
            <message>
              <![CDATA[expected [Test345] but found [AqucgTest345]]]>
            </message>
            <full-stacktrace>
              <![CDATA[java.lang.AssertionError: expected [Test345] but found [AqucgTest345]
at org.testng.Assert.fail(Assert.java:111)
at org.testng.Assert.failNotEquals(Assert.java:1578)
at org.testng.Assert.assertEqualsImpl(Assert.java:150)
at org.testng.Assert.assertEquals(Assert.java:132)
at org.testng.Assert.assertEquals(Assert.java:656)
at org.testng.Assert.assertEquals(Assert.java:666)
at com.nspl.agingoptions.webUtil.WebUtil.verifyActualExpectedTextContains(WebUtil.java:873)
at com.Ao.HousingPage.HousingProfessionalDetailsPage.UpdateRealtorDetails(HousingProfessionalDetailsPage.java:370)
at com.nspl.HousingInfoPageTestcase.HousingProfessional_RealtorTestscript.VerifyUpdateRealtorDetails(HousingProfessional_RealtorTestscript.java:110)
at java.base/jdk.internal.reflect.DirectMethodHandleAccessor.invoke(DirectMethodHandleAccessor.java:103)
at java.base/java.lang.reflect.Method.invoke(Method.java:580)
at org.testng.internal.invokers.MethodInvocationHelper.invokeMethod(MethodInvocationHelper.java:141)
at org.testng.internal.invokers.TestInvoker.invokeMethod(TestInvoker.java:686)
at org.testng.internal.invokers.TestInvoker.invokeTestMethod(TestInvoker.java:230)
at org.testng.internal.invokers.MethodRunner.runInSequence(MethodRunner.java:63)
at org.testng.internal.invokers.TestInvoker$MethodInvocationAgent.invoke(TestInvoker.java:992)
at org.testng.internal.invokers.TestInvoker.invokeTestMethods(TestInvoker.java:203)
at org.testng.internal.invokers.TestMethodWorker.invokeTestMethods(TestMethodWorker.java:154)
at org.testng.internal.invokers.TestMethodWorker.run(TestMethodWorker.java:134)
at java.base/java.util.ArrayList.forEach(ArrayList.java:1597)
at org.testng.TestRunner.privateRun(TestRunner.java:739)
at org.testng.TestRunner.run(TestRunner.java:614)
at org.testng.SuiteRunner.runTest(SuiteRunner.java:421)
at org.testng.SuiteRunner.runSequentially(SuiteRunner.java:413)
at org.testng.SuiteRunner.privateRun(SuiteRunner.java:373)
at org.testng.SuiteRunner.run(SuiteRunner.java:312)
at org.testng.SuiteRunnerWorker.runSuite(SuiteRunnerWorker.java:52)
at org.testng.SuiteRunnerWorker.run(SuiteRunnerWorker.java:95)
at org.testng.TestNG.runSuitesSequentially(TestNG.java:1274)
at org.testng.TestNG.runSuitesLocally(TestNG.java:1208)
at org.testng.TestNG.runSuites(TestNG.java:1112)
at org.testng.TestNG.run(TestNG.java:1079)
at org.testng.remote.AbstractRemoteTestNG.run(AbstractRemoteTestNG.java:115)
at org.testng.remote.RemoteTestNG.initAndRun(RemoteTestNG.java:293)
at org.testng.remote.RemoteTestNG.main(RemoteTestNG.java:91)
]]>
            </full-stacktrace>
          </exception> <!-- java.lang.AssertionError -->
          <reporter-output>
          </reporter-output>
        </test-method> <!-- VerifyUpdateRealtorDetails -->
        <test-method is-config="true" signature="afterMethod(org.testng.ITestResult,java.lang.reflect.Method)[pri:0, instance:com.nspl.HousingInfoPageTestcase.HousingProfessional_RealtorTestscript@6a2f6f80]" started-at="2025-04-02T17:32:50 IST" name="afterMethod" finished-at="2025-04-02T17:32:50 IST" duration-ms="277" status="PASS">
          <params>
            <param index="0">
              <value>
                <![CDATA[[TestResult name=VerifyUpdateRealtorDetails status=FAILURE method=HousingProfessional_RealtorTestscript.VerifyUpdateRealtorDetails()[pri:12, instance:com.nspl.HousingInfoPageTestcase.HousingProfessional_RealtorTestscript@6a2f6f80] output={null}]]]>
              </value>
            </param>
            <param index="1">
              <value>
                <![CDATA[public void com.nspl.HousingInfoPageTestcase.HousingProfessional_RealtorTestscript.VerifyUpdateRealtorDetails()]]>
              </value>
            </param>
          </params>
          <reporter-output>
          </reporter-output>
        </test-method> <!-- afterMethod -->
        <test-method is-config="true" signature="afterClass()[pri:0, instance:com.nspl.HousingInfoPageTestcase.HousingProfessional_RealtorTestscript@6a2f6f80]" started-at="2025-04-02T17:32:50 IST" name="afterClass" finished-at="2025-04-02T17:32:50 IST" duration-ms="26" status="PASS">
          <reporter-output>
          </reporter-output>
        </test-method> <!-- afterClass -->
        <test-method is-config="true" signature="afterTest()[pri:0, instance:com.nspl.HousingInfoPageTestcase.HousingProfessional_RealtorTestscript@6a2f6f80]" started-at="2025-04-02T17:32:50 IST" name="afterTest" finished-at="2025-04-02T17:32:50 IST" duration-ms="0" status="PASS">
          <reporter-output>
          </reporter-output>
        </test-method> <!-- afterTest -->
        <test-method is-config="true" signature="afterSuite()[pri:0, instance:com.nspl.HousingInfoPageTestcase.HousingProfessional_RealtorTestscript@6a2f6f80]" started-at="2025-04-02T17:32:50 IST" name="afterSuite" finished-at="2025-04-02T17:32:50 IST" duration-ms="19" status="PASS">
          <reporter-output>
          </reporter-output>
        </test-method> <!-- afterSuite -->
      </class> <!-- com.nspl.HousingInfoPageTestcase.HousingProfessional_RealtorTestscript -->
    </test> <!-- Test -->
  </suite> <!-- Suite -->
</testng-results>
