<?xml version="1.0" encoding="UTF-8"?>
<testng-results ignored="0" total="2" passed="2" failed="0" skipped="0">
  <reporter-output>
  </reporter-output>
  <suite started-at="2025-04-09T17:16:47 IST" name="Default suite" finished-at="2025-04-09T17:20:27 IST" duration-ms="219974">
    <groups>
    </groups>
    <test started-at="2025-04-09T17:16:47 IST" name="Default test" finished-at="2025-04-09T17:20:27 IST" duration-ms="219974">
      <class name="com.nspl.agingoptions.financepage.testcases.Non_RetirementTestCases">
        <test-method is-config="true" signature="beforeSuite()[pri:0, instance:com.nspl.agingoptions.financepage.testcases.Non_RetirementTestCases@37ceb1df]" started-at="2025-04-09T17:16:47 IST" name="beforeSuite" finished-at="2025-04-09T17:16:47 IST" duration-ms="240" status="PASS">
          <reporter-output>
          </reporter-output>
        </test-method> <!-- beforeSuite -->
        <test-method is-config="true" signature="beforeTest()[pri:0, instance:com.nspl.agingoptions.financepage.testcases.Non_RetirementTestCases@37ceb1df]" started-at="2025-04-09T17:16:47 IST" name="beforeTest" finished-at="2025-04-09T17:17:54 IST" duration-ms="66867" status="PASS">
          <reporter-output>
          </reporter-output>
        </test-method> <!-- beforeTest -->
        <test-method is-config="true" signature="beforeClass()[pri:0, instance:com.nspl.agingoptions.financepage.testcases.Non_RetirementTestCases@37ceb1df]" started-at="2025-04-09T17:17:54 IST" name="beforeClass" finished-at="2025-04-09T17:17:54 IST" duration-ms="1" status="PASS">
          <reporter-output>
          </reporter-output>
        </test-method> <!-- beforeClass -->
        <test-method is-config="true" signature="beforeMethod(java.lang.reflect.Method)[pri:0, instance:com.nspl.agingoptions.financepage.testcases.Non_RetirementTestCases@37ceb1df]" started-at="2025-04-09T17:17:54 IST" name="beforeMethod" finished-at="2025-04-09T17:17:54 IST" duration-ms="2" status="PASS">
          <params>
            <param index="0">
              <value>
                <![CDATA[public void com.nspl.agingoptions.financepage.testcases.Non_RetirementTestCases.FT001_Non_RetirementSaveContinueLaterButton()]]>
              </value>
            </param>
          </params>
          <reporter-output>
          </reporter-output>
        </test-method> <!-- beforeMethod -->
        <test-method signature="FT001_Non_RetirementSaveContinueLaterButton()[pri:1, instance:com.nspl.agingoptions.financepage.testcases.Non_RetirementTestCases@37ceb1df]" started-at="2025-04-09T17:17:54 IST" name="FT001_Non_RetirementSaveContinueLaterButton" finished-at="2025-04-09T17:18:49 IST" duration-ms="55283" status="PASS">
          <reporter-output>
          </reporter-output>
        </test-method> <!-- FT001_Non_RetirementSaveContinueLaterButton -->
        <test-method is-config="true" signature="afterMethod(org.testng.ITestResult,java.lang.reflect.Method)[pri:0, instance:com.nspl.agingoptions.financepage.testcases.Non_RetirementTestCases@37ceb1df]" started-at="2025-04-09T17:18:49 IST" name="afterMethod" finished-at="2025-04-09T17:18:50 IST" duration-ms="312" status="PASS">
          <params>
            <param index="0">
              <value>
                <![CDATA[[TestResult name=FT001_Non_RetirementSaveContinueLaterButton status=SUCCESS method=Non_RetirementTestCases.FT001_Non_RetirementSaveContinueLaterButton()[pri:1, instance:com.nspl.agingoptions.financepage.testcases.Non_RetirementTestCases@37ceb1df] output={null}]]]>
              </value>
            </param>
            <param index="1">
              <value>
                <![CDATA[public void com.nspl.agingoptions.financepage.testcases.Non_RetirementTestCases.FT001_Non_RetirementSaveContinueLaterButton()]]>
              </value>
            </param>
          </params>
          <reporter-output>
          </reporter-output>
        </test-method> <!-- afterMethod -->
        <test-method signature="FT002_Non_RetirementSaveAddAnotherButton()[pri:2, instance:com.nspl.agingoptions.financepage.testcases.Non_RetirementTestCases@37ceb1df]" started-at="2025-04-09T17:18:50 IST" name="FT002_Non_RetirementSaveAddAnotherButton" finished-at="2025-04-09T17:20:27 IST" duration-ms="97415" status="PASS">
          <reporter-output>
          </reporter-output>
        </test-method> <!-- FT002_Non_RetirementSaveAddAnotherButton -->
        <test-method is-config="true" signature="beforeMethod(java.lang.reflect.Method)[pri:0, instance:com.nspl.agingoptions.financepage.testcases.Non_RetirementTestCases@37ceb1df]" started-at="2025-04-09T17:18:50 IST" name="beforeMethod" finished-at="2025-04-09T17:18:50 IST" duration-ms="0" status="PASS">
          <params>
            <param index="0">
              <value>
                <![CDATA[public void com.nspl.agingoptions.financepage.testcases.Non_RetirementTestCases.FT002_Non_RetirementSaveAddAnotherButton()]]>
              </value>
            </param>
          </params>
          <reporter-output>
          </reporter-output>
        </test-method> <!-- beforeMethod -->
        <test-method is-config="true" signature="afterMethod(org.testng.ITestResult,java.lang.reflect.Method)[pri:0, instance:com.nspl.agingoptions.financepage.testcases.Non_RetirementTestCases@37ceb1df]" started-at="2025-04-09T17:20:27 IST" name="afterMethod" finished-at="2025-04-09T17:20:27 IST" duration-ms="33" status="PASS">
          <params>
            <param index="0">
              <value>
                <![CDATA[[TestResult name=FT002_Non_RetirementSaveAddAnotherButton status=SUCCESS method=Non_RetirementTestCases.FT002_Non_RetirementSaveAddAnotherButton()[pri:2, instance:com.nspl.agingoptions.financepage.testcases.Non_RetirementTestCases@37ceb1df] output={null}]]]>
              </value>
            </param>
            <param index="1">
              <value>
                <![CDATA[public void com.nspl.agingoptions.financepage.testcases.Non_RetirementTestCases.FT002_Non_RetirementSaveAddAnotherButton()]]>
              </value>
            </param>
          </params>
          <reporter-output>
          </reporter-output>
        </test-method> <!-- afterMethod -->
        <test-method is-config="true" signature="afterClass()[pri:0, instance:com.nspl.agingoptions.financepage.testcases.Non_RetirementTestCases@37ceb1df]" started-at="2025-04-09T17:20:27 IST" name="afterClass" finished-at="2025-04-09T17:20:27 IST" duration-ms="13" status="PASS">
          <reporter-output>
          </reporter-output>
        </test-method> <!-- afterClass -->
        <test-method is-config="true" signature="afterTest()[pri:0, instance:com.nspl.agingoptions.financepage.testcases.Non_RetirementTestCases@37ceb1df]" started-at="2025-04-09T17:20:27 IST" name="afterTest" finished-at="2025-04-09T17:20:27 IST" duration-ms="1" status="PASS">
          <reporter-output>
          </reporter-output>
        </test-method> <!-- afterTest -->
        <test-method is-config="true" signature="afterSuite()[pri:0, instance:com.nspl.agingoptions.financepage.testcases.Non_RetirementTestCases@37ceb1df]" started-at="2025-04-09T17:20:27 IST" name="afterSuite" finished-at="2025-04-09T17:20:27 IST" duration-ms="35" status="PASS">
          <reporter-output>
          </reporter-output>
        </test-method> <!-- afterSuite -->
      </class> <!-- com.nspl.agingoptions.financepage.testcases.Non_RetirementTestCases -->
    </test> <!-- Default test -->
  </suite> <!-- Default suite -->
</testng-results>
