<?xml version="1.0" encoding="UTF-8"?>
<testng-results ignored="0" total="3" passed="3" failed="0" skipped="0">
  <reporter-output>
  </reporter-output>
  <suite started-at="2025-04-16T17:32:33 IST" name="Default suite" finished-at="2025-04-16T17:36:16 IST" duration-ms="223038">
    <groups>
    </groups>
    <test started-at="2025-04-16T17:32:33 IST" name="Default test" finished-at="2025-04-16T17:36:16 IST" duration-ms="223038">
      <class name="com.nspl.LegalInfoTestScript.FiduciaryBeneficiaryTestScript">
        <test-method is-config="true" signature="beforeSuite()[pri:0, instance:com.nspl.LegalInfoTestScript.FiduciaryBeneficiaryTestScript@5c671d7f]" started-at="2025-04-16T17:32:32 IST" name="beforeSuite" finished-at="2025-04-16T17:32:33 IST" duration-ms="212" status="PASS">
          <reporter-output>
          </reporter-output>
        </test-method> <!-- beforeSuite -->
        <test-method is-config="true" signature="beforeTest()[pri:0, instance:com.nspl.LegalInfoTestScript.FiduciaryBeneficiaryTestScript@5c671d7f]" started-at="2025-04-16T17:32:33 IST" name="beforeTest" finished-at="2025-04-16T17:33:52 IST" duration-ms="79561" status="PASS">
          <reporter-output>
          </reporter-output>
        </test-method> <!-- beforeTest -->
        <test-method is-config="true" signature="beforeClass()[pri:0, instance:com.nspl.LegalInfoTestScript.FiduciaryBeneficiaryTestScript@5c671d7f]" started-at="2025-04-16T17:33:52 IST" name="beforeClass" finished-at="2025-04-16T17:33:52 IST" duration-ms="2" status="PASS">
          <reporter-output>
          </reporter-output>
        </test-method> <!-- beforeClass -->
        <test-method signature="VerifyWhenWeMakeFiduciaryBeneficiryMemberDeceased()[pri:1, instance:com.nspl.LegalInfoTestScript.FiduciaryBeneficiaryTestScript@5c671d7f]" started-at="2025-04-16T17:33:52 IST" name="VerifyWhenWeMakeFiduciaryBeneficiryMemberDeceased" finished-at="2025-04-16T17:35:04 IST" duration-ms="71365" status="PASS">
          <reporter-output>
          </reporter-output>
        </test-method> <!-- VerifyWhenWeMakeFiduciaryBeneficiryMemberDeceased -->
        <test-method is-config="true" signature="beforeMethod(java.lang.reflect.Method)[pri:0, instance:com.nspl.LegalInfoTestScript.FiduciaryBeneficiaryTestScript@5c671d7f]" started-at="2025-04-16T17:33:52 IST" name="beforeMethod" finished-at="2025-04-16T17:33:52 IST" duration-ms="0" status="PASS">
          <params>
            <param index="0">
              <value>
                <![CDATA[public void com.nspl.LegalInfoTestScript.FiduciaryBeneficiaryTestScript.VerifyWhenWeMakeFiduciaryBeneficiryMemberDeceased()]]>
              </value>
            </param>
          </params>
          <reporter-output>
          </reporter-output>
        </test-method> <!-- beforeMethod -->
        <test-method is-config="true" signature="afterMethod(org.testng.ITestResult,java.lang.reflect.Method)[pri:0, instance:com.nspl.LegalInfoTestScript.FiduciaryBeneficiaryTestScript@5c671d7f]" started-at="2025-04-16T17:35:04 IST" name="afterMethod" finished-at="2025-04-16T17:35:04 IST" duration-ms="499" status="PASS">
          <params>
            <param index="0">
              <value>
                <![CDATA[[TestResult name=VerifyWhenWeMakeFiduciaryBeneficiryMemberDeceased status=SUCCESS method=FiduciaryBeneficiaryTestScript.VerifyWhenWeMakeFiduciaryBeneficiryMemberDeceased()[pri:1, instance:com.nspl.LegalInfoTestScript.FiduciaryBeneficiaryTestScript@5c671d7f] output={null}]]]>
              </value>
            </param>
            <param index="1">
              <value>
                <![CDATA[public void com.nspl.LegalInfoTestScript.FiduciaryBeneficiaryTestScript.VerifyWhenWeMakeFiduciaryBeneficiryMemberDeceased()]]>
              </value>
            </param>
          </params>
          <reporter-output>
          </reporter-output>
        </test-method> <!-- afterMethod -->
        <test-method is-config="true" signature="beforeMethod(java.lang.reflect.Method)[pri:0, instance:com.nspl.LegalInfoTestScript.FiduciaryBeneficiaryTestScript@5c671d7f]" started-at="2025-04-16T17:35:04 IST" name="beforeMethod" finished-at="2025-04-16T17:35:04 IST" duration-ms="3" status="PASS">
          <params>
            <param index="0">
              <value>
                <![CDATA[public void com.nspl.LegalInfoTestScript.FiduciaryBeneficiaryTestScript.VerifyWhenWeMakeSpecialNeedsMemberAsFiduciary()]]>
              </value>
            </param>
          </params>
          <reporter-output>
          </reporter-output>
        </test-method> <!-- beforeMethod -->
        <test-method signature="VerifyWhenWeMakeSpecialNeedsMemberAsFiduciary()[pri:2, instance:com.nspl.LegalInfoTestScript.FiduciaryBeneficiaryTestScript@5c671d7f]" started-at="2025-04-16T17:35:04 IST" name="VerifyWhenWeMakeSpecialNeedsMemberAsFiduciary" finished-at="2025-04-16T17:35:50 IST" duration-ms="45941" status="PASS">
          <reporter-output>
          </reporter-output>
        </test-method> <!-- VerifyWhenWeMakeSpecialNeedsMemberAsFiduciary -->
        <test-method is-config="true" signature="afterMethod(org.testng.ITestResult,java.lang.reflect.Method)[pri:0, instance:com.nspl.LegalInfoTestScript.FiduciaryBeneficiaryTestScript@5c671d7f]" started-at="2025-04-16T17:35:50 IST" name="afterMethod" finished-at="2025-04-16T17:35:50 IST" duration-ms="73" status="PASS">
          <params>
            <param index="0">
              <value>
                <![CDATA[[TestResult name=VerifyWhenWeMakeSpecialNeedsMemberAsFiduciary status=SUCCESS method=FiduciaryBeneficiaryTestScript.VerifyWhenWeMakeSpecialNeedsMemberAsFiduciary()[pri:2, instance:com.nspl.LegalInfoTestScript.FiduciaryBeneficiaryTestScript@5c671d7f] output={null}]]]>
              </value>
            </param>
            <param index="1">
              <value>
                <![CDATA[public void com.nspl.LegalInfoTestScript.FiduciaryBeneficiaryTestScript.VerifyWhenWeMakeSpecialNeedsMemberAsFiduciary()]]>
              </value>
            </param>
          </params>
          <reporter-output>
          </reporter-output>
        </test-method> <!-- afterMethod -->
        <test-method signature="verifyAgeValidationForFiduciary()[pri:3, instance:com.nspl.LegalInfoTestScript.FiduciaryBeneficiaryTestScript@5c671d7f]" started-at="2025-04-16T17:35:50 IST" name="verifyAgeValidationForFiduciary" finished-at="2025-04-16T17:36:16 IST" duration-ms="25459" status="PASS">
          <reporter-output>
          </reporter-output>
        </test-method> <!-- verifyAgeValidationForFiduciary -->
        <test-method is-config="true" signature="beforeMethod(java.lang.reflect.Method)[pri:0, instance:com.nspl.LegalInfoTestScript.FiduciaryBeneficiaryTestScript@5c671d7f]" started-at="2025-04-16T17:35:50 IST" name="beforeMethod" finished-at="2025-04-16T17:35:50 IST" duration-ms="0" status="PASS">
          <params>
            <param index="0">
              <value>
                <![CDATA[public void com.nspl.LegalInfoTestScript.FiduciaryBeneficiaryTestScript.verifyAgeValidationForFiduciary()]]>
              </value>
            </param>
          </params>
          <reporter-output>
          </reporter-output>
        </test-method> <!-- beforeMethod -->
        <test-method is-config="true" signature="afterMethod(org.testng.ITestResult,java.lang.reflect.Method)[pri:0, instance:com.nspl.LegalInfoTestScript.FiduciaryBeneficiaryTestScript@5c671d7f]" started-at="2025-04-16T17:36:16 IST" name="afterMethod" finished-at="2025-04-16T17:36:16 IST" duration-ms="45" status="PASS">
          <params>
            <param index="0">
              <value>
                <![CDATA[[TestResult name=verifyAgeValidationForFiduciary status=SUCCESS method=FiduciaryBeneficiaryTestScript.verifyAgeValidationForFiduciary()[pri:3, instance:com.nspl.LegalInfoTestScript.FiduciaryBeneficiaryTestScript@5c671d7f] output={null}]]]>
              </value>
            </param>
            <param index="1">
              <value>
                <![CDATA[public void com.nspl.LegalInfoTestScript.FiduciaryBeneficiaryTestScript.verifyAgeValidationForFiduciary()]]>
              </value>
            </param>
          </params>
          <reporter-output>
          </reporter-output>
        </test-method> <!-- afterMethod -->
        <test-method is-config="true" signature="afterClass()[pri:0, instance:com.nspl.LegalInfoTestScript.FiduciaryBeneficiaryTestScript@5c671d7f]" started-at="2025-04-16T17:36:16 IST" name="afterClass" finished-at="2025-04-16T17:36:16 IST" duration-ms="14" status="PASS">
          <reporter-output>
          </reporter-output>
        </test-method> <!-- afterClass -->
        <test-method is-config="true" signature="afterTest()[pri:0, instance:com.nspl.LegalInfoTestScript.FiduciaryBeneficiaryTestScript@5c671d7f]" started-at="2025-04-16T17:36:16 IST" name="afterTest" finished-at="2025-04-16T17:36:16 IST" duration-ms="0" status="PASS">
          <reporter-output>
          </reporter-output>
        </test-method> <!-- afterTest -->
        <test-method is-config="true" signature="afterSuite()[pri:0, instance:com.nspl.LegalInfoTestScript.FiduciaryBeneficiaryTestScript@5c671d7f]" started-at="2025-04-16T17:36:16 IST" name="afterSuite" finished-at="2025-04-16T17:36:16 IST" duration-ms="20" status="PASS">
          <reporter-output>
          </reporter-output>
        </test-method> <!-- afterSuite -->
      </class> <!-- com.nspl.LegalInfoTestScript.FiduciaryBeneficiaryTestScript -->
    </test> <!-- Default test -->
  </suite> <!-- Default suite -->
</testng-results>
