<?xml version="1.0" encoding="UTF-8"?>
<testng-results ignored="7" total="8" passed="1" failed="0" skipped="0">
  <reporter-output>
  </reporter-output>
  <suite started-at="2025-04-04T17:37:23 IST" name="Default suite" finished-at="2025-04-04T17:39:41 IST" duration-ms="137974">
    <groups>
    </groups>
    <test started-at="2025-04-04T17:37:23 IST" name="Default test" finished-at="2025-04-04T17:39:41 IST" duration-ms="137974">
      <class name="com.nspl.agingoptions.healthpage.testcases.SpecialistTestCases">
        <test-method is-config="true" signature="beforeSuite()[pri:0, instance:com.nspl.agingoptions.healthpage.testcases.SpecialistTestCases@7dc0f706]" started-at="2025-04-04T17:37:22 IST" name="beforeSuite" finished-at="2025-04-04T17:37:23 IST" duration-ms="311" status="PASS">
          <reporter-output>
          </reporter-output>
        </test-method> <!-- beforeSuite -->
        <test-method is-config="true" signature="beforeTest()[pri:0, instance:com.nspl.agingoptions.healthpage.testcases.SpecialistTestCases@7dc0f706]" started-at="2025-04-04T17:37:23 IST" name="beforeTest" finished-at="2025-04-04T17:39:14 IST" duration-ms="111437" status="PASS">
          <reporter-output>
          </reporter-output>
        </test-method> <!-- beforeTest -->
        <test-method is-config="true" signature="beforeClass()[pri:0, instance:com.nspl.agingoptions.healthpage.testcases.SpecialistTestCases@7dc0f706]" started-at="2025-04-04T17:39:14 IST" name="beforeClass" finished-at="2025-04-04T17:39:14 IST" duration-ms="2" status="PASS">
          <reporter-output>
          </reporter-output>
        </test-method> <!-- beforeClass -->
        <test-method is-config="true" signature="beforeMethod(java.lang.reflect.Method)[pri:0, instance:com.nspl.agingoptions.healthpage.testcases.SpecialistTestCases@7dc0f706]" started-at="2025-04-04T17:39:14 IST" name="beforeMethod" finished-at="2025-04-04T17:39:14 IST" duration-ms="4" status="PASS">
          <params>
            <param index="0">
              <value>
                <![CDATA[public void com.nspl.agingoptions.healthpage.testcases.SpecialistTestCases.TC_019_PrimaryMemberSpecialistIDontHave()]]>
              </value>
            </param>
          </params>
          <reporter-output>
          </reporter-output>
        </test-method> <!-- beforeMethod -->
        <test-method signature="TC_019_PrimaryMemberSpecialistIDontHave()[pri:1, instance:com.nspl.agingoptions.healthpage.testcases.SpecialistTestCases@7dc0f706]" started-at="2025-04-04T17:39:14 IST" name="TC_019_PrimaryMemberSpecialistIDontHave" finished-at="2025-04-04T17:39:40 IST" duration-ms="26135" status="PASS">
          <reporter-output>
          </reporter-output>
        </test-method> <!-- TC_019_PrimaryMemberSpecialistIDontHave -->
        <test-method is-config="true" signature="afterMethod(org.testng.ITestResult,java.lang.reflect.Method)[pri:0, instance:com.nspl.agingoptions.healthpage.testcases.SpecialistTestCases@7dc0f706]" started-at="2025-04-04T17:39:40 IST" name="afterMethod" finished-at="2025-04-04T17:39:41 IST" duration-ms="307" status="PASS">
          <params>
            <param index="0">
              <value>
                <![CDATA[[TestResult name=TC_019_PrimaryMemberSpecialistIDontHave status=SUCCESS method=SpecialistTestCases.TC_019_PrimaryMemberSpecialistIDontHave()[pri:1, instance:com.nspl.agingoptions.healthpage.testcases.SpecialistTestCases@7dc0f706] output={null}]]]>
              </value>
            </param>
            <param index="1">
              <value>
                <![CDATA[public void com.nspl.agingoptions.healthpage.testcases.SpecialistTestCases.TC_019_PrimaryMemberSpecialistIDontHave()]]>
              </value>
            </param>
          </params>
          <reporter-output>
          </reporter-output>
        </test-method> <!-- afterMethod -->
        <test-method is-config="true" signature="afterClass()[pri:0, instance:com.nspl.agingoptions.healthpage.testcases.SpecialistTestCases@7dc0f706]" started-at="2025-04-04T17:39:41 IST" name="afterClass" finished-at="2025-04-04T17:39:41 IST" duration-ms="10" status="PASS">
          <reporter-output>
          </reporter-output>
        </test-method> <!-- afterClass -->
        <test-method is-config="true" signature="afterTest()[pri:0, instance:com.nspl.agingoptions.healthpage.testcases.SpecialistTestCases@7dc0f706]" started-at="2025-04-04T17:39:41 IST" name="afterTest" finished-at="2025-04-04T17:39:41 IST" duration-ms="0" status="PASS">
          <reporter-output>
          </reporter-output>
        </test-method> <!-- afterTest -->
        <test-method is-config="true" signature="afterSuite()[pri:0, instance:com.nspl.agingoptions.healthpage.testcases.SpecialistTestCases@7dc0f706]" started-at="2025-04-04T17:39:41 IST" name="afterSuite" finished-at="2025-04-04T17:39:41 IST" duration-ms="9" status="PASS">
          <reporter-output>
          </reporter-output>
        </test-method> <!-- afterSuite -->
      </class> <!-- com.nspl.agingoptions.healthpage.testcases.SpecialistTestCases -->
    </test> <!-- Default test -->
  </suite> <!-- Default suite -->
</testng-results>
