<?xml version="1.0" encoding="UTF-8"?>
<!-- Generated by org.testng.reporters.JUnitXMLReporter -->
<testsuite ignored="8" hostname="DESKTOP-AQHENNJ" failures="17" tests="129" name="Test" time="7631.481" errors="0" timestamp="2024-02-29T16:16:28 IST">
  <testcase classname="com.nspl.agingoptions.login_registrationpage.testcases.LoginPageTestCases" name="verify_TC001_SignInPageAllElementVisiblity" time="15.804"/>
  <testcase classname="com.nspl.agingoptions.login_registrationpage.testcases.LoginPageTestCases" name="verify_TC002_ValidLogin" time="36.518"/>
  <testcase classname="com.nspl.agingoptions.login_registrationpage.testcases.LoginPageTestCases" name="verify_TC003_InvalidLoginWithInvalidPassword" time="16.986"/>
  <testcase classname="com.nspl.agingoptions.login_registrationpage.testcases.LoginPageTestCases" name="verify_TC004_InvalidLoginWithInvalidUserName" time="17.061"/>
  <testcase classname="com.nspl.agingoptions.login_registrationpage.testcases.LoginPageTestCases" name="verify_TC005_InvalidLoginWithInvalidUserName_Password" time="17.116"/>
  <testcase classname="com.nspl.agingoptions.login_registrationpage.testcases.LoginPageTestCases" name="verify_TC007_ForgotPassword" time="30.738"/>
  <testcase classname="com.nspl.agingoptions.login_registrationpage.testcases.LoginPageTestCases" name="verify_TC008_LoginWithNewPassword" time="56.887"/>
  <testcase classname="com.nspl.agingoptions.login_registrationpage.testcases.LoginPageTestCases" name="verify_TC009_UnableToForgotPasswordWithInvalidEmail" time="4.196"/>
  <testcase classname="com.nspl.agingoptions.login_registrationpage.testcases.LoginPageTestCases" name="verify_TC010_UnableToLoginOldPassword" time="45.051"/>
  <testcase classname="com.nspl.agingoptions.login_registrationpage.testcases.LoginPageTestCases" name="verify_TC011_InvlidLoginWithInvalidCaptcha" time="5.907"/>
  <testcase classname="com.nspl.agingoptions.login_registrationpage.testcases.LoginPageTestCases" name="verify_TC012_ClickRefreshBTCaptchaChange" time="18.782"/>
  <testcase classname="com.nspl.agingoptions.login_registrationpage.testcases.LoginPageTestCases" name="verify_TC013_EnterPasswordMasked" time="0.908"/>
  <testcase classname="com.nspl.agingoptions.login_registrationpage.testcases.LoginPageTestCases" name="verify_TC014_ClickEyeBTPasswordVisible" time="0.647"/>
  <testcase classname="com.nspl.agingoptions.login_registrationpage.testcases.LoginPageTestCases" name="verify_TC015_InvalidLoginWithBlankCredential" time="5.536"/>
  <testcase classname="com.nspl.agingoptions.login_registrationpage.testcases.SignUpPageTestCases" name="verify_TC016_AllElementVisibilityOnSignUpPage" time="16.994"/>
  <testcase classname="com.nspl.agingoptions.login_registrationpage.testcases.SignUpPageTestCases" name="verify_TC017_CreateNewAccount" time="65.389"/>
  <testcase classname="com.nspl.agingoptions.login_registrationpage.testcases.SignUpPageTestCases" name="verify_TC018_UnableToCreateAccountWithBlankCredential" time="1.505"/>
  <testcase classname="com.nspl.agingoptions.login_registrationpage.testcases.SignUpPageTestCases" name="verify_TC019_UnableToRegisterWithAlreadyRegisterEmail" time="9.132"/>
  <testcase classname="com.nspl.agingoptions.login_registrationpage.testcases.SignUpPageTestCases" name="verify_TC020_EnterEmail_CellNumberIsSeeInOtpPage" time="14.345"/>
  <testcase classname="com.nspl.agingoptions.login_registrationpage.testcases.SignUpPageTestCases" name="verify_TC021_CellNumberDropDownCountryCodeShowInOtpPage" time="12.38"/>
  <testcase classname="com.nspl.agingoptions.login_registrationpage.testcases.SignUpPageTestCases" name="verify_TC022_PasswordAndConfirmPasswordMasked" time="1.684"/>
  <testcase classname="com.nspl.agingoptions.login_registrationpage.testcases.SignUpPageTestCases" name="verify_TC023_PasswordConfirmPasswordErrorMessage" time="1.717"/>
  <testcase classname="com.nspl.agingoptions.login_registrationpage.testcases.SignUpPageTestCases" name="verify_TC024_clickEyeButtonPasswordConfirmPasswordVisibility" time="1.667"/>
  <testcase classname="com.nspl.agingoptions.login_registrationpage.testcases.SignUpPageTestCases" name="verify_TC025_BlankFirstNameAllCredentialValid" time="8.341"/>
  <testcase classname="com.nspl.agingoptions.login_registrationpage.testcases.SignUpPageTestCases" name="verify_TC026_BlankLastNameAllCredentialValid" time="8.355"/>
  <testcase classname="com.nspl.agingoptions.login_registrationpage.testcases.SignUpPageTestCases" name="verify_TC027_BlankEmailAllCredentialValid" time="8.237"/>
  <testcase classname="com.nspl.agingoptions.login_registrationpage.testcases.SignUpPageTestCases" name="verify_TC028_BlankCellNumberAllCredentialValid" time="8.328"/>
  <testcase classname="com.nspl.agingoptions.login_registrationpage.testcases.SignUpPageTestCases" name="verify_TC029_BlankPasswordAllCredentialValid" time="8.247"/>
  <testcase classname="com.nspl.agingoptions.login_registrationpage.testcases.SignUpPageTestCases" name="verify_TC030_BlankConfirmPasswordAllCredentialValid" time="8.184"/>
  <testcase classname="com.nspl.agingoptions.login_registrationpage.testcases.SignUpPageTestCases" name="verify_TC031_LessThan8CharecterPassword" time="8.21"/>
  <testcase classname="com.nspl.agingoptions.login_registrationpage.testcases.SignUpPageTestCases" name="verify_TC032_PasswordWithAlphabaticalOnly" time="8.428"/>
  <testcase classname="com.nspl.agingoptions.login_registrationpage.testcases.SignUpPageTestCases" name="verify_TC033_PasswordWithAlphabaticalNumberOnly" time="8.338"/>
  <testcase classname="com.nspl.agingoptions.login_registrationpage.testcases.SignUpPageTestCases" name="verify_TC034_PasswordWithAlphabaticSpecialCharOnly" time="8.393"/>
  <testcase classname="com.nspl.agingoptions.login_registrationpage.testcases.SignUpPageTestCases" name="verify_TC035_unableToRegisterWithBlankOTP" time="10.537"/>
  <testcase classname="com.nspl.agingoptions.login_registrationpage.testcases.SignUpPageTestCases" name="verify_TC036_unableToLoginWithExpireOtp" time="147.123"/>
  <testcase classname="com.nspl.agingoptions.login_registrationpage.testcases.SignUpPageTestCases" name="verify_TC037_AbleToLoginWithResendOTP" time="150.152"/>
  <testcase classname="com.nspl.agingoptions.Intakeform.testcases.ActivationFormTestCases" name="TC038_ActivationFormAllElementVisibility" time="51.127"/>
  <testcase classname="com.nspl.agingoptions.Intakeform.testcases.ActivationFormTestCases" name="TC039_Select_Married_RelationshipStatusDD_ElementVisiblityActivationForm" time="32.388"/>
  <testcase classname="com.nspl.agingoptions.Intakeform.testcases.ActivationFormTestCases" name="TC040_Select_LivingTogether_RelationshipStatusDD_ElementVisiblityActivationForm" time="53.856"/>
  <testcase classname="com.nspl.agingoptions.Intakeform.testcases.ActivationFormTestCases" name="TC041_Select_Single_RelationshipStatusDD_ElementVisiblityActivationForm" time="46.581"/>
  <testcase classname="com.nspl.agingoptions.Intakeform.testcases.ActivationFormTestCases" name="TC042_Select_Widowed_RelationshipStatusDD_ElementVisiblityActivationForm" time="54.279"/>
  <testcase classname="com.nspl.agingoptions.Intakeform.testcases.ActivationFormTestCases" name="TC043_Select_Divorced_RelationshipStatusDD_ElementVisibilitActivitionForm" time="46.255"/>
  <testcase classname="com.nspl.agingoptions.Intakeform.testcases.ActivationFormTestCases" name="TC044_RegisterDataShouldBeActivationForm" time="61.656"/>
  <testcase classname="com.nspl.agingoptions.Intakeform.testcases.ActivationFormTestCases" name="TC045_WithBlankCredentialClickSubmitButtonActivationForm" time="46.352"/>
  <testcase classname="com.nspl.agingoptions.Intakeform.testcases.ActivationFormTestCases" name="TC046_LogoutFromApplicationWhenClickYesButton" time="47.087"/>
  <testcase classname="com.nspl.agingoptions.Intakeform.testcases.ActivationFormTestCases" name="TC047_UnableToLogoutWhenClickNoButton" time="46.183"/>
  <testcase classname="com.nspl.agingoptions.Intakeform.testcases.ActivationFormTestCases" name="TC049_BlankPinCodeInIntakeForm" time="57.393"/>
  <testcase classname="com.nspl.agingoptions.Intakeform.testcases.ActivationFormTestCases" name="TC050_BlankCity" time="54.587"/>
  <testcase classname="com.nspl.agingoptions.Intakeform.testcases.ActivationFormTestCases" name="TC051_MarriedWithBlankFirstName" time="48.6"/>
  <testcase classname="com.nspl.agingoptions.Intakeform.testcases.ActivationFormTestCases" name="TC052_SelectMarriedEnterUserInfoSpouceInfoVisiblePersonInfoPage" time="100.338">
    <skipped/>
  </testcase> <!-- TC052_SelectMarriedEnterUserInfoSpouceInfoVisiblePersonInfoPage -->
  <testcase classname="com.nspl.agingoptions.Intakeform.testcases.ActivationFormTestCases" name="TC052_SelectMarriedEnterUserInfoSpouceInfoVisiblePersonInfoPage" time="75.644"/>
  <testcase classname="com.nspl.agingoptions.Intakeform.testcases.ActivationFormTestCases" name="TC053_SelectLivingTogetherEnterUserInfoPartnerInfoShouldBeVisiblePersonInfoPage" time="76.695"/>
  <testcase classname="com.nspl.agingoptions.Intakeform.testcases.ActivationFormTestCases" name="TC054_SelectSingleEnterUserInfoShouldBeVisiblePersonInfoPage" time="60.263"/>
  <testcase classname="com.nspl.agingoptions.Intakeform.testcases.ActivationFormTestCases" name="TC055_SelectWidowedEnterUserInfoShouldBeVisiblePersonInfoPage" time="87.186">
    <skipped/>
  </testcase> <!-- TC055_SelectWidowedEnterUserInfoShouldBeVisiblePersonInfoPage -->
  <testcase classname="com.nspl.agingoptions.Intakeform.testcases.ActivationFormTestCases" name="TC055_SelectWidowedEnterUserInfoShouldBeVisiblePersonInfoPage" time="88.172">
    <skipped/>
  </testcase> <!-- TC055_SelectWidowedEnterUserInfoShouldBeVisiblePersonInfoPage -->
  <testcase classname="com.nspl.agingoptions.Intakeform.testcases.ActivationFormTestCases" name="TC055_SelectWidowedEnterUserInfoShouldBeVisiblePersonInfoPage" time="86.686">
    <skipped/>
  </testcase> <!-- TC055_SelectWidowedEnterUserInfoShouldBeVisiblePersonInfoPage -->
  <testcase classname="com.nspl.agingoptions.Intakeform.testcases.ActivationFormTestCases" name="TC055_SelectWidowedEnterUserInfoShouldBeVisiblePersonInfoPage" time="87.692">
    <failure type="java.lang.NullPointerException" message="Cannot invoke &amp;quot;String.split(String)&amp;quot; because &amp;quot;input&amp;quot; is null">
      <![CDATA[java.lang.NullPointerException: Cannot invoke "String.split(String)" because "input" is null
at com.nspl.agingoptions.webUtil.WebUtil.getReverseDob(WebUtil.java:1607)
at com.nspl.agingoptions.Intakeform.testcases.ActivationFormTestCases.TC055_SelectWidowedEnterUserInfoShouldBeVisiblePersonInfoPage(ActivationFormTestCases.java:843)
at java.base/java.util.ArrayList.forEach(ArrayList.java:1596)
... Removed 25 stack frames]]>
    </failure>
  </testcase> <!-- TC055_SelectWidowedEnterUserInfoShouldBeVisiblePersonInfoPage -->
  <testcase classname="com.nspl.agingoptions.Intakeform.testcases.ActivationFormTestCases" name="TC056_SelectDivorcedEnterUserInfoShouldBeVisiblePersonInfoPage" time="64.343"/>
  <testcase classname="com.nspl.agingoptions.Intakeform.testcases.ActivationFormTestCases" name="TC057_EachDropDownElementInActivationForm" time="91.527">
    <skipped/>
  </testcase> <!-- TC057_EachDropDownElementInActivationForm -->
  <testcase classname="com.nspl.agingoptions.Intakeform.testcases.ActivationFormTestCases" name="TC057_EachDropDownElementInActivationForm" time="90.5">
    <skipped/>
  </testcase> <!-- TC057_EachDropDownElementInActivationForm -->
  <testcase classname="com.nspl.agingoptions.Intakeform.testcases.ActivationFormTestCases" name="TC057_EachDropDownElementInActivationForm" time="89.846">
    <skipped/>
  </testcase> <!-- TC057_EachDropDownElementInActivationForm -->
  <testcase classname="com.nspl.agingoptions.Intakeform.testcases.ActivationFormTestCases" name="TC057_EachDropDownElementInActivationForm" time="91.201">
    <failure type="org.openqa.selenium.NoSuchElementException" message="Cannot locate option with text: City &amp;amp; County
For documentation on this error, please visit: https://www.selenium.dev/documentation/webdriver/troubleshooting/errors#no-such-element-exception
Build info: version: &amp;apos;4.12.1&amp;apos;, revision: &amp;apos;8e34639b11&amp;apos;
System info: os.name: &amp;apos;Windows 11&amp;apos;, os.arch: &amp;apos;amd64&amp;apos;, os.version: &amp;apos;10.0&amp;apos;, java.version: &amp;apos;21.0.1&amp;apos;
Driver info: driver.version: unknown">
      <![CDATA[org.openqa.selenium.NoSuchElementException: Cannot locate option with text: City & County
For documentation on this error, please visit: https://www.selenium.dev/documentation/webdriver/troubleshooting/errors#no-such-element-exception
Build info: version: '4.12.1', revision: '8e34639b11'
System info: os.name: 'Windows 11', os.arch: 'amd64', os.version: '10.0', java.version: '21.0.1'
Driver info: driver.version: unknown
at org.openqa.selenium.support.ui.Select.selectByVisibleText(Select.java:153)
at com.nspl.agingoptions.webUtil.WebUtil.selectDropDownByVisibleText(WebUtil.java:808)
at com.nspl.agingoptions.activationform.ActivationFormPage.selectCountyRefrenceDD(ActivationFormPage.java:429)
at com.nspl.agingoptions.Intakeform.testcases.ActivationFormTestCases.TC057_EachDropDownElementInActivationForm(ActivationFormTestCases.java:1031)
at java.base/java.util.ArrayList.forEach(ArrayList.java:1596)
... Removed 25 stack frames]]>
    </failure>
  </testcase> <!-- TC057_EachDropDownElementInActivationForm -->
  <testcase classname="com.nspl.agingoptions.Intakeform.testcases.ActivationFormTestCases" name="TC060_EnteredNameEmailShouldbeBesideLogo" time="49.496"/>
  <testcase classname="com.nspl.agingoptions.Intakeform.testcases.ActivationFormTestCases" name="TC061_SelectSingleRelationshipDDWhenAge_17_100_18" time="81.601">
    <skipped/>
  </testcase> <!-- TC061_SelectSingleRelationshipDDWhenAge_17_100_18 -->
  <testcase classname="com.nspl.agingoptions.Intakeform.testcases.ActivationFormTestCases" name="TC061_SelectSingleRelationshipDDWhenAge_17_100_18" time="82.971">
    <skipped/>
  </testcase> <!-- TC061_SelectSingleRelationshipDDWhenAge_17_100_18 -->
  <testcase classname="com.nspl.agingoptions.Intakeform.testcases.ActivationFormTestCases" name="TC061_SelectSingleRelationshipDDWhenAge_17_100_18" time="83.554">
    <skipped/>
  </testcase> <!-- TC061_SelectSingleRelationshipDDWhenAge_17_100_18 -->
  <testcase classname="com.nspl.agingoptions.Intakeform.testcases.ActivationFormTestCases" name="TC061_SelectSingleRelationshipDDWhenAge_17_100_18" time="83.875">
    <failure type="org.openqa.selenium.NoSuchElementException" message="no such element: Unable to locate element: {&amp;quot;method&amp;quot;:&amp;quot;xpath&amp;quot;,&amp;quot;selector&amp;quot;:&amp;quot;//p[text()=&amp;apos;Member Cannot be minor.&amp;apos;]&amp;quot;}
  (Session info: chrome=122.0.6261.71)
For documentation on this error, please visit: https://www.selenium.dev/documentation/webdriver/troubleshooting/errors#no-such-element-exception
Build info: version: &amp;apos;4.12.1&amp;apos;, revision: &amp;apos;8e34639b11&amp;apos;
System info: os.name: &amp;apos;Windows 11&amp;apos;, os.arch: &amp;apos;amd64&amp;apos;, os.version: &amp;apos;10.0&amp;apos;, java.version: &amp;apos;21.0.1&amp;apos;
Driver info: org.openqa.selenium.chrome.ChromeDriver
Command: [46e97744ab9eed17cd34263f5b2df89f, findElement {using=xpath, value=//p[text()=&amp;apos;Member Cannot be minor.&amp;apos;]}]
Capabilities {acceptInsecureCerts: false, browserName: chrome, browserVersion: 122.0.6261.71, chrome: {chromedriverVersion: 122.0.6261.94 (880dbf29479c..., userDataDir: C:\Users\CCI\AppData\Local\...}, fedcm:accounts: true, goog:chromeOptions: {debuggerAddress: localhost:56903}, networkConnectionEnabled: false, pageLoadStrategy: normal, platformName: windows, proxy: Proxy(), se:cdp: ws://localhost:56903/devtoo..., se:cdpVersion: 122.0.6261.71, setWindowRect: true, strictFileInteractability: false, timeouts: {implicit: 0, pageLoad: 300000, script: 30000}, unhandledPromptBehavior: dismiss and notify, webauthn:extension:credBlob: true, webauthn:extension:largeBlob: true, webauthn:extension:minPinLength: true, webauthn:extension:prf: true, webauthn:virtualAuthenticators: true}
Session ID: 46e97744ab9eed17cd34263f5b2df89f">
      <![CDATA[org.openqa.selenium.NoSuchElementException: no such element: Unable to locate element: {"method":"xpath","selector":"//p[text()='Member Cannot be minor.']"}
  (Session info: chrome=122.0.6261.71)
For documentation on this error, please visit: https://www.selenium.dev/documentation/webdriver/troubleshooting/errors#no-such-element-exception
Build info: version: '4.12.1', revision: '8e34639b11'
System info: os.name: 'Windows 11', os.arch: 'amd64', os.version: '10.0', java.version: '21.0.1'
Driver info: org.openqa.selenium.chrome.ChromeDriver
Command: [46e97744ab9eed17cd34263f5b2df89f, findElement {using=xpath, value=//p[text()='Member Cannot be minor.']}]
Capabilities {acceptInsecureCerts: false, browserName: chrome, browserVersion: 122.0.6261.71, chrome: {chromedriverVersion: 122.0.6261.94 (880dbf29479c..., userDataDir: C:\Users\CCI\AppData\Local\...}, fedcm:accounts: true, goog:chromeOptions: {debuggerAddress: localhost:56903}, networkConnectionEnabled: false, pageLoadStrategy: normal, platformName: windows, proxy: Proxy(), se:cdp: ws://localhost:56903/devtoo..., se:cdpVersion: 122.0.6261.71, setWindowRect: true, strictFileInteractability: false, timeouts: {implicit: 0, pageLoad: 300000, script: 30000}, unhandledPromptBehavior: dismiss and notify, webauthn:extension:credBlob: true, webauthn:extension:largeBlob: true, webauthn:extension:minPinLength: true, webauthn:extension:prf: true, webauthn:virtualAuthenticators: true}
Session ID: 46e97744ab9eed17cd34263f5b2df89f
at org.openqa.selenium.remote.codec.w3c.W3CHttpResponseCodec.createException(W3CHttpResponseCodec.java:200)
at org.openqa.selenium.remote.codec.w3c.W3CHttpResponseCodec.decode(W3CHttpResponseCodec.java:133)
at org.openqa.selenium.remote.codec.w3c.W3CHttpResponseCodec.decode(W3CHttpResponseCodec.java:52)
at org.openqa.selenium.remote.HttpCommandExecutor.execute(HttpCommandExecutor.java:191)
at org.openqa.selenium.remote.service.DriverCommandExecutor.invokeExecute(DriverCommandExecutor.java:196)
at org.openqa.selenium.remote.service.DriverCommandExecutor.execute(DriverCommandExecutor.java:171)
at org.openqa.selenium.remote.RemoteWebDriver.execute(RemoteWebDriver.java:602)
at org.openqa.selenium.remote.ElementLocation$ElementFinder$2.findElement(ElementLocation.java:165)
at org.openqa.selenium.remote.ElementLocation.findElement(ElementLocation.java:59)
at org.openqa.selenium.remote.RemoteWebDriver.findElement(RemoteWebDriver.java:359)
at org.openqa.selenium.remote.RemoteWebDriver.findElement(RemoteWebDriver.java:353)
at org.openqa.selenium.support.pagefactory.DefaultElementLocator.findElement(DefaultElementLocator.java:68)
at org.openqa.selenium.support.pagefactory.internal.LocatingElementHandler.invoke(LocatingElementHandler.java:38)
at jdk.proxy2/jdk.proxy2.$Proxy23.getText(Unknown Source)
at com.nspl.agingoptions.webUtil.WebUtil.getInnerText(WebUtil.java:759)
at com.nspl.agingoptions.activationform.ActivationFormPage.getMemberCanNotBeMinorErrorMessage(ActivationFormPage.java:441)
at com.nspl.agingoptions.Intakeform.testcases.ActivationFormTestCases.TC061_SelectSingleRelationshipDDWhenAge_17_100_18(ActivationFormTestCases.java:1160)
at java.base/java.util.ArrayList.forEach(ArrayList.java:1596)
... Removed 28 stack frames]]>
    </failure>
  </testcase> <!-- TC061_SelectSingleRelationshipDDWhenAge_17_100_18 -->
  <testcase classname="com.nspl.agingoptions.Intakeform.testcases.ActivationFormTestCases" name="TC062_WhenSelectSingleRelationshipDDUserAge19" time="53.793">
    <skipped/>
  </testcase> <!-- TC062_WhenSelectSingleRelationshipDDUserAge19 -->
  <testcase classname="com.nspl.agingoptions.Intakeform.testcases.ActivationFormTestCases" name="TC062_WhenSelectSingleRelationshipDDUserAge19" time="53.793">
    <skipped/>
  </testcase> <!-- TC062_WhenSelectSingleRelationshipDDUserAge19 -->
  <testcase classname="com.nspl.agingoptions.Intakeform.testcases.ActivationFormTestCases" name="TC062_WhenSelectSingleRelationshipDDUserAge19" time="52.295">
    <skipped/>
  </testcase> <!-- TC062_WhenSelectSingleRelationshipDDUserAge19 -->
  <testcase classname="com.nspl.agingoptions.Intakeform.testcases.ActivationFormTestCases" name="TC062_WhenSelectSingleRelationshipDDUserAge19" time="53.909">
    <failure type="java.lang.ArrayIndexOutOfBoundsException" message="Index 2 out of bounds for length 1">
      <![CDATA[java.lang.ArrayIndexOutOfBoundsException: Index 2 out of bounds for length 1
at com.nspl.agingoptions.webUtil.WebUtil.getReverseDob(WebUtil.java:1608)
at com.nspl.agingoptions.Intakeform.testcases.ActivationFormTestCases.TC062_WhenSelectSingleRelationshipDDUserAge19(ActivationFormTestCases.java:1204)
at java.base/java.util.ArrayList.forEach(ArrayList.java:1596)
... Removed 25 stack frames]]>
    </failure>
  </testcase> <!-- TC062_WhenSelectSingleRelationshipDDUserAge19 -->
  <testcase classname="com.nspl.agingoptions.Intakeform.testcases.ActivationFormTestCases" name="TC063_WhenSelectSingleRelationshipDDUserAge101_99" time="81.623">
    <skipped/>
  </testcase> <!-- TC063_WhenSelectSingleRelationshipDDUserAge101_99 -->
  <testcase classname="com.nspl.agingoptions.Intakeform.testcases.ActivationFormTestCases" name="TC063_WhenSelectSingleRelationshipDDUserAge101_99" time="82.344">
    <skipped/>
  </testcase> <!-- TC063_WhenSelectSingleRelationshipDDUserAge101_99 -->
  <testcase classname="com.nspl.agingoptions.Intakeform.testcases.ActivationFormTestCases" name="TC063_WhenSelectSingleRelationshipDDUserAge101_99" time="83.209">
    <skipped/>
  </testcase> <!-- TC063_WhenSelectSingleRelationshipDDUserAge101_99 -->
  <testcase classname="com.nspl.agingoptions.Intakeform.testcases.ActivationFormTestCases" name="TC063_WhenSelectSingleRelationshipDDUserAge101_99" time="83.242">
    <failure type="org.openqa.selenium.NoSuchElementException" message="no such element: Unable to locate element: {&amp;quot;method&amp;quot;:&amp;quot;xpath&amp;quot;,&amp;quot;selector&amp;quot;:&amp;quot;//p[text()=&amp;apos;Please Enter Valid Date&amp;apos;]&amp;quot;}
  (Session info: chrome=122.0.6261.71)
For documentation on this error, please visit: https://www.selenium.dev/documentation/webdriver/troubleshooting/errors#no-such-element-exception
Build info: version: &amp;apos;4.12.1&amp;apos;, revision: &amp;apos;8e34639b11&amp;apos;
System info: os.name: &amp;apos;Windows 11&amp;apos;, os.arch: &amp;apos;amd64&amp;apos;, os.version: &amp;apos;10.0&amp;apos;, java.version: &amp;apos;21.0.1&amp;apos;
Driver info: org.openqa.selenium.chrome.ChromeDriver
Command: [46e97744ab9eed17cd34263f5b2df89f, findElement {using=xpath, value=//p[text()=&amp;apos;Please Enter Valid Date&amp;apos;]}]
Capabilities {acceptInsecureCerts: false, browserName: chrome, browserVersion: 122.0.6261.71, chrome: {chromedriverVersion: 122.0.6261.94 (880dbf29479c..., userDataDir: C:\Users\CCI\AppData\Local\...}, fedcm:accounts: true, goog:chromeOptions: {debuggerAddress: localhost:56903}, networkConnectionEnabled: false, pageLoadStrategy: normal, platformName: windows, proxy: Proxy(), se:cdp: ws://localhost:56903/devtoo..., se:cdpVersion: 122.0.6261.71, setWindowRect: true, strictFileInteractability: false, timeouts: {implicit: 0, pageLoad: 300000, script: 30000}, unhandledPromptBehavior: dismiss and notify, webauthn:extension:credBlob: true, webauthn:extension:largeBlob: true, webauthn:extension:minPinLength: true, webauthn:extension:prf: true, webauthn:virtualAuthenticators: true}
Session ID: 46e97744ab9eed17cd34263f5b2df89f">
      <![CDATA[org.openqa.selenium.NoSuchElementException: no such element: Unable to locate element: {"method":"xpath","selector":"//p[text()='Please Enter Valid Date']"}
  (Session info: chrome=122.0.6261.71)
For documentation on this error, please visit: https://www.selenium.dev/documentation/webdriver/troubleshooting/errors#no-such-element-exception
Build info: version: '4.12.1', revision: '8e34639b11'
System info: os.name: 'Windows 11', os.arch: 'amd64', os.version: '10.0', java.version: '21.0.1'
Driver info: org.openqa.selenium.chrome.ChromeDriver
Command: [46e97744ab9eed17cd34263f5b2df89f, findElement {using=xpath, value=//p[text()='Please Enter Valid Date']}]
Capabilities {acceptInsecureCerts: false, browserName: chrome, browserVersion: 122.0.6261.71, chrome: {chromedriverVersion: 122.0.6261.94 (880dbf29479c..., userDataDir: C:\Users\CCI\AppData\Local\...}, fedcm:accounts: true, goog:chromeOptions: {debuggerAddress: localhost:56903}, networkConnectionEnabled: false, pageLoadStrategy: normal, platformName: windows, proxy: Proxy(), se:cdp: ws://localhost:56903/devtoo..., se:cdpVersion: 122.0.6261.71, setWindowRect: true, strictFileInteractability: false, timeouts: {implicit: 0, pageLoad: 300000, script: 30000}, unhandledPromptBehavior: dismiss and notify, webauthn:extension:credBlob: true, webauthn:extension:largeBlob: true, webauthn:extension:minPinLength: true, webauthn:extension:prf: true, webauthn:virtualAuthenticators: true}
Session ID: 46e97744ab9eed17cd34263f5b2df89f
at org.openqa.selenium.remote.codec.w3c.W3CHttpResponseCodec.createException(W3CHttpResponseCodec.java:200)
at org.openqa.selenium.remote.codec.w3c.W3CHttpResponseCodec.decode(W3CHttpResponseCodec.java:133)
at org.openqa.selenium.remote.codec.w3c.W3CHttpResponseCodec.decode(W3CHttpResponseCodec.java:52)
at org.openqa.selenium.remote.HttpCommandExecutor.execute(HttpCommandExecutor.java:191)
at org.openqa.selenium.remote.service.DriverCommandExecutor.invokeExecute(DriverCommandExecutor.java:196)
at org.openqa.selenium.remote.service.DriverCommandExecutor.execute(DriverCommandExecutor.java:171)
at org.openqa.selenium.remote.RemoteWebDriver.execute(RemoteWebDriver.java:602)
at org.openqa.selenium.remote.ElementLocation$ElementFinder$2.findElement(ElementLocation.java:165)
at org.openqa.selenium.remote.ElementLocation.findElement(ElementLocation.java:59)
at org.openqa.selenium.remote.RemoteWebDriver.findElement(RemoteWebDriver.java:359)
at org.openqa.selenium.remote.RemoteWebDriver.findElement(RemoteWebDriver.java:353)
at org.openqa.selenium.support.pagefactory.DefaultElementLocator.findElement(DefaultElementLocator.java:68)
at org.openqa.selenium.support.pagefactory.internal.LocatingElementHandler.invoke(LocatingElementHandler.java:38)
at jdk.proxy2/jdk.proxy2.$Proxy23.getText(Unknown Source)
at com.nspl.agingoptions.webUtil.WebUtil.getInnerText(WebUtil.java:759)
at com.nspl.agingoptions.activationform.ActivationFormPage.getEnterValidDateErrorMessage(ActivationFormPage.java:446)
at com.nspl.agingoptions.Intakeform.testcases.ActivationFormTestCases.TC063_WhenSelectSingleRelationshipDDUserAge101_99(ActivationFormTestCases.java:1232)
at java.base/java.util.ArrayList.forEach(ArrayList.java:1596)
... Removed 28 stack frames]]>
    </failure>
  </testcase> <!-- TC063_WhenSelectSingleRelationshipDDUserAge101_99 -->
  <testcase classname="com.nspl.agingoptions.Intakeform.testcases.ActivationFormTestCases" name="TC064_SelectMarriedRelationshipDDUserAge_17_100_18" time="81.819">
    <skipped/>
  </testcase> <!-- TC064_SelectMarriedRelationshipDDUserAge_17_100_18 -->
  <testcase classname="com.nspl.agingoptions.Intakeform.testcases.ActivationFormTestCases" name="TC064_SelectMarriedRelationshipDDUserAge_17_100_18" time="99.694">
    <skipped/>
  </testcase> <!-- TC064_SelectMarriedRelationshipDDUserAge_17_100_18 -->
  <testcase classname="com.nspl.agingoptions.Intakeform.testcases.ActivationFormTestCases" name="TC064_SelectMarriedRelationshipDDUserAge_17_100_18" time="87.094">
    <skipped/>
  </testcase> <!-- TC064_SelectMarriedRelationshipDDUserAge_17_100_18 -->
  <testcase classname="com.nspl.agingoptions.Intakeform.testcases.ActivationFormTestCases" name="TC064_SelectMarriedRelationshipDDUserAge_17_100_18" time="83.047">
    <failure type="org.openqa.selenium.NoSuchElementException" message="no such element: Unable to locate element: {&amp;quot;method&amp;quot;:&amp;quot;xpath&amp;quot;,&amp;quot;selector&amp;quot;:&amp;quot;//p[text()=&amp;apos;Member Cannot be minor.&amp;apos;]&amp;quot;}
  (Session info: chrome=122.0.6261.71)
For documentation on this error, please visit: https://www.selenium.dev/documentation/webdriver/troubleshooting/errors#no-such-element-exception
Build info: version: &amp;apos;4.12.1&amp;apos;, revision: &amp;apos;8e34639b11&amp;apos;
System info: os.name: &amp;apos;Windows 11&amp;apos;, os.arch: &amp;apos;amd64&amp;apos;, os.version: &amp;apos;10.0&amp;apos;, java.version: &amp;apos;21.0.1&amp;apos;
Driver info: org.openqa.selenium.chrome.ChromeDriver
Command: [46e97744ab9eed17cd34263f5b2df89f, findElement {using=xpath, value=//p[text()=&amp;apos;Member Cannot be minor.&amp;apos;]}]
Capabilities {acceptInsecureCerts: false, browserName: chrome, browserVersion: 122.0.6261.71, chrome: {chromedriverVersion: 122.0.6261.94 (880dbf29479c..., userDataDir: C:\Users\CCI\AppData\Local\...}, fedcm:accounts: true, goog:chromeOptions: {debuggerAddress: localhost:56903}, networkConnectionEnabled: false, pageLoadStrategy: normal, platformName: windows, proxy: Proxy(), se:cdp: ws://localhost:56903/devtoo..., se:cdpVersion: 122.0.6261.71, setWindowRect: true, strictFileInteractability: false, timeouts: {implicit: 0, pageLoad: 300000, script: 30000}, unhandledPromptBehavior: dismiss and notify, webauthn:extension:credBlob: true, webauthn:extension:largeBlob: true, webauthn:extension:minPinLength: true, webauthn:extension:prf: true, webauthn:virtualAuthenticators: true}
Session ID: 46e97744ab9eed17cd34263f5b2df89f">
      <![CDATA[org.openqa.selenium.NoSuchElementException: no such element: Unable to locate element: {"method":"xpath","selector":"//p[text()='Member Cannot be minor.']"}
  (Session info: chrome=122.0.6261.71)
For documentation on this error, please visit: https://www.selenium.dev/documentation/webdriver/troubleshooting/errors#no-such-element-exception
Build info: version: '4.12.1', revision: '8e34639b11'
System info: os.name: 'Windows 11', os.arch: 'amd64', os.version: '10.0', java.version: '21.0.1'
Driver info: org.openqa.selenium.chrome.ChromeDriver
Command: [46e97744ab9eed17cd34263f5b2df89f, findElement {using=xpath, value=//p[text()='Member Cannot be minor.']}]
Capabilities {acceptInsecureCerts: false, browserName: chrome, browserVersion: 122.0.6261.71, chrome: {chromedriverVersion: 122.0.6261.94 (880dbf29479c..., userDataDir: C:\Users\CCI\AppData\Local\...}, fedcm:accounts: true, goog:chromeOptions: {debuggerAddress: localhost:56903}, networkConnectionEnabled: false, pageLoadStrategy: normal, platformName: windows, proxy: Proxy(), se:cdp: ws://localhost:56903/devtoo..., se:cdpVersion: 122.0.6261.71, setWindowRect: true, strictFileInteractability: false, timeouts: {implicit: 0, pageLoad: 300000, script: 30000}, unhandledPromptBehavior: dismiss and notify, webauthn:extension:credBlob: true, webauthn:extension:largeBlob: true, webauthn:extension:minPinLength: true, webauthn:extension:prf: true, webauthn:virtualAuthenticators: true}
Session ID: 46e97744ab9eed17cd34263f5b2df89f
at org.openqa.selenium.remote.codec.w3c.W3CHttpResponseCodec.createException(W3CHttpResponseCodec.java:200)
at org.openqa.selenium.remote.codec.w3c.W3CHttpResponseCodec.decode(W3CHttpResponseCodec.java:133)
at org.openqa.selenium.remote.codec.w3c.W3CHttpResponseCodec.decode(W3CHttpResponseCodec.java:52)
at org.openqa.selenium.remote.HttpCommandExecutor.execute(HttpCommandExecutor.java:191)
at org.openqa.selenium.remote.service.DriverCommandExecutor.invokeExecute(DriverCommandExecutor.java:196)
at org.openqa.selenium.remote.service.DriverCommandExecutor.execute(DriverCommandExecutor.java:171)
at org.openqa.selenium.remote.RemoteWebDriver.execute(RemoteWebDriver.java:602)
at org.openqa.selenium.remote.ElementLocation$ElementFinder$2.findElement(ElementLocation.java:165)
at org.openqa.selenium.remote.ElementLocation.findElement(ElementLocation.java:59)
at org.openqa.selenium.remote.RemoteWebDriver.findElement(RemoteWebDriver.java:359)
at org.openqa.selenium.remote.RemoteWebDriver.findElement(RemoteWebDriver.java:353)
at org.openqa.selenium.support.pagefactory.DefaultElementLocator.findElement(DefaultElementLocator.java:68)
at org.openqa.selenium.support.pagefactory.internal.LocatingElementHandler.invoke(LocatingElementHandler.java:38)
at jdk.proxy2/jdk.proxy2.$Proxy23.getText(Unknown Source)
at com.nspl.agingoptions.webUtil.WebUtil.getInnerText(WebUtil.java:759)
at com.nspl.agingoptions.activationform.ActivationFormPage.getMemberCanNotBeMinorErrorMessage(ActivationFormPage.java:441)
at com.nspl.agingoptions.Intakeform.testcases.ActivationFormTestCases.TC064_SelectMarriedRelationshipDDUserAge_17_100_18(ActivationFormTestCases.java:1268)
at java.base/java.util.ArrayList.forEach(ArrayList.java:1596)
... Removed 28 stack frames]]>
    </failure>
  </testcase> <!-- TC064_SelectMarriedRelationshipDDUserAge_17_100_18 -->
  <testcase classname="com.nspl.agingoptions.Intakeform.testcases.ActivationFormTestCases" name="TC065_WhenSelectMarriedRelationshipDDUserAge19" time="57.955">
    <skipped/>
  </testcase> <!-- TC065_WhenSelectMarriedRelationshipDDUserAge19 -->
  <testcase classname="com.nspl.agingoptions.Intakeform.testcases.ActivationFormTestCases" name="TC065_WhenSelectMarriedRelationshipDDUserAge19" time="58.567">
    <skipped/>
  </testcase> <!-- TC065_WhenSelectMarriedRelationshipDDUserAge19 -->
  <testcase classname="com.nspl.agingoptions.Intakeform.testcases.ActivationFormTestCases" name="TC065_WhenSelectMarriedRelationshipDDUserAge19" time="55.211">
    <skipped/>
  </testcase> <!-- TC065_WhenSelectMarriedRelationshipDDUserAge19 -->
  <testcase classname="com.nspl.agingoptions.Intakeform.testcases.ActivationFormTestCases" name="TC065_WhenSelectMarriedRelationshipDDUserAge19" time="56.983">
    <failure type="java.lang.ArrayIndexOutOfBoundsException" message="Index 2 out of bounds for length 1">
      <![CDATA[java.lang.ArrayIndexOutOfBoundsException: Index 2 out of bounds for length 1
at com.nspl.agingoptions.webUtil.WebUtil.getReverseDob(WebUtil.java:1608)
at com.nspl.agingoptions.Intakeform.testcases.ActivationFormTestCases.TC065_WhenSelectMarriedRelationshipDDUserAge19(ActivationFormTestCases.java:1335)
at java.base/java.util.ArrayList.forEach(ArrayList.java:1596)
... Removed 25 stack frames]]>
    </failure>
  </testcase> <!-- TC065_WhenSelectMarriedRelationshipDDUserAge19 -->
  <testcase classname="com.nspl.agingoptions.Intakeform.testcases.ActivationFormTestCases" name="TC066_WhenSelectMarriedRelationshipDDUserAge_101_99" time="80.704">
    <skipped/>
  </testcase> <!-- TC066_WhenSelectMarriedRelationshipDDUserAge_101_99 -->
  <testcase classname="com.nspl.agingoptions.Intakeform.testcases.ActivationFormTestCases" name="TC066_WhenSelectMarriedRelationshipDDUserAge_101_99" time="82.86">
    <skipped/>
  </testcase> <!-- TC066_WhenSelectMarriedRelationshipDDUserAge_101_99 -->
  <testcase classname="com.nspl.agingoptions.Intakeform.testcases.ActivationFormTestCases" name="TC066_WhenSelectMarriedRelationshipDDUserAge_101_99" time="83.545">
    <skipped/>
  </testcase> <!-- TC066_WhenSelectMarriedRelationshipDDUserAge_101_99 -->
  <testcase classname="com.nspl.agingoptions.Intakeform.testcases.ActivationFormTestCases" name="TC066_WhenSelectMarriedRelationshipDDUserAge_101_99" time="100.495">
    <failure type="org.openqa.selenium.TimeoutException" message="Expected condition failed: waiting for visibility of element located by By.xpath: //option[contains(text(),&amp;apos;Married&amp;apos;)] (tried for 40 second(s) with 500 milliseconds interval)
Build info: version: &amp;apos;4.12.1&amp;apos;, revision: &amp;apos;8e34639b11&amp;apos;
System info: os.name: &amp;apos;Windows 11&amp;apos;, os.arch: &amp;apos;amd64&amp;apos;, os.version: &amp;apos;10.0&amp;apos;, java.version: &amp;apos;21.0.1&amp;apos;
Driver info: org.openqa.selenium.chrome.ChromeDriver
Capabilities {acceptInsecureCerts: false, browserName: chrome, browserVersion: 122.0.6261.71, chrome: {chromedriverVersion: 122.0.6261.94 (880dbf29479c..., userDataDir: C:\Users\CCI\AppData\Local\...}, fedcm:accounts: true, goog:chromeOptions: {debuggerAddress: localhost:56903}, networkConnectionEnabled: false, pageLoadStrategy: normal, platformName: windows, proxy: Proxy(), se:cdp: ws://localhost:56903/devtoo..., se:cdpVersion: 122.0.6261.71, setWindowRect: true, strictFileInteractability: false, timeouts: {implicit: 0, pageLoad: 300000, script: 30000}, unhandledPromptBehavior: dismiss and notify, webauthn:extension:credBlob: true, webauthn:extension:largeBlob: true, webauthn:extension:minPinLength: true, webauthn:extension:prf: true, webauthn:virtualAuthenticators: true}
Session ID: 46e97744ab9eed17cd34263f5b2df89f">
      <![CDATA[org.openqa.selenium.TimeoutException: Expected condition failed: waiting for visibility of element located by By.xpath: //option[contains(text(),'Married')] (tried for 40 second(s) with 500 milliseconds interval)
Build info: version: '4.12.1', revision: '8e34639b11'
System info: os.name: 'Windows 11', os.arch: 'amd64', os.version: '10.0', java.version: '21.0.1'
Driver info: org.openqa.selenium.chrome.ChromeDriver
Capabilities {acceptInsecureCerts: false, browserName: chrome, browserVersion: 122.0.6261.71, chrome: {chromedriverVersion: 122.0.6261.94 (880dbf29479c..., userDataDir: C:\Users\CCI\AppData\Local\...}, fedcm:accounts: true, goog:chromeOptions: {debuggerAddress: localhost:56903}, networkConnectionEnabled: false, pageLoadStrategy: normal, platformName: windows, proxy: Proxy(), se:cdp: ws://localhost:56903/devtoo..., se:cdpVersion: 122.0.6261.71, setWindowRect: true, strictFileInteractability: false, timeouts: {implicit: 0, pageLoad: 300000, script: 30000}, unhandledPromptBehavior: dismiss and notify, webauthn:extension:credBlob: true, webauthn:extension:largeBlob: true, webauthn:extension:minPinLength: true, webauthn:extension:prf: true, webauthn:virtualAuthenticators: true}
Session ID: 46e97744ab9eed17cd34263f5b2df89f
at org.openqa.selenium.support.ui.WebDriverWait.timeoutException(WebDriverWait.java:84)
at org.openqa.selenium.support.ui.FluentWait.until(FluentWait.java:230)
at com.nspl.agingoptions.webUtil.WebUtil.waitUntilPresentInUI(WebUtil.java:1556)
at com.nspl.agingoptions.activationform.ActivationFormPage.selectMaritalStatusDD(ActivationFormPage.java:118)
at com.nspl.agingoptions.Intakeform.testcases.ActivationFormTestCases.TC066_WhenSelectMarriedRelationshipDDUserAge_101_99(ActivationFormTestCases.java:1356)
at java.base/java.util.ArrayList.forEach(ArrayList.java:1596)
... Removed 25 stack frames]]>
    </failure>
  </testcase> <!-- TC066_WhenSelectMarriedRelationshipDDUserAge_101_99 -->
  <testcase classname="com.nspl.agingoptions.Intakeform.testcases.ActivationFormTestCases" name="TC067_SelectLivingTogetherRelationshipDDUserAge_17_100_18" time="84.701">
    <skipped/>
  </testcase> <!-- TC067_SelectLivingTogetherRelationshipDDUserAge_17_100_18 -->
  <testcase classname="com.nspl.agingoptions.Intakeform.testcases.ActivationFormTestCases" name="TC067_SelectLivingTogetherRelationshipDDUserAge_17_100_18" time="82.591">
    <skipped/>
  </testcase> <!-- TC067_SelectLivingTogetherRelationshipDDUserAge_17_100_18 -->
  <testcase classname="com.nspl.agingoptions.Intakeform.testcases.ActivationFormTestCases" name="TC067_SelectLivingTogetherRelationshipDDUserAge_17_100_18" time="82.482">
    <skipped/>
  </testcase> <!-- TC067_SelectLivingTogetherRelationshipDDUserAge_17_100_18 -->
  <testcase classname="com.nspl.agingoptions.Intakeform.testcases.ActivationFormTestCases" name="TC067_SelectLivingTogetherRelationshipDDUserAge_17_100_18" time="99.738">
    <failure type="org.openqa.selenium.TimeoutException" message="Expected condition failed: waiting for visibility of element located by By.xpath: //option[contains(text(),&amp;apos;Married&amp;apos;)] (tried for 40 second(s) with 500 milliseconds interval)
Build info: version: &amp;apos;4.12.1&amp;apos;, revision: &amp;apos;8e34639b11&amp;apos;
System info: os.name: &amp;apos;Windows 11&amp;apos;, os.arch: &amp;apos;amd64&amp;apos;, os.version: &amp;apos;10.0&amp;apos;, java.version: &amp;apos;21.0.1&amp;apos;
Driver info: org.openqa.selenium.chrome.ChromeDriver
Capabilities {acceptInsecureCerts: false, browserName: chrome, browserVersion: 122.0.6261.71, chrome: {chromedriverVersion: 122.0.6261.94 (880dbf29479c..., userDataDir: C:\Users\CCI\AppData\Local\...}, fedcm:accounts: true, goog:chromeOptions: {debuggerAddress: localhost:56903}, networkConnectionEnabled: false, pageLoadStrategy: normal, platformName: windows, proxy: Proxy(), se:cdp: ws://localhost:56903/devtoo..., se:cdpVersion: 122.0.6261.71, setWindowRect: true, strictFileInteractability: false, timeouts: {implicit: 0, pageLoad: 300000, script: 30000}, unhandledPromptBehavior: dismiss and notify, webauthn:extension:credBlob: true, webauthn:extension:largeBlob: true, webauthn:extension:minPinLength: true, webauthn:extension:prf: true, webauthn:virtualAuthenticators: true}
Session ID: 46e97744ab9eed17cd34263f5b2df89f">
      <![CDATA[org.openqa.selenium.TimeoutException: Expected condition failed: waiting for visibility of element located by By.xpath: //option[contains(text(),'Married')] (tried for 40 second(s) with 500 milliseconds interval)
Build info: version: '4.12.1', revision: '8e34639b11'
System info: os.name: 'Windows 11', os.arch: 'amd64', os.version: '10.0', java.version: '21.0.1'
Driver info: org.openqa.selenium.chrome.ChromeDriver
Capabilities {acceptInsecureCerts: false, browserName: chrome, browserVersion: 122.0.6261.71, chrome: {chromedriverVersion: 122.0.6261.94 (880dbf29479c..., userDataDir: C:\Users\CCI\AppData\Local\...}, fedcm:accounts: true, goog:chromeOptions: {debuggerAddress: localhost:56903}, networkConnectionEnabled: false, pageLoadStrategy: normal, platformName: windows, proxy: Proxy(), se:cdp: ws://localhost:56903/devtoo..., se:cdpVersion: 122.0.6261.71, setWindowRect: true, strictFileInteractability: false, timeouts: {implicit: 0, pageLoad: 300000, script: 30000}, unhandledPromptBehavior: dismiss and notify, webauthn:extension:credBlob: true, webauthn:extension:largeBlob: true, webauthn:extension:minPinLength: true, webauthn:extension:prf: true, webauthn:virtualAuthenticators: true}
Session ID: 46e97744ab9eed17cd34263f5b2df89f
at org.openqa.selenium.support.ui.WebDriverWait.timeoutException(WebDriverWait.java:84)
at org.openqa.selenium.support.ui.FluentWait.until(FluentWait.java:230)
at com.nspl.agingoptions.webUtil.WebUtil.waitUntilPresentInUI(WebUtil.java:1556)
at com.nspl.agingoptions.activationform.ActivationFormPage.selectMaritalStatusDD(ActivationFormPage.java:118)
at com.nspl.agingoptions.Intakeform.testcases.ActivationFormTestCases.TC067_SelectLivingTogetherRelationshipDDUserAge_17_100_18(ActivationFormTestCases.java:1393)
at java.base/java.util.ArrayList.forEach(ArrayList.java:1596)
... Removed 25 stack frames]]>
    </failure>
  </testcase> <!-- TC067_SelectLivingTogetherRelationshipDDUserAge_17_100_18 -->
  <testcase classname="com.nspl.agingoptions.Intakeform.testcases.ActivationFormTestCases" name="TC068_WhenSelectLivingTogetherRelationshipDDUserAge19" time="64.617">
    <skipped/>
  </testcase> <!-- TC068_WhenSelectLivingTogetherRelationshipDDUserAge19 -->
  <testcase classname="com.nspl.agingoptions.Intakeform.testcases.ActivationFormTestCases" name="TC068_WhenSelectLivingTogetherRelationshipDDUserAge19" time="64.11">
    <skipped/>
  </testcase> <!-- TC068_WhenSelectLivingTogetherRelationshipDDUserAge19 -->
  <testcase classname="com.nspl.agingoptions.Intakeform.testcases.ActivationFormTestCases" name="TC068_WhenSelectLivingTogetherRelationshipDDUserAge19" time="62.399">
    <skipped/>
  </testcase> <!-- TC068_WhenSelectLivingTogetherRelationshipDDUserAge19 -->
  <testcase classname="com.nspl.agingoptions.Intakeform.testcases.ActivationFormTestCases" name="TC068_WhenSelectLivingTogetherRelationshipDDUserAge19" time="104.188">
    <failure type="org.openqa.selenium.TimeoutException" message="Expected condition failed: waiting for visibility of element located by By.xpath: //option[contains(text(),&amp;apos;Married&amp;apos;)] (tried for 40 second(s) with 500 milliseconds interval)
Build info: version: &amp;apos;4.12.1&amp;apos;, revision: &amp;apos;8e34639b11&amp;apos;
System info: os.name: &amp;apos;Windows 11&amp;apos;, os.arch: &amp;apos;amd64&amp;apos;, os.version: &amp;apos;10.0&amp;apos;, java.version: &amp;apos;21.0.1&amp;apos;
Driver info: org.openqa.selenium.chrome.ChromeDriver
Capabilities {acceptInsecureCerts: false, browserName: chrome, browserVersion: 122.0.6261.71, chrome: {chromedriverVersion: 122.0.6261.94 (880dbf29479c..., userDataDir: C:\Users\CCI\AppData\Local\...}, fedcm:accounts: true, goog:chromeOptions: {debuggerAddress: localhost:56903}, networkConnectionEnabled: false, pageLoadStrategy: normal, platformName: windows, proxy: Proxy(), se:cdp: ws://localhost:56903/devtoo..., se:cdpVersion: 122.0.6261.71, setWindowRect: true, strictFileInteractability: false, timeouts: {implicit: 0, pageLoad: 300000, script: 30000}, unhandledPromptBehavior: dismiss and notify, webauthn:extension:credBlob: true, webauthn:extension:largeBlob: true, webauthn:extension:minPinLength: true, webauthn:extension:prf: true, webauthn:virtualAuthenticators: true}
Session ID: 46e97744ab9eed17cd34263f5b2df89f">
      <![CDATA[org.openqa.selenium.TimeoutException: Expected condition failed: waiting for visibility of element located by By.xpath: //option[contains(text(),'Married')] (tried for 40 second(s) with 500 milliseconds interval)
Build info: version: '4.12.1', revision: '8e34639b11'
System info: os.name: 'Windows 11', os.arch: 'amd64', os.version: '10.0', java.version: '21.0.1'
Driver info: org.openqa.selenium.chrome.ChromeDriver
Capabilities {acceptInsecureCerts: false, browserName: chrome, browserVersion: 122.0.6261.71, chrome: {chromedriverVersion: 122.0.6261.94 (880dbf29479c..., userDataDir: C:\Users\CCI\AppData\Local\...}, fedcm:accounts: true, goog:chromeOptions: {debuggerAddress: localhost:56903}, networkConnectionEnabled: false, pageLoadStrategy: normal, platformName: windows, proxy: Proxy(), se:cdp: ws://localhost:56903/devtoo..., se:cdpVersion: 122.0.6261.71, setWindowRect: true, strictFileInteractability: false, timeouts: {implicit: 0, pageLoad: 300000, script: 30000}, unhandledPromptBehavior: dismiss and notify, webauthn:extension:credBlob: true, webauthn:extension:largeBlob: true, webauthn:extension:minPinLength: true, webauthn:extension:prf: true, webauthn:virtualAuthenticators: true}
Session ID: 46e97744ab9eed17cd34263f5b2df89f
at org.openqa.selenium.support.ui.WebDriverWait.timeoutException(WebDriverWait.java:84)
at org.openqa.selenium.support.ui.FluentWait.until(FluentWait.java:230)
at com.nspl.agingoptions.webUtil.WebUtil.waitUntilPresentInUI(WebUtil.java:1556)
at com.nspl.agingoptions.activationform.ActivationFormPage.selectMaritalStatusDD(ActivationFormPage.java:118)
at com.nspl.agingoptions.Intakeform.testcases.ActivationFormTestCases.TC068_WhenSelectLivingTogetherRelationshipDDUserAge19(ActivationFormTestCases.java:1435)
at java.base/java.util.ArrayList.forEach(ArrayList.java:1596)
... Removed 25 stack frames]]>
    </failure>
  </testcase> <!-- TC068_WhenSelectLivingTogetherRelationshipDDUserAge19 -->
  <testcase classname="com.nspl.agingoptions.Intakeform.testcases.ActivationFormTestCases" name="TC069_WhenSelectLivingTogetherRelationshipDDUserAge_101_99" time="89.164">
    <skipped/>
  </testcase> <!-- TC069_WhenSelectLivingTogetherRelationshipDDUserAge_101_99 -->
  <testcase classname="com.nspl.agingoptions.Intakeform.testcases.ActivationFormTestCases" name="TC069_WhenSelectLivingTogetherRelationshipDDUserAge_101_99" time="86.041">
    <skipped/>
  </testcase> <!-- TC069_WhenSelectLivingTogetherRelationshipDDUserAge_101_99 -->
  <testcase classname="com.nspl.agingoptions.Intakeform.testcases.ActivationFormTestCases" name="TC069_WhenSelectLivingTogetherRelationshipDDUserAge_101_99" time="92.036">
    <skipped/>
  </testcase> <!-- TC069_WhenSelectLivingTogetherRelationshipDDUserAge_101_99 -->
  <testcase classname="com.nspl.agingoptions.Intakeform.testcases.ActivationFormTestCases" name="TC069_WhenSelectLivingTogetherRelationshipDDUserAge_101_99" time="103.289">
    <failure type="org.openqa.selenium.TimeoutException" message="Expected condition failed: waiting for visibility of element located by By.xpath: //option[contains(text(),&amp;apos;Married&amp;apos;)] (tried for 40 second(s) with 500 milliseconds interval)
Build info: version: &amp;apos;4.12.1&amp;apos;, revision: &amp;apos;8e34639b11&amp;apos;
System info: os.name: &amp;apos;Windows 11&amp;apos;, os.arch: &amp;apos;amd64&amp;apos;, os.version: &amp;apos;10.0&amp;apos;, java.version: &amp;apos;21.0.1&amp;apos;
Driver info: org.openqa.selenium.chrome.ChromeDriver
Capabilities {acceptInsecureCerts: false, browserName: chrome, browserVersion: 122.0.6261.71, chrome: {chromedriverVersion: 122.0.6261.94 (880dbf29479c..., userDataDir: C:\Users\CCI\AppData\Local\...}, fedcm:accounts: true, goog:chromeOptions: {debuggerAddress: localhost:56903}, networkConnectionEnabled: false, pageLoadStrategy: normal, platformName: windows, proxy: Proxy(), se:cdp: ws://localhost:56903/devtoo..., se:cdpVersion: 122.0.6261.71, setWindowRect: true, strictFileInteractability: false, timeouts: {implicit: 0, pageLoad: 300000, script: 30000}, unhandledPromptBehavior: dismiss and notify, webauthn:extension:credBlob: true, webauthn:extension:largeBlob: true, webauthn:extension:minPinLength: true, webauthn:extension:prf: true, webauthn:virtualAuthenticators: true}
Session ID: 46e97744ab9eed17cd34263f5b2df89f">
      <![CDATA[org.openqa.selenium.TimeoutException: Expected condition failed: waiting for visibility of element located by By.xpath: //option[contains(text(),'Married')] (tried for 40 second(s) with 500 milliseconds interval)
Build info: version: '4.12.1', revision: '8e34639b11'
System info: os.name: 'Windows 11', os.arch: 'amd64', os.version: '10.0', java.version: '21.0.1'
Driver info: org.openqa.selenium.chrome.ChromeDriver
Capabilities {acceptInsecureCerts: false, browserName: chrome, browserVersion: 122.0.6261.71, chrome: {chromedriverVersion: 122.0.6261.94 (880dbf29479c..., userDataDir: C:\Users\CCI\AppData\Local\...}, fedcm:accounts: true, goog:chromeOptions: {debuggerAddress: localhost:56903}, networkConnectionEnabled: false, pageLoadStrategy: normal, platformName: windows, proxy: Proxy(), se:cdp: ws://localhost:56903/devtoo..., se:cdpVersion: 122.0.6261.71, setWindowRect: true, strictFileInteractability: false, timeouts: {implicit: 0, pageLoad: 300000, script: 30000}, unhandledPromptBehavior: dismiss and notify, webauthn:extension:credBlob: true, webauthn:extension:largeBlob: true, webauthn:extension:minPinLength: true, webauthn:extension:prf: true, webauthn:virtualAuthenticators: true}
Session ID: 46e97744ab9eed17cd34263f5b2df89f
at org.openqa.selenium.support.ui.WebDriverWait.timeoutException(WebDriverWait.java:84)
at org.openqa.selenium.support.ui.FluentWait.until(FluentWait.java:230)
at com.nspl.agingoptions.webUtil.WebUtil.waitUntilPresentInUI(WebUtil.java:1556)
at com.nspl.agingoptions.activationform.ActivationFormPage.selectMaritalStatusDD(ActivationFormPage.java:118)
at com.nspl.agingoptions.Intakeform.testcases.ActivationFormTestCases.TC069_WhenSelectLivingTogetherRelationshipDDUserAge_101_99(ActivationFormTestCases.java:1464)
at java.base/java.util.ArrayList.forEach(ArrayList.java:1596)
... Removed 25 stack frames]]>
    </failure>
  </testcase> <!-- TC069_WhenSelectLivingTogetherRelationshipDDUserAge_101_99 -->
  <testcase classname="com.nspl.agingoptions.Intakeform.testcases.ActivationFormTestCases" name="TC070_SelectWidowedRelationshipDDUserAge_17_100_18" time="89.129">
    <skipped/>
  </testcase> <!-- TC070_SelectWidowedRelationshipDDUserAge_17_100_18 -->
  <testcase classname="com.nspl.agingoptions.Intakeform.testcases.ActivationFormTestCases" name="TC070_SelectWidowedRelationshipDDUserAge_17_100_18" time="103.629">
    <skipped/>
  </testcase> <!-- TC070_SelectWidowedRelationshipDDUserAge_17_100_18 -->
  <testcase classname="com.nspl.agingoptions.Intakeform.testcases.ActivationFormTestCases" name="TC070_SelectWidowedRelationshipDDUserAge_17_100_18" time="106.498">
    <skipped/>
  </testcase> <!-- TC070_SelectWidowedRelationshipDDUserAge_17_100_18 -->
  <testcase classname="com.nspl.agingoptions.Intakeform.testcases.ActivationFormTestCases" name="TC070_SelectWidowedRelationshipDDUserAge_17_100_18" time="60.407">
    <failure type="org.openqa.selenium.NoSuchElementException" message="no such element: Unable to locate element: {&amp;quot;method&amp;quot;:&amp;quot;xpath&amp;quot;,&amp;quot;selector&amp;quot;:&amp;quot;//button[contains(text(),&amp;apos;Sign In&amp;apos;)]&amp;quot;}
  (Session info: chrome=122.0.6261.71)
For documentation on this error, please visit: https://www.selenium.dev/documentation/webdriver/troubleshooting/errors#no-such-element-exception
Build info: version: &amp;apos;4.12.1&amp;apos;, revision: &amp;apos;8e34639b11&amp;apos;
System info: os.name: &amp;apos;Windows 11&amp;apos;, os.arch: &amp;apos;amd64&amp;apos;, os.version: &amp;apos;10.0&amp;apos;, java.version: &amp;apos;21.0.1&amp;apos;
Driver info: org.openqa.selenium.chrome.ChromeDriver
Command: [46e97744ab9eed17cd34263f5b2df89f, findElement {using=xpath, value=//button[contains(text(),&amp;apos;Sign In&amp;apos;)]}]
Capabilities {acceptInsecureCerts: false, browserName: chrome, browserVersion: 122.0.6261.71, chrome: {chromedriverVersion: 122.0.6261.94 (880dbf29479c..., userDataDir: C:\Users\CCI\AppData\Local\...}, fedcm:accounts: true, goog:chromeOptions: {debuggerAddress: localhost:56903}, networkConnectionEnabled: false, pageLoadStrategy: normal, platformName: windows, proxy: Proxy(), se:cdp: ws://localhost:56903/devtoo..., se:cdpVersion: 122.0.6261.71, setWindowRect: true, strictFileInteractability: false, timeouts: {implicit: 0, pageLoad: 300000, script: 30000}, unhandledPromptBehavior: dismiss and notify, webauthn:extension:credBlob: true, webauthn:extension:largeBlob: true, webauthn:extension:minPinLength: true, webauthn:extension:prf: true, webauthn:virtualAuthenticators: true}
Session ID: 46e97744ab9eed17cd34263f5b2df89f">
      <![CDATA[org.openqa.selenium.NoSuchElementException: no such element: Unable to locate element: {"method":"xpath","selector":"//button[contains(text(),'Sign In')]"}
  (Session info: chrome=122.0.6261.71)
For documentation on this error, please visit: https://www.selenium.dev/documentation/webdriver/troubleshooting/errors#no-such-element-exception
Build info: version: '4.12.1', revision: '8e34639b11'
System info: os.name: 'Windows 11', os.arch: 'amd64', os.version: '10.0', java.version: '21.0.1'
Driver info: org.openqa.selenium.chrome.ChromeDriver
Command: [46e97744ab9eed17cd34263f5b2df89f, findElement {using=xpath, value=//button[contains(text(),'Sign In')]}]
Capabilities {acceptInsecureCerts: false, browserName: chrome, browserVersion: 122.0.6261.71, chrome: {chromedriverVersion: 122.0.6261.94 (880dbf29479c..., userDataDir: C:\Users\CCI\AppData\Local\...}, fedcm:accounts: true, goog:chromeOptions: {debuggerAddress: localhost:56903}, networkConnectionEnabled: false, pageLoadStrategy: normal, platformName: windows, proxy: Proxy(), se:cdp: ws://localhost:56903/devtoo..., se:cdpVersion: 122.0.6261.71, setWindowRect: true, strictFileInteractability: false, timeouts: {implicit: 0, pageLoad: 300000, script: 30000}, unhandledPromptBehavior: dismiss and notify, webauthn:extension:credBlob: true, webauthn:extension:largeBlob: true, webauthn:extension:minPinLength: true, webauthn:extension:prf: true, webauthn:virtualAuthenticators: true}
Session ID: 46e97744ab9eed17cd34263f5b2df89f
at org.openqa.selenium.remote.codec.w3c.W3CHttpResponseCodec.createException(W3CHttpResponseCodec.java:200)
at org.openqa.selenium.remote.codec.w3c.W3CHttpResponseCodec.decode(W3CHttpResponseCodec.java:133)
at org.openqa.selenium.remote.codec.w3c.W3CHttpResponseCodec.decode(W3CHttpResponseCodec.java:52)
at org.openqa.selenium.remote.HttpCommandExecutor.execute(HttpCommandExecutor.java:191)
at org.openqa.selenium.remote.service.DriverCommandExecutor.invokeExecute(DriverCommandExecutor.java:196)
at org.openqa.selenium.remote.service.DriverCommandExecutor.execute(DriverCommandExecutor.java:171)
at org.openqa.selenium.remote.RemoteWebDriver.execute(RemoteWebDriver.java:602)
at org.openqa.selenium.remote.ElementLocation$ElementFinder$2.findElement(ElementLocation.java:165)
at org.openqa.selenium.remote.ElementLocation.findElement(ElementLocation.java:59)
at org.openqa.selenium.remote.RemoteWebDriver.findElement(RemoteWebDriver.java:359)
at org.openqa.selenium.remote.RemoteWebDriver.findElement(RemoteWebDriver.java:353)
at org.openqa.selenium.support.pagefactory.DefaultElementLocator.findElement(DefaultElementLocator.java:68)
at org.openqa.selenium.support.pagefactory.internal.LocatingElementHandler.invoke(LocatingElementHandler.java:38)
at jdk.proxy2/jdk.proxy2.$Proxy23.click(Unknown Source)
at com.nspl.agingoptions.webUtil.WebUtil.click(WebUtil.java:271)
at com.nspl.agingoptions.commonpages.CommonCode.clickLoginBT(CommonCode.java:31)
at com.nspl.agingoptions.commonpages.CommonCode.loginInApplication(CommonCode.java:216)
at com.nspl.agingoptions.Intakeform.testcases.ActivationFormTestCases.TC070_SelectWidowedRelationshipDDUserAge_17_100_18(ActivationFormTestCases.java:1501)
at java.base/java.util.ArrayList.forEach(ArrayList.java:1596)
... Removed 28 stack frames]]>
    </failure>
  </testcase> <!-- TC070_SelectWidowedRelationshipDDUserAge_17_100_18 -->
  <testcase classname="com.nspl.agingoptions.Intakeform.testcases.ActivationFormTestCases" name="TC071_SelectWidowedRelationshipDDUserAge19" time="70.487">
    <skipped/>
  </testcase> <!-- TC071_SelectWidowedRelationshipDDUserAge19 -->
  <testcase classname="com.nspl.agingoptions.Intakeform.testcases.ActivationFormTestCases" name="TC071_SelectWidowedRelationshipDDUserAge19" time="66.73">
    <skipped/>
  </testcase> <!-- TC071_SelectWidowedRelationshipDDUserAge19 -->
  <testcase classname="com.nspl.agingoptions.Intakeform.testcases.ActivationFormTestCases" name="TC071_SelectWidowedRelationshipDDUserAge19" time="62.895">
    <skipped/>
  </testcase> <!-- TC071_SelectWidowedRelationshipDDUserAge19 -->
  <testcase classname="com.nspl.agingoptions.Intakeform.testcases.ActivationFormTestCases" name="TC071_SelectWidowedRelationshipDDUserAge19" time="85.293">
    <failure type="java.lang.ArrayIndexOutOfBoundsException" message="Index 2 out of bounds for length 1">
      <![CDATA[java.lang.ArrayIndexOutOfBoundsException: Index 2 out of bounds for length 1
at com.nspl.agingoptions.webUtil.WebUtil.getReverseDob(WebUtil.java:1608)
at com.nspl.agingoptions.Intakeform.testcases.ActivationFormTestCases.TC071_SelectWidowedRelationshipDDUserAge19(ActivationFormTestCases.java:1554)
at java.base/java.util.ArrayList.forEach(ArrayList.java:1596)
... Removed 25 stack frames]]>
    </failure>
  </testcase> <!-- TC071_SelectWidowedRelationshipDDUserAge19 -->
  <testcase classname="com.nspl.agingoptions.Intakeform.testcases.ActivationFormTestCases" name="TC072_SelectWidowedRelationshipDDUserAge_101_99" time="55.278">
    <skipped/>
  </testcase> <!-- TC072_SelectWidowedRelationshipDDUserAge_101_99 -->
  <testcase classname="com.nspl.agingoptions.Intakeform.testcases.ActivationFormTestCases" name="TC072_SelectWidowedRelationshipDDUserAge_101_99" time="53.49">
    <skipped/>
  </testcase> <!-- TC072_SelectWidowedRelationshipDDUserAge_101_99 -->
  <testcase classname="com.nspl.agingoptions.Intakeform.testcases.ActivationFormTestCases" name="TC072_SelectWidowedRelationshipDDUserAge_101_99" time="54.912">
    <skipped/>
  </testcase> <!-- TC072_SelectWidowedRelationshipDDUserAge_101_99 -->
  <testcase classname="com.nspl.agingoptions.Intakeform.testcases.ActivationFormTestCases" name="TC072_SelectWidowedRelationshipDDUserAge_101_99" time="85.788">
    <failure type="org.openqa.selenium.NoSuchElementException" message="no such element: Unable to locate element: {&amp;quot;method&amp;quot;:&amp;quot;xpath&amp;quot;,&amp;quot;selector&amp;quot;:&amp;quot;//button[@type=&amp;apos;Submit&amp;apos;]&amp;quot;}
  (Session info: chrome=122.0.6261.71)
For documentation on this error, please visit: https://www.selenium.dev/documentation/webdriver/troubleshooting/errors#no-such-element-exception
Build info: version: &amp;apos;4.12.1&amp;apos;, revision: &amp;apos;8e34639b11&amp;apos;
System info: os.name: &amp;apos;Windows 11&amp;apos;, os.arch: &amp;apos;amd64&amp;apos;, os.version: &amp;apos;10.0&amp;apos;, java.version: &amp;apos;21.0.1&amp;apos;
Driver info: org.openqa.selenium.chrome.ChromeDriver
Command: [46e97744ab9eed17cd34263f5b2df89f, findElement {using=xpath, value=//button[@type=&amp;apos;Submit&amp;apos;]}]
Capabilities {acceptInsecureCerts: false, browserName: chrome, browserVersion: 122.0.6261.71, chrome: {chromedriverVersion: 122.0.6261.94 (880dbf29479c..., userDataDir: C:\Users\CCI\AppData\Local\...}, fedcm:accounts: true, goog:chromeOptions: {debuggerAddress: localhost:56903}, networkConnectionEnabled: false, pageLoadStrategy: normal, platformName: windows, proxy: Proxy(), se:cdp: ws://localhost:56903/devtoo..., se:cdpVersion: 122.0.6261.71, setWindowRect: true, strictFileInteractability: false, timeouts: {implicit: 0, pageLoad: 300000, script: 30000}, unhandledPromptBehavior: dismiss and notify, webauthn:extension:credBlob: true, webauthn:extension:largeBlob: true, webauthn:extension:minPinLength: true, webauthn:extension:prf: true, webauthn:virtualAuthenticators: true}
Session ID: 46e97744ab9eed17cd34263f5b2df89f">
      <![CDATA[org.openqa.selenium.NoSuchElementException: no such element: Unable to locate element: {"method":"xpath","selector":"//button[@type='Submit']"}
  (Session info: chrome=122.0.6261.71)
For documentation on this error, please visit: https://www.selenium.dev/documentation/webdriver/troubleshooting/errors#no-such-element-exception
Build info: version: '4.12.1', revision: '8e34639b11'
System info: os.name: 'Windows 11', os.arch: 'amd64', os.version: '10.0', java.version: '21.0.1'
Driver info: org.openqa.selenium.chrome.ChromeDriver
Command: [46e97744ab9eed17cd34263f5b2df89f, findElement {using=xpath, value=//button[@type='Submit']}]
Capabilities {acceptInsecureCerts: false, browserName: chrome, browserVersion: 122.0.6261.71, chrome: {chromedriverVersion: 122.0.6261.94 (880dbf29479c..., userDataDir: C:\Users\CCI\AppData\Local\...}, fedcm:accounts: true, goog:chromeOptions: {debuggerAddress: localhost:56903}, networkConnectionEnabled: false, pageLoadStrategy: normal, platformName: windows, proxy: Proxy(), se:cdp: ws://localhost:56903/devtoo..., se:cdpVersion: 122.0.6261.71, setWindowRect: true, strictFileInteractability: false, timeouts: {implicit: 0, pageLoad: 300000, script: 30000}, unhandledPromptBehavior: dismiss and notify, webauthn:extension:credBlob: true, webauthn:extension:largeBlob: true, webauthn:extension:minPinLength: true, webauthn:extension:prf: true, webauthn:virtualAuthenticators: true}
Session ID: 46e97744ab9eed17cd34263f5b2df89f
at org.openqa.selenium.remote.codec.w3c.W3CHttpResponseCodec.createException(W3CHttpResponseCodec.java:200)
at org.openqa.selenium.remote.codec.w3c.W3CHttpResponseCodec.decode(W3CHttpResponseCodec.java:133)
at org.openqa.selenium.remote.codec.w3c.W3CHttpResponseCodec.decode(W3CHttpResponseCodec.java:52)
at org.openqa.selenium.remote.HttpCommandExecutor.execute(HttpCommandExecutor.java:191)
at org.openqa.selenium.remote.service.DriverCommandExecutor.invokeExecute(DriverCommandExecutor.java:196)
at org.openqa.selenium.remote.service.DriverCommandExecutor.execute(DriverCommandExecutor.java:171)
at org.openqa.selenium.remote.RemoteWebDriver.execute(RemoteWebDriver.java:602)
at org.openqa.selenium.remote.ElementLocation$ElementFinder$2.findElement(ElementLocation.java:165)
at org.openqa.selenium.remote.ElementLocation.findElement(ElementLocation.java:59)
at org.openqa.selenium.remote.RemoteWebDriver.findElement(RemoteWebDriver.java:359)
at org.openqa.selenium.remote.RemoteWebDriver.findElement(RemoteWebDriver.java:353)
at org.openqa.selenium.support.pagefactory.DefaultElementLocator.findElement(DefaultElementLocator.java:68)
at org.openqa.selenium.support.pagefactory.internal.LocatingElementHandler.invoke(LocatingElementHandler.java:38)
at jdk.proxy2/jdk.proxy2.$Proxy23.click(Unknown Source)
at com.nspl.agingoptions.webUtil.WebUtil.click(WebUtil.java:271)
at com.nspl.agingoptions.universallogin.RegistrationOtpPage.clickVerifyOTPButton(RegistrationOtpPage.java:31)
at com.nspl.agingoptions.commonpages.CommonCode.loginInApplication(CommonCode.java:215)
at com.nspl.agingoptions.Intakeform.testcases.ActivationFormTestCases.TC072_SelectWidowedRelationshipDDUserAge_101_99(ActivationFormTestCases.java:1572)
at java.base/java.util.ArrayList.forEach(ArrayList.java:1596)
... Removed 28 stack frames]]>
    </failure>
  </testcase> <!-- TC072_SelectWidowedRelationshipDDUserAge_101_99 -->
  <testcase classname="com.nspl.agingoptions.Intakeform.testcases.ActivationFormTestCases" name="TC073_SelectDivorcedRelationshipDDUserAge_17_100_18" time="88.336">
    <skipped/>
  </testcase> <!-- TC073_SelectDivorcedRelationshipDDUserAge_17_100_18 -->
  <testcase classname="com.nspl.agingoptions.Intakeform.testcases.ActivationFormTestCases" name="TC073_SelectDivorcedRelationshipDDUserAge_17_100_18" time="87.371">
    <skipped/>
  </testcase> <!-- TC073_SelectDivorcedRelationshipDDUserAge_17_100_18 -->
  <testcase classname="com.nspl.agingoptions.Intakeform.testcases.ActivationFormTestCases" name="TC073_SelectDivorcedRelationshipDDUserAge_17_100_18" time="88.268">
    <skipped/>
  </testcase> <!-- TC073_SelectDivorcedRelationshipDDUserAge_17_100_18 -->
  <testcase classname="com.nspl.agingoptions.Intakeform.testcases.ActivationFormTestCases" name="TC073_SelectDivorcedRelationshipDDUserAge_17_100_18" time="92.896">
    <failure type="org.openqa.selenium.NoSuchElementException" message="no such element: Unable to locate element: {&amp;quot;method&amp;quot;:&amp;quot;xpath&amp;quot;,&amp;quot;selector&amp;quot;:&amp;quot;//p[text()=&amp;apos;Member Cannot be minor.&amp;apos;]&amp;quot;}
  (Session info: chrome=122.0.6261.71)
For documentation on this error, please visit: https://www.selenium.dev/documentation/webdriver/troubleshooting/errors#no-such-element-exception
Build info: version: &amp;apos;4.12.1&amp;apos;, revision: &amp;apos;8e34639b11&amp;apos;
System info: os.name: &amp;apos;Windows 11&amp;apos;, os.arch: &amp;apos;amd64&amp;apos;, os.version: &amp;apos;10.0&amp;apos;, java.version: &amp;apos;21.0.1&amp;apos;
Driver info: org.openqa.selenium.chrome.ChromeDriver
Command: [46e97744ab9eed17cd34263f5b2df89f, findElement {using=xpath, value=//p[text()=&amp;apos;Member Cannot be minor.&amp;apos;]}]
Capabilities {acceptInsecureCerts: false, browserName: chrome, browserVersion: 122.0.6261.71, chrome: {chromedriverVersion: 122.0.6261.94 (880dbf29479c..., userDataDir: C:\Users\CCI\AppData\Local\...}, fedcm:accounts: true, goog:chromeOptions: {debuggerAddress: localhost:56903}, networkConnectionEnabled: false, pageLoadStrategy: normal, platformName: windows, proxy: Proxy(), se:cdp: ws://localhost:56903/devtoo..., se:cdpVersion: 122.0.6261.71, setWindowRect: true, strictFileInteractability: false, timeouts: {implicit: 0, pageLoad: 300000, script: 30000}, unhandledPromptBehavior: dismiss and notify, webauthn:extension:credBlob: true, webauthn:extension:largeBlob: true, webauthn:extension:minPinLength: true, webauthn:extension:prf: true, webauthn:virtualAuthenticators: true}
Session ID: 46e97744ab9eed17cd34263f5b2df89f">
      <![CDATA[org.openqa.selenium.NoSuchElementException: no such element: Unable to locate element: {"method":"xpath","selector":"//p[text()='Member Cannot be minor.']"}
  (Session info: chrome=122.0.6261.71)
For documentation on this error, please visit: https://www.selenium.dev/documentation/webdriver/troubleshooting/errors#no-such-element-exception
Build info: version: '4.12.1', revision: '8e34639b11'
System info: os.name: 'Windows 11', os.arch: 'amd64', os.version: '10.0', java.version: '21.0.1'
Driver info: org.openqa.selenium.chrome.ChromeDriver
Command: [46e97744ab9eed17cd34263f5b2df89f, findElement {using=xpath, value=//p[text()='Member Cannot be minor.']}]
Capabilities {acceptInsecureCerts: false, browserName: chrome, browserVersion: 122.0.6261.71, chrome: {chromedriverVersion: 122.0.6261.94 (880dbf29479c..., userDataDir: C:\Users\CCI\AppData\Local\...}, fedcm:accounts: true, goog:chromeOptions: {debuggerAddress: localhost:56903}, networkConnectionEnabled: false, pageLoadStrategy: normal, platformName: windows, proxy: Proxy(), se:cdp: ws://localhost:56903/devtoo..., se:cdpVersion: 122.0.6261.71, setWindowRect: true, strictFileInteractability: false, timeouts: {implicit: 0, pageLoad: 300000, script: 30000}, unhandledPromptBehavior: dismiss and notify, webauthn:extension:credBlob: true, webauthn:extension:largeBlob: true, webauthn:extension:minPinLength: true, webauthn:extension:prf: true, webauthn:virtualAuthenticators: true}
Session ID: 46e97744ab9eed17cd34263f5b2df89f
at org.openqa.selenium.remote.codec.w3c.W3CHttpResponseCodec.createException(W3CHttpResponseCodec.java:200)
at org.openqa.selenium.remote.codec.w3c.W3CHttpResponseCodec.decode(W3CHttpResponseCodec.java:133)
at org.openqa.selenium.remote.codec.w3c.W3CHttpResponseCodec.decode(W3CHttpResponseCodec.java:52)
at org.openqa.selenium.remote.HttpCommandExecutor.execute(HttpCommandExecutor.java:191)
at org.openqa.selenium.remote.service.DriverCommandExecutor.invokeExecute(DriverCommandExecutor.java:196)
at org.openqa.selenium.remote.service.DriverCommandExecutor.execute(DriverCommandExecutor.java:171)
at org.openqa.selenium.remote.RemoteWebDriver.execute(RemoteWebDriver.java:602)
at org.openqa.selenium.remote.ElementLocation$ElementFinder$2.findElement(ElementLocation.java:165)
at org.openqa.selenium.remote.ElementLocation.findElement(ElementLocation.java:59)
at org.openqa.selenium.remote.RemoteWebDriver.findElement(RemoteWebDriver.java:359)
at org.openqa.selenium.remote.RemoteWebDriver.findElement(RemoteWebDriver.java:353)
at org.openqa.selenium.support.pagefactory.DefaultElementLocator.findElement(DefaultElementLocator.java:68)
at org.openqa.selenium.support.pagefactory.internal.LocatingElementHandler.invoke(LocatingElementHandler.java:38)
at jdk.proxy2/jdk.proxy2.$Proxy23.getText(Unknown Source)
at com.nspl.agingoptions.webUtil.WebUtil.getInnerText(WebUtil.java:759)
at com.nspl.agingoptions.activationform.ActivationFormPage.getMemberCanNotBeMinorErrorMessage(ActivationFormPage.java:441)
at com.nspl.agingoptions.Intakeform.testcases.ActivationFormTestCases.TC073_SelectDivorcedRelationshipDDUserAge_17_100_18(ActivationFormTestCases.java:1613)
at java.base/java.util.ArrayList.forEach(ArrayList.java:1596)
... Removed 28 stack frames]]>
    </failure>
  </testcase> <!-- TC073_SelectDivorcedRelationshipDDUserAge_17_100_18 -->
  <testcase classname="com.nspl.agingoptions.Intakeform.testcases.ActivationFormTestCases" name="TC074_SelectDivorcedRelationshipDDUserAge19" time="65.996">
    <skipped/>
  </testcase> <!-- TC074_SelectDivorcedRelationshipDDUserAge19 -->
  <testcase classname="com.nspl.agingoptions.Intakeform.testcases.ActivationFormTestCases" name="TC074_SelectDivorcedRelationshipDDUserAge19" time="85.901">
    <skipped/>
  </testcase> <!-- TC074_SelectDivorcedRelationshipDDUserAge19 -->
  <testcase classname="com.nspl.agingoptions.Intakeform.testcases.ActivationFormTestCases" name="TC074_SelectDivorcedRelationshipDDUserAge19" time="64.657">
    <skipped/>
  </testcase> <!-- TC074_SelectDivorcedRelationshipDDUserAge19 -->
  <testcase classname="com.nspl.agingoptions.Intakeform.testcases.ActivationFormTestCases" name="TC074_SelectDivorcedRelationshipDDUserAge19" time="63.111">
    <failure type="java.lang.ArrayIndexOutOfBoundsException" message="Index 2 out of bounds for length 1">
      <![CDATA[java.lang.ArrayIndexOutOfBoundsException: Index 2 out of bounds for length 1
at com.nspl.agingoptions.webUtil.WebUtil.getReverseDob(WebUtil.java:1608)
at com.nspl.agingoptions.Intakeform.testcases.ActivationFormTestCases.TC074_SelectDivorcedRelationshipDDUserAge19(ActivationFormTestCases.java:1660)
at java.base/java.util.ArrayList.forEach(ArrayList.java:1596)
... Removed 25 stack frames]]>
    </failure>
  </testcase> <!-- TC074_SelectDivorcedRelationshipDDUserAge19 -->
  <testcase classname="com.nspl.agingoptions.Intakeform.testcases.ActivationFormTestCases" name="TC075_SelectDivorcedRelationshipDDUserAge_101_99" time="85.721">
    <skipped/>
  </testcase> <!-- TC075_SelectDivorcedRelationshipDDUserAge_101_99 -->
  <testcase classname="com.nspl.agingoptions.Intakeform.testcases.ActivationFormTestCases" name="TC075_SelectDivorcedRelationshipDDUserAge_101_99" time="86.007">
    <skipped/>
  </testcase> <!-- TC075_SelectDivorcedRelationshipDDUserAge_101_99 -->
  <testcase classname="com.nspl.agingoptions.Intakeform.testcases.ActivationFormTestCases" name="TC075_SelectDivorcedRelationshipDDUserAge_101_99" time="86.195">
    <skipped/>
  </testcase> <!-- TC075_SelectDivorcedRelationshipDDUserAge_101_99 -->
  <testcase classname="com.nspl.agingoptions.Intakeform.testcases.ActivationFormTestCases" name="TC075_SelectDivorcedRelationshipDDUserAge_101_99" time="85.867">
    <failure type="org.openqa.selenium.NoSuchElementException" message="no such element: Unable to locate element: {&amp;quot;method&amp;quot;:&amp;quot;xpath&amp;quot;,&amp;quot;selector&amp;quot;:&amp;quot;//p[text()=&amp;apos;Please Enter Valid Date&amp;apos;]&amp;quot;}
  (Session info: chrome=122.0.6261.71)
For documentation on this error, please visit: https://www.selenium.dev/documentation/webdriver/troubleshooting/errors#no-such-element-exception
Build info: version: &amp;apos;4.12.1&amp;apos;, revision: &amp;apos;8e34639b11&amp;apos;
System info: os.name: &amp;apos;Windows 11&amp;apos;, os.arch: &amp;apos;amd64&amp;apos;, os.version: &amp;apos;10.0&amp;apos;, java.version: &amp;apos;21.0.1&amp;apos;
Driver info: org.openqa.selenium.chrome.ChromeDriver
Command: [46e97744ab9eed17cd34263f5b2df89f, findElement {using=xpath, value=//p[text()=&amp;apos;Please Enter Valid Date&amp;apos;]}]
Capabilities {acceptInsecureCerts: false, browserName: chrome, browserVersion: 122.0.6261.71, chrome: {chromedriverVersion: 122.0.6261.94 (880dbf29479c..., userDataDir: C:\Users\CCI\AppData\Local\...}, fedcm:accounts: true, goog:chromeOptions: {debuggerAddress: localhost:56903}, networkConnectionEnabled: false, pageLoadStrategy: normal, platformName: windows, proxy: Proxy(), se:cdp: ws://localhost:56903/devtoo..., se:cdpVersion: 122.0.6261.71, setWindowRect: true, strictFileInteractability: false, timeouts: {implicit: 0, pageLoad: 300000, script: 30000}, unhandledPromptBehavior: dismiss and notify, webauthn:extension:credBlob: true, webauthn:extension:largeBlob: true, webauthn:extension:minPinLength: true, webauthn:extension:prf: true, webauthn:virtualAuthenticators: true}
Session ID: 46e97744ab9eed17cd34263f5b2df89f">
      <![CDATA[org.openqa.selenium.NoSuchElementException: no such element: Unable to locate element: {"method":"xpath","selector":"//p[text()='Please Enter Valid Date']"}
  (Session info: chrome=122.0.6261.71)
For documentation on this error, please visit: https://www.selenium.dev/documentation/webdriver/troubleshooting/errors#no-such-element-exception
Build info: version: '4.12.1', revision: '8e34639b11'
System info: os.name: 'Windows 11', os.arch: 'amd64', os.version: '10.0', java.version: '21.0.1'
Driver info: org.openqa.selenium.chrome.ChromeDriver
Command: [46e97744ab9eed17cd34263f5b2df89f, findElement {using=xpath, value=//p[text()='Please Enter Valid Date']}]
Capabilities {acceptInsecureCerts: false, browserName: chrome, browserVersion: 122.0.6261.71, chrome: {chromedriverVersion: 122.0.6261.94 (880dbf29479c..., userDataDir: C:\Users\CCI\AppData\Local\...}, fedcm:accounts: true, goog:chromeOptions: {debuggerAddress: localhost:56903}, networkConnectionEnabled: false, pageLoadStrategy: normal, platformName: windows, proxy: Proxy(), se:cdp: ws://localhost:56903/devtoo..., se:cdpVersion: 122.0.6261.71, setWindowRect: true, strictFileInteractability: false, timeouts: {implicit: 0, pageLoad: 300000, script: 30000}, unhandledPromptBehavior: dismiss and notify, webauthn:extension:credBlob: true, webauthn:extension:largeBlob: true, webauthn:extension:minPinLength: true, webauthn:extension:prf: true, webauthn:virtualAuthenticators: true}
Session ID: 46e97744ab9eed17cd34263f5b2df89f
at org.openqa.selenium.remote.codec.w3c.W3CHttpResponseCodec.createException(W3CHttpResponseCodec.java:200)
at org.openqa.selenium.remote.codec.w3c.W3CHttpResponseCodec.decode(W3CHttpResponseCodec.java:133)
at org.openqa.selenium.remote.codec.w3c.W3CHttpResponseCodec.decode(W3CHttpResponseCodec.java:52)
at org.openqa.selenium.remote.HttpCommandExecutor.execute(HttpCommandExecutor.java:191)
at org.openqa.selenium.remote.service.DriverCommandExecutor.invokeExecute(DriverCommandExecutor.java:196)
at org.openqa.selenium.remote.service.DriverCommandExecutor.execute(DriverCommandExecutor.java:171)
at org.openqa.selenium.remote.RemoteWebDriver.execute(RemoteWebDriver.java:602)
at org.openqa.selenium.remote.ElementLocation$ElementFinder$2.findElement(ElementLocation.java:165)
at org.openqa.selenium.remote.ElementLocation.findElement(ElementLocation.java:59)
at org.openqa.selenium.remote.RemoteWebDriver.findElement(RemoteWebDriver.java:359)
at org.openqa.selenium.remote.RemoteWebDriver.findElement(RemoteWebDriver.java:353)
at org.openqa.selenium.support.pagefactory.DefaultElementLocator.findElement(DefaultElementLocator.java:68)
at org.openqa.selenium.support.pagefactory.internal.LocatingElementHandler.invoke(LocatingElementHandler.java:38)
at jdk.proxy2/jdk.proxy2.$Proxy23.getText(Unknown Source)
at com.nspl.agingoptions.webUtil.WebUtil.getInnerText(WebUtil.java:759)
at com.nspl.agingoptions.activationform.ActivationFormPage.getEnterValidDateErrorMessage(ActivationFormPage.java:446)
at com.nspl.agingoptions.Intakeform.testcases.ActivationFormTestCases.TC075_SelectDivorcedRelationshipDDUserAge_101_99(ActivationFormTestCases.java:1683)
at java.base/java.util.ArrayList.forEach(ArrayList.java:1596)
... Removed 28 stack frames]]>
    </failure>
  </testcase> <!-- TC075_SelectDivorcedRelationshipDDUserAge_101_99 -->
  <testcase classname="com.nspl.agingoptions.Intakeform.testcases.ActivationFormTestCases" name="TC076_EditWidowedSpouceDetailPersonInfoPage" time="64.142"/>
  <testcase classname="com.nspl.agingoptions.Intakeform.testcases.ActivationFormTestCases" name="TC077_SelectMarriedVerifyPlaceHolderName" time="55.711"/>
  <testcase classname="com.nspl.agingoptions.Intakeform.testcases.ActivationFormTestCases" name="TC078_SelectLivingTogetherVerifyPlaceHolderName" time="52.471"/>
  <testcase classname="com.nspl.agingoptions.Intakeform.testcases.ActivationFormTestCases" name="TC079_SelectSingleVerifyPlaceHolderName" time="50.27"/>
  <testcase classname="com.nspl.agingoptions.Intakeform.testcases.ActivationFormTestCases" name="TC080_SelectWidowedVerifyPlaceHolderName" time="52.061"/>
  <testcase classname="com.nspl.agingoptions.Intakeform.testcases.ActivationFormTestCases" name="TC081_SelectDivorcedVerifyPlaceHolderName" time="51.597"/>
  <testcase classname="com.nspl.agingoptions.webUtil.BaseTest" name="@BeforeSuite beforeSuite" time="0.0">
    <ignored/>
  </testcase> <!-- @BeforeSuite beforeSuite -->
  <testcase classname="com.nspl.agingoptions.webUtil.BaseTest" name="@BeforeSuite beforeSuite" time="0.0">
    <ignored/>
  </testcase> <!-- @BeforeSuite beforeSuite -->
  <testcase classname="com.nspl.agingoptions.webUtil.BaseTest" name="@AfterTest afterTest" time="0.0">
    <ignored/>
  </testcase> <!-- @AfterTest afterTest -->
  <testcase classname="com.nspl.agingoptions.webUtil.BaseTest" name="@AfterTest afterTest" time="0.0">
    <ignored/>
  </testcase> <!-- @AfterTest afterTest -->
  <testcase classname="com.nspl.agingoptions.webUtil.BaseTest" name="@BeforeTest beforeTest" time="0.0">
    <ignored/>
  </testcase> <!-- @BeforeTest beforeTest -->
  <testcase classname="com.nspl.agingoptions.webUtil.BaseTest" name="@BeforeTest beforeTest" time="0.0">
    <ignored/>
  </testcase> <!-- @BeforeTest beforeTest -->
  <testcase classname="com.nspl.agingoptions.webUtil.BaseTest" name="@AfterSuite afterSuite" time="0.0">
    <ignored/>
  </testcase> <!-- @AfterSuite afterSuite -->
  <testcase classname="com.nspl.agingoptions.webUtil.BaseTest" name="@AfterSuite afterSuite" time="0.0">
    <ignored/>
  </testcase> <!-- @AfterSuite afterSuite -->
</testsuite> <!-- Test -->
