<?xml version="1.0" encoding="UTF-8"?>
<!-- Generated by org.testng.reporters.JUnitXMLReporter -->
<testsuite ignored="0" hostname="DESKTOP-LA6T5Q8" failures="0" tests="3" name="Default test" time="196.206" errors="0" timestamp="2025-03-29T15:58:38 IST">
  <testcase classname="com.nspl.agingoptions.healthpage.testcases.MarriedUserFamilyMedicalHistoryTestCases" name="familyMedicalHistoryLivingParentInfoDetails_TC_010" time="24.881"/>
  <testcase classname="com.nspl.agingoptions.healthpage.testcases.MarriedUserFamilyMedicalHistoryTestCases" name="familyMedicalHistoryNonLivingParentInfoDetails_TC_011" time="33.428"/>
  <testcase classname="com.nspl.agingoptions.healthpage.testcases.MarriedUserFamilyMedicalHistoryTestCases" name="familyMedicalHistoryNonLivingParentInfoDetails_TC_012" time="24.966"/>
</testsuite> <!-- Default test -->
