<?xml version="1.0" encoding="UTF-8"?>
<!-- Generated by org.testng.reporters.JUnitXMLReporter -->
<testsuite ignored="4" hostname="Dell" failures="0" tests="1" name="Default test" time="899.986" errors="0" timestamp="2025-04-14T23:47:45 IST">
  <testcase classname="com.nspl.LegalInfoTestScript.FiduciaryBeneficiaryTestScript" name="VerifyAddFiduciaryBeneficiaryDetailsWithoutAddressAndContact" time="814.116"/>
  <testcase classname="com.nspl.LegalInfoTestScript.FiduciaryBeneficiaryTestScript" name="VerifyPrimaryMemberAndSpouseFiduciaryBeneficiaryPageMemberList" time="0.0">
    <ignored/>
  </testcase> <!-- VerifyPrimaryMemberAndSpouseFiduciaryBeneficiaryPageMemberList -->
  <testcase classname="com.nspl.LegalInfoTestScript.FiduciaryBeneficiaryTestScript" name="VerifyFiduciaryBeneficiaryPage" time="0.0">
    <ignored/>
  </testcase> <!-- VerifyFiduciaryBeneficiaryPage -->
  <testcase classname="com.nspl.LegalInfoTestScript.FiduciaryBeneficiaryTestScript" name="VerifyClientTableFiduciaryBeneficiaryCheckboxFunctionality" time="0.0">
    <ignored/>
  </testcase> <!-- VerifyClientTableFiduciaryBeneficiaryCheckboxFunctionality -->
  <testcase classname="com.nspl.LegalInfoTestScript.FiduciaryBeneficiaryTestScript" name="VerifySpouseTableFiduciaryBeneficiaryCheckBoxFunctionality" time="0.0">
    <ignored/>
  </testcase> <!-- VerifySpouseTableFiduciaryBeneficiaryCheckBoxFunctionality -->
</testsuite> <!-- Default test -->
