<?xml version="1.0" encoding="UTF-8"?>
<!-- Generated by org.testng.reporters.JUnitXMLReporter -->
<testsuite ignored="140" hostname="Dell" failures="11" tests="14" name="Test(failed)" time="1221.199" errors="0" timestamp="2025-05-12T14:32:07 IST">
  <testcase classname="com.nspl.HousingInfoPageTestcase.HousingProfessional_MortgageBrokerTestScript" name="VerifyUpdateMortgageBrokerDetails" time="90.984">
    <failure type="java.lang.AssertionError" message="expected [test345] but found [Iilnatest345]">
      <![CDATA[java.lang.AssertionError: expected [test345] but found [Iilnatest345]
at com.nspl.agingoptions.webUtil.WebUtil.verifyActualExpectedTextContains(WebUtil.java:909)
at com.Ao.HousingPage.ProfessionalDetailsPage.UpdateProfessionalDetails(ProfessionalDetailsPage.java:659)
at com.nspl.HousingInfoPageTestcase.HousingProfessional_MortgageBrokerTestScript.VerifyUpdateMortgageBrokerDetails(HousingProfessional_MortgageBrokerTestScript.java:142)
at java.base/java.util.ArrayList.forEach(ArrayList.java:1511)
... Removed 33 stack frames]]>
    </failure>
  </testcase> <!-- VerifyUpdateMortgageBrokerDetails -->
  <testcase classname="com.nspl.LegalInfoTestScript.FiduciaryBeneficiaryTestScript" name="VerifyClientTableFiduciaryBeneficiaryCheckboxFunctionality" time="37.025"/>
  <testcase classname="com.nspl.LegalInfoTestScript.LegalProfessionalElA" name="VerifyUpdateElderLawAttorneyDetails" time="91.931">
    <failure type="java.lang.AssertionError" message="expected [test345] but found [Hc53ctest345]">
      <![CDATA[java.lang.AssertionError: expected [test345] but found [Hc53ctest345]
at com.nspl.agingoptions.webUtil.WebUtil.verifyActualExpectedTextContains(WebUtil.java:909)
at com.Ao.HousingPage.ProfessionalDetailsPage.UpdateProfessionalDetails(ProfessionalDetailsPage.java:659)
at com.nspl.LegalInfoTestScript.LegalProfessionalElA.VerifyUpdateElderLawAttorneyDetails(LegalProfessionalElA.java:132)
at java.base/java.util.ArrayList.forEach(ArrayList.java:1511)
... Removed 33 stack frames]]>
    </failure>
  </testcase> <!-- VerifyUpdateElderLawAttorneyDetails -->
  <testcase classname="com.nspl.HousingInfoPageTestcase.HousingProfessionalHandyManTestScript" name="VerifyUpdateHandymanDetails" time="90.751">
    <failure type="java.lang.AssertionError" message="expected [test345] but found [Dv0ystest345]">
      <![CDATA[java.lang.AssertionError: expected [test345] but found [Dv0ystest345]
at com.nspl.agingoptions.webUtil.WebUtil.verifyActualExpectedTextContains(WebUtil.java:909)
at com.Ao.HousingPage.ProfessionalDetailsPage.UpdateProfessionalDetails(ProfessionalDetailsPage.java:659)
at com.nspl.HousingInfoPageTestcase.HousingProfessionalHandyManTestScript.VerifyUpdateHandymanDetails(HousingProfessionalHandyManTestScript.java:141)
at java.base/java.util.ArrayList.forEach(ArrayList.java:1511)
... Removed 33 stack frames]]>
    </failure>
  </testcase> <!-- VerifyUpdateHandymanDetails -->
  <testcase classname="com.nspl.HousingInfoPageTestcase.HousingProfessionalHandyManTestScript" name="verifyToggleButton" time="107.89">
    <failure type="org.openqa.selenium.TimeoutException" message="Expected condition failed: waiting for visibility of Proxy element for: DefaultElementLocator &amp;apos;By.xpath: //div[@class=&amp;apos;btn-div addBorderToToggleButton ms-auto&amp;apos;]//button[@class=&amp;apos;view-btn active selectedToglleBorder&amp;apos;]&amp;apos; (tried for 20 second(s) with 500 milliseconds interval)">
      <![CDATA[org.openqa.selenium.TimeoutException: Expected condition failed: waiting for visibility of Proxy element for: DefaultElementLocator 'By.xpath: //div[@class='btn-div addBorderToToggleButton ms-auto']//button[@class='view-btn active selectedToglleBorder']' (tried for 20 second(s) with 500 milliseconds interval)
at org.openqa.selenium.support.ui.WebDriverWait.timeoutException(WebDriverWait.java:87)
at org.openqa.selenium.support.ui.FluentWait.until(FluentWait.java:231)
at com.nspl.agingoptions.webUtil.WebUtil.waitUntilPresentInUI(WebUtil.java:1605)
at com.Ao.HousingPage.HousingProfessionalHandyManPage.verifytoggleButton(HousingProfessionalHandyManPage.java:53)
at com.nspl.HousingInfoPageTestcase.HousingProfessionalHandyManTestScript.verifyToggleButton(HousingProfessionalHandyManTestScript.java:51)
at java.base/java.util.ArrayList.forEach(ArrayList.java:1511)
Caused by: org.openqa.selenium.NoSuchElementException: no such element: Unable to locate element: {"method":"xpath","selector":"//div[@class='btn-div addBorderToToggleButton ms-auto']//button[@class='view-btn active selectedToglleBorder']"}
  (Session info: chrome=136.0.7103.93)
For documentation on this error, please visit: https://selenium.dev/exceptions/#no_such_element
Build info: version: '4.8.0', revision: '267030adea'
System info: os.name: 'Windows 11', os.arch: 'amd64', os.version: '10.0', java.version: '17.0.12'
Driver info: org.openqa.selenium.chrome.ChromeDriver
Command: [62c1d72d189fd0a319ea18f8d71f7c37, findElement {using=xpath, value=//div[@class='btn-div addBorderToToggleButton ms-auto']//button[@class='view-btn active selectedToglleBorder']}]
Capabilities {acceptInsecureCerts: false, browserName: chrome, browserVersion: 136.0.7103.93, chrome: {chromedriverVersion: 136.0.7103.49 (031848bc6ad0..., userDataDir: C:\Users\nagai\AppData\Loca...}, fedcm:accounts: true, goog:chromeOptions: {debuggerAddress: localhost:59626}, networkConnectionEnabled: false, pageLoadStrategy: normal, platformName: WINDOWS, proxy: Proxy(), se:cdp: ws://localhost:59626/devtoo..., se:cdpVersion: 136.0.7103.93, setWindowRect: true, strictFileInteractability: false, timeouts: {implicit: 0, pageLoad: 300000, script: 30000}, unhandledPromptBehavior: dismiss and notify, webauthn:extension:credBlob: true, webauthn:extension:largeBlob: true, webauthn:extension:minPinLength: true, webauthn:extension:prf: true, webauthn:virtualAuthenticators: true}
Session ID: 62c1d72d189fd0a319ea18f8d71f7c37
at org.openqa.selenium.remote.codec.w3c.W3CHttpResponseCodec.createException(W3CHttpResponseCodec.java:200)
at org.openqa.selenium.remote.codec.w3c.W3CHttpResponseCodec.decode(W3CHttpResponseCodec.java:133)
at org.openqa.selenium.remote.codec.w3c.W3CHttpResponseCodec.decode(W3CHttpResponseCodec.java:53)
at org.openqa.selenium.remote.HttpCommandExecutor.execute(HttpCommandExecutor.java:184)
at org.openqa.selenium.remote.service.DriverCommandExecutor.invokeExecute(DriverCommandExecutor.java:167)
at org.openqa.selenium.remote.service.DriverCommandExecutor.execute(DriverCommandExecutor.java:142)
at org.openqa.selenium.remote.RemoteWebDriver.execute(RemoteWebDriver.java:543)
at org.openqa.selenium.remote.ElementLocation$ElementFinder$2.findElement(ElementLocation.java:162)
at org.openqa.selenium.remote.ElementLocation.findElement(ElementLocation.java:60)
at org.openqa.selenium.remote.RemoteWebDriver.findElement(RemoteWebDriver.java:352)
at org.openqa.selenium.remote.RemoteWebDriver.findElement(RemoteWebDriver.java:344)
at org.openqa.selenium.support.pagefactory.DefaultElementLocator.findElement(DefaultElementLocator.java:70)
at org.openqa.selenium.support.pagefactory.internal.LocatingElementHandler.invoke(LocatingElementHandler.java:39)
at jdk.proxy2/jdk.proxy2.$Proxy23.isDisplayed(Unknown Source)
at org.openqa.selenium.support.ui.ExpectedConditions.elementIfVisible(ExpectedConditions.java:307)
at org.openqa.selenium.support.ui.ExpectedConditions.access$000(ExpectedConditions.java:40)
at org.openqa.selenium.support.ui.ExpectedConditions$10.apply(ExpectedConditions.java:293)
at org.openqa.selenium.support.ui.ExpectedConditions$10.apply(ExpectedConditions.java:290)
at org.openqa.selenium.support.ui.FluentWait.until(FluentWait.java:208)
... 31 more
... Removed 32 stack frames]]>
    </failure>
  </testcase> <!-- verifyToggleButton -->
  <testcase classname="com.nspl.LegalInfoTestScript.FamilyLawAttorneyTestScripts" name="VerifyUpdateFamilyLawAttorneyDetails" time="92.16">
    <failure type="java.lang.AssertionError" message="expected [test345] but found [Msnkltest345]">
      <![CDATA[java.lang.AssertionError: expected [test345] but found [Msnkltest345]
at com.nspl.agingoptions.webUtil.WebUtil.verifyActualExpectedTextContains(WebUtil.java:909)
at com.Ao.HousingPage.ProfessionalDetailsPage.UpdateProfessionalDetails(ProfessionalDetailsPage.java:659)
at com.nspl.LegalInfoTestScript.FamilyLawAttorneyTestScripts.VerifyUpdateFamilyLawAttorneyDetails(FamilyLawAttorneyTestScripts.java:132)
at java.base/java.util.ArrayList.forEach(ArrayList.java:1511)
... Removed 33 stack frames]]>
    </failure>
  </testcase> <!-- VerifyUpdateFamilyLawAttorneyDetails -->
  <testcase classname="com.nspl.LegalInfoTestScript.LegalProfessionalBusinessSuccessior" name="VerifyUpdateBusinessSuccessiorDetails" time="92.224">
    <failure type="java.lang.AssertionError" message="expected [test345] but found [Ir9iftest345]">
      <![CDATA[java.lang.AssertionError: expected [test345] but found [Ir9iftest345]
at com.nspl.agingoptions.webUtil.WebUtil.verifyActualExpectedTextContains(WebUtil.java:909)
at com.Ao.HousingPage.ProfessionalDetailsPage.UpdateProfessionalDetails(ProfessionalDetailsPage.java:659)
at com.nspl.LegalInfoTestScript.LegalProfessionalBusinessSuccessior.VerifyUpdateBusinessSuccessiorDetails(LegalProfessionalBusinessSuccessior.java:133)
at java.base/java.util.ArrayList.forEach(ArrayList.java:1511)
... Removed 33 stack frames]]>
    </failure>
  </testcase> <!-- VerifyUpdateBusinessSuccessiorDetails -->
  <testcase classname="com.nspl.HousingInfoPageTestcase.HousingProfessional_RealtorTestscript" name="VerifySaveAndAddAnotherSpouseRealtorDetails" time="61.604"/>
  <testcase classname="com.nspl.HousingInfoPageTestcase.HousingProfessional_RealtorTestscript" name="VerifySaveAndProceedSpouseRealtorDetails" time="60.39"/>
  <testcase classname="com.nspl.HousingInfoPageTestcase.HousingProfessional_RealtorTestscript" name="VerifyUpdateRealtorDetails" time="93.71">
    <failure type="org.openqa.selenium.NoSuchElementException" message="no such element: Unable to locate element: {&amp;quot;method&amp;quot;:&amp;quot;xpath&amp;quot;,&amp;quot;selector&amp;quot;:&amp;quot;//input[@placeholder=&amp;apos;Search&amp;apos;]&amp;quot;}
  (Session info: chrome=136.0.7103.93)
For documentation on this error, please visit: https://selenium.dev/exceptions/#no_such_element
Build info: version: &amp;apos;4.8.0&amp;apos;, revision: &amp;apos;267030adea&amp;apos;
System info: os.name: &amp;apos;Windows 11&amp;apos;, os.arch: &amp;apos;amd64&amp;apos;, os.version: &amp;apos;10.0&amp;apos;, java.version: &amp;apos;17.0.12&amp;apos;
Driver info: org.openqa.selenium.chrome.ChromeDriver
Command: [62c1d72d189fd0a319ea18f8d71f7c37, findElement {using=xpath, value=//input[@placeholder=&amp;apos;Search&amp;apos;]}]
Capabilities {acceptInsecureCerts: false, browserName: chrome, browserVersion: 136.0.7103.93, chrome: {chromedriverVersion: 136.0.7103.49 (031848bc6ad0..., userDataDir: C:\Users\nagai\AppData\Loca...}, fedcm:accounts: true, goog:chromeOptions: {debuggerAddress: localhost:59626}, networkConnectionEnabled: false, pageLoadStrategy: normal, platformName: WINDOWS, proxy: Proxy(), se:cdp: ws://localhost:59626/devtoo..., se:cdpVersion: 136.0.7103.93, setWindowRect: true, strictFileInteractability: false, timeouts: {implicit: 0, pageLoad: 300000, script: 30000}, unhandledPromptBehavior: dismiss and notify, webauthn:extension:credBlob: true, webauthn:extension:largeBlob: true, webauthn:extension:minPinLength: true, webauthn:extension:prf: true, webauthn:virtualAuthenticators: true}
Session ID: 62c1d72d189fd0a319ea18f8d71f7c37">
      <![CDATA[org.openqa.selenium.NoSuchElementException: no such element: Unable to locate element: {"method":"xpath","selector":"//input[@placeholder='Search']"}
  (Session info: chrome=136.0.7103.93)
For documentation on this error, please visit: https://selenium.dev/exceptions/#no_such_element
Build info: version: '4.8.0', revision: '267030adea'
System info: os.name: 'Windows 11', os.arch: 'amd64', os.version: '10.0', java.version: '17.0.12'
Driver info: org.openqa.selenium.chrome.ChromeDriver
Command: [62c1d72d189fd0a319ea18f8d71f7c37, findElement {using=xpath, value=//input[@placeholder='Search']}]
Capabilities {acceptInsecureCerts: false, browserName: chrome, browserVersion: 136.0.7103.93, chrome: {chromedriverVersion: 136.0.7103.49 (031848bc6ad0..., userDataDir: C:\Users\nagai\AppData\Loca...}, fedcm:accounts: true, goog:chromeOptions: {debuggerAddress: localhost:59626}, networkConnectionEnabled: false, pageLoadStrategy: normal, platformName: WINDOWS, proxy: Proxy(), se:cdp: ws://localhost:59626/devtoo..., se:cdpVersion: 136.0.7103.93, setWindowRect: true, strictFileInteractability: false, timeouts: {implicit: 0, pageLoad: 300000, script: 30000}, unhandledPromptBehavior: dismiss and notify, webauthn:extension:credBlob: true, webauthn:extension:largeBlob: true, webauthn:extension:minPinLength: true, webauthn:extension:prf: true, webauthn:virtualAuthenticators: true}
Session ID: 62c1d72d189fd0a319ea18f8d71f7c37
at org.openqa.selenium.remote.codec.w3c.W3CHttpResponseCodec.createException(W3CHttpResponseCodec.java:200)
at org.openqa.selenium.remote.codec.w3c.W3CHttpResponseCodec.decode(W3CHttpResponseCodec.java:133)
at org.openqa.selenium.remote.codec.w3c.W3CHttpResponseCodec.decode(W3CHttpResponseCodec.java:53)
at org.openqa.selenium.remote.HttpCommandExecutor.execute(HttpCommandExecutor.java:184)
at org.openqa.selenium.remote.service.DriverCommandExecutor.invokeExecute(DriverCommandExecutor.java:167)
at org.openqa.selenium.remote.service.DriverCommandExecutor.execute(DriverCommandExecutor.java:142)
at org.openqa.selenium.remote.RemoteWebDriver.execute(RemoteWebDriver.java:543)
at org.openqa.selenium.remote.ElementLocation$ElementFinder$2.findElement(ElementLocation.java:162)
at org.openqa.selenium.remote.ElementLocation.findElement(ElementLocation.java:60)
at org.openqa.selenium.remote.RemoteWebDriver.findElement(RemoteWebDriver.java:352)
at org.openqa.selenium.remote.RemoteWebDriver.findElement(RemoteWebDriver.java:344)
at org.openqa.selenium.support.pagefactory.DefaultElementLocator.findElement(DefaultElementLocator.java:70)
at org.openqa.selenium.support.pagefactory.internal.LocatingElementHandler.invoke(LocatingElementHandler.java:39)
at jdk.proxy2/jdk.proxy2.$Proxy23.clear(Unknown Source)
at com.nspl.agingoptions.webUtil.WebUtil.clearTextBox(WebUtil.java:1576)
at com.Ao.HousingPage.ProfessionalDetailsPage.UpdateProfessionalDetails(ProfessionalDetailsPage.java:641)
at com.nspl.HousingInfoPageTestcase.HousingProfessional_RealtorTestscript.VerifyUpdateRealtorDetails(HousingProfessional_RealtorTestscript.java:225)
at java.base/java.util.ArrayList.forEach(ArrayList.java:1511)
... Removed 32 stack frames]]>
    </failure>
  </testcase> <!-- VerifyUpdateRealtorDetails -->
  <testcase classname="com.nspl.HousingInfoPageTestcase.HousingOptionsTestScript" name="VerifyUpdateAndContinue_SelectIsYourHouseLivingInNotsureCheckAndSelectTwoOntheScaleOfOneTwoFive" time="93.544">
    <failure type="org.openqa.selenium.NoSuchElementException" message="no such element: Unable to locate element: {&amp;quot;method&amp;quot;:&amp;quot;xpath&amp;quot;,&amp;quot;selector&amp;quot;:&amp;quot;(//label[@class=&amp;apos;radio-label mt-2 mb-2  custom-checkbox&amp;apos;])[1]//span&amp;quot;}
  (Session info: chrome=136.0.7103.93)
For documentation on this error, please visit: https://selenium.dev/exceptions/#no_such_element
Build info: version: &amp;apos;4.8.0&amp;apos;, revision: &amp;apos;267030adea&amp;apos;
System info: os.name: &amp;apos;Windows 11&amp;apos;, os.arch: &amp;apos;amd64&amp;apos;, os.version: &amp;apos;10.0&amp;apos;, java.version: &amp;apos;17.0.12&amp;apos;
Driver info: org.openqa.selenium.chrome.ChromeDriver
Command: [62c1d72d189fd0a319ea18f8d71f7c37, findElement {using=xpath, value=(//label[@class=&amp;apos;radio-label mt-2 mb-2  custom-checkbox&amp;apos;])[1]//span}]
Capabilities {acceptInsecureCerts: false, browserName: chrome, browserVersion: 136.0.7103.93, chrome: {chromedriverVersion: 136.0.7103.49 (031848bc6ad0..., userDataDir: C:\Users\nagai\AppData\Loca...}, fedcm:accounts: true, goog:chromeOptions: {debuggerAddress: localhost:59626}, networkConnectionEnabled: false, pageLoadStrategy: normal, platformName: WINDOWS, proxy: Proxy(), se:cdp: ws://localhost:59626/devtoo..., se:cdpVersion: 136.0.7103.93, setWindowRect: true, strictFileInteractability: false, timeouts: {implicit: 0, pageLoad: 300000, script: 30000}, unhandledPromptBehavior: dismiss and notify, webauthn:extension:credBlob: true, webauthn:extension:largeBlob: true, webauthn:extension:minPinLength: true, webauthn:extension:prf: true, webauthn:virtualAuthenticators: true}
Session ID: 62c1d72d189fd0a319ea18f8d71f7c37">
      <![CDATA[org.openqa.selenium.NoSuchElementException: no such element: Unable to locate element: {"method":"xpath","selector":"(//label[@class='radio-label mt-2 mb-2  custom-checkbox'])[1]//span"}
  (Session info: chrome=136.0.7103.93)
For documentation on this error, please visit: https://selenium.dev/exceptions/#no_such_element
Build info: version: '4.8.0', revision: '267030adea'
System info: os.name: 'Windows 11', os.arch: 'amd64', os.version: '10.0', java.version: '17.0.12'
Driver info: org.openqa.selenium.chrome.ChromeDriver
Command: [62c1d72d189fd0a319ea18f8d71f7c37, findElement {using=xpath, value=(//label[@class='radio-label mt-2 mb-2  custom-checkbox'])[1]//span}]
Capabilities {acceptInsecureCerts: false, browserName: chrome, browserVersion: 136.0.7103.93, chrome: {chromedriverVersion: 136.0.7103.49 (031848bc6ad0..., userDataDir: C:\Users\nagai\AppData\Loca...}, fedcm:accounts: true, goog:chromeOptions: {debuggerAddress: localhost:59626}, networkConnectionEnabled: false, pageLoadStrategy: normal, platformName: WINDOWS, proxy: Proxy(), se:cdp: ws://localhost:59626/devtoo..., se:cdpVersion: 136.0.7103.93, setWindowRect: true, strictFileInteractability: false, timeouts: {implicit: 0, pageLoad: 300000, script: 30000}, unhandledPromptBehavior: dismiss and notify, webauthn:extension:credBlob: true, webauthn:extension:largeBlob: true, webauthn:extension:minPinLength: true, webauthn:extension:prf: true, webauthn:virtualAuthenticators: true}
Session ID: 62c1d72d189fd0a319ea18f8d71f7c37
at org.openqa.selenium.remote.codec.w3c.W3CHttpResponseCodec.createException(W3CHttpResponseCodec.java:200)
at org.openqa.selenium.remote.codec.w3c.W3CHttpResponseCodec.decode(W3CHttpResponseCodec.java:133)
at org.openqa.selenium.remote.codec.w3c.W3CHttpResponseCodec.decode(W3CHttpResponseCodec.java:53)
at org.openqa.selenium.remote.HttpCommandExecutor.execute(HttpCommandExecutor.java:184)
at org.openqa.selenium.remote.service.DriverCommandExecutor.invokeExecute(DriverCommandExecutor.java:167)
at org.openqa.selenium.remote.service.DriverCommandExecutor.execute(DriverCommandExecutor.java:142)
at org.openqa.selenium.remote.RemoteWebDriver.execute(RemoteWebDriver.java:543)
at org.openqa.selenium.remote.ElementLocation$ElementFinder$2.findElement(ElementLocation.java:162)
at org.openqa.selenium.remote.ElementLocation.findElement(ElementLocation.java:60)
at org.openqa.selenium.remote.RemoteWebDriver.findElement(RemoteWebDriver.java:352)
at org.openqa.selenium.remote.RemoteWebDriver.findElement(RemoteWebDriver.java:344)
at org.openqa.selenium.support.pagefactory.DefaultElementLocator.findElement(DefaultElementLocator.java:70)
at org.openqa.selenium.support.pagefactory.internal.LocatingElementHandler.invoke(LocatingElementHandler.java:39)
at jdk.proxy2/jdk.proxy2.$Proxy23.click(Unknown Source)
at com.nspl.agingoptions.webUtil.WebUtil.click(WebUtil.java:348)
at com.Ao.HousingPage.HousingInfo.VerifyUpdateAndContinueWhenSelectIsYourHouseLivingInYesCheckAndSelectTwoOntheScaleOfOneTwoFive(HousingInfo.java:201)
at com.nspl.HousingInfoPageTestcase.HousingOptionsTestScript.VerifyUpdateAndContinue_SelectIsYourHouseLivingInNotsureCheckAndSelectTwoOntheScaleOfOneTwoFive(HousingOptionsTestScript.java:133)
at java.base/java.util.ArrayList.forEach(ArrayList.java:1511)
... Removed 32 stack frames]]>
    </failure>
  </testcase> <!-- VerifyUpdateAndContinue_SelectIsYourHouseLivingInNotsureCheckAndSelectTwoOntheScaleOfOneTwoFive -->
  <testcase classname="com.nspl.LegalInfoTestScript.PreviousLagalDocumentTestCases" name="verifyClickNoRadioButton_DoYouCurrentlyhaveLegalPlanning" time="59.825">
    <failure type="org.openqa.selenium.NoSuchElementException" message="no such element: Unable to locate element: {&amp;quot;method&amp;quot;:&amp;quot;xpath&amp;quot;,&amp;quot;selector&amp;quot;:&amp;quot;//p[text()=&amp;apos;Is your plan a Will based or a Trust (Revocable Living Trust) based plan?&amp;apos;]&amp;quot;}
  (Session info: chrome=136.0.7103.93)
For documentation on this error, please visit: https://selenium.dev/exceptions/#no_such_element
Build info: version: &amp;apos;4.8.0&amp;apos;, revision: &amp;apos;267030adea&amp;apos;
System info: os.name: &amp;apos;Windows 11&amp;apos;, os.arch: &amp;apos;amd64&amp;apos;, os.version: &amp;apos;10.0&amp;apos;, java.version: &amp;apos;17.0.12&amp;apos;
Driver info: org.openqa.selenium.chrome.ChromeDriver
Command: [62c1d72d189fd0a319ea18f8d71f7c37, findElement {using=xpath, value=//p[text()=&amp;apos;Is your plan a Will based or a Trust (Revocable Living Trust) based plan?&amp;apos;]}]
Capabilities {acceptInsecureCerts: false, browserName: chrome, browserVersion: 136.0.7103.93, chrome: {chromedriverVersion: 136.0.7103.49 (031848bc6ad0..., userDataDir: C:\Users\nagai\AppData\Loca...}, fedcm:accounts: true, goog:chromeOptions: {debuggerAddress: localhost:59626}, networkConnectionEnabled: false, pageLoadStrategy: normal, platformName: WINDOWS, proxy: Proxy(), se:cdp: ws://localhost:59626/devtoo..., se:cdpVersion: 136.0.7103.93, setWindowRect: true, strictFileInteractability: false, timeouts: {implicit: 0, pageLoad: 300000, script: 30000}, unhandledPromptBehavior: dismiss and notify, webauthn:extension:credBlob: true, webauthn:extension:largeBlob: true, webauthn:extension:minPinLength: true, webauthn:extension:prf: true, webauthn:virtualAuthenticators: true}
Session ID: 62c1d72d189fd0a319ea18f8d71f7c37">
      <![CDATA[org.openqa.selenium.NoSuchElementException: no such element: Unable to locate element: {"method":"xpath","selector":"//p[text()='Is your plan a Will based or a Trust (Revocable Living Trust) based plan?']"}
  (Session info: chrome=136.0.7103.93)
For documentation on this error, please visit: https://selenium.dev/exceptions/#no_such_element
Build info: version: '4.8.0', revision: '267030adea'
System info: os.name: 'Windows 11', os.arch: 'amd64', os.version: '10.0', java.version: '17.0.12'
Driver info: org.openqa.selenium.chrome.ChromeDriver
Command: [62c1d72d189fd0a319ea18f8d71f7c37, findElement {using=xpath, value=//p[text()='Is your plan a Will based or a Trust (Revocable Living Trust) based plan?']}]
Capabilities {acceptInsecureCerts: false, browserName: chrome, browserVersion: 136.0.7103.93, chrome: {chromedriverVersion: 136.0.7103.49 (031848bc6ad0..., userDataDir: C:\Users\nagai\AppData\Loca...}, fedcm:accounts: true, goog:chromeOptions: {debuggerAddress: localhost:59626}, networkConnectionEnabled: false, pageLoadStrategy: normal, platformName: WINDOWS, proxy: Proxy(), se:cdp: ws://localhost:59626/devtoo..., se:cdpVersion: 136.0.7103.93, setWindowRect: true, strictFileInteractability: false, timeouts: {implicit: 0, pageLoad: 300000, script: 30000}, unhandledPromptBehavior: dismiss and notify, webauthn:extension:credBlob: true, webauthn:extension:largeBlob: true, webauthn:extension:minPinLength: true, webauthn:extension:prf: true, webauthn:virtualAuthenticators: true}
Session ID: 62c1d72d189fd0a319ea18f8d71f7c37
at org.openqa.selenium.remote.codec.w3c.W3CHttpResponseCodec.createException(W3CHttpResponseCodec.java:200)
at org.openqa.selenium.remote.codec.w3c.W3CHttpResponseCodec.decode(W3CHttpResponseCodec.java:133)
at org.openqa.selenium.remote.codec.w3c.W3CHttpResponseCodec.decode(W3CHttpResponseCodec.java:53)
at org.openqa.selenium.remote.HttpCommandExecutor.execute(HttpCommandExecutor.java:184)
at org.openqa.selenium.remote.service.DriverCommandExecutor.invokeExecute(DriverCommandExecutor.java:167)
at org.openqa.selenium.remote.service.DriverCommandExecutor.execute(DriverCommandExecutor.java:142)
at org.openqa.selenium.remote.RemoteWebDriver.execute(RemoteWebDriver.java:543)
at org.openqa.selenium.remote.ElementLocation$ElementFinder$2.findElement(ElementLocation.java:162)
at org.openqa.selenium.remote.ElementLocation.findElement(ElementLocation.java:60)
at org.openqa.selenium.remote.RemoteWebDriver.findElement(RemoteWebDriver.java:352)
at org.openqa.selenium.remote.RemoteWebDriver.findElement(RemoteWebDriver.java:344)
at org.openqa.selenium.support.pagefactory.DefaultElementLocator.findElement(DefaultElementLocator.java:70)
at org.openqa.selenium.support.pagefactory.internal.LocatingElementHandler.invoke(LocatingElementHandler.java:39)
at jdk.proxy2/jdk.proxy2.$Proxy23.getText(Unknown Source)
at com.nspl.agingoptions.webUtil.WebUtil.verifyInnerText(WebUtil.java:279)
at com.agingoptions.LegalInfoPage.PreviousLegalDocument.verifyNoRadioButton_DoYouCurrentlyhaveLegalPlanning(PreviousLegalDocument.java:51)
at com.nspl.LegalInfoTestScript.PreviousLagalDocumentTestCases.verifyClickNoRadioButton_DoYouCurrentlyhaveLegalPlanning(PreviousLagalDocumentTestCases.java:46)
at java.base/java.util.ArrayList.forEach(ArrayList.java:1511)
... Removed 32 stack frames]]>
    </failure>
  </testcase> <!-- verifyClickNoRadioButton_DoYouCurrentlyhaveLegalPlanning -->
  <testcase classname="com.nspl.LegalInfoTestScript.PreviousLagalDocumentTestCases" name="verifyNewCommonDocumentList" time="55.416">
    <failure type="org.openqa.selenium.NoSuchElementException" message="no such element: Unable to locate element: {&amp;quot;method&amp;quot;:&amp;quot;xpath&amp;quot;,&amp;quot;selector&amp;quot;:&amp;quot;//div[@class=&amp;apos;AddNewButton text-center align-items-center&amp;apos;]//span&amp;quot;}
  (Session info: chrome=136.0.7103.93)
For documentation on this error, please visit: https://selenium.dev/exceptions/#no_such_element
Build info: version: &amp;apos;4.8.0&amp;apos;, revision: &amp;apos;267030adea&amp;apos;
System info: os.name: &amp;apos;Windows 11&amp;apos;, os.arch: &amp;apos;amd64&amp;apos;, os.version: &amp;apos;10.0&amp;apos;, java.version: &amp;apos;17.0.12&amp;apos;
Driver info: org.openqa.selenium.chrome.ChromeDriver
Command: [62c1d72d189fd0a319ea18f8d71f7c37, findElement {using=xpath, value=//div[@class=&amp;apos;AddNewButton text-center align-items-center&amp;apos;]//span}]
Capabilities {acceptInsecureCerts: false, browserName: chrome, browserVersion: 136.0.7103.93, chrome: {chromedriverVersion: 136.0.7103.49 (031848bc6ad0..., userDataDir: C:\Users\nagai\AppData\Loca...}, fedcm:accounts: true, goog:chromeOptions: {debuggerAddress: localhost:59626}, networkConnectionEnabled: false, pageLoadStrategy: normal, platformName: WINDOWS, proxy: Proxy(), se:cdp: ws://localhost:59626/devtoo..., se:cdpVersion: 136.0.7103.93, setWindowRect: true, strictFileInteractability: false, timeouts: {implicit: 0, pageLoad: 300000, script: 30000}, unhandledPromptBehavior: dismiss and notify, webauthn:extension:credBlob: true, webauthn:extension:largeBlob: true, webauthn:extension:minPinLength: true, webauthn:extension:prf: true, webauthn:virtualAuthenticators: true}
Session ID: 62c1d72d189fd0a319ea18f8d71f7c37">
      <![CDATA[org.openqa.selenium.NoSuchElementException: no such element: Unable to locate element: {"method":"xpath","selector":"//div[@class='AddNewButton text-center align-items-center']//span"}
  (Session info: chrome=136.0.7103.93)
For documentation on this error, please visit: https://selenium.dev/exceptions/#no_such_element
Build info: version: '4.8.0', revision: '267030adea'
System info: os.name: 'Windows 11', os.arch: 'amd64', os.version: '10.0', java.version: '17.0.12'
Driver info: org.openqa.selenium.chrome.ChromeDriver
Command: [62c1d72d189fd0a319ea18f8d71f7c37, findElement {using=xpath, value=//div[@class='AddNewButton text-center align-items-center']//span}]
Capabilities {acceptInsecureCerts: false, browserName: chrome, browserVersion: 136.0.7103.93, chrome: {chromedriverVersion: 136.0.7103.49 (031848bc6ad0..., userDataDir: C:\Users\nagai\AppData\Loca...}, fedcm:accounts: true, goog:chromeOptions: {debuggerAddress: localhost:59626}, networkConnectionEnabled: false, pageLoadStrategy: normal, platformName: WINDOWS, proxy: Proxy(), se:cdp: ws://localhost:59626/devtoo..., se:cdpVersion: 136.0.7103.93, setWindowRect: true, strictFileInteractability: false, timeouts: {implicit: 0, pageLoad: 300000, script: 30000}, unhandledPromptBehavior: dismiss and notify, webauthn:extension:credBlob: true, webauthn:extension:largeBlob: true, webauthn:extension:minPinLength: true, webauthn:extension:prf: true, webauthn:virtualAuthenticators: true}
Session ID: 62c1d72d189fd0a319ea18f8d71f7c37
at org.openqa.selenium.remote.codec.w3c.W3CHttpResponseCodec.createException(W3CHttpResponseCodec.java:200)
at org.openqa.selenium.remote.codec.w3c.W3CHttpResponseCodec.decode(W3CHttpResponseCodec.java:133)
at org.openqa.selenium.remote.codec.w3c.W3CHttpResponseCodec.decode(W3CHttpResponseCodec.java:53)
at org.openqa.selenium.remote.HttpCommandExecutor.execute(HttpCommandExecutor.java:184)
at org.openqa.selenium.remote.service.DriverCommandExecutor.invokeExecute(DriverCommandExecutor.java:167)
at org.openqa.selenium.remote.service.DriverCommandExecutor.execute(DriverCommandExecutor.java:142)
at org.openqa.selenium.remote.RemoteWebDriver.execute(RemoteWebDriver.java:543)
at org.openqa.selenium.remote.ElementLocation$ElementFinder$2.findElement(ElementLocation.java:162)
at org.openqa.selenium.remote.ElementLocation.findElement(ElementLocation.java:60)
at org.openqa.selenium.remote.RemoteWebDriver.findElement(RemoteWebDriver.java:352)
at org.openqa.selenium.remote.RemoteWebDriver.findElement(RemoteWebDriver.java:344)
at org.openqa.selenium.support.pagefactory.DefaultElementLocator.findElement(DefaultElementLocator.java:70)
at org.openqa.selenium.support.pagefactory.internal.LocatingElementHandler.invoke(LocatingElementHandler.java:39)
at jdk.proxy2/jdk.proxy2.$Proxy23.click(Unknown Source)
at com.nspl.agingoptions.webUtil.WebUtil.click(WebUtil.java:348)
at com.agingoptions.LegalInfoPage.PreviousLegalDocument.verifyNewCommonDocument(PreviousLegalDocument.java:183)
at com.nspl.LegalInfoTestScript.PreviousLagalDocumentTestCases.verifyNewCommonDocumentList(PreviousLagalDocumentTestCases.java:105)
at java.base/java.util.ArrayList.forEach(ArrayList.java:1511)
... Removed 32 stack frames]]>
    </failure>
  </testcase> <!-- verifyNewCommonDocumentList -->
  <testcase classname="com.nspl.HousingInfoPageTestcase.HousingProfessionalLandScapperTestScript" name="VerifyUpdateLandScappeDetails" time="93.329">
    <failure type="java.lang.AssertionError" message="expected [test345] but found [Brhshtest345]">
      <![CDATA[java.lang.AssertionError: expected [test345] but found [Brhshtest345]
at com.nspl.agingoptions.webUtil.WebUtil.verifyActualExpectedTextContains(WebUtil.java:909)
at com.Ao.HousingPage.ProfessionalDetailsPage.UpdateProfessionalDetails(ProfessionalDetailsPage.java:659)
at com.nspl.HousingInfoPageTestcase.HousingProfessionalLandScapperTestScript.VerifyUpdateLandScappeDetails(HousingProfessionalLandScapperTestScript.java:141)
at java.base/java.util.ArrayList.forEach(ArrayList.java:1511)
... Removed 33 stack frames]]>
    </failure>
  </testcase> <!-- VerifyUpdateLandScappeDetails -->
  <testcase classname="com.nspl.agingoptions.webUtil.BaseTest" name="@BeforeTest beforeTest" time="0.0">
    <ignored/>
  </testcase> <!-- @BeforeTest beforeTest -->
  <testcase classname="com.nspl.HousingInfoPageTestcase.HousingOptionsTestScript" name="VerifySaveAndContinueTheDetailsWithIstheHouseYouAreliving_Yes_And_Select1_OnTheScaleOnToFive" time="0.0">
    <ignored/>
  </testcase> <!-- VerifySaveAndContinueTheDetailsWithIstheHouseYouAreliving_Yes_And_Select1_OnTheScaleOnToFive -->
  <testcase classname="com.nspl.HousingInfoPageTestcase.HousingOptionsTestScript" name="VerifyWhenWeSelectTwoThreeMoreOption_HowManyStoryDoesItHave" time="0.0">
    <ignored/>
  </testcase> <!-- VerifyWhenWeSelectTwoThreeMoreOption_HowManyStoryDoesItHave -->
  <testcase classname="com.nspl.agingoptions.webUtil.BaseTest" name="@BeforeSuite beforeSuite" time="0.0">
    <ignored/>
  </testcase> <!-- @BeforeSuite beforeSuite -->
  <testcase classname="com.nspl.agingoptions.webUtil.BaseTest" name="@AfterTest afterTest" time="0.0">
    <ignored/>
  </testcase> <!-- @AfterTest afterTest -->
  <testcase classname="com.nspl.agingoptions.webUtil.BaseTest" name="@AfterTest afterTest" time="0.0">
    <ignored/>
  </testcase> <!-- @AfterTest afterTest -->
  <testcase classname="com.nspl.LegalInfoTestScript.PreviousLagalDocumentTestCases" name="verifyLegalInfoPage" time="0.0">
    <ignored/>
  </testcase> <!-- verifyLegalInfoPage -->
  <testcase classname="com.nspl.agingoptions.webUtil.BaseTest" name="@BeforeSuite beforeSuite" time="0.0">
    <ignored/>
  </testcase> <!-- @BeforeSuite beforeSuite -->
  <testcase classname="com.nspl.agingoptions.webUtil.BaseTest" name="@BeforeSuite beforeSuite" time="0.0">
    <ignored/>
  </testcase> <!-- @BeforeSuite beforeSuite -->
  <testcase classname="com.nspl.HousingInfoPageTestcase.HousingOptionsTestScript" name="VerifySaveAndNextToProfessional_IsTheHousingYouAreLivingWithNoRadioButtonChecked" time="0.0">
    <ignored/>
  </testcase> <!-- VerifySaveAndNextToProfessional_IsTheHousingYouAreLivingWithNoRadioButtonChecked -->
  <testcase classname="com.nspl.LegalInfoTestScript.LegalProfessionalBusinessSuccessior" name="VerifySaveAndproceedPrimaryMemberBusinessSuccessiorDetails" time="0.0">
    <ignored/>
  </testcase> <!-- VerifySaveAndproceedPrimaryMemberBusinessSuccessiorDetails -->
  <testcase classname="com.nspl.HousingInfoPageTestcase.HousingProfessional_MortgageBrokerTestScript" name="verifyaddMortgageForPraimaryMember" time="0.0">
    <ignored/>
  </testcase> <!-- verifyaddMortgageForPraimaryMember -->
  <testcase classname="com.nspl.LegalInfoTestScript.LegalProfessionalBusinessSuccessior" name="VerifySaveAndProceedSpouseBusinessSuccessiorDetails" time="0.0">
    <ignored/>
  </testcase> <!-- VerifySaveAndProceedSpouseBusinessSuccessiorDetails -->
  <testcase classname="com.nspl.LegalInfoTestScript.LegalProfessionalElA" name="VerifySaveAndAddAnotherPrimaryMemberElderLawAttorney" time="0.0">
    <ignored/>
  </testcase> <!-- VerifySaveAndAddAnotherPrimaryMemberElderLawAttorney -->
  <testcase classname="com.nspl.HousingInfoPageTestcase.HousingProfessional_MortgageBrokerTestScript" name="VerifyIdONotHaveRealtorCheckBoxFunctionality" time="0.0">
    <ignored/>
  </testcase> <!-- VerifyIdONotHaveRealtorCheckBoxFunctionality -->
  <testcase classname="com.nspl.LegalInfoTestScript.FiduciaryBeneficiaryTestScript" name="VerifyWhenWeMakeFiduciaryMemberAsSpecialNeeds" time="0.0">
    <ignored/>
  </testcase> <!-- VerifyWhenWeMakeFiduciaryMemberAsSpecialNeeds -->
  <testcase classname="com.nspl.HousingInfoPageTestcase.HousingProfessional_RealtorTestscript" name="VerifySaveAndAddAnotherPrimaryMemberRealtorDetails" time="0.0">
    <ignored/>
  </testcase> <!-- VerifySaveAndAddAnotherPrimaryMemberRealtorDetails -->
  <testcase classname="com.nspl.HousingInfoPageTestcase.HousingProfessionalLandScapperTestScript" name="VerifySaveAndAddAnotherSpouseLandScapperDetails" time="0.0">
    <ignored/>
  </testcase> <!-- VerifySaveAndAddAnotherSpouseLandScapperDetails -->
  <testcase classname="com.nspl.agingoptions.webUtil.BaseTest" name="@AfterSuite afterSuite" time="0.0">
    <ignored/>
  </testcase> <!-- @AfterSuite afterSuite -->
  <testcase classname="com.nspl.LegalInfoTestScript.FamilyLawAttorneyTestScripts" name="verifyaddFamilyLawAttorneyForPraimaryMember" time="0.0">
    <ignored/>
  </testcase> <!-- verifyaddFamilyLawAttorneyForPraimaryMember -->
  <testcase classname="com.nspl.LegalInfoTestScript.FamilyLawAttorneyTestScripts" name="VerifyIdONotHaveFamilyLawAttorneyFunctionality" time="0.0">
    <ignored/>
  </testcase> <!-- VerifyIdONotHaveFamilyLawAttorneyFunctionality -->
  <testcase classname="com.nspl.HousingInfoPageTestcase.HousingOptionsTestScript" name="VerifyUpdateAndContinue_IsTheHousingYouAreLivingWithNoRadioButtonChecked" time="0.0">
    <ignored/>
  </testcase> <!-- VerifyUpdateAndContinue_IsTheHousingYouAreLivingWithNoRadioButtonChecked -->
  <testcase classname="com.nspl.LegalInfoTestScript.LegalProfessionalElA" name="VerifySaveAndproceedPrimaryMemberElderLawAttorneyDetails" time="0.0">
    <ignored/>
  </testcase> <!-- VerifySaveAndproceedPrimaryMemberElderLawAttorneyDetails -->
  <testcase classname="com.nspl.HousingInfoPageTestcase.HousingProfessionalLandScapperTestScript" name="VerifyClickIDoNotHaveLandScapperCheckBox" time="0.0">
    <ignored/>
  </testcase> <!-- VerifyClickIDoNotHaveLandScapperCheckBox -->
  <testcase classname="com.nspl.LegalInfoTestScript.FamilyLawAttorneyTestScripts" name="VerifySaveAndContinueSpouseFamilyLawAttorneyDetails" time="0.0">
    <ignored/>
  </testcase> <!-- VerifySaveAndContinueSpouseFamilyLawAttorneyDetails -->
  <testcase classname="com.nspl.agingoptions.webUtil.BaseTest" name="@AfterSuite afterSuite" time="0.0">
    <ignored/>
  </testcase> <!-- @AfterSuite afterSuite -->
  <testcase classname="com.nspl.LegalInfoTestScript.FamilyLawAttorneyTestScripts" name="VerifyClickIDoNotHaveFamilyLawAttorneyCheckBox" time="0.0">
    <ignored/>
  </testcase> <!-- VerifyClickIDoNotHaveFamilyLawAttorneyCheckBox -->
  <testcase classname="com.nspl.agingoptions.webUtil.BaseTest" name="@AfterTest afterTest" time="0.0">
    <ignored/>
  </testcase> <!-- @AfterTest afterTest -->
  <testcase classname="com.nspl.LegalInfoTestScript.FiduciaryBeneficiaryTestScript" name="VerifyWhenWeMakeSpecialNeedsMemberAsFiduciary" time="0.0">
    <ignored/>
  </testcase> <!-- VerifyWhenWeMakeSpecialNeedsMemberAsFiduciary -->
  <testcase classname="com.nspl.LegalInfoTestScript.FiduciaryBeneficiaryTestScript" name="VerifyWhenWeMakeFiduciaryBeneficiryMemberDeceased" time="0.0">
    <ignored/>
  </testcase> <!-- VerifyWhenWeMakeFiduciaryBeneficiryMemberDeceased -->
  <testcase classname="com.nspl.LegalInfoTestScript.LegalProfessionalElA" name="VerifyClientElderLawAttorneyDetailsWithUncheckCopySamedataTospouseCheckBox" time="0.0">
    <ignored/>
  </testcase> <!-- VerifyClientElderLawAttorneyDetailsWithUncheckCopySamedataTospouseCheckBox -->
  <testcase classname="com.nspl.HousingInfoPageTestcase.HousingProfessional_MortgageBrokerTestScript" name="VerifyCopySameDataFunctionality" time="0.0">
    <ignored/>
  </testcase> <!-- VerifyCopySameDataFunctionality -->
  <testcase classname="com.nspl.HousingInfoPageTestcase.HousingProfessionalLandScapperTestScript" name="VerifyCopySameDataFunctionality" time="0.0">
    <ignored/>
  </testcase> <!-- VerifyCopySameDataFunctionality -->
  <testcase classname="com.nspl.LegalInfoTestScript.PreviousLagalDocumentTestCases" name="VerifyClickYesRadioButton_DoYouCurrentlyhaveLegalPlanning" time="0.0">
    <ignored/>
  </testcase> <!-- VerifyClickYesRadioButton_DoYouCurrentlyhaveLegalPlanning -->
  <testcase classname="com.nspl.HousingInfoPageTestcase.HousingProfessional_RealtorTestscript" name="VerifyClickIDoNotHaveRealtorCheckBox" time="0.0">
    <ignored/>
  </testcase> <!-- VerifyClickIDoNotHaveRealtorCheckBox -->
  <testcase classname="com.nspl.HousingInfoPageTestcase.HousingProfessionalLandScapperTestScript" name="VerifySaveAndProceedSpouseLandScapperDetails" time="0.0">
    <ignored/>
  </testcase> <!-- VerifySaveAndProceedSpouseLandScapperDetails -->
  <testcase classname="com.nspl.agingoptions.webUtil.BaseTest" name="@AfterSuite afterSuite" time="0.0">
    <ignored/>
  </testcase> <!-- @AfterSuite afterSuite -->
  <testcase classname="com.nspl.LegalInfoTestScript.FamilyLawAttorneyTestScripts" name="verifyToggleButton" time="0.0">
    <ignored/>
  </testcase> <!-- verifyToggleButton -->
  <testcase classname="com.nspl.agingoptions.webUtil.BaseTest" name="@AfterTest afterTest" time="0.0">
    <ignored/>
  </testcase> <!-- @AfterTest afterTest -->
  <testcase classname="com.nspl.agingoptions.webUtil.BaseTest" name="@BeforeSuite beforeSuite" time="0.0">
    <ignored/>
  </testcase> <!-- @BeforeSuite beforeSuite -->
  <testcase classname="com.nspl.HousingInfoPageTestcase.HousingOptionsTestScript" name="verifySelectYesorNotSureCheckBox_IsYourHouseLivingIn____" time="0.0">
    <ignored/>
  </testcase> <!-- verifySelectYesorNotSureCheckBox_IsYourHouseLivingIn____ -->
  <testcase classname="com.nspl.HousingInfoPageTestcase.HousingProfessionalHandyManTestScript" name="VerifyClickIDoNotHaveHandymanCheckBox" time="0.0">
    <ignored/>
  </testcase> <!-- VerifyClickIDoNotHaveHandymanCheckBox -->
  <testcase classname="com.nspl.LegalInfoTestScript.PreviousLagalDocumentTestCases" name="verifySaveAndContinueWithAddNewDocument" time="0.0">
    <ignored/>
  </testcase> <!-- verifySaveAndContinueWithAddNewDocument -->
  <testcase classname="com.nspl.agingoptions.webUtil.BaseTest" name="@BeforeTest beforeTest" time="0.0">
    <ignored/>
  </testcase> <!-- @BeforeTest beforeTest -->
  <testcase classname="com.nspl.HousingInfoPageTestcase.HousingOptionsTestScript" name="VerifySelectNoCheckBox_IsYourHousingLivingIn___" time="0.0">
    <ignored/>
  </testcase> <!-- VerifySelectNoCheckBox_IsYourHousingLivingIn___ -->
  <testcase classname="com.nspl.agingoptions.webUtil.BaseTest" name="@BeforeTest beforeTest" time="0.0">
    <ignored/>
  </testcase> <!-- @BeforeTest beforeTest -->
  <testcase classname="com.nspl.agingoptions.webUtil.BaseTest" name="@AfterSuite afterSuite" time="0.0">
    <ignored/>
  </testcase> <!-- @AfterSuite afterSuite -->
  <testcase classname="com.nspl.HousingInfoPageTestcase.HousingProfessionalHandyManTestScript" name="verifyHandymanPageOnHousingProfessional" time="0.0">
    <ignored/>
  </testcase> <!-- verifyHandymanPageOnHousingProfessional -->
  <testcase classname="com.nspl.LegalInfoTestScript.PreviousLagalDocumentTestCases" name="VerifyTrustDocument" time="0.0">
    <ignored/>
  </testcase> <!-- VerifyTrustDocument -->
  <testcase classname="com.nspl.LegalInfoTestScript.PreviousLagalDocumentTestCases" name="VerifySaveAndContinueWithTrustTypeDocumentsDetails" time="0.0">
    <ignored/>
  </testcase> <!-- VerifySaveAndContinueWithTrustTypeDocumentsDetails -->
  <testcase classname="com.nspl.LegalInfoTestScript.FiduciaryBeneficiaryTestScript" name="VerifyPrimaryMemberAndSpouseFiduciaryBeneficiaryPageMemberList" time="0.0">
    <ignored/>
  </testcase> <!-- VerifyPrimaryMemberAndSpouseFiduciaryBeneficiaryPageMemberList -->
  <testcase classname="com.nspl.agingoptions.webUtil.BaseTest" name="@AfterTest afterTest" time="0.0">
    <ignored/>
  </testcase> <!-- @AfterTest afterTest -->
  <testcase classname="com.nspl.agingoptions.webUtil.BaseTest" name="@BeforeTest beforeTest" time="0.0">
    <ignored/>
  </testcase> <!-- @BeforeTest beforeTest -->
  <testcase classname="com.nspl.LegalInfoTestScript.FiduciaryBeneficiaryTestScript" name="VerifySpouseTableFiduciaryBeneficiaryCheckBoxFunctionality" time="0.0">
    <ignored/>
  </testcase> <!-- VerifySpouseTableFiduciaryBeneficiaryCheckBoxFunctionality -->
  <testcase classname="com.nspl.LegalInfoTestScript.FamilyLawAttorneyTestScripts" name="VerifyClientFamilyLawAttorneyDetailsWithUncheckCopySamedataTospouseCheckBox" time="0.0">
    <ignored/>
  </testcase> <!-- VerifyClientFamilyLawAttorneyDetailsWithUncheckCopySamedataTospouseCheckBox -->
  <testcase classname="com.nspl.agingoptions.webUtil.BaseTest" name="@BeforeTest beforeTest" time="0.0">
    <ignored/>
  </testcase> <!-- @BeforeTest beforeTest -->
  <testcase classname="com.nspl.LegalInfoTestScript.LegalProfessionalBusinessSuccessior" name="VerifyIdONotHaveBusinessSuccessiorFunctionality" time="0.0">
    <ignored/>
  </testcase> <!-- VerifyIdONotHaveBusinessSuccessiorFunctionality -->
  <testcase classname="com.nspl.LegalInfoTestScript.PreviousLagalDocumentTestCases" name="verifyWillDocument" time="0.0">
    <ignored/>
  </testcase> <!-- verifyWillDocument -->
  <testcase classname="com.nspl.LegalInfoTestScript.FiduciaryBeneficiaryTestScript" name="VerifyAddFiduciaryBeneficiaryDetails" time="0.0">
    <ignored/>
  </testcase> <!-- VerifyAddFiduciaryBeneficiaryDetails -->
  <testcase classname="com.nspl.HousingInfoPageTestcase.HousingProfessionalHandyManTestScript" name="VerifySaveAndproceedPrimaryMemberHandyManDetails" time="0.0">
    <ignored/>
  </testcase> <!-- VerifySaveAndproceedPrimaryMemberHandyManDetails -->
  <testcase classname="com.nspl.LegalInfoTestScript.LegalProfessionalBusinessSuccessior" name="VerifySaveAndContinueSpouseBusinessSuccessiorDetails" time="0.0">
    <ignored/>
  </testcase> <!-- VerifySaveAndContinueSpouseBusinessSuccessiorDetails -->
  <testcase classname="com.nspl.HousingInfoPageTestcase.HousingProfessional_MortgageBrokerTestScript" name="VerifySaveAndProceedSpouseMortgageBrokerDetails" time="0.0">
    <ignored/>
  </testcase> <!-- VerifySaveAndProceedSpouseMortgageBrokerDetails -->
  <testcase classname="com.nspl.HousingInfoPageTestcase.HousingProfessional_RealtorTestscript" name="verifyaddRealtorForPraimaryMember" time="0.0">
    <ignored/>
  </testcase> <!-- verifyaddRealtorForPraimaryMember -->
  <testcase classname="com.nspl.HousingInfoPageTestcase.HousingOptionsTestScript" name="VerifySaveAandNextProfessional_SelectIsYourHouseLivingInYesCheckAndSelectTwoOntheScaleOfOneTwoFive" time="0.0">
    <ignored/>
  </testcase> <!-- VerifySaveAandNextProfessional_SelectIsYourHouseLivingInYesCheckAndSelectTwoOntheScaleOfOneTwoFive -->
  <testcase classname="com.nspl.HousingInfoPageTestcase.HousingProfessional_MortgageBrokerTestScript" name="VerifyClickIDoNotHaveMortgageCheckBox" time="0.0">
    <ignored/>
  </testcase> <!-- VerifyClickIDoNotHaveMortgageCheckBox -->
  <testcase classname="com.nspl.agingoptions.webUtil.BaseTest" name="@AfterSuite afterSuite" time="0.0">
    <ignored/>
  </testcase> <!-- @AfterSuite afterSuite -->
  <testcase classname="com.nspl.agingoptions.webUtil.BaseTest" name="@BeforeSuite beforeSuite" time="0.0">
    <ignored/>
  </testcase> <!-- @BeforeSuite beforeSuite -->
  <testcase classname="com.nspl.agingoptions.webUtil.BaseTest" name="@AfterSuite afterSuite" time="0.0">
    <ignored/>
  </testcase> <!-- @AfterSuite afterSuite -->
  <testcase classname="com.nspl.HousingInfoPageTestcase.HousingOptionsTestScript" name="VerifySaveAndNextToprofessional_TheDetailsWithIstheHouseYouAreliving_Yes_And_Select1_OnTheScaleOnToFive" time="0.0">
    <ignored/>
  </testcase> <!-- VerifySaveAndNextToprofessional_TheDetailsWithIstheHouseYouAreliving_Yes_And_Select1_OnTheScaleOnToFive -->
  <testcase classname="com.nspl.LegalInfoTestScript.LegalProfessionalElA" name="VerifySaveAndAddAnotherSpouseElderLawAttorneyDetails" time="0.0">
    <ignored/>
  </testcase> <!-- VerifySaveAndAddAnotherSpouseElderLawAttorneyDetails -->
  <testcase classname="com.nspl.LegalInfoTestScript.LegalProfessionalElA" name="VerifySaveAndProceedSpouseElderLawAttorneyDetails" time="0.0">
    <ignored/>
  </testcase> <!-- VerifySaveAndProceedSpouseElderLawAttorneyDetails -->
  <testcase classname="com.nspl.HousingInfoPageTestcase.HousingProfessional_RealtorTestscript" name="VerifyIdONotHaveRealtorCheckBoxFunctionality" time="0.0">
    <ignored/>
  </testcase> <!-- VerifyIdONotHaveRealtorCheckBoxFunctionality -->
  <testcase classname="com.nspl.HousingInfoPageTestcase.HousingProfessionalLandScapperTestScript" name="VerifySaveAndContinueSpouseLandScapperDetails" time="0.0">
    <ignored/>
  </testcase> <!-- VerifySaveAndContinueSpouseLandScapperDetails -->
  <testcase classname="com.nspl.LegalInfoTestScript.LegalProfessionalElA" name="verifyToggleButton" time="0.0">
    <ignored/>
  </testcase> <!-- verifyToggleButton -->
  <testcase classname="com.nspl.LegalInfoTestScript.LegalProfessionalBusinessSuccessior" name="VerifyClientBusinessSuccessiorDetailsWithUncheckCopySamedataTospouseCheckBox" time="0.0">
    <ignored/>
  </testcase> <!-- VerifyClientBusinessSuccessiorDetailsWithUncheckCopySamedataTospouseCheckBox -->
  <testcase classname="com.nspl.LegalInfoTestScript.PreviousLagalDocumentTestCases" name="verifySaveAndContinueWithWillTypeDocuments" time="0.0">
    <ignored/>
  </testcase> <!-- verifySaveAndContinueWithWillTypeDocuments -->
  <testcase classname="com.nspl.HousingInfoPageTestcase.HousingProfessionalLandScapperTestScript" name="VerifySaveAndAddAnotherPrimaryMemberLandScapperDetails" time="0.0">
    <ignored/>
  </testcase> <!-- VerifySaveAndAddAnotherPrimaryMemberLandScapperDetails -->
  <testcase classname="com.nspl.HousingInfoPageTestcase.HousingProfessional_MortgageBrokerTestScript" name="VerifySaveAndContinueSpouseMortgageBrokerDetails" time="0.0">
    <ignored/>
  </testcase> <!-- VerifySaveAndContinueSpouseMortgageBrokerDetails -->
  <testcase classname="com.nspl.LegalInfoTestScript.LegalProfessionalBusinessSuccessior" name="VerifyBusinessSuccessiorPageLegalProfessional" time="0.0">
    <ignored/>
  </testcase> <!-- VerifyBusinessSuccessiorPageLegalProfessional -->
  <testcase classname="com.nspl.LegalInfoTestScript.LegalProfessionalElA" name="VerifyIdONotHaveElderLawAttorneyFunctionality" time="0.0">
    <ignored/>
  </testcase> <!-- VerifyIdONotHaveElderLawAttorneyFunctionality -->
  <testcase classname="com.nspl.LegalInfoTestScript.FiduciaryBeneficiaryTestScript" name="VerifyFiduciaryBeneficiaryPage" time="0.0">
    <ignored/>
  </testcase> <!-- VerifyFiduciaryBeneficiaryPage -->
  <testcase classname="com.nspl.LegalInfoTestScript.LegalProfessionalElA" name="verifyaddElderLawAttorneyForPraimaryMember" time="0.0">
    <ignored/>
  </testcase> <!-- verifyaddElderLawAttorneyForPraimaryMember -->
  <testcase classname="com.nspl.agingoptions.webUtil.BaseTest" name="@AfterTest afterTest" time="0.0">
    <ignored/>
  </testcase> <!-- @AfterTest afterTest -->
  <testcase classname="com.nspl.HousingInfoPageTestcase.HousingOptionsTestScript" name="VerifyOnTheScaleOfOneTwoFiveOwnHomeDropDownSelection" time="0.0">
    <ignored/>
  </testcase> <!-- VerifyOnTheScaleOfOneTwoFiveOwnHomeDropDownSelection -->
  <testcase classname="com.nspl.agingoptions.webUtil.BaseTest" name="@BeforeSuite beforeSuite" time="0.0">
    <ignored/>
  </testcase> <!-- @BeforeSuite beforeSuite -->
  <testcase classname="com.nspl.HousingInfoPageTestcase.HousingProfessionalHandyManTestScript" name="verifyaddHandymanForPraimaryMember" time="0.0">
    <ignored/>
  </testcase> <!-- verifyaddHandymanForPraimaryMember -->
  <testcase classname="com.nspl.HousingInfoPageTestcase.HousingOptionsTestScript" name="verifyHousingInformation" time="0.0">
    <ignored/>
  </testcase> <!-- verifyHousingInformation -->
  <testcase classname="com.nspl.HousingInfoPageTestcase.HousingProfessional_MortgageBrokerTestScript" name="VerifySaveAndAddAnotherSpouseMortgageBrokerDetails" time="0.0">
    <ignored/>
  </testcase> <!-- VerifySaveAndAddAnotherSpouseMortgageBrokerDetails -->
  <testcase classname="com.nspl.HousingInfoPageTestcase.HousingProfessional_RealtorTestscript" name="VerifySaveAndContinueSpouseRealtorDetails" time="0.0">
    <ignored/>
  </testcase> <!-- VerifySaveAndContinueSpouseRealtorDetails -->
  <testcase classname="com.nspl.agingoptions.webUtil.BaseTest" name="@BeforeTest beforeTest" time="0.0">
    <ignored/>
  </testcase> <!-- @BeforeTest beforeTest -->
  <testcase classname="com.nspl.HousingInfoPageTestcase.HousingProfessionalHandyManTestScript" name="VerifyCopySameDataFunctionality" time="0.0">
    <ignored/>
  </testcase> <!-- VerifyCopySameDataFunctionality -->
  <testcase classname="com.nspl.HousingInfoPageTestcase.HousingProfessionalLandScapperTestScript" name="VerifyLandScapperPageOnHousingProfessional" time="0.0">
    <ignored/>
  </testcase> <!-- VerifyLandScapperPageOnHousingProfessional -->
  <testcase classname="com.nspl.HousingInfoPageTestcase.HousingProfessionalHandyManTestScript" name="VerifySaveAndProceedSpouseHandymanDetails" time="0.0">
    <ignored/>
  </testcase> <!-- VerifySaveAndProceedSpouseHandymanDetails -->
  <testcase classname="com.nspl.LegalInfoTestScript.PreviousLagalDocumentTestCases" name="verifyDoYouCurrentlyLegalPlanningQuestions" time="0.0">
    <ignored/>
  </testcase> <!-- verifyDoYouCurrentlyLegalPlanningQuestions -->
  <testcase classname="com.nspl.LegalInfoTestScript.LegalProfessionalBusinessSuccessior" name="VerifySaveAndAddAnotherPrimaryMemberBusinessSuccessior" time="0.0">
    <ignored/>
  </testcase> <!-- VerifySaveAndAddAnotherPrimaryMemberBusinessSuccessior -->
  <testcase classname="com.nspl.HousingInfoPageTestcase.HousingProfessional_MortgageBrokerTestScript" name="verifyMortgagePageOnHousingProfessional" time="0.0">
    <ignored/>
  </testcase> <!-- verifyMortgagePageOnHousingProfessional -->
  <testcase classname="com.nspl.HousingInfoPageTestcase.HousingProfessional_MortgageBrokerTestScript" name="VerifySaveAndproceedPrimaryMemberMortgageBrokerDetails" time="0.0">
    <ignored/>
  </testcase> <!-- VerifySaveAndproceedPrimaryMemberMortgageBrokerDetails -->
  <testcase classname="com.nspl.HousingInfoPageTestcase.HousingProfessionalLandScapperTestScript" name="verifyaddLandScapperForPraimaryMember" time="0.0">
    <ignored/>
  </testcase> <!-- verifyaddLandScapperForPraimaryMember -->
  <testcase classname="com.nspl.LegalInfoTestScript.LegalProfessionalElA" name="VerifyElderLawAttorneyPageOnLegalProfessional" time="0.0">
    <ignored/>
  </testcase> <!-- VerifyElderLawAttorneyPageOnLegalProfessional -->
  <testcase classname="com.nspl.HousingInfoPageTestcase.HousingProfessional_RealtorTestscript" name="VerifySaveAndproceedPrimaryMemberRealtorDetails" time="0.0">
    <ignored/>
  </testcase> <!-- VerifySaveAndproceedPrimaryMemberRealtorDetails -->
  <testcase classname="com.nspl.agingoptions.webUtil.BaseTest" name="@AfterSuite afterSuite" time="0.0">
    <ignored/>
  </testcase> <!-- @AfterSuite afterSuite -->
  <testcase classname="com.nspl.agingoptions.webUtil.BaseTest" name="@AfterTest afterTest" time="0.0">
    <ignored/>
  </testcase> <!-- @AfterTest afterTest -->
  <testcase classname="com.nspl.HousingInfoPageTestcase.HousingProfessional_RealtorTestscript" name="verifyToggleButton" time="0.0">
    <ignored/>
  </testcase> <!-- verifyToggleButton -->
  <testcase classname="com.nspl.LegalInfoTestScript.LegalProfessionalElA" name="VerifySaveAndContinueSpouseElderLawAttorneyDetails" time="0.0">
    <ignored/>
  </testcase> <!-- VerifySaveAndContinueSpouseElderLawAttorneyDetails -->
  <testcase classname="com.nspl.HousingInfoPageTestcase.HousingProfessionalLandScapperTestScript" name="VerifySaveAndproceedPrimaryMemberLandScapperDetails" time="0.0">
    <ignored/>
  </testcase> <!-- VerifySaveAndproceedPrimaryMemberLandScapperDetails -->
  <testcase classname="com.nspl.HousingInfoPageTestcase.HousingProfessional_MortgageBrokerTestScript" name="verifyToggleButton" time="0.0">
    <ignored/>
  </testcase> <!-- verifyToggleButton -->
  <testcase classname="com.nspl.LegalInfoTestScript.PreviousLagalDocumentTestCases" name="VerifySaveAndProceedFidBen_DoYouCurrentlyHaveLegalPlanning_NoCheck" time="0.0">
    <ignored/>
  </testcase> <!-- VerifySaveAndProceedFidBen_DoYouCurrentlyHaveLegalPlanning_NoCheck -->
  <testcase classname="com.nspl.LegalInfoTestScript.FamilyLawAttorneyTestScripts" name="VerifySaveAndProceedSpouseFamilyLawAttorneyDetails" time="0.0">
    <ignored/>
  </testcase> <!-- VerifySaveAndProceedSpouseFamilyLawAttorneyDetails -->
  <testcase classname="com.nspl.HousingInfoPageTestcase.HousingProfessionalHandyManTestScript" name="VerifyIdONotHaveHandymanCheckBoxFunctionality" time="0.0">
    <ignored/>
  </testcase> <!-- VerifyIdONotHaveHandymanCheckBoxFunctionality -->
  <testcase classname="com.nspl.HousingInfoPageTestcase.HousingProfessional_RealtorTestscript" name="VerifyCopySameDataFunctionality" time="0.0">
    <ignored/>
  </testcase> <!-- VerifyCopySameDataFunctionality -->
  <testcase classname="com.nspl.agingoptions.webUtil.BaseTest" name="@AfterTest afterTest" time="0.0">
    <ignored/>
  </testcase> <!-- @AfterTest afterTest -->
  <testcase classname="com.nspl.LegalInfoTestScript.PreviousLagalDocumentTestCases" name="VerifySaveAndContinue_DoYouCurrentlyHaveLegalPlanning_NoCheck" time="0.0">
    <ignored/>
  </testcase> <!-- VerifySaveAndContinue_DoYouCurrentlyHaveLegalPlanning_NoCheck -->
  <testcase classname="com.nspl.agingoptions.webUtil.BaseTest" name="@BeforeSuite beforeSuite" time="0.0">
    <ignored/>
  </testcase> <!-- @BeforeSuite beforeSuite -->
  <testcase classname="com.nspl.HousingInfoPageTestcase.HousingProfessionalHandyManTestScript" name="VerifySaveAndContinueSpouseHandymanDetails" time="0.0">
    <ignored/>
  </testcase> <!-- VerifySaveAndContinueSpouseHandymanDetails -->
  <testcase classname="com.nspl.agingoptions.webUtil.BaseTest" name="@AfterSuite afterSuite" time="0.0">
    <ignored/>
  </testcase> <!-- @AfterSuite afterSuite -->
  <testcase classname="com.nspl.agingoptions.webUtil.BaseTest" name="@BeforeSuite beforeSuite" time="0.0">
    <ignored/>
  </testcase> <!-- @BeforeSuite beforeSuite -->
  <testcase classname="com.nspl.agingoptions.webUtil.BaseTest" name="@BeforeTest beforeTest" time="0.0">
    <ignored/>
  </testcase> <!-- @BeforeTest beforeTest -->
  <testcase classname="com.nspl.LegalInfoTestScript.FamilyLawAttorneyTestScripts" name="VerifyFamilyLawAttorneyPageOnLegalProfessional" time="0.0">
    <ignored/>
  </testcase> <!-- VerifyFamilyLawAttorneyPageOnLegalProfessional -->
  <testcase classname="com.nspl.LegalInfoTestScript.FamilyLawAttorneyTestScripts" name="VerifySaveAndproceedPrimaryMemberFamilyLawAttorneyDetails" time="0.0">
    <ignored/>
  </testcase> <!-- VerifySaveAndproceedPrimaryMemberFamilyLawAttorneyDetails -->
  <testcase classname="com.nspl.LegalInfoTestScript.LegalProfessionalBusinessSuccessior" name="VerifySaveAndAddAnotherSpouseBusinessSuccessiorDetails" time="0.0">
    <ignored/>
  </testcase> <!-- VerifySaveAndAddAnotherSpouseBusinessSuccessiorDetails -->
  <testcase classname="com.nspl.agingoptions.webUtil.BaseTest" name="@BeforeTest beforeTest" time="0.0">
    <ignored/>
  </testcase> <!-- @BeforeTest beforeTest -->
  <testcase classname="com.nspl.HousingInfoPageTestcase.HousingProfessional_RealtorTestscript" name="verifyRealtorPageOnHousingProfessional" time="0.0">
    <ignored/>
  </testcase> <!-- verifyRealtorPageOnHousingProfessional -->
  <testcase classname="com.nspl.HousingInfoPageTestcase.HousingOptionsTestScript" name="VerifyHowManyStoriesDoesItHaveDropdownContent" time="0.0">
    <ignored/>
  </testcase> <!-- VerifyHowManyStoriesDoesItHaveDropdownContent -->
  <testcase classname="com.nspl.HousingInfoPageTestcase.HousingProfessional_MortgageBrokerTestScript" name="VerifySaveAndAddAnotherPrimaryMemberMortgageBrokerDetails" time="0.0">
    <ignored/>
  </testcase> <!-- VerifySaveAndAddAnotherPrimaryMemberMortgageBrokerDetails -->
  <testcase classname="com.nspl.HousingInfoPageTestcase.HousingProfessionalHandyManTestScript" name="VerifySaveAndAddAnotherSpouseHandymanDetails" time="0.0">
    <ignored/>
  </testcase> <!-- VerifySaveAndAddAnotherSpouseHandymanDetails -->
  <testcase classname="com.nspl.LegalInfoTestScript.LegalProfessionalBusinessSuccessior" name="VerifyClickIDoNotHaveBusinessSuccessiorCheckBox" time="0.0">
    <ignored/>
  </testcase> <!-- VerifyClickIDoNotHaveBusinessSuccessiorCheckBox -->
  <testcase classname="com.nspl.agingoptions.webUtil.BaseTest" name="@AfterSuite afterSuite" time="0.0">
    <ignored/>
  </testcase> <!-- @AfterSuite afterSuite -->
  <testcase classname="com.nspl.LegalInfoTestScript.FamilyLawAttorneyTestScripts" name="VerifySaveAndAddAnotherPrimaryMemberFamilyLawAttorney" time="0.0">
    <ignored/>
  </testcase> <!-- VerifySaveAndAddAnotherPrimaryMemberFamilyLawAttorney -->
  <testcase classname="com.nspl.LegalInfoTestScript.LegalProfessionalBusinessSuccessior" name="verifyaddBusinessSuccessiorForPraimaryMember" time="0.0">
    <ignored/>
  </testcase> <!-- verifyaddBusinessSuccessiorForPraimaryMember -->
  <testcase classname="com.nspl.agingoptions.webUtil.BaseTest" name="@BeforeSuite beforeSuite" time="0.0">
    <ignored/>
  </testcase> <!-- @BeforeSuite beforeSuite -->
  <testcase classname="com.nspl.agingoptions.webUtil.BaseTest" name="@AfterTest afterTest" time="0.0">
    <ignored/>
  </testcase> <!-- @AfterTest afterTest -->
  <testcase classname="com.nspl.LegalInfoTestScript.LegalProfessionalElA" name="VerifyClickIDoNotHaveLandScapperCheckBox" time="0.0">
    <ignored/>
  </testcase> <!-- VerifyClickIDoNotHaveLandScapperCheckBox -->
  <testcase classname="com.nspl.HousingInfoPageTestcase.HousingProfessionalLandScapperTestScript" name="verifyToggleButton" time="0.0">
    <ignored/>
  </testcase> <!-- verifyToggleButton -->
  <testcase classname="com.nspl.HousingInfoPageTestcase.HousingOptionsTestScript" name="VerifyOnTheScaleOfOneTwoFive_Select1" time="0.0">
    <ignored/>
  </testcase> <!-- VerifyOnTheScaleOfOneTwoFive_Select1 -->
  <testcase classname="com.nspl.HousingInfoPageTestcase.HousingProfessionalHandyManTestScript" name="VerifySaveAndAddAnotherPrimaryMemberHandymanDetails" time="0.0">
    <ignored/>
  </testcase> <!-- VerifySaveAndAddAnotherPrimaryMemberHandymanDetails -->
  <testcase classname="com.nspl.LegalInfoTestScript.FamilyLawAttorneyTestScripts" name="VerifySaveAndAddAnotherSpouseFamilyLawAttorneyDetails" time="0.0">
    <ignored/>
  </testcase> <!-- VerifySaveAndAddAnotherSpouseFamilyLawAttorneyDetails -->
  <testcase classname="com.nspl.LegalInfoTestScript.LegalProfessionalBusinessSuccessior" name="verifyToggleButton" time="0.0">
    <ignored/>
  </testcase> <!-- verifyToggleButton -->
  <testcase classname="com.nspl.HousingInfoPageTestcase.HousingProfessionalLandScapperTestScript" name="VerifyIdONotHaveLandScapperCheckBoxFunctionality" time="0.0">
    <ignored/>
  </testcase> <!-- VerifyIdONotHaveLandScapperCheckBoxFunctionality -->
  <testcase classname="com.nspl.agingoptions.webUtil.BaseTest" name="@BeforeTest beforeTest" time="0.0">
    <ignored/>
  </testcase> <!-- @BeforeTest beforeTest -->
  <testcase classname="com.nspl.LegalInfoTestScript.FiduciaryBeneficiaryTestScript" name="verifyAgeValidationForFiduciary" time="0.0">
    <ignored/>
  </testcase> <!-- verifyAgeValidationForFiduciary -->
</testsuite> <!-- Test(failed) -->
