<?xml version="1.0" encoding="UTF-8"?>
<!-- Generated by org.testng.reporters.JUnitXMLReporter -->
<testsuite ignored="18" hostname="DESKTOP-LA6T5Q8" failures="1" tests="4" name="Test(failed)" time="304.189" errors="0" timestamp="2025-05-19T11:37:22 IST">
  <testcase classname="com.nspl.agingoptions.healthpage.testcases.PrimaryCarePhysicianTestCases" name="TC_017_inputPrimaryMemberCarePhysicianAndSave" time="63.713"/>
  <testcase classname="com.nspl.agingoptions.financepage.testcases.LifeInsuranceTestCases" name="FTC_021_SpouseLifeInsuranceNextLongTermCarePolicyButton" time="52.982">
    <skipped/>
  </testcase> <!-- FTC_021_SpouseLifeInsuranceNextLongTermCarePolicyButton -->
  <testcase classname="com.nspl.agingoptions.financepage.testcases.LifeInsuranceTestCases" name="FTC_021_SpouseLifeInsuranceNextLongTermCarePolicyButton" time="48.844">
    <failure type="java.lang.AssertionError" message="expected [Quaterly] but found []">
      <![CDATA[java.lang.AssertionError: expected [Quaterly] but found []
at com.nspl.agingoptions.webUtil.WebUtil.verifyActualExpectedText(WebUtil.java:870)
at com.nspl.agingoptions.financepage.testcases.LifeInsuranceTestCases.FTC_021_SpouseLifeInsuranceNextLongTermCarePolicyButton(LifeInsuranceTestCases.java:484)
at java.base/java.util.ArrayList.forEach(ArrayList.java:1511)
... Removed 33 stack frames]]>
    </failure>
  </testcase> <!-- FTC_021_SpouseLifeInsuranceNextLongTermCarePolicyButton -->
  <testcase classname="com.nspl.agingoptions.financepage.testcases.RetirementTestCases" name="FTC06_RetirementNextRealEstateButton" time="58.372"/>
  <testcase classname="com.nspl.agingoptions.webUtil.BaseTest" name="@AfterSuite afterSuite" time="0.0">
    <ignored/>
  </testcase> <!-- @AfterSuite afterSuite -->
  <testcase classname="com.nspl.agingoptions.healthpage.testcases.PrimaryCarePhysicianTestCases" name="TC_015_PrimaryMemberIDontHavePrimaryCarePhyscian" time="0.0">
    <ignored/>
  </testcase> <!-- TC_015_PrimaryMemberIDontHavePrimaryCarePhyscian -->
  <testcase classname="com.nspl.agingoptions.financepage.testcases.LifeInsuranceTestCases" name="FTC_016_PrimaryMemberLifeInsuranceSaveContinueLaterButton" time="0.0">
    <ignored/>
  </testcase> <!-- FTC_016_PrimaryMemberLifeInsuranceSaveContinueLaterButton -->
  <testcase classname="com.nspl.agingoptions.webUtil.BaseTest" name="@BeforeSuite beforeSuite" time="0.0">
    <ignored/>
  </testcase> <!-- @BeforeSuite beforeSuite -->
  <testcase classname="com.nspl.agingoptions.financepage.testcases.RetirementTestCases" name="FTC05_RetirementSaveAddAnotherButton" time="0.0">
    <ignored/>
  </testcase> <!-- FTC05_RetirementSaveAddAnotherButton -->
  <testcase classname="com.nspl.agingoptions.financepage.testcases.LifeInsuranceTestCases" name="FTC_017_PrimaryMemberLifeInsuranceSaveAddAnotherButtonSameAsSpouse" time="0.0">
    <ignored/>
  </testcase> <!-- FTC_017_PrimaryMemberLifeInsuranceSaveAddAnotherButtonSameAsSpouse -->
  <testcase classname="com.nspl.agingoptions.webUtil.BaseTest" name="@BeforeSuite beforeSuite" time="0.0">
    <ignored/>
  </testcase> <!-- @BeforeSuite beforeSuite -->
  <testcase classname="com.nspl.agingoptions.financepage.testcases.LifeInsuranceTestCases" name="FTC_018_PrimaryMemberLifeInsuranceNextSpouseButton" time="0.0">
    <ignored/>
  </testcase> <!-- FTC_018_PrimaryMemberLifeInsuranceNextSpouseButton -->
  <testcase classname="com.nspl.agingoptions.financepage.testcases.RetirementTestCases" name="FTC04_RetirementSaveContinueLaterButton" time="0.0">
    <ignored/>
  </testcase> <!-- FTC04_RetirementSaveContinueLaterButton -->
  <testcase classname="com.nspl.agingoptions.webUtil.BaseTest" name="@AfterTest afterTest" time="0.0">
    <ignored/>
  </testcase> <!-- @AfterTest afterTest -->
  <testcase classname="com.nspl.agingoptions.financepage.testcases.LifeInsuranceTestCases" name="FTC_019_SpouseLifeInsuranceSaveContinueLaterButton" time="0.0">
    <ignored/>
  </testcase> <!-- FTC_019_SpouseLifeInsuranceSaveContinueLaterButton -->
  <testcase classname="com.nspl.agingoptions.financepage.testcases.LifeInsuranceTestCases" name="FTC_020_SpouseLifeInsuranceSaveAddAnotherButton" time="0.0">
    <ignored/>
  </testcase> <!-- FTC_020_SpouseLifeInsuranceSaveAddAnotherButton -->
  <testcase classname="com.nspl.agingoptions.webUtil.BaseTest" name="@BeforeTest beforeTest" time="0.0">
    <ignored/>
  </testcase> <!-- @BeforeTest beforeTest -->
  <testcase classname="com.nspl.agingoptions.healthpage.testcases.PrimaryCarePhysicianTestCases" name="TC_018_inputSpouseCarePhysicianAndSave" time="0.0">
    <ignored/>
  </testcase> <!-- TC_018_inputSpouseCarePhysicianAndSave -->
  <testcase classname="com.nspl.agingoptions.webUtil.BaseTest" name="@AfterTest afterTest" time="0.0">
    <ignored/>
  </testcase> <!-- @AfterTest afterTest -->
  <testcase classname="com.nspl.agingoptions.webUtil.BaseTest" name="@AfterSuite afterSuite" time="0.0">
    <ignored/>
  </testcase> <!-- @AfterSuite afterSuite -->
  <testcase classname="com.nspl.agingoptions.healthpage.testcases.PrimaryCarePhysicianTestCases" name="TC_016_SpouseIDontHavePrimaryCarePhyscian" time="0.0">
    <ignored/>
  </testcase> <!-- TC_016_SpouseIDontHavePrimaryCarePhyscian -->
  <testcase classname="com.nspl.agingoptions.webUtil.BaseTest" name="@BeforeTest beforeTest" time="0.0">
    <ignored/>
  </testcase> <!-- @BeforeTest beforeTest -->
</testsuite> <!-- Test(failed) -->
